 ============================>     TALLY 1     <============================

 Distributed Cell u159->c510->l158(1,-5)->u144->c397
   Total Material
     Kappa-Fission Rate                   5310.11 +/- 17.7274
     Flux                                 0.0639054 +/- 8.69748e-05
     Recoverable fission power            0 +/- 0
 Distributed Cell u159->c510->l158(2,-5)->u144->c397
   Total Material
     Kappa-Fission Rate                   5674.57 +/- 18.3856
     Flux                                 0.0662459 +/- 8.73626e-05
     Recoverable fission power            0 +/- 0
 Distributed Cell u159->c510->l158(3,-5)->u144->c397
   Total Material
     Kappa-Fission Rate                   5629.43 +/- 19.0711
     Flux                                 0.0652675 +/- 8.91112e-05
     Recoverable fission power            0 +/- 0
 Distributed Cell u159->c510->l158(4,-5)->u144->c397
   Total Material
     Kappa-Fission Rate                   5218.96 +/- 18.0501
     Flux                                 0.0611513 +/- 8.42733e-05
     Recoverable fission power            0 +/- 0
 Distributed Cell u159->c510->l158(5,-5)->u144->c397
   Total Material
     Kappa-Fission Rate                   4516.86 +/- 16.6527
     Flux                                 0.0558902 +/- 8.29287e-05
     Recoverable fission power            0 +/- 0
 Distributed Cell u159->c510->l158(-1,-4)->u144->c397
   Total Material
     Kappa-Fission Rate                   5315.51 +/- 17.5349
     Flux                                 0.0639401 +/- 8.65579e-05
     Recoverable fission power            0 +/- 0
 Distributed Cell u159->c510->l158(0,-4)->u144->c397
   Total Material
     Kappa-Fission Rate                   6305.96 +/- 19.4876
     Flux                                 0.0706246 +/- 9.26908e-05
     Recoverable fission power            0 +/- 0
 Distributed Cell u159->c510->l158(1,-4)->u144->c397
   Total Material
     Kappa-Fission Rate                   6879.27 +/- 20.0868
     Flux                                 0.0744737 +/- 9.32894e-05
     Recoverable fission power            0 +/- 0
 Distributed Cell u159->c510->l158(2,-4)->u144->c397
   Total Material
     Kappa-Fission Rate                   7024.35 +/- 20.9986
     Flux                                 0.0753914 +/- 9.23363e-05
     Recoverable fission power            0 +/- 0
 Distributed Cell u159->c510->l158(3,-4)->u144->c397
   Total Material
     Kappa-Fission Rate                   6707.48 +/- 20.2036
     Flux                                 0.0719636 +/- 8.97735e-05
     Recoverable fission power            0 +/- 0
 Distributed Cell u159->c510->l158(5,-4)->u144->c397
   Total Material
     Kappa-Fission Rate                   5031.46 +/- 16.767
     Flux                                 0.0604256 +/- 8.25661e-05
     Recoverable fission power            0 +/- 0
 Distributed Cell u159->c510->l158(-2,-3)->u144->c397
   Total Material
     Kappa-Fission Rate                   5704.62 +/- 18.581
     Flux                                 0.0662319 +/- 8.83709e-05
     Recoverable fission power            0 +/- 0
 Distributed Cell u159->c510->l158(-1,-3)->u144->c397
   Total Material
     Kappa-Fission Rate                   6897.41 +/- 20.2443
     Flux                                 0.0744383 +/- 8.91398e-05
     Recoverable fission power            0 +/- 0
 Distributed Cell u159->c510->l158(0,-3)->u144->c397
   Total Material
     Kappa-Fission Rate                   7634 +/- 21.4053
     Flux                                 0.0796421 +/- 9.411e-05
     Recoverable fission power            0 +/- 0
 Distributed Cell u159->c510->l158(1,-3)->u144->c397
   Total Material
     Kappa-Fission Rate                   7994.66 +/- 21.3717
     Flux                                 0.082364 +/- 9.24284e-05
     Recoverable fission power            0 +/- 0
 Distributed Cell u159->c510->l158(2,-3)->u144->c397
   Total Material
     Kappa-Fission Rate                   7845.02 +/- 22.7915
     Flux                                 0.0821905 +/- 9.54691e-05
     Recoverable fission power            0 +/- 0
 Distributed Cell u159->c510->l158(3,-3)->u144->c397
   Total Material
     Kappa-Fission Rate                   7316.88 +/- 21.8214
     Flux                                 0.0774797 +/- 9.24689e-05
     Recoverable fission power            0 +/- 0
 Distributed Cell u159->c510->l158(4,-3)->u144->c397
   Total Material
     Kappa-Fission Rate                   6306.02 +/- 19.5483
     Flux                                 0.0710676 +/- 8.69386e-05
     Recoverable fission power            0 +/- 0
 Distributed Cell u159->c510->l158(5,-3)->u144->c397
   Total Material
     Kappa-Fission Rate                   5118.84 +/- 17.3943
     Flux                                 0.0635096 +/- 8.58026e-05
     Recoverable fission power            0 +/- 0
 Distributed Cell u159->c510->l158(-3,-2)->u144->c397
   Total Material
     Kappa-Fission Rate                   5651.93 +/- 18.5644
     Flux                                 0.0653932 +/- 8.7838e-05
     Recoverable fission power            0 +/- 0
 Distributed Cell u159->c510->l158(-2,-2)->u144->c397
   Total Material
     Kappa-Fission Rate                   7040.02 +/- 21.3183
     Flux                                 0.0754437 +/- 9.15302e-05
     Recoverable fission power            0 +/- 0
 Distributed Cell u159->c510->l158(-1,-2)->u144->c397
   Total Material
     Kappa-Fission Rate                   7937.88 +/- 22.4137
     Flux                                 0.0823061 +/- 9.44227e-05
     Recoverable fission power            0 +/- 0
 Distributed Cell u159->c510->l158(1,-2)->u144->c397
   Total Material
     Kappa-Fission Rate                   8503.67 +/- 23.1868
     Flux                                 0.0881657 +/- 0.000101493
     Recoverable fission power            0 +/- 0
 Distributed Cell u159->c510->l158(2,-2)->u144->c397
   Total Material
     Kappa-Fission Rate                   8342.66 +/- 22.7575
     Flux                                 0.086993 +/- 9.60718e-05
     Recoverable fission power            0 +/- 0
 Distributed Cell u159->c510->l158(3,-2)->u144->c397
   Total Material
     Kappa-Fission Rate                   7563.4 +/- 22.2153
     Flux                                 0.081517 +/- 9.85349e-05
     Recoverable fission power            0 +/- 0
 Distributed Cell u159->c510->l158(5,-2)->u144->c397
   Total Material
     Kappa-Fission Rate                   5138.74 +/- 17.044
     Flux                                 0.0634174 +/- 8.46625e-05
     Recoverable fission power            0 +/- 0
 Distributed Cell u159->c510->l158(-4,-1)->u144->c397
   Total Material
     Kappa-Fission Rate                   5158.8 +/- 17.6405
     Flux                                 0.0613164 +/- 8.6319e-05
     Recoverable fission power            0 +/- 0
 Distributed Cell u159->c510->l158(-3,-1)->u144->c397
   Total Material
     Kappa-Fission Rate                   6682.1 +/- 20.8481
     Flux                                 0.0721276 +/- 8.88637e-05
     Recoverable fission power            0 +/- 0
 Distributed Cell u159->c510->l158(-2,-1)->u144->c397
   Total Material
     Kappa-Fission Rate                   7906.14 +/- 22.0141
     Flux                                 0.0824774 +/- 9.88414e-05
     Recoverable fission power            0 +/- 0
 Distributed Cell u159->c510->l158(-1,-1)->u144->c397
   Total Material
     Kappa-Fission Rate                   8530.58 +/- 22.7562
     Flux                                 0.088225 +/- 9.66091e-05
     Recoverable fission power            0 +/- 0
 Distributed Cell u159->c510->l158(0,-1)->u144->c397
   Total Material
     Kappa-Fission Rate                   8729.45 +/- 23.9847
     Flux                                 0.0914318 +/- 0.000101449
     Recoverable fission power            0 +/- 0
 Distributed Cell u159->c510->l158(1,-1)->u144->c397
   Total Material
     Kappa-Fission Rate                   8745.38 +/- 23.8101
     Flux                                 0.0921764 +/- 0.000102256
     Recoverable fission power            0 +/- 0
 Distributed Cell u159->c510->l158(2,-1)->u144->c397
   Total Material
     Kappa-Fission Rate                   8420.08 +/- 22.5954
     Flux                                 0.0876391 +/- 9.90812e-05
     Recoverable fission power            0 +/- 0
 Distributed Cell u159->c510->l158(3,-1)->u144->c397
   Total Material
     Kappa-Fission Rate                   7577.08 +/- 21.9571
     Flux                                 0.0810187 +/- 9.39538e-05
     Recoverable fission power            0 +/- 0
 Distributed Cell u159->c510->l158(4,-1)->u144->c397
   Total Material
     Kappa-Fission Rate                   6396.99 +/- 19.3482
     Flux                                 0.0723651 +/- 8.92021e-05
     Recoverable fission power            0 +/- 0
 Distributed Cell u159->c510->l158(5,-1)->u144->c397
   Total Material
     Kappa-Fission Rate                   4909.96 +/- 17.6466
     Flux                                 0.0613992 +/- 8.83319e-05
     Recoverable fission power            0 +/- 0
 Distributed Cell u159->c510->l158(-5,0)->u144->c397
   Total Material
     Kappa-Fission Rate                   4520.69 +/- 16.978
     Flux                                 0.0559492 +/- 8.2219e-05
     Recoverable fission power            0 +/- 0
 Distributed Cell u159->c510->l158(-3,0)->u144->c397
   Total Material
     Kappa-Fission Rate                   7283.62 +/- 21.8206
     Flux                                 0.0775629 +/- 9.29514e-05
     Recoverable fission power            0 +/- 0
 Distributed Cell u159->c510->l158(-2,0)->u144->c397
   Total Material
     Kappa-Fission Rate                   8362.36 +/- 23.0455
     Flux                                 0.086984 +/- 0.000101438
     Recoverable fission power            0 +/- 0
 Distributed Cell u159->c510->l158(-1,0)->u144->c397
   Total Material
     Kappa-Fission Rate                   8708.57 +/- 22.6293
     Flux                                 0.092069 +/- 9.82185e-05
     Recoverable fission power            0 +/- 0
 Distributed Cell u159->c510->l158(1,0)->u144->c397
   Total Material
     Kappa-Fission Rate                   8672.22 +/- 22.7515
     Flux                                 0.091057 +/- 0.000100666
     Recoverable fission power            0 +/- 0
 Distributed Cell u159->c510->l158(3,0)->u144->c397
   Total Material
     Kappa-Fission Rate                   7363.15 +/- 21.4391
     Flux                                 0.0783116 +/- 9.37073e-05
     Recoverable fission power            0 +/- 0
 Distributed Cell u159->c510->l158(4,0)->u144->c397
   Total Material
     Kappa-Fission Rate                   6048.53 +/- 18.9437
     Flux                                 0.0689444 +/- 8.9882e-05
     Recoverable fission power            0 +/- 0
 Distributed Cell u159->c510->l158(-5,1)->u144->c397
   Total Material
     Kappa-Fission Rate                   5037.73 +/- 17.5405
     Flux                                 0.0602878 +/- 8.08121e-05
     Recoverable fission power            0 +/- 0
 Distributed Cell u159->c510->l158(-4,1)->u144->c397
   Total Material
     Kappa-Fission Rate                   6321.07 +/- 19.0298
     Flux                                 0.07101 +/- 8.67124e-05
     Recoverable fission power            0 +/- 0
 Distributed Cell u159->c510->l158(-3,1)->u144->c397
   Total Material
     Kappa-Fission Rate                   7576.15 +/- 21.3171
     Flux                                 0.0815212 +/- 9.32046e-05
     Recoverable fission power            0 +/- 0
 Distributed Cell u159->c510->l158(-2,1)->u144->c397
   Total Material
     Kappa-Fission Rate                   8452.04 +/- 23.6944
     Flux                                 0.0876129 +/- 9.68998e-05
     Recoverable fission power            0 +/- 0
 Distributed Cell u159->c510->l158(-1,1)->u144->c397
   Total Material
     Kappa-Fission Rate                   8678.11 +/- 23.1541
     Flux                                 0.091001 +/- 0.000100838
     Recoverable fission power            0 +/- 0
 Distributed Cell u159->c510->l158(0,1)->u144->c397
   Total Material
     Kappa-Fission Rate                   8790.71 +/- 23.3979
     Flux                                 0.0920331 +/- 0.000100408
     Recoverable fission power            0 +/- 0
 Distributed Cell u159->c510->l158(1,1)->u144->c397
   Total Material
     Kappa-Fission Rate                   8549.77 +/- 22.807
     Flux                                 0.0877865 +/- 9.74535e-05
     Recoverable fission power            0 +/- 0
 Distributed Cell u159->c510->l158(2,1)->u144->c397
   Total Material
     Kappa-Fission Rate                   7859.97 +/- 22.0253
     Flux                                 0.0816343 +/- 9.61716e-05
     Recoverable fission power            0 +/- 0
 Distributed Cell u159->c510->l158(3,1)->u144->c397
   Total Material
     Kappa-Fission Rate                   6804.93 +/- 20.7081
     Flux                                 0.0736281 +/- 9.25133e-05
     Recoverable fission power            0 +/- 0
 Distributed Cell u159->c510->l158(4,1)->u144->c397
   Total Material
     Kappa-Fission Rate                   5181.39 +/- 16.9395
     Flux                                 0.0627664 +/- 8.86703e-05
     Recoverable fission power            0 +/- 0
 Distributed Cell u159->c510->l158(-5,2)->u144->c397
   Total Material
     Kappa-Fission Rate                   5136.58 +/- 17.5655
     Flux                                 0.0634267 +/- 8.85852e-05
     Recoverable fission power            0 +/- 0
 Distributed Cell u159->c510->l158(-3,2)->u144->c397
   Total Material
     Kappa-Fission Rate                   7563.9 +/- 21.7572
     Flux                                 0.0810009 +/- 9.55373e-05
     Recoverable fission power            0 +/- 0
 Distributed Cell u159->c510->l158(-1,2)->u144->c397
   Total Material
     Kappa-Fission Rate                   8587.2 +/- 23.0357
     Flux                                 0.0880247 +/- 9.74286e-05
     Recoverable fission power            0 +/- 0
 Distributed Cell u159->c510->l158(1,2)->u144->c397
   Total Material
     Kappa-Fission Rate                   8017.95 +/- 22.4062
     Flux                                 0.0824602 +/- 9.753e-05
     Recoverable fission power            0 +/- 0
 Distributed Cell u159->c510->l158(2,2)->u144->c397
   Total Material
     Kappa-Fission Rate                   7020.46 +/- 20.146
     Flux                                 0.0751736 +/- 8.83751e-05
     Recoverable fission power            0 +/- 0
 Distributed Cell u159->c510->l158(3,2)->u144->c397
   Total Material
     Kappa-Fission Rate                   5662.5 +/- 18.2009
     Flux                                 0.0658242 +/- 8.71384e-05
     Recoverable fission power            0 +/- 0
 Distributed Cell u159->c510->l158(-5,3)->u144->c397
   Total Material
     Kappa-Fission Rate                   5049.71 +/- 17.0106
     Flux                                 0.0631661 +/- 8.69195e-05
     Recoverable fission power            0 +/- 0
 Distributed Cell u159->c510->l158(-4,3)->u144->c397
   Total Material
     Kappa-Fission Rate                   6381.61 +/- 19.7981
     Flux                                 0.0723355 +/- 9.21915e-05
     Recoverable fission power            0 +/- 0
 Distributed Cell u159->c510->l158(-3,3)->u144->c397
   Total Material
     Kappa-Fission Rate                   7372.86 +/- 21.5736
     Flux                                 0.0781256 +/- 9.30715e-05
     Recoverable fission power            0 +/- 0
 Distributed Cell u159->c510->l158(-2,3)->u144->c397
   Total Material
     Kappa-Fission Rate                   7901.33 +/- 21.9337
     Flux                                 0.0818649 +/- 9.04588e-05
     Recoverable fission power            0 +/- 0
 Distributed Cell u159->c510->l158(-1,3)->u144->c397
   Total Material
     Kappa-Fission Rate                   8005.35 +/- 21.8528
     Flux                                 0.0825104 +/- 9.85155e-05
     Recoverable fission power            0 +/- 0
 Distributed Cell u159->c510->l158(0,3)->u144->c397
   Total Material
     Kappa-Fission Rate                   7531.81 +/- 20.5914
     Flux                                 0.0784342 +/- 9.11259e-05
     Recoverable fission power            0 +/- 0
 Distributed Cell u159->c510->l158(1,3)->u144->c397
   Total Material
     Kappa-Fission Rate                   6825.11 +/- 21.315
     Flux                                 0.072818 +/- 9.02355e-05
     Recoverable fission power            0 +/- 0
 Distributed Cell u159->c510->l158(2,3)->u144->c397
   Total Material
     Kappa-Fission Rate                   5660.65 +/- 18.2495
     Flux                                 0.0656016 +/- 8.94906e-05
     Recoverable fission power            0 +/- 0
 Distributed Cell u159->c510->l158(-5,4)->u144->c397
   Total Material
     Kappa-Fission Rate                   4916.88 +/- 17.2391
     Flux                                 0.0610796 +/- 8.51071e-05
     Recoverable fission power            0 +/- 0
 Distributed Cell u159->c510->l158(-4,4)->u144->c397
   Total Material
     Kappa-Fission Rate                   6033.69 +/- 19.592
     Flux                                 0.068754 +/- 8.58293e-05
     Recoverable fission power            0 +/- 0
 Distributed Cell u159->c510->l158(-3,4)->u144->c397
   Total Material
     Kappa-Fission Rate                   6783.31 +/- 20.7019
     Flux                                 0.0735602 +/- 8.99343e-05
     Recoverable fission power            0 +/- 0
 Distributed Cell u159->c510->l158(-2,4)->u144->c397
   Total Material
     Kappa-Fission Rate                   7049.68 +/- 21.0409
     Flux                                 0.0752844 +/- 9.24064e-05
     Recoverable fission power            0 +/- 0
 Distributed Cell u159->c510->l158(-1,4)->u144->c397
   Total Material
     Kappa-Fission Rate                   6793.55 +/- 21.0686
     Flux                                 0.0727332 +/- 9.06955e-05
     Recoverable fission power            0 +/- 0
 Distributed Cell u159->c510->l158(1,4)->u144->c397
   Total Material
     Kappa-Fission Rate                   5343.87 +/- 17.3245
     Flux                                 0.0620206 +/- 8.48299e-05
     Recoverable fission power            0 +/- 0
 Distributed Cell u159->c510->l158(-4,5)->u144->c397
   Total Material
     Kappa-Fission Rate                   5185.9 +/- 17.3653
     Flux                                 0.0627577 +/- 8.76122e-05
     Recoverable fission power            0 +/- 0
 Distributed Cell u159->c510->l158(-3,5)->u144->c397
   Total Material
     Kappa-Fission Rate                   5652.18 +/- 18.5274
     Flux                                 0.0657656 +/- 8.67246e-05
     Recoverable fission power            0 +/- 0
 Distributed Cell u159->c510->l158(-2,5)->u144->c397
   Total Material
     Kappa-Fission Rate                   5701.35 +/- 19.0868
     Flux                                 0.0656774 +/- 9.01201e-05
     Recoverable fission power            0 +/- 0
 Distributed Cell u159->c510->l158(-1,5)->u144->c397
   Total Material
     Kappa-Fission Rate                   5326.2 +/- 17.4833
     Flux                                 0.0620582 +/- 8.8109e-05
     Recoverable fission power            0 +/- 0
 Distributed Cell u159->c510->l158(0,5)->u144->c397
   Total Material
     Kappa-Fission Rate                   4696.75 +/- 17.0975
     Flux                                 0.0573381 +/- 8.2033e-05
     Recoverable fission power            0 +/- 0
 ============================>     TALLY 2     <============================

 Distributed Cell u159->c510->l158(1,-5)->u144->c398
   Total Material
     Kappa-Fission Rate                   859966 +/- 608.612
     Flux                                 0.51171 +/- 0.000278736
     Recoverable fission power            0 +/- 0
 Distributed Cell u159->c510->l158(2,-5)->u144->c398
   Total Material
     Kappa-Fission Rate                   877371 +/- 582.284
     Flux                                 0.53994 +/- 0.000286197
     Recoverable fission power            0 +/- 0
 Distributed Cell u159->c510->l158(3,-5)->u144->c398
   Total Material
     Kappa-Fission Rate                   872055 +/- 599.063
     Flux                                 0.537056 +/- 0.000294256
     Recoverable fission power            0 +/- 0
 Distributed Cell u159->c510->l158(4,-5)->u144->c398
   Total Material
     Kappa-Fission Rate                   835216 +/- 572.218
     Flux                                 0.506168 +/- 0.000268951
     Recoverable fission power            0 +/- 0
 Distributed Cell u159->c510->l158(5,-5)->u144->c398
   Total Material
     Kappa-Fission Rate                   786539 +/- 611.009
     Flux                                 0.455708 +/- 0.000267309
     Recoverable fission power            0 +/- 0
 Distributed Cell u159->c510->l158(-1,-4)->u144->c398
   Total Material
     Kappa-Fission Rate                   860585 +/- 610.808
     Flux                                 0.512114 +/- 0.00027053
     Recoverable fission power            0 +/- 0
 Distributed Cell u159->c510->l158(0,-4)->u144->c398
   Total Material
     Kappa-Fission Rate                   923538 +/- 561.838
     Flux                                 0.587891 +/- 0.000296488
     Recoverable fission power            0 +/- 0
 Distributed Cell u159->c510->l158(1,-4)->u144->c398
   Total Material
     Kappa-Fission Rate                   972802 +/- 558.775
     Flux                                 0.634193 +/- 0.000313004
     Recoverable fission power            0 +/- 0
 Distributed Cell u159->c510->l158(2,-4)->u144->c398
   Total Material
     Kappa-Fission Rate                   985475 +/- 547.852
     Flux                                 0.646152 +/- 0.00030358
     Recoverable fission power            0 +/- 0
 Distributed Cell u159->c510->l158(3,-4)->u144->c398
   Total Material
     Kappa-Fission Rate                   952185 +/- 545.515
     Flux                                 0.61832 +/- 0.000298466
     Recoverable fission power            0 +/- 0
 Distributed Cell u159->c510->l158(5,-4)->u144->c398
   Total Material
     Kappa-Fission Rate                   824096 +/- 595.576
     Flux                                 0.498165 +/- 0.000283725
     Recoverable fission power            0 +/- 0
 Distributed Cell u159->c510->l158(-2,-3)->u144->c398
   Total Material
     Kappa-Fission Rate                   880394 +/- 595.357
     Flux                                 0.541015 +/- 0.000293295
     Recoverable fission power            0 +/- 0
 Distributed Cell u159->c510->l158(-1,-3)->u144->c398
   Total Material
     Kappa-Fission Rate                   973759 +/- 573.266
     Flux                                 0.634906 +/- 0.000317395
     Recoverable fission power            0 +/- 0
 Distributed Cell u159->c510->l158(0,-3)->u144->c398
   Total Material
     Kappa-Fission Rate                   1.05489e+06 +/- 548.917
     Flux                                 0.695056 +/- 0.000300722
     Recoverable fission power            0 +/- 0
 Distributed Cell u159->c510->l158(1,-3)->u144->c398
   Total Material
     Kappa-Fission Rate                   1.09324e+06 +/- 576.208
     Flux                                 0.723406 +/- 0.000320624
     Recoverable fission power            0 +/- 0
 Distributed Cell u159->c510->l158(2,-3)->u144->c398
   Total Material
     Kappa-Fission Rate                   1.08604e+06 +/- 550.867
     Flux                                 0.720651 +/- 0.000312413
     Recoverable fission power            0 +/- 0
 Distributed Cell u159->c510->l158(3,-3)->u144->c398
   Total Material
     Kappa-Fission Rate                   1.0258e+06 +/- 556.86
     Flux                                 0.673128 +/- 0.000303673
     Recoverable fission power            0 +/- 0
 Distributed Cell u159->c510->l158(4,-3)->u144->c398
   Total Material
     Kappa-Fission Rate                   938913 +/- 561.633
     Flux                                 0.603591 +/- 0.000298086
     Recoverable fission power            0 +/- 0
 Distributed Cell u159->c510->l158(5,-3)->u144->c398
   Total Material
     Kappa-Fission Rate                   848213 +/- 603.331
     Flux                                 0.514638 +/- 0.000291246
     Recoverable fission power            0 +/- 0
 Distributed Cell u159->c510->l158(-3,-2)->u144->c398
   Total Material
     Kappa-Fission Rate                   873103 +/- 578.802
     Flux                                 0.537612 +/- 0.000287035
     Recoverable fission power            0 +/- 0
 Distributed Cell u159->c510->l158(-2,-2)->u144->c398
   Total Material
     Kappa-Fission Rate                   987811 +/- 550.646
     Flux                                 0.647045 +/- 0.000298594
     Recoverable fission power            0 +/- 0
 Distributed Cell u159->c510->l158(-1,-2)->u144->c398
   Total Material
     Kappa-Fission Rate                   1.09361e+06 +/- 541.254
     Flux                                 0.723768 +/- 0.000312135
     Recoverable fission power            0 +/- 0
 Distributed Cell u159->c510->l158(1,-2)->u144->c398
   Total Material
     Kappa-Fission Rate                   1.17349e+06 +/- 555.488
     Flux                                 0.780191 +/- 0.000309856
     Recoverable fission power            0 +/- 0
 Distributed Cell u159->c510->l158(2,-2)->u144->c398
   Total Material
     Kappa-Fission Rate                   1.14984e+06 +/- 579.69
     Flux                                 0.765524 +/- 0.000325883
     Recoverable fission power            0 +/- 0
 Distributed Cell u159->c510->l158(3,-2)->u144->c398
   Total Material
     Kappa-Fission Rate                   1.07454e+06 +/- 545.249
     Flux                                 0.707069 +/- 0.000305991
     Recoverable fission power            0 +/- 0
 Distributed Cell u159->c510->l158(5,-2)->u144->c398
   Total Material
     Kappa-Fission Rate                   850173 +/- 600.689
     Flux                                 0.509761 +/- 0.000273716
     Recoverable fission power            0 +/- 0
 Distributed Cell u159->c510->l158(-4,-1)->u144->c398
   Total Material
     Kappa-Fission Rate                   835806 +/- 577.642
     Flux                                 0.50674 +/- 0.000277775
     Recoverable fission power            0 +/- 0
 Distributed Cell u159->c510->l158(-3,-1)->u144->c398
   Total Material
     Kappa-Fission Rate                   954291 +/- 523.983
     Flux                                 0.6193 +/- 0.000285174
     Recoverable fission power            0 +/- 0
 Distributed Cell u159->c510->l158(-2,-1)->u144->c398
   Total Material
     Kappa-Fission Rate                   1.08745e+06 +/- 552.115
     Flux                                 0.721481 +/- 0.00031585
     Recoverable fission power            0 +/- 0
 Distributed Cell u159->c510->l158(-1,-1)->u144->c398
   Total Material
     Kappa-Fission Rate                   1.17514e+06 +/- 580.92
     Flux                                 0.781041 +/- 0.000327875
     Recoverable fission power            0 +/- 0
 Distributed Cell u159->c510->l158(0,-1)->u144->c398
   Total Material
     Kappa-Fission Rate                   1.21561e+06 +/- 577.747
     Flux                                 0.80561 +/- 0.000327425
     Recoverable fission power            0 +/- 0
 Distributed Cell u159->c510->l158(1,-1)->u144->c398
   Total Material
     Kappa-Fission Rate                   1.21903e+06 +/- 565.151
     Flux                                 0.809831 +/- 0.000326208
     Recoverable fission power            0 +/- 0
 Distributed Cell u159->c510->l158(2,-1)->u144->c398
   Total Material
     Kappa-Fission Rate                   1.16634e+06 +/- 555.366
     Flux                                 0.773503 +/- 0.000315639
     Recoverable fission power            0 +/- 0
 Distributed Cell u159->c510->l158(3,-1)->u144->c398
   Total Material
     Kappa-Fission Rate                   1.07447e+06 +/- 545.864
     Flux                                 0.704915 +/- 0.000307528
     Recoverable fission power            0 +/- 0
 Distributed Cell u159->c510->l158(4,-1)->u144->c398
   Total Material
     Kappa-Fission Rate                   946615 +/- 552.83
     Flux                                 0.609526 +/- 0.000298977
     Recoverable fission power            0 +/- 0
 Distributed Cell u159->c510->l158(5,-1)->u144->c398
   Total Material
     Kappa-Fission Rate                   833002 +/- 614.683
     Flux                                 0.488916 +/- 0.000265067
     Recoverable fission power            0 +/- 0
 Distributed Cell u159->c510->l158(-5,0)->u144->c398
   Total Material
     Kappa-Fission Rate                   787755 +/- 592.168
     Flux                                 0.456159 +/- 0.00025529
     Recoverable fission power            0 +/- 0
 Distributed Cell u159->c510->l158(-3,0)->u144->c398
   Total Material
     Kappa-Fission Rate                   1.02688e+06 +/- 526.192
     Flux                                 0.67396 +/- 0.00029456
     Recoverable fission power            0 +/- 0
 Distributed Cell u159->c510->l158(-2,0)->u144->c398
   Total Material
     Kappa-Fission Rate                   1.1529e+06 +/- 558.707
     Flux                                 0.767392 +/- 0.000323803
     Recoverable fission power            0 +/- 0
 Distributed Cell u159->c510->l158(-1,0)->u144->c398
   Total Material
     Kappa-Fission Rate                   1.22073e+06 +/- 568.981
     Flux                                 0.810957 +/- 0.000319533
     Recoverable fission power            0 +/- 0
 Distributed Cell u159->c510->l158(1,0)->u144->c398
   Total Material
     Kappa-Fission Rate                   1.20988e+06 +/- 597.338
     Flux                                 0.801627 +/- 0.000333336
     Recoverable fission power            0 +/- 0
 Distributed Cell u159->c510->l158(3,0)->u144->c398
   Total Material
     Kappa-Fission Rate                   1.03755e+06 +/- 532.253
     Flux                                 0.681535 +/- 0.000290855
     Recoverable fission power            0 +/- 0
 Distributed Cell u159->c510->l158(4,0)->u144->c398
   Total Material
     Kappa-Fission Rate                   903038 +/- 549.985
     Flux                                 0.57296 +/- 0.000279267
     Recoverable fission power            0 +/- 0
 Distributed Cell u159->c510->l158(-5,1)->u144->c398
   Total Material
     Kappa-Fission Rate                   825287 +/- 565.686
     Flux                                 0.498266 +/- 0.000261188
     Recoverable fission power            0 +/- 0
 Distributed Cell u159->c510->l158(-4,1)->u144->c398
   Total Material
     Kappa-Fission Rate                   939953 +/- 550.37
     Flux                                 0.604139 +/- 0.000291474
     Recoverable fission power            0 +/- 0
 Distributed Cell u159->c510->l158(-3,1)->u144->c398
   Total Material
     Kappa-Fission Rate                   1.07492e+06 +/- 549.577
     Flux                                 0.707672 +/- 0.000307231
     Recoverable fission power            0 +/- 0
 Distributed Cell u159->c510->l158(-2,1)->u144->c398
   Total Material
     Kappa-Fission Rate                   1.16737e+06 +/- 561.002
     Flux                                 0.774319 +/- 0.000315144
     Recoverable fission power            0 +/- 0
 Distributed Cell u159->c510->l158(-1,1)->u144->c398
   Total Material
     Kappa-Fission Rate                   1.21112e+06 +/- 578.428
     Flux                                 0.802221 +/- 0.000333099
     Recoverable fission power            0 +/- 0
 Distributed Cell u159->c510->l158(0,1)->u144->c398
   Total Material
     Kappa-Fission Rate                   1.21633e+06 +/- 592.23
     Flux                                 0.809268 +/- 0.000341399
     Recoverable fission power            0 +/- 0
 Distributed Cell u159->c510->l158(1,1)->u144->c398
   Total Material
     Kappa-Fission Rate                   1.16826e+06 +/- 576.623
     Flux                                 0.777158 +/- 0.000338531
     Recoverable fission power            0 +/- 0
 Distributed Cell u159->c510->l158(2,1)->u144->c398
   Total Material
     Kappa-Fission Rate                   1.08526e+06 +/- 547.053
     Flux                                 0.718035 +/- 0.000310659
     Recoverable fission power            0 +/- 0
 Distributed Cell u159->c510->l158(3,1)->u144->c398
   Total Material
     Kappa-Fission Rate                   961095 +/- 554.917
     Flux                                 0.626243 +/- 0.000300638
     Recoverable fission power            0 +/- 0
 Distributed Cell u159->c510->l158(4,1)->u144->c398
   Total Material
     Kappa-Fission Rate                   847014 +/- 622.962
     Flux                                 0.503558 +/- 0.000278199
     Recoverable fission power            0 +/- 0
 Distributed Cell u159->c510->l158(-5,2)->u144->c398
   Total Material
     Kappa-Fission Rate                   848202 +/- 603.156
     Flux                                 0.514863 +/- 0.000281358
     Recoverable fission power            0 +/- 0
 Distributed Cell u159->c510->l158(-3,2)->u144->c398
   Total Material
     Kappa-Fission Rate                   1.0765e+06 +/- 577.135
     Flux                                 0.706292 +/- 0.00031443
     Recoverable fission power            0 +/- 0
 Distributed Cell u159->c510->l158(-1,2)->u144->c398
   Total Material
     Kappa-Fission Rate                   1.16976e+06 +/- 557.468
     Flux                                 0.777845 +/- 0.000320454
     Recoverable fission power            0 +/- 0
 Distributed Cell u159->c510->l158(1,2)->u144->c398
   Total Material
     Kappa-Fission Rate                   1.08698e+06 +/- 536.22
     Flux                                 0.722343 +/- 0.000311659
     Recoverable fission power            0 +/- 0
 Distributed Cell u159->c510->l158(2,2)->u144->c398
   Total Material
     Kappa-Fission Rate                   985226 +/- 564.623
     Flux                                 0.645613 +/- 0.000314618
     Recoverable fission power            0 +/- 0
 Distributed Cell u159->c510->l158(3,2)->u144->c398
   Total Material
     Kappa-Fission Rate                   873524 +/- 590.655
     Flux                                 0.537184 +/- 0.000292697
     Recoverable fission power            0 +/- 0
 Distributed Cell u159->c510->l158(-5,3)->u144->c398
   Total Material
     Kappa-Fission Rate                   849124 +/- 609.963
     Flux                                 0.50964 +/- 0.000285239
     Recoverable fission power            0 +/- 0
 Distributed Cell u159->c510->l158(-4,3)->u144->c398
   Total Material
     Kappa-Fission Rate                   946662 +/- 544.912
     Flux                                 0.609749 +/- 0.000295206
     Recoverable fission power            0 +/- 0
 Distributed Cell u159->c510->l158(-3,3)->u144->c398
   Total Material
     Kappa-Fission Rate                   1.03881e+06 +/- 535.231
     Flux                                 0.682411 +/- 0.000302767
     Recoverable fission power            0 +/- 0
 Distributed Cell u159->c510->l158(-2,3)->u144->c398
   Total Material
     Kappa-Fission Rate                   1.08471e+06 +/- 541.745
     Flux                                 0.717982 +/- 0.000314539
     Recoverable fission power            0 +/- 0
 Distributed Cell u159->c510->l158(-1,3)->u144->c398
   Total Material
     Kappa-Fission Rate                   1.0865e+06 +/- 549.754
     Flux                                 0.721905 +/- 0.000316424
     Recoverable fission power            0 +/- 0
 Distributed Cell u159->c510->l158(0,3)->u144->c398
   Total Material
     Kappa-Fission Rate                   1.03764e+06 +/- 541.514
     Flux                                 0.683447 +/- 0.000307525
     Recoverable fission power            0 +/- 0
 Distributed Cell u159->c510->l158(1,3)->u144->c398
   Total Material
     Kappa-Fission Rate                   960253 +/- 543.432
     Flux                                 0.624244 +/- 0.000300695
     Recoverable fission power            0 +/- 0
 Distributed Cell u159->c510->l158(2,3)->u144->c398
   Total Material
     Kappa-Fission Rate                   875715 +/- 588.328
     Flux                                 0.539681 +/- 0.000286721
     Recoverable fission power            0 +/- 0
 Distributed Cell u159->c510->l158(-5,4)->u144->c398
   Total Material
     Kappa-Fission Rate                   833170 +/- 593.415
     Flux                                 0.489652 +/- 0.000273565
     Recoverable fission power            0 +/- 0
 Distributed Cell u159->c510->l158(-4,4)->u144->c398
   Total Material
     Kappa-Fission Rate                   904626 +/- 563.7
     Flux                                 0.573818 +/- 0.000291418
     Recoverable fission power            0 +/- 0
 Distributed Cell u159->c510->l158(-3,4)->u144->c398
   Total Material
     Kappa-Fission Rate                   962024 +/- 555.472
     Flux                                 0.626928 +/- 0.000309489
     Recoverable fission power            0 +/- 0
 Distributed Cell u159->c510->l158(-2,4)->u144->c398
   Total Material
     Kappa-Fission Rate                   984259 +/- 550.927
     Flux                                 0.645135 +/- 0.000306502
     Recoverable fission power            0 +/- 0
 Distributed Cell u159->c510->l158(-1,4)->u144->c398
   Total Material
     Kappa-Fission Rate                   960165 +/- 538.277
     Flux                                 0.624464 +/- 0.000295281
     Recoverable fission power            0 +/- 0
 Distributed Cell u159->c510->l158(1,4)->u144->c398
   Total Material
     Kappa-Fission Rate                   846188 +/- 562.916
     Flux                                 0.513821 +/- 0.000281255
     Recoverable fission power            0 +/- 0
 Distributed Cell u159->c510->l158(-4,5)->u144->c398
   Total Material
     Kappa-Fission Rate                   847553 +/- 617.164
     Flux                                 0.504158 +/- 0.000278501
     Recoverable fission power            0 +/- 0
 Distributed Cell u159->c510->l158(-3,5)->u144->c398
   Total Material
     Kappa-Fission Rate                   873986 +/- 588.354
     Flux                                 0.537377 +/- 0.000283226
     Recoverable fission power            0 +/- 0
 Distributed Cell u159->c510->l158(-2,5)->u144->c398
   Total Material
     Kappa-Fission Rate                   875786 +/- 573.067
     Flux                                 0.539593 +/- 0.000280464
     Recoverable fission power            0 +/- 0
 Distributed Cell u159->c510->l158(-1,5)->u144->c398
   Total Material
     Kappa-Fission Rate                   846234 +/- 596.577
     Flux                                 0.51394 +/- 0.000278798
     Recoverable fission power            0 +/- 0
 Distributed Cell u159->c510->l158(0,5)->u144->c398
   Total Material
     Kappa-Fission Rate                   804656 +/- 632.724
     Flux                                 0.46608 +/- 0.000282181
     Recoverable fission power            0 +/- 0
 ============================>     TALLY 3     <============================

 Distributed Cell u159->c510->l158(1,-5)->u144->c399
   Total Material
     Kappa-Fission Rate                   8732.4 +/- 24.5661
     Flux                                 0.12376 +/- 0.000143621
     Recoverable fission power            0 +/- 0
 Distributed Cell u159->c510->l158(2,-5)->u144->c399
   Total Material
     Kappa-Fission Rate                   9267.91 +/- 23.9247
     Flux                                 0.128575 +/- 0.00014589
     Recoverable fission power            0 +/- 0
 Distributed Cell u159->c510->l158(3,-5)->u144->c399
   Total Material
     Kappa-Fission Rate                   9266.37 +/- 24.7521
     Flux                                 0.128495 +/- 0.000145707
     Recoverable fission power            0 +/- 0
 Distributed Cell u159->c510->l158(4,-5)->u144->c399
   Total Material
     Kappa-Fission Rate                   8927.57 +/- 24.034
     Flux                                 0.1248 +/- 0.000148425
     Recoverable fission power            0 +/- 0
 Distributed Cell u159->c510->l158(5,-5)->u144->c399
   Total Material
     Kappa-Fission Rate                   8092.23 +/- 22.6403
     Flux                                 0.115802 +/- 0.000137938
     Recoverable fission power            0 +/- 0
 Distributed Cell u159->c510->l158(-1,-4)->u144->c399
   Total Material
     Kappa-Fission Rate                   8730.63 +/- 24.3845
     Flux                                 0.123715 +/- 0.000147448
     Recoverable fission power            0 +/- 0
 Distributed Cell u159->c510->l158(0,-4)->u144->c399
   Total Material
     Kappa-Fission Rate                   10105.1 +/- 25.1774
     Flux                                 0.13693 +/- 0.000150725
     Recoverable fission power            0 +/- 0
 Distributed Cell u159->c510->l158(1,-4)->u144->c399
   Total Material
     Kappa-Fission Rate                   11033.7 +/- 27.1835
     Flux                                 0.145672 +/- 0.000146665
     Recoverable fission power            0 +/- 0
 Distributed Cell u159->c510->l158(2,-4)->u144->c399
   Total Material
     Kappa-Fission Rate                   11244.2 +/- 27.4705
     Flux                                 0.147797 +/- 0.000151429
     Recoverable fission power            0 +/- 0
 Distributed Cell u159->c510->l158(3,-4)->u144->c399
   Total Material
     Kappa-Fission Rate                   10942.7 +/- 27.6574
     Flux                                 0.144613 +/- 0.000146839
     Recoverable fission power            0 +/- 0
 Distributed Cell u159->c510->l158(5,-4)->u144->c399
   Total Material
     Kappa-Fission Rate                   8746.51 +/- 23.3869
     Flux                                 0.124296 +/- 0.000145615
     Recoverable fission power            0 +/- 0
 Distributed Cell u159->c510->l158(-2,-3)->u144->c399
   Total Material
     Kappa-Fission Rate                   9240.1 +/- 24.6633
     Flux                                 0.128708 +/- 0.000144591
     Recoverable fission power            0 +/- 0
 Distributed Cell u159->c510->l158(-1,-3)->u144->c399
   Total Material
     Kappa-Fission Rate                   11061 +/- 25.6247
     Flux                                 0.145508 +/- 0.000148742
     Recoverable fission power            0 +/- 0
 Distributed Cell u159->c510->l158(0,-3)->u144->c399
   Total Material
     Kappa-Fission Rate                   12332.5 +/- 28.245
     Flux                                 0.159238 +/- 0.000158223
     Recoverable fission power            0 +/- 0
 Distributed Cell u159->c510->l158(1,-3)->u144->c399
   Total Material
     Kappa-Fission Rate                   12934.6 +/- 29.8848
     Flux                                 0.16511 +/- 0.000160614
     Recoverable fission power            0 +/- 0
 Distributed Cell u159->c510->l158(2,-3)->u144->c399
   Total Material
     Kappa-Fission Rate                   12654.4 +/- 30.9759
     Flux                                 0.162912 +/- 0.000165748
     Recoverable fission power            0 +/- 0
 Distributed Cell u159->c510->l158(3,-3)->u144->c399
   Total Material
     Kappa-Fission Rate                   11890.2 +/- 28.3017
     Flux                                 0.155378 +/- 0.000155299
     Recoverable fission power            0 +/- 0
 Distributed Cell u159->c510->l158(4,-3)->u144->c399
   Total Material
     Kappa-Fission Rate                   10526.8 +/- 25.2836
     Flux                                 0.143632 +/- 0.000147572
     Recoverable fission power            0 +/- 0
 Distributed Cell u159->c510->l158(5,-3)->u144->c399
   Total Material
     Kappa-Fission Rate                   8735.41 +/- 23.9794
     Flux                                 0.127021 +/- 0.000149453
     Recoverable fission power            0 +/- 0
 Distributed Cell u159->c510->l158(-3,-2)->u144->c399
   Total Material
     Kappa-Fission Rate                   9262.5 +/- 24.9892
     Flux                                 0.128527 +/- 0.00014141
     Recoverable fission power            0 +/- 0
 Distributed Cell u159->c510->l158(-2,-2)->u144->c399
   Total Material
     Kappa-Fission Rate                   11248.7 +/- 27.6421
     Flux                                 0.148027 +/- 0.000152912
     Recoverable fission power            0 +/- 0
 Distributed Cell u159->c510->l158(-1,-2)->u144->c399
   Total Material
     Kappa-Fission Rate                   12874.8 +/- 29.4088
     Flux                                 0.164864 +/- 0.000162719
     Recoverable fission power            0 +/- 0
 Distributed Cell u159->c510->l158(1,-2)->u144->c399
   Total Material
     Kappa-Fission Rate                   13909.4 +/- 30.7797
     Flux                                 0.177196 +/- 0.000165942
     Recoverable fission power            0 +/- 0
 Distributed Cell u159->c510->l158(2,-2)->u144->c399
   Total Material
     Kappa-Fission Rate                   13424.6 +/- 30.7238
     Flux                                 0.172401 +/- 0.000170083
     Recoverable fission power            0 +/- 0
 Distributed Cell u159->c510->l158(3,-2)->u144->c399
   Total Material
     Kappa-Fission Rate                   12281.2 +/- 27.6627
     Flux                                 0.162534 +/- 0.00015798
     Recoverable fission power            0 +/- 0
 Distributed Cell u159->c510->l158(5,-2)->u144->c399
   Total Material
     Kappa-Fission Rate                   8711.91 +/- 23.0582
     Flux                                 0.126105 +/- 0.000149265
     Recoverable fission power            0 +/- 0
 Distributed Cell u159->c510->l158(-4,-1)->u144->c399
   Total Material
     Kappa-Fission Rate                   8910.19 +/- 24.5573
     Flux                                 0.124459 +/- 0.000139334
     Recoverable fission power            0 +/- 0
 Distributed Cell u159->c510->l158(-3,-1)->u144->c399
   Total Material
     Kappa-Fission Rate                   10882.3 +/- 26.9435
     Flux                                 0.14448 +/- 0.00014687
     Recoverable fission power            0 +/- 0
 Distributed Cell u159->c510->l158(-2,-1)->u144->c399
   Total Material
     Kappa-Fission Rate                   12630.1 +/- 28.4549
     Flux                                 0.163043 +/- 0.000154755
     Recoverable fission power            0 +/- 0
 Distributed Cell u159->c510->l158(-1,-1)->u144->c399
   Total Material
     Kappa-Fission Rate                   13859.8 +/- 29.8162
     Flux                                 0.176885 +/- 0.000160557
     Recoverable fission power            0 +/- 0
 Distributed Cell u159->c510->l158(0,-1)->u144->c399
   Total Material
     Kappa-Fission Rate                   14194.5 +/- 30.5321
     Flux                                 0.183396 +/- 0.000162856
     Recoverable fission power            0 +/- 0
 Distributed Cell u159->c510->l158(1,-1)->u144->c399
   Total Material
     Kappa-Fission Rate                   14051.5 +/- 31.2395
     Flux                                 0.183054 +/- 0.000173082
     Recoverable fission power            0 +/- 0
 Distributed Cell u159->c510->l158(2,-1)->u144->c399
   Total Material
     Kappa-Fission Rate                   13708.1 +/- 30.9706
     Flux                                 0.176585 +/- 0.000162991
     Recoverable fission power            0 +/- 0
 Distributed Cell u159->c510->l158(3,-1)->u144->c399
   Total Material
     Kappa-Fission Rate                   12474.4 +/- 30.6052
     Flux                                 0.16392 +/- 0.000162184
     Recoverable fission power            0 +/- 0
 Distributed Cell u159->c510->l158(4,-1)->u144->c399
   Total Material
     Kappa-Fission Rate                   10514.3 +/- 27.2223
     Flux                                 0.143623 +/- 0.000150005
     Recoverable fission power            0 +/- 0
 Distributed Cell u159->c510->l158(5,-1)->u144->c399
   Total Material
     Kappa-Fission Rate                   8397.12 +/- 23.9257
     Flux                                 0.121487 +/- 0.000143037
     Recoverable fission power            0 +/- 0
 Distributed Cell u159->c510->l158(-5,0)->u144->c399
   Total Material
     Kappa-Fission Rate                   8067.24 +/- 23.2502
     Flux                                 0.115469 +/- 0.000140896
     Recoverable fission power            0 +/- 0
 Distributed Cell u159->c510->l158(-3,0)->u144->c399
   Total Material
     Kappa-Fission Rate                   11860.8 +/- 27.509
     Flux                                 0.155469 +/- 0.000152579
     Recoverable fission power            0 +/- 0
 Distributed Cell u159->c510->l158(-2,0)->u144->c399
   Total Material
     Kappa-Fission Rate                   13360.4 +/- 29.0206
     Flux                                 0.172405 +/- 0.000162823
     Recoverable fission power            0 +/- 0
 Distributed Cell u159->c510->l158(-1,0)->u144->c399
   Total Material
     Kappa-Fission Rate                   14046.3 +/- 30.6154
     Flux                                 0.183029 +/- 0.000168206
     Recoverable fission power            0 +/- 0
 Distributed Cell u159->c510->l158(1,0)->u144->c399
   Total Material
     Kappa-Fission Rate                   14140.7 +/- 31.8075
     Flux                                 0.183304 +/- 0.000165624
     Recoverable fission power            0 +/- 0
 Distributed Cell u159->c510->l158(3,0)->u144->c399
   Total Material
     Kappa-Fission Rate                   12116 +/- 28.9365
     Flux                                 0.158098 +/- 0.000160799
     Recoverable fission power            0 +/- 0
 Distributed Cell u159->c510->l158(4,0)->u144->c399
   Total Material
     Kappa-Fission Rate                   9899.34 +/- 24.7809
     Flux                                 0.135739 +/- 0.000149404
     Recoverable fission power            0 +/- 0
 Distributed Cell u159->c510->l158(-5,1)->u144->c399
   Total Material
     Kappa-Fission Rate                   8759.69 +/- 23.5603
     Flux                                 0.123975 +/- 0.000138468
     Recoverable fission power            0 +/- 0
 Distributed Cell u159->c510->l158(-4,1)->u144->c399
   Total Material
     Kappa-Fission Rate                   10539.8 +/- 26.518
     Flux                                 0.143795 +/- 0.000150521
     Recoverable fission power            0 +/- 0
 Distributed Cell u159->c510->l158(-3,1)->u144->c399
   Total Material
     Kappa-Fission Rate                   12283.7 +/- 28.304
     Flux                                 0.162401 +/- 0.000157534
     Recoverable fission power            0 +/- 0
 Distributed Cell u159->c510->l158(-2,1)->u144->c399
   Total Material
     Kappa-Fission Rate                   13718.7 +/- 31.2695
     Flux                                 0.176487 +/- 0.000169933
     Recoverable fission power            0 +/- 0
 Distributed Cell u159->c510->l158(-1,1)->u144->c399
   Total Material
     Kappa-Fission Rate                   14202.2 +/- 30.2294
     Flux                                 0.183405 +/- 0.000170915
     Recoverable fission power            0 +/- 0
 Distributed Cell u159->c510->l158(0,1)->u144->c399
   Total Material
     Kappa-Fission Rate                   14174.2 +/- 31.122
     Flux                                 0.183183 +/- 0.000162239
     Recoverable fission power            0 +/- 0
 Distributed Cell u159->c510->l158(1,1)->u144->c399
   Total Material
     Kappa-Fission Rate                   13882 +/- 30.641
     Flux                                 0.176804 +/- 0.000164639
     Recoverable fission power            0 +/- 0
 Distributed Cell u159->c510->l158(2,1)->u144->c399
   Total Material
     Kappa-Fission Rate                   12859.3 +/- 30.0753
     Flux                                 0.164482 +/- 0.000166046
     Recoverable fission power            0 +/- 0
 Distributed Cell u159->c510->l158(3,1)->u144->c399
   Total Material
     Kappa-Fission Rate                   10877.6 +/- 26.5526
     Flux                                 0.145061 +/- 0.000155638
     Recoverable fission power            0 +/- 0
 Distributed Cell u159->c510->l158(4,1)->u144->c399
   Total Material
     Kappa-Fission Rate                   8594.69 +/- 23.6228
     Flux                                 0.122835 +/- 0.000149357
     Recoverable fission power            0 +/- 0
 Distributed Cell u159->c510->l158(-5,2)->u144->c399
   Total Material
     Kappa-Fission Rate                   8716.95 +/- 22.8259
     Flux                                 0.127017 +/- 0.000143295
     Recoverable fission power            0 +/- 0
 Distributed Cell u159->c510->l158(-3,2)->u144->c399
   Total Material
     Kappa-Fission Rate                   12517.6 +/- 29.0873
     Flux                                 0.163807 +/- 0.000160886
     Recoverable fission power            0 +/- 0
 Distributed Cell u159->c510->l158(-1,2)->u144->c399
   Total Material
     Kappa-Fission Rate                   13868.2 +/- 31.7713
     Flux                                 0.176883 +/- 0.000166576
     Recoverable fission power            0 +/- 0
 Distributed Cell u159->c510->l158(1,2)->u144->c399
   Total Material
     Kappa-Fission Rate                   12789.9 +/- 29.7752
     Flux                                 0.163675 +/- 0.000169909
     Recoverable fission power            0 +/- 0
 Distributed Cell u159->c510->l158(2,2)->u144->c399
   Total Material
     Kappa-Fission Rate                   11246.4 +/- 28.5433
     Flux                                 0.147979 +/- 0.000160318
     Recoverable fission power            0 +/- 0
 Distributed Cell u159->c510->l158(3,2)->u144->c399
   Total Material
     Kappa-Fission Rate                   9252.36 +/- 25.2052
     Flux                                 0.128549 +/- 0.000150397
     Recoverable fission power            0 +/- 0
 Distributed Cell u159->c510->l158(-5,3)->u144->c399
   Total Material
     Kappa-Fission Rate                   8708.12 +/- 23.2655
     Flux                                 0.126022 +/- 0.000144119
     Recoverable fission power            0 +/- 0
 Distributed Cell u159->c510->l158(-4,3)->u144->c399
   Total Material
     Kappa-Fission Rate                   10514.2 +/- 25.8919
     Flux                                 0.143567 +/- 0.000153414
     Recoverable fission power            0 +/- 0
 Distributed Cell u159->c510->l158(-3,3)->u144->c399
   Total Material
     Kappa-Fission Rate                   12152.4 +/- 27.392
     Flux                                 0.158258 +/- 0.000156283
     Recoverable fission power            0 +/- 0
 Distributed Cell u159->c510->l158(-2,3)->u144->c399
   Total Material
     Kappa-Fission Rate                   12839.3 +/- 29.4437
     Flux                                 0.164545 +/- 0.000162591
     Recoverable fission power            0 +/- 0
 Distributed Cell u159->c510->l158(-1,3)->u144->c399
   Total Material
     Kappa-Fission Rate                   12770.8 +/- 29.049
     Flux                                 0.163536 +/- 0.000159635
     Recoverable fission power            0 +/- 0
 Distributed Cell u159->c510->l158(0,3)->u144->c399
   Total Material
     Kappa-Fission Rate                   12202.2 +/- 28.5265
     Flux                                 0.157128 +/- 0.000163215
     Recoverable fission power            0 +/- 0
 Distributed Cell u159->c510->l158(1,3)->u144->c399
   Total Material
     Kappa-Fission Rate                   11108.3 +/- 27.516
     Flux                                 0.145884 +/- 0.000152316
     Recoverable fission power            0 +/- 0
 Distributed Cell u159->c510->l158(2,3)->u144->c399
   Total Material
     Kappa-Fission Rate                   9365 +/- 23.6133
     Flux                                 0.129367 +/- 0.000145621
     Recoverable fission power            0 +/- 0
 Distributed Cell u159->c510->l158(-5,4)->u144->c399
   Total Material
     Kappa-Fission Rate                   8426.29 +/- 23.4937
     Flux                                 0.121412 +/- 0.000140262
     Recoverable fission power            0 +/- 0
 Distributed Cell u159->c510->l158(-4,4)->u144->c399
   Total Material
     Kappa-Fission Rate                   9904.55 +/- 25.0909
     Flux                                 0.135502 +/- 0.000143065
     Recoverable fission power            0 +/- 0
 Distributed Cell u159->c510->l158(-3,4)->u144->c399
   Total Material
     Kappa-Fission Rate                   10955 +/- 26.1741
     Flux                                 0.144918 +/- 0.000150537
     Recoverable fission power            0 +/- 0
 Distributed Cell u159->c510->l158(-2,4)->u144->c399
   Total Material
     Kappa-Fission Rate                   11251.7 +/- 27.4484
     Flux                                 0.147952 +/- 0.000153452
     Recoverable fission power            0 +/- 0
 Distributed Cell u159->c510->l158(-1,4)->u144->c399
   Total Material
     Kappa-Fission Rate                   11068.2 +/- 27.7196
     Flux                                 0.145703 +/- 0.000151468
     Recoverable fission power            0 +/- 0
 Distributed Cell u159->c510->l158(1,4)->u144->c399
   Total Material
     Kappa-Fission Rate                   9114.4 +/- 24.9995
     Flux                                 0.126434 +/- 0.000145785
     Recoverable fission power            0 +/- 0
 Distributed Cell u159->c510->l158(-4,5)->u144->c399
   Total Material
     Kappa-Fission Rate                   8562.34 +/- 23.172
     Flux                                 0.122465 +/- 0.000136992
     Recoverable fission power            0 +/- 0
 Distributed Cell u159->c510->l158(-3,5)->u144->c399
   Total Material
     Kappa-Fission Rate                   9238.94 +/- 25.2994
     Flux                                 0.12834 +/- 0.000141549
     Recoverable fission power            0 +/- 0
 Distributed Cell u159->c510->l158(-2,5)->u144->c399
   Total Material
     Kappa-Fission Rate                   9360.39 +/- 24.7024
     Flux                                 0.129476 +/- 0.000142474
     Recoverable fission power            0 +/- 0
 Distributed Cell u159->c510->l158(-1,5)->u144->c399
   Total Material
     Kappa-Fission Rate                   9143.44 +/- 24.4453
     Flux                                 0.126551 +/- 0.000142122
     Recoverable fission power            0 +/- 0
 Distributed Cell u159->c510->l158(0,5)->u144->c399
   Total Material
     Kappa-Fission Rate                   8346.69 +/- 22.3509
     Flux                                 0.118232 +/- 0.000133339
     Recoverable fission power            0 +/- 0
 ============================>     TALLY 4     <============================

 Distributed Cell u159->c510
   Incoming Energy [1e-05, 0.0001)
     Total Material
       Flux                                 0 +/- 0
   Incoming Energy [0.0001, 0.0005)
     Total Material
       Flux                                 0 +/- 0
   Incoming Energy [0.0005, 0.00075)
     Total Material
       Flux                                 0 +/- 0
   Incoming Energy [0.00075, 0.001)
     Total Material
       Flux                                 0 +/- 0
   Incoming Energy [0.001, 0.0012)
     Total Material
       Flux                                 0 +/- 0
   Incoming Energy [0.0012, 0.0015)
     Total Material
       Flux                                 0 +/- 0
   Incoming Energy [0.0015, 0.002)
     Total Material
       Flux                                 4.29832e-09 +/- 3.74451e-09
   Incoming Energy [0.002, 0.0025)
     Total Material
       Flux                                 1.01548e-08 +/- 8.75543e-09
   Incoming Energy [0.0025, 0.003)
     Total Material
       Flux                                 6.15062e-09 +/- 4.41085e-09
   Incoming Energy [0.003, 0.004)
     Total Material
       Flux                                 1.07813e-09 +/- 1.07813e-09
   Incoming Energy [0.004, 0.005)
     Total Material
       Flux                                 1.02335e-08 +/- 6.46261e-09
   Incoming Energy [0.005, 0.0075)
     Total Material
       Flux                                 1.43672e-07 +/- 6.58131e-08
   Incoming Energy [0.0075, 0.01)
     Total Material
       Flux                                 2.73072e-07 +/- 1.1354e-07
   Incoming Energy [0.01, 0.0253)
     Total Material
       Flux                                 6.07848e-06 +/- 6.26036e-07
   Incoming Energy [0.0253, 0.03)
     Total Material
       Flux                                 3.70676e-06 +/- 4.71011e-07
   Incoming Energy [0.03, 0.04)
     Total Material
       Flux                                 1.30507e-05 +/- 1.64758e-06
   Incoming Energy [0.04, 0.05)
     Total Material
       Flux                                 2.17607e-05 +/- 1.21026e-06
   Incoming Energy [0.05, 0.06)
     Total Material
       Flux                                 3.43024e-05 +/- 1.5417e-06
   Incoming Energy [0.06, 0.07)
     Total Material
       Flux                                 4.35085e-05 +/- 1.82338e-06
   Incoming Energy [0.07, 0.08)
     Total Material
       Flux                                 6.21333e-05 +/- 2.06049e-06
   Incoming Energy [0.08, 0.09)
     Total Material
       Flux                                 7.9159e-05 +/- 2.35936e-06
   Incoming Energy [0.09, 0.1)
     Total Material
       Flux                                 9.7799e-05 +/- 2.42196e-06
   Incoming Energy [0.1, 0.125)
     Total Material
       Flux                                 0.000324539 +/- 5.38544e-06
   Incoming Energy [0.125, 0.15)
     Total Material
       Flux                                 0.000477177 +/- 6.62464e-06
   Incoming Energy [0.15, 0.175)
     Total Material
       Flux                                 0.000652058 +/- 7.73673e-06
   Incoming Energy [0.175, 0.2)
     Total Material
       Flux                                 0.000825032 +/- 8.78862e-06
   Incoming Energy [0.2, 0.225)
     Total Material
       Flux                                 0.000991758 +/- 9.52467e-06
   Incoming Energy [0.225, 0.25)
     Total Material
       Flux                                 0.00117985 +/- 9.9917e-06
   Incoming Energy [0.25, 0.275)
     Total Material
       Flux                                 0.0013512 +/- 1.06053e-05
   Incoming Energy [0.275, 0.3)
     Total Material
       Flux                                 0.00154704 +/- 1.14402e-05
   Incoming Energy [0.3, 0.325)
     Total Material
       Flux                                 0.0017179 +/- 1.17357e-05
   Incoming Energy [0.325, 0.35)
     Total Material
       Flux                                 0.00188267 +/- 1.23194e-05
   Incoming Energy [0.35, 0.375)
     Total Material
       Flux                                 0.00206052 +/- 1.23093e-05
   Incoming Energy [0.375, 0.4)
     Total Material
       Flux                                 0.00220916 +/- 1.29968e-05
   Incoming Energy [0.4, 0.45)
     Total Material
       Flux                                 0.00486387 +/- 2.19911e-05
   Incoming Energy [0.45, 0.5)
     Total Material
       Flux                                 0.00537762 +/- 2.2331e-05
   Incoming Energy [0.5, 0.55)
     Total Material
       Flux                                 0.00584751 +/- 2.28325e-05
   Incoming Energy [0.55, 0.6)
     Total Material
       Flux                                 0.00627082 +/- 2.35337e-05
   Incoming Energy [0.6, 0.625)
     Total Material
       Flux                                 0.00328618 +/- 1.4492e-05
   Incoming Energy [0.625, 0.65)
     Total Material
       Flux                                 0.00336771 +/- 1.44151e-05
   Incoming Energy [0.65, 0.7)
     Total Material
       Flux                                 0.00697981 +/- 2.36244e-05
   Incoming Energy [0.7, 0.75)
     Total Material
       Flux                                 0.00728408 +/- 2.36374e-05
   Incoming Energy [0.75, 0.8)
     Total Material
       Flux                                 0.00757183 +/- 2.37956e-05
   Incoming Energy [0.8, 0.85)
     Total Material
       Flux                                 0.00781395 +/- 2.44409e-05
   Incoming Energy [0.85, 0.9)
     Total Material
       Flux                                 0.00798864 +/- 2.41917e-05
   Incoming Energy [0.9, 0.925)
     Total Material
       Flux                                 0.00408281 +/- 1.51854e-05
   Incoming Energy [0.925, 0.95)
     Total Material
       Flux                                 0.00408598 +/- 1.52963e-05
   Incoming Energy [0.95, 0.975)
     Total Material
       Flux                                 0.00414611 +/- 1.51836e-05
   Incoming Energy [0.975, 1)
     Total Material
       Flux                                 0.00416867 +/- 1.49059e-05
   Incoming Energy [1, 1.01)
     Total Material
       Flux                                 0.00168804 +/- 8.87959e-06
   Incoming Energy [1.01, 1.02)
     Total Material
       Flux                                 0.00168009 +/- 8.52224e-06
   Incoming Energy [1.02, 1.03)
     Total Material
       Flux                                 0.00168622 +/- 8.6296e-06
   Incoming Energy [1.03, 1.04)
     Total Material
       Flux                                 0.00169393 +/- 8.95595e-06
   Incoming Energy [1.04, 1.05)
     Total Material
       Flux                                 0.00169357 +/- 8.96087e-06
   Incoming Energy [1.05, 1.06)
     Total Material
       Flux                                 0.00170442 +/- 9.0987e-06
   Incoming Energy [1.06, 1.07)
     Total Material
       Flux                                 0.00170975 +/- 8.70567e-06
   Incoming Energy [1.07, 1.08)
     Total Material
       Flux                                 0.00171449 +/- 8.60567e-06
   Incoming Energy [1.08, 1.09)
     Total Material
       Flux                                 0.00172924 +/- 8.66623e-06
   Incoming Energy [1.09, 1.1)
     Total Material
       Flux                                 0.00170274 +/- 8.83239e-06
   Incoming Energy [1.1, 1.11)
     Total Material
       Flux                                 0.00171631 +/- 8.66646e-06
   Incoming Energy [1.11, 1.12)
     Total Material
       Flux                                 0.00172671 +/- 9.13678e-06
   Incoming Energy [1.12, 1.13)
     Total Material
       Flux                                 0.00173672 +/- 8.96407e-06
   Incoming Energy [1.13, 1.14)
     Total Material
       Flux                                 0.0017421 +/- 8.99267e-06
   Incoming Energy [1.14, 1.15)
     Total Material
       Flux                                 0.00173466 +/- 8.79053e-06
   Incoming Energy [1.15, 1.175)
     Total Material
       Flux                                 0.00437879 +/- 1.52785e-05
   Incoming Energy [1.175, 1.2)
     Total Material
       Flux                                 0.00441313 +/- 1.57097e-05
   Incoming Energy [1.2, 1.225)
     Total Material
       Flux                                 0.00443866 +/- 1.49089e-05
   Incoming Energy [1.225, 1.25)
     Total Material
       Flux                                 0.0044525 +/- 1.62418e-05
   Incoming Energy [1.25, 1.3)
     Total Material
       Flux                                 0.00895859 +/- 2.37594e-05
   Incoming Energy [1.3, 1.35)
     Total Material
       Flux                                 0.00899323 +/- 2.36727e-05
   Incoming Energy [1.35, 1.4)
     Total Material
       Flux                                 0.00911369 +/- 2.38594e-05
   Incoming Energy [1.4, 1.45)
     Total Material
       Flux                                 0.00911664 +/- 2.40434e-05
   Incoming Energy [1.45, 1.5)
     Total Material
       Flux                                 0.00913468 +/- 2.29192e-05
   Incoming Energy [1.5, 1.59)
     Total Material
       Flux                                 0.0165307 +/- 3.51009e-05
   Incoming Energy [1.59, 1.68)
     Total Material
       Flux                                 0.0165746 +/- 3.38597e-05
   Incoming Energy [1.68, 1.77)
     Total Material
       Flux                                 0.0166322 +/- 3.33064e-05
   Incoming Energy [1.77, 1.86)
     Total Material
       Flux                                 0.0166431 +/- 3.48857e-05
   Incoming Energy [1.86, 1.94)
     Total Material
       Flux                                 0.0147729 +/- 2.94508e-05
   Incoming Energy [1.94, 2)
     Total Material
       Flux                                 0.01099 +/- 2.43238e-05
   Incoming Energy [2, 2.12)
     Total Material
       Flux                                 0.0220161 +/- 3.88607e-05
   Incoming Energy [2.12, 2.21)
     Total Material
       Flux                                 0.016512 +/- 3.16517e-05
   Incoming Energy [2.21, 2.3)
     Total Material
       Flux                                 0.0164221 +/- 3.10176e-05
   Incoming Energy [2.3, 2.38)
     Total Material
       Flux                                 0.0145898 +/- 2.91599e-05
   Incoming Energy [2.38, 2.47)
     Total Material
       Flux                                 0.0163023 +/- 3.02204e-05
   Incoming Energy [2.47, 2.57)
     Total Material
       Flux                                 0.017982 +/- 3.32263e-05
   Incoming Energy [2.57, 2.67)
     Total Material
       Flux                                 0.0179129 +/- 3.29407e-05
   Incoming Energy [2.67, 2.77)
     Total Material
       Flux                                 0.0178279 +/- 3.25487e-05
   Incoming Energy [2.77, 2.87)
     Total Material
       Flux                                 0.0176855 +/- 3.08328e-05
   Incoming Energy [2.87, 2.97)
     Total Material
       Flux                                 0.0175605 +/- 3.15591e-05
   Incoming Energy [2.97, 3)
     Total Material
       Flux                                 0.00522675 +/- 1.5133e-05
   Incoming Energy [3, 3.05)
     Total Material
       Flux                                 0.00869745 +/- 2.02497e-05
   Incoming Energy [3.05, 3.15)
     Total Material
       Flux                                 0.0173166 +/- 3.12123e-05
   Incoming Energy [3.15, 3.5)
     Total Material
       Flux                                 0.059901 +/- 7.18954e-05
   Incoming Energy [3.5, 3.73)
     Total Material
       Flux                                 0.0384144 +/- 5.29786e-05
   Incoming Energy [3.73, 4)
     Total Material
       Flux                                 0.0444157 +/- 5.7411e-05
   Incoming Energy [4, 4.75)
     Total Material
       Flux                                 0.118693 +/- 0.000116365
   Incoming Energy [4.75, 5)
     Total Material
       Flux                                 0.0379491 +/- 4.96932e-05
   Incoming Energy [5, 5.4)
     Total Material
       Flux                                 0.0595255 +/- 6.56273e-05
   Incoming Energy [5.4, 6)
     Total Material
       Flux                                 0.0860912 +/- 8.03711e-05
   Incoming Energy [6, 6.25)
     Total Material
       Flux                                 0.0348154 +/- 4.49333e-05
   Incoming Energy [6.25, 6.5)
     Total Material
       Flux                                 0.034213 +/- 4.34479e-05
   Incoming Energy [6.5, 6.75)
     Total Material
       Flux                                 0.0336333 +/- 4.23373e-05
   Incoming Energy [6.75, 7)
     Total Material
       Flux                                 0.0332575 +/- 4.19078e-05
   Incoming Energy [7, 7.15)
     Total Material
       Flux                                 0.0199178 +/- 3.12876e-05
   Incoming Energy [7.15, 8.1)
     Total Material
       Flux                                 0.123007 +/- 0.000103581
   Incoming Energy [8.1, 9.1)
     Total Material
       Flux                                 0.122501 +/- 0.000102285
   Incoming Energy [9.1, 10)
     Total Material
       Flux                                 0.10495 +/- 8.88038e-05
   Incoming Energy [10, 11.5)
     Total Material
       Flux                                 0.164733 +/- 0.000121963
   Incoming Energy [11.5, 11.9)
     Total Material
       Flux                                 0.0418583 +/- 4.61115e-05
   Incoming Energy [11.9, 12.9)
     Total Material
       Flux                                 0.10208 +/- 8.4159e-05
   Incoming Energy [12.9, 13.75)
     Total Material
       Flux                                 0.0842396 +/- 7.34801e-05
   Incoming Energy [13.75, 14.4)
     Total Material
       Flux                                 0.0623926 +/- 5.86548e-05
   Incoming Energy [14.4, 15.1)
     Total Material
       Flux                                 0.0654909 +/- 6.20036e-05
   Incoming Energy [15.1, 16)
     Total Material
       Flux                                 0.0817183 +/- 6.9597e-05
   Incoming Energy [16, 17)
     Total Material
       Flux                                 0.0869239 +/- 7.73143e-05
   Incoming Energy [17, 18.5)
     Total Material
       Flux                                 0.129606 +/- 9.8798e-05
   Incoming Energy [18.5, 19)
     Total Material
       Flux                                 0.0404275 +/- 4.41475e-05
   Incoming Energy [19, 20)
     Total Material
       Flux                                 0.0787467 +/- 6.45277e-05
   Incoming Energy [20, 21)
     Total Material
       Flux                                 0.0761533 +/- 6.5374e-05
   Incoming Energy [21, 22.5)
     Total Material
       Flux                                 0.111384 +/- 8.24123e-05
   Incoming Energy [22.5, 25)
     Total Material
       Flux                                 0.177077 +/- 0.000115564
   Incoming Energy [25, 27.5)
     Total Material
       Flux                                 0.166321 +/- 0.000109988
   Incoming Energy [27.5, 30)
     Total Material
       Flux                                 0.156767 +/- 0.000102375
   Incoming Energy [30, 31.25)
     Total Material
       Flux                                 0.0751697 +/- 6.44278e-05
   Incoming Energy [31.25, 31.75)
     Total Material
       Flux                                 0.0295939 +/- 3.71351e-05
   Incoming Energy [31.75, 33.25)
     Total Material
       Flux                                 0.0867408 +/- 6.80247e-05
   Incoming Energy [33.25, 33.75)
     Total Material
       Flux                                 0.0282868 +/- 3.69585e-05
   Incoming Energy [33.75, 34.6)
     Total Material
       Flux                                 0.0473303 +/- 4.78182e-05
   Incoming Energy [34.6, 35.5)
     Total Material
       Flux                                 0.049311 +/- 4.91835e-05
   Incoming Energy [35.5, 37)
     Total Material
       Flux                                 0.0801455 +/- 6.32513e-05
   Incoming Energy [37, 38)
     Total Material
       Flux                                 0.0524797 +/- 5.04006e-05
   Incoming Energy [38, 39.1)
     Total Material
       Flux                                 0.0575132 +/- 5.10175e-05
   Incoming Energy [39.1, 39.6)
     Total Material
       Flux                                 0.025491 +/- 3.49728e-05
   Incoming Energy [39.6, 41)
     Total Material
       Flux                                 0.0721486 +/- 6.09404e-05
   Incoming Energy [41, 42.4)
     Total Material
       Flux                                 0.0675245 +/- 5.85583e-05
   Incoming Energy [42.4, 44)
     Total Material
       Flux                                 0.0857478 +/- 6.71195e-05
   Incoming Energy [44, 45.2)
     Total Material
       Flux                                 0.0349449 +/- 3.23496e-05
   Incoming Energy [45.2, 47)
     Total Material
       Flux                                 0.0996134 +/- 7.1562e-05
   Incoming Energy [47, 48.3)
     Total Material
       Flux                                 0.0756536 +/- 6.12013e-05
   Incoming Energy [48.3, 49.2)
     Total Material
       Flux                                 0.0518985 +/- 4.85792e-05
   Incoming Energy [49.2, 50.6)
     Total Material
       Flux                                 0.0797071 +/- 5.97745e-05
   Incoming Energy [50.6, 52)
     Total Material
       Flux                                 0.0782754 +/- 6.08098e-05
   Incoming Energy [52, 53.4)
     Total Material
       Flux                                 0.0770994 +/- 5.92933e-05
   Incoming Energy [53.4, 59)
     Total Material
       Flux                                 0.294654 +/- 0.000149569
   Incoming Energy [59, 61)
     Total Material
       Flux                                 0.100762 +/- 6.82432e-05
   Incoming Energy [61, 65)
     Total Material
       Flux                                 0.194283 +/- 0.000113194
   Incoming Energy [65, 67.5)
     Total Material
       Flux                                 0.11609 +/- 7.82022e-05
   Incoming Energy [67.5, 72)
     Total Material
       Flux                                 0.203506 +/- 0.000111336
   Incoming Energy [72, 76)
     Total Material
       Flux                                 0.177315 +/- 9.93928e-05
   Incoming Energy [76, 80)
     Total Material
       Flux                                 0.170971 +/- 9.82378e-05
   Incoming Energy [80, 82)
     Total Material
       Flux                                 0.0824712 +/- 6.41795e-05
   Incoming Energy [82, 90)
     Total Material
       Flux                                 0.319181 +/- 0.000154214
   Incoming Energy [90, 100)
     Total Material
       Flux                                 0.371136 +/- 0.000172307
   Incoming Energy [100, 108)
     Total Material
       Flux                                 0.27736 +/- 0.000135973
   Incoming Energy [108, 115)
     Total Material
       Flux                                 0.232046 +/- 0.000118799
   Incoming Energy [115, 119)
     Total Material
       Flux                                 0.126837 +/- 8.10566e-05
   Incoming Energy [119, 122)
     Total Material
       Flux                                 0.0960161 +/- 6.62073e-05
   Incoming Energy [122, 186)
     Total Material
       Flux                                 1.74243 +/- 0.000583597
   Incoming Energy [186, 192.5)
     Total Material
       Flux                                 0.153301 +/- 8.89557e-05
   Incoming Energy [192.5, 207.5)
     Total Material
       Flux                                 0.339988 +/- 0.000149405
   Incoming Energy [207.5, 210)
     Total Material
       Flux                                 0.0533982 +/- 4.8202e-05
   Incoming Energy [210, 240)
     Total Material
       Flux                                 0.615208 +/- 0.00023864
   Incoming Energy [240, 285)
     Total Material
       Flux                                 0.785326 +/- 0.000275328
   Incoming Energy [285, 305)
     Total Material
       Flux                                 0.276022 +/- 0.000118352
   Incoming Energy [305, 550)
     Total Material
       Flux                                 2.57575 +/- 0.000723944
   Incoming Energy [550, 670)
     Total Material
       Flux                                 1.34441 +/- 0.000404268
   Incoming Energy [670, 683)
     Total Material
       Flux                                 0.132454 +/- 8.15455e-05
   Incoming Energy [683, 950)
     Total Material
       Flux                                 2.50762 +/- 0.00065863
   Incoming Energy [950, 1150)
     Total Material
       Flux                                 1.37422 +/- 0.000375427
   Incoming Energy [1150, 1500)
     Total Material
       Flux                                 2.67871 +/- 0.000636652
   Incoming Energy [1500, 1550)
     Total Material
       Flux                                 0.330095 +/- 0.000131069
   Incoming Energy [1550, 1800)
     Total Material
       Flux                                 1.50719 +/- 0.00035139
   Incoming Energy [1800, 2200)
     Total Material
       Flux                                 1.61001 +/- 0.000367517
   Incoming Energy [2200, 2290)
     Total Material
       Flux                                 0.194368 +/- 7.14188e-05
   Incoming Energy [2290, 2580)
     Total Material
       Flux                                 0.356704 +/- 0.000100538
   Incoming Energy [2580, 3000)
     Total Material
       Flux                                 0.336707 +/- 0.000105661
   Incoming Energy [3000, 3740)
     Total Material
       Flux                                 1.17408 +/- 0.000266722
   Incoming Energy [3740, 3900)
     Total Material
       Flux                                 0.285077 +/- 9.56053e-05
   Incoming Energy [3900, 6000)
     Total Material
       Flux                                 3.47266 +/- 0.000675426
   Incoming Energy [6000, 8030)
     Total Material
       Flux                                 2.44637 +/- 0.000494673
   Incoming Energy [8030, 9500)
     Total Material
       Flux                                 1.54931 +/- 0.000348065
   Incoming Energy [9500, 13000)
     Total Material
       Flux                                 4.61092 +/- 0.000815005
   Incoming Energy [13000, 17000)
     Total Material
       Flux                                 3.5151 +/- 0.000629459
   Incoming Energy [17000, 25000)
     Total Material
       Flux                                 9.59303 +/- 0.00150158
   Incoming Energy [25000, 30000)
     Total Material
       Flux                                 3.32817 +/- 0.000609115
   Incoming Energy [30000, 45000)
     Total Material
       Flux                                 9.3236 +/- 0.00135219
   Incoming Energy [45000, 50000)
     Total Material
       Flux                                 3.51002 +/- 0.000640513
   Incoming Energy [50000, 52000)
     Total Material
       Flux                                 0.675849 +/- 0.000189434
   Incoming Energy [52000, 60000)
     Total Material
       Flux                                 4.04461 +/- 0.000654136
   Incoming Energy [60000, 73000)
     Total Material
       Flux                                 7.02417 +/- 0.00103983
   Incoming Energy [73000, 75000)
     Total Material
       Flux                                 0.646657 +/- 0.000217922
   Incoming Energy [75000, 82000)
     Total Material
       Flux                                 4.12934 +/- 0.000756359
   Incoming Energy [82000, 85000)
     Total Material
       Flux                                 1.19467 +/- 0.000366228
   Incoming Energy [85000, 100000)
     Total Material
       Flux                                 5.11277 +/- 0.000783655
   Incoming Energy [100000, 128300)
     Total Material
       Flux                                 11.0028 +/- 0.00149363
   Incoming Energy [128300, 150000)
     Total Material
       Flux                                 7.05832 +/- 0.00105144
   Incoming Energy [150000, 200000)
     Total Material
       Flux                                 12.2113 +/- 0.00157713
   Incoming Energy [200000, 270000)
     Total Material
       Flux                                 13.0164 +/- 0.00168197
   Incoming Energy [270000, 330000)
     Total Material
       Flux                                 10.0088 +/- 0.00153463
   Incoming Energy [330000, 400000)
     Total Material
       Flux                                 7.73545 +/- 0.00125111
   Incoming Energy [400000, 420000)
     Total Material
       Flux                                 1.33687 +/- 0.000344576
   Incoming Energy [420000, 440000)
     Total Material
       Flux                                 1.37091 +/- 0.000351094
   Incoming Energy [440000, 470000)
     Total Material
       Flux                                 2.44566 +/- 0.000539146
   Incoming Energy [470000, 499520)
     Total Material
       Flux                                 2.49365 +/- 0.000572393
   Incoming Energy [499520, 550000)
     Total Material
       Flux                                 4.18779 +/- 0.000851977
   Incoming Energy [550000, 573000)
     Total Material
       Flux                                 1.74137 +/- 0.000527877
   Incoming Energy [573000, 600000)
     Total Material
       Flux                                 2.0288 +/- 0.000575222
   Incoming Energy [600000, 670000)
     Total Material
       Flux                                 4.39152 +/- 0.000943174
   Incoming Energy [670000, 679000)
     Total Material
       Flux                                 0.385844 +/- 0.000192816
   Incoming Energy [679000, 750000)
     Total Material
       Flux                                 3.05212 +/- 0.000713561
   Incoming Energy [750000, 820000)
     Total Material
       Flux                                 2.44958 +/- 0.00063257
   Incoming Energy [820000, 861100)
     Total Material
       Flux                                 1.30714 +/- 0.000469665
   Incoming Energy [861100, 875000)
     Total Material
       Flux                                 0.354362 +/- 0.000210458
   Incoming Energy [875000, 900000)
     Total Material
       Flux                                 0.674163 +/- 0.000320874
   Incoming Energy [900000, 920000)
     Total Material
       Flux                                 0.438066 +/- 0.00023757
   Incoming Energy [920000, 1010000)
     Total Material
       Flux                                 1.82557 +/- 0.000588573
   Incoming Energy [1010000, 1100000)
     Total Material
       Flux                                 1.61105 +/- 0.000519311
   Incoming Energy [1100000, 1200000)
     Total Material
       Flux                                 1.93418 +/- 0.000633853
   Incoming Energy [1200000, 1250000)
     Total Material
       Flux                                 0.819846 +/- 0.000357866
   Incoming Energy [1250000, 1317000)
     Total Material
       Flux                                 0.91495 +/- 0.00036681
   Incoming Energy [1317000, 1356000)
     Total Material
       Flux                                 0.489426 +/- 0.000266573
   Incoming Energy [1356000, 1400000)
     Total Material
       Flux                                 0.595258 +/- 0.000332476
   Incoming Energy [1400000, 1500000)
     Total Material
       Flux                                 1.16739 +/- 0.000485822
   Incoming Energy [1500000, 1850000)
     Total Material
       Flux                                 3.15433 +/- 0.000918918
   Incoming Energy [1850000, 2354000)
     Total Material
       Flux                                 3.01811 +/- 0.000896741
   Incoming Energy [2354000, 2479000)
     Total Material
       Flux                                 0.631947 +/- 0.000353333
   Incoming Energy [2479000, 3000000)
     Total Material
       Flux                                 1.89865 +/- 0.000696304
   Incoming Energy [3000000, 4304000)
     Total Material
       Flux                                 2.12484 +/- 0.00071738
   Incoming Energy [4304000, 4800000)
     Total Material
       Flux                                 0.407854 +/- 0.000302188
   Incoming Energy [4800000, 6434000)
     Total Material
       Flux                                 0.66882 +/- 0.000413086
   Incoming Energy [6434000, 8187300)
     Total Material
       Flux                                 0.208018 +/- 0.000225061
   Incoming Energy [8187300, 10000000)
     Total Material
       Flux                                 0.0555661 +/- 0.000118705
   Incoming Energy [10000000, 12840000)
     Total Material
       Flux                                 0.0165335 +/- 6.59188e-05
   Incoming Energy [12840000, 13840000)
     Total Material
       Flux                                 0.00114851 +/- 1.64627e-05
   Incoming Energy [13840000, 14550000)
     Total Material
       Flux                                 0.000424853 +/- 9.98247e-06
   Incoming Energy [14550000, 15683000)
     Total Material
       Flux                                 0.000334034 +/- 9.0799e-06
   Incoming Energy [15683000, 17333000)
     Total Material
       Flux                                 0.00018384 +/- 6.75922e-06
   Incoming Energy [17333000, 20000000)
     Total Material
       Flux                                 5.82838e-05 +/- 4.11037e-06
