                                %%%%%%%%%%%%%%%
                           %%%%%%%%%%%%%%%%%%%%%%%%
                        %%%%%%%%%%%%%%%%%%%%%%%%%%%%%%
                      %%%%%%%%%%%%%%%%%%%%%%%%%%%%%%%%%%
                    %%%%%%%%%%%%%%%%%%%%%%%%%%%%%%%%%%%%%%
                   %%%%%%%%%%%%%%%%%%%%%%%%%%%%%%%%%%%%%%%%
                                    %%%%%%%%%%%%%%%%%%%%%%%%
                                     %%%%%%%%%%%%%%%%%%%%%%%%
                 ###############      %%%%%%%%%%%%%%%%%%%%%%%%
                ##################     %%%%%%%%%%%%%%%%%%%%%%%
                ###################     %%%%%%%%%%%%%%%%%%%%%%%
                ####################     %%%%%%%%%%%%%%%%%%%%%%
                #####################     %%%%%%%%%%%%%%%%%%%%%
                ######################     %%%%%%%%%%%%%%%%%%%%
                #######################     %%%%%%%%%%%%%%%%%%
                 #######################     %%%%%%%%%%%%%%%%%
                 ######################     %%%%%%%%%%%%%%%%%
                  ####################     %%%%%%%%%%%%%%%%%
                    #################     %%%%%%%%%%%%%%%%%
                     ###############     %%%%%%%%%%%%%%%%
                       ############     %%%%%%%%%%%%%%%
                          ########     %%%%%%%%%%%%%%
                                      %%%%%%%%%%%

                 | The OpenMC Monte Carlo Code
       Copyright | 2011-2022 MIT, UChicago Argonne LLC, and contributors
         License | https://docs.openmc.org/en/latest/license.html
         Version | 0.13.0
        Git SHA1 | a64df444b72c755afe82d85fbcb2cb6f0a61009c
       Date/Time | 2022-04-04 18:53:11
  OpenMP Threads | 16

 Reading settings XML file...
 Reading cross sections XML file...
 Reading materials XML file...
 Reading geometry XML file...
 Reading U235 from /mnt/d/OpenMC_TCS/OpenMCLib/U235.h5
 Reading U238 from /mnt/d/OpenMC_TCS/OpenMCLib/U238.h5
 Reading O16 from /mnt/d/OpenMC_TCS/OpenMCLib/O16.h5
 Reading Fe54 from /mnt/d/OpenMC_TCS/OpenMCLib/Fe54.h5
 Reading Fe56 from /mnt/d/OpenMC_TCS/OpenMCLib/Fe56.h5
 Reading Fe57 from /mnt/d/OpenMC_TCS/OpenMCLib/Fe57.h5
 Reading Fe58 from /mnt/d/OpenMC_TCS/OpenMCLib/Fe58.h5
 Reading Cr50 from /mnt/d/OpenMC_TCS/OpenMCLib/Cr50.h5
 Reading Cr52 from /mnt/d/OpenMC_TCS/OpenMCLib/Cr52.h5
 Reading Cr53 from /mnt/d/OpenMC_TCS/OpenMCLib/Cr53.h5
 Reading Cr54 from /mnt/d/OpenMC_TCS/OpenMCLib/Cr54.h5
 Reading Ni58 from /mnt/d/OpenMC_TCS/OpenMCLib/Ni58.h5
 Reading Ni60 from /mnt/d/OpenMC_TCS/OpenMCLib/Ni60.h5
 Reading Ni61 from /mnt/d/OpenMC_TCS/OpenMCLib/Ni61.h5
 Reading Ni62 from /mnt/d/OpenMC_TCS/OpenMCLib/Ni62.h5
 Reading Ni64 from /mnt/d/OpenMC_TCS/OpenMCLib/Ni64.h5
 Reading Mo92 from /mnt/d/OpenMC_TCS/OpenMCLib/Mo92.h5
 Reading Mo94 from /mnt/d/OpenMC_TCS/OpenMCLib/Mo94.h5
 Reading Mo95 from /mnt/d/OpenMC_TCS/OpenMCLib/Mo95.h5
 Reading Mo96 from /mnt/d/OpenMC_TCS/OpenMCLib/Mo96.h5
 Reading Mo97 from /mnt/d/OpenMC_TCS/OpenMCLib/Mo97.h5
 Reading Mo98 from /mnt/d/OpenMC_TCS/OpenMCLib/Mo98.h5
 Reading Mo100 from /mnt/d/OpenMC_TCS/OpenMCLib/Mo100.h5
 Reading Mn55 from /mnt/d/OpenMC_TCS/OpenMCLib/Mn55.h5
 Reading C0 from /mnt/d/OpenMC_TCS/OpenMCLib/C0.h5
 Reading Ti46 from /mnt/d/OpenMC_TCS/OpenMCLib/Ti46.h5
 Reading Ti47 from /mnt/d/OpenMC_TCS/OpenMCLib/Ti47.h5
 Reading Ti48 from /mnt/d/OpenMC_TCS/OpenMCLib/Ti48.h5
 Reading Ti49 from /mnt/d/OpenMC_TCS/OpenMCLib/Ti49.h5
 Reading Ti50 from /mnt/d/OpenMC_TCS/OpenMCLib/Ti50.h5
 Reading Si28 from /mnt/d/OpenMC_TCS/OpenMCLib/Si28.h5
 Reading Si29 from /mnt/d/OpenMC_TCS/OpenMCLib/Si29.h5
 Reading Si30 from /mnt/d/OpenMC_TCS/OpenMCLib/Si30.h5
 Reading B10 from /mnt/d/OpenMC_TCS/OpenMCLib/B10.h5
 Reading B11 from /mnt/d/OpenMC_TCS/OpenMCLib/B11.h5
 Reading Na23 from /mnt/d/OpenMC_TCS/OpenMCLib/Na23.h5
 Minimum neutron data temperature: 523 K
 Maximum neutron data temperature: 523 K
 Reading tallies XML file...
 Preparing distributed cell instances...
 Reading plot XML file...
 Writing summary.h5 file...
 Maximum neutron transport energy: 20000000 eV for U235
 Initializing source particles...

 ====================>     K EIGENVALUE SIMULATION     <====================

  Bat./Gen.      k            Average k
  =========   ========   ====================
        1/1    0.97553
        2/1    0.99978
        3/1    1.01174
        4/1    1.02134
        5/1    1.03439
        6/1    1.03674
        7/1    1.03178
        8/1    1.02923
        9/1    1.03716
       10/1    1.03673
       11/1    1.03027
       12/1    1.02715
       13/1    1.02439
       14/1    1.02737
       15/1    1.03209
       16/1    1.02852
       17/1    1.02905
       18/1    1.03135
       19/1    1.02504
       20/1    1.03176
       21/1    1.02659
       22/1    1.03473
       23/1    1.02567
       24/1    1.02600
       25/1    1.03253
       26/1    1.03326
       27/1    1.02585
       28/1    1.03151
       29/1    1.03041
       30/1    1.03387
       31/1    1.03175
       32/1    1.03316
       33/1    1.02804
       34/1    1.03065
       35/1    1.02809
       36/1    1.02529
       37/1    1.03454
       38/1    1.03144
       39/1    1.02863
       40/1    1.03424
       41/1    1.03081
       42/1    1.02651
       43/1    1.03714
       44/1    1.02790
       45/1    1.02929
       46/1    1.02597
       47/1    1.03364
       48/1    1.03009
       49/1    1.02997
       50/1    1.02802
       51/1    1.02579
       52/1    1.03453    1.03016 +/- 0.00437
       53/1    1.02747    1.02926 +/- 0.00268
       54/1    1.03364    1.03036 +/- 0.00219
       55/1    1.02696    1.02968 +/- 0.00182
       56/1    1.02582    1.02904 +/- 0.00162
       57/1    1.03043    1.02924 +/- 0.00139
       58/1    1.03336    1.02975 +/- 0.00131
       59/1    1.02336    1.02904 +/- 0.00135
       60/1    1.02882    1.02902 +/- 0.00121
       61/1    1.02848    1.02897 +/- 0.00110
       62/1    1.03489    1.02946 +/- 0.00112
       63/1    1.03271    1.02971 +/- 0.00106
       64/1    1.02892    1.02966 +/- 0.00098
       65/1    1.02739    1.02951 +/- 0.00092
       66/1    1.03255    1.02970 +/- 0.00089
       67/1    1.02989    1.02971 +/- 0.00083
       68/1    1.02978    1.02971 +/- 0.00078
       69/1    1.02967    1.02971 +/- 0.00074
       70/1    1.02848    1.02965 +/- 0.00071
       71/1    1.03319    1.02982 +/- 0.00069
       72/1    1.02366    1.02954 +/- 0.00072
       73/1    1.02881    1.02950 +/- 0.00069
       74/1    1.03119    1.02957 +/- 0.00066
       75/1    1.03071    1.02962 +/- 0.00064
       76/1    1.03521    1.02984 +/- 0.00065
       77/1    1.03128    1.02989 +/- 0.00062
       78/1    1.02464    1.02970 +/- 0.00063
       79/1    1.03125    1.02975 +/- 0.00061
       80/1    1.03292    1.02986 +/- 0.00060
       81/1    1.02831    1.02981 +/- 0.00058
       82/1    1.03207    1.02988 +/- 0.00057
       83/1    1.03887    1.03015 +/- 0.00061
       84/1    1.02715    1.03006 +/- 0.00060
       85/1    1.03109    1.03009 +/- 0.00059
       86/1    1.02934    1.03007 +/- 0.00057
       87/1    1.03988    1.03034 +/- 0.00061
       88/1    1.02810    1.03028 +/- 0.00060
       89/1    1.02670    1.03019 +/- 0.00059
       90/1    1.03811    1.03039 +/- 0.00061
       91/1    1.02950    1.03036 +/- 0.00060
       92/1    1.03252    1.03042 +/- 0.00058
       93/1    1.02993    1.03040 +/- 0.00057
       94/1    1.02878    1.03037 +/- 0.00056
       95/1    1.02616    1.03027 +/- 0.00055
       96/1    1.02779    1.03022 +/- 0.00054
       97/1    1.02957    1.03021 +/- 0.00053
       98/1    1.02924    1.03019 +/- 0.00052
       99/1    1.03071    1.03020 +/- 0.00051
      100/1    1.02567    1.03011 +/- 0.00051
      101/1    1.03148    1.03013 +/- 0.00050
      102/1    1.03115    1.03015 +/- 0.00049
      103/1    1.02567    1.03007 +/- 0.00049
      104/1    1.02902    1.03005 +/- 0.00048
      105/1    1.03194    1.03008 +/- 0.00047
      106/1    1.03054    1.03009 +/- 0.00046
      107/1    1.02450    1.02999 +/- 0.00047
      108/1    1.02828    1.02996 +/- 0.00046
      109/1    1.03117    1.02998 +/- 0.00045
      110/1    1.03464    1.03006 +/- 0.00045
      111/1    1.02863    1.03004 +/- 0.00044
      112/1    1.02766    1.03000 +/- 0.00044
      113/1    1.02864    1.02998 +/- 0.00043
      114/1    1.03391    1.03004 +/- 0.00043
      115/1    1.02617    1.02998 +/- 0.00043
      116/1    1.02609    1.02992 +/- 0.00042
      117/1    1.02931    1.02991 +/- 0.00042
      118/1    1.03010    1.02991 +/- 0.00041
      119/1    1.02554    1.02985 +/- 0.00041
      120/1    1.03226    1.02989 +/- 0.00041
      121/1    1.03325    1.02993 +/- 0.00040
      122/1    1.03049    1.02994 +/- 0.00040
      123/1    1.03413    1.03000 +/- 0.00040
      124/1    1.03573    1.03008 +/- 0.00040
      125/1    1.03263    1.03011 +/- 0.00039
      126/1    1.02937    1.03010 +/- 0.00039
      127/1    1.03558    1.03017 +/- 0.00039
      128/1    1.03101    1.03018 +/- 0.00039
      129/1    1.02730    1.03015 +/- 0.00038
      130/1    1.02528    1.03008 +/- 0.00038
      131/1    1.03462    1.03014 +/- 0.00038
      132/1    1.02267    1.03005 +/- 0.00039
      133/1    1.03282    1.03008 +/- 0.00039
      134/1    1.03251    1.03011 +/- 0.00038
      135/1    1.03569    1.03018 +/- 0.00038
      136/1    1.02865    1.03016 +/- 0.00038
      137/1    1.03917    1.03026 +/- 0.00039
      138/1    1.02746    1.03023 +/- 0.00039
      139/1    1.02984    1.03023 +/- 0.00038
      140/1    1.03338    1.03026 +/- 0.00038
      141/1    1.03351    1.03030 +/- 0.00038
      142/1    1.02815    1.03027 +/- 0.00037
      143/1    1.02992    1.03027 +/- 0.00037
      144/1    1.03685    1.03034 +/- 0.00037
      145/1    1.02551    1.03029 +/- 0.00037
      146/1    1.02766    1.03026 +/- 0.00037
      147/1    1.03296    1.03029 +/- 0.00037
      148/1    1.02684    1.03025 +/- 0.00036
      149/1    1.02534    1.03020 +/- 0.00036
      150/1    1.03241    1.03023 +/- 0.00036
      151/1    1.02690    1.03019 +/- 0.00036
      152/1    1.03298    1.03022 +/- 0.00036
      153/1    1.02671    1.03019 +/- 0.00035
      154/1    1.03205    1.03021 +/- 0.00035
      155/1    1.03320    1.03023 +/- 0.00035
      156/1    1.02189    1.03015 +/- 0.00035
      157/1    1.02639    1.03012 +/- 0.00035
      158/1    1.02654    1.03009 +/- 0.00035
      159/1    1.02785    1.03007 +/- 0.00035
      160/1    1.03251    1.03009 +/- 0.00035
      161/1    1.03502    1.03013 +/- 0.00035
      162/1    1.03107    1.03014 +/- 0.00034
      163/1    1.03034    1.03014 +/- 0.00034
      164/1    1.02638    1.03011 +/- 0.00034
      165/1    1.03332    1.03014 +/- 0.00034
      166/1    1.02965    1.03013 +/- 0.00033
      167/1    1.02977    1.03013 +/- 0.00033
      168/1    1.02318    1.03007 +/- 0.00033
      169/1    1.03248    1.03009 +/- 0.00033
      170/1    1.01784    1.02999 +/- 0.00034
      171/1    1.03131    1.03000 +/- 0.00034
      172/1    1.03049    1.03000 +/- 0.00034
      173/1    1.02697    1.02998 +/- 0.00034
      174/1    1.02738    1.02996 +/- 0.00033
      175/1    1.02666    1.02993 +/- 0.00033
      176/1    1.03542    1.02998 +/- 0.00033
      177/1    1.03122    1.02999 +/- 0.00033
      178/1    1.02839    1.02997 +/- 0.00033
      179/1    1.02667    1.02995 +/- 0.00033
      180/1    1.03002    1.02995 +/- 0.00032
      181/1    1.02695    1.02993 +/- 0.00032
      182/1    1.03413    1.02996 +/- 0.00032
      183/1    1.02878    1.02995 +/- 0.00032
      184/1    1.02969    1.02995 +/- 0.00032
      185/1    1.02945    1.02994 +/- 0.00031
      186/1    1.02818    1.02993 +/- 0.00031
      187/1    1.02364    1.02988 +/- 0.00031
      188/1    1.02895    1.02988 +/- 0.00031
      189/1    1.03017    1.02988 +/- 0.00031
      190/1    1.03117    1.02989 +/- 0.00031
      191/1    1.02838    1.02988 +/- 0.00030
      192/1    1.02650    1.02985 +/- 0.00030
      193/1    1.03399    1.02988 +/- 0.00030
      194/1    1.02980    1.02988 +/- 0.00030
      195/1    1.03243    1.02990 +/- 0.00030
      196/1    1.03000    1.02990 +/- 0.00030
      197/1    1.03095    1.02991 +/- 0.00030
      198/1    1.03347    1.02993 +/- 0.00029
      199/1    1.02541    1.02990 +/- 0.00029
      200/1    1.02939    1.02990 +/- 0.00029
      201/1    1.03728    1.02995 +/- 0.00029
      202/1    1.03084    1.02995 +/- 0.00029
      203/1    1.03641    1.02999 +/- 0.00029
      204/1    1.02497    1.02996 +/- 0.00029
      205/1    1.02676    1.02994 +/- 0.00029
      206/1    1.03134    1.02995 +/- 0.00029
      207/1    1.03013    1.02995 +/- 0.00029
      208/1    1.02951    1.02995 +/- 0.00029
      209/1    1.03315    1.02997 +/- 0.00029
      210/1    1.03258    1.02999 +/- 0.00028
      211/1    1.03765    1.03003 +/- 0.00029
      212/1    1.03163    1.03004 +/- 0.00028
      213/1    1.02600    1.03002 +/- 0.00028
      214/1    1.02779    1.03000 +/- 0.00028
      215/1    1.02856    1.03000 +/- 0.00028
      216/1    1.02555    1.02997 +/- 0.00028
      217/1    1.02901    1.02996 +/- 0.00028
      218/1    1.03686    1.03000 +/- 0.00028
      219/1    1.02690    1.02999 +/- 0.00028
      220/1    1.02683    1.02997 +/- 0.00028
      221/1    1.03185    1.02998 +/- 0.00028
      222/1    1.02722    1.02996 +/- 0.00028
      223/1    1.03247    1.02998 +/- 0.00027
      224/1    1.02767    1.02996 +/- 0.00027
      225/1    1.03376    1.02999 +/- 0.00027
      226/1    1.03350    1.03001 +/- 0.00027
      227/1    1.03149    1.03001 +/- 0.00027
      228/1    1.02957    1.03001 +/- 0.00027
      229/1    1.02929    1.03001 +/- 0.00027
      230/1    1.02697    1.02999 +/- 0.00027
      231/1    1.03396    1.03001 +/- 0.00027
      232/1    1.03159    1.03002 +/- 0.00026
      233/1    1.02964    1.03002 +/- 0.00026
      234/1    1.02343    1.02998 +/- 0.00026
      235/1    1.02903    1.02998 +/- 0.00026
      236/1    1.02887    1.02997 +/- 0.00026
      237/1    1.03141    1.02998 +/- 0.00026
      238/1    1.02905    1.02997 +/- 0.00026
      239/1    1.03496    1.03000 +/- 0.00026
      240/1    1.02743    1.02999 +/- 0.00026
      241/1    1.03665    1.03002 +/- 0.00026
      242/1    1.02941    1.03002 +/- 0.00026
      243/1    1.02696    1.03000 +/- 0.00026
      244/1    1.02928    1.03000 +/- 0.00026
      245/1    1.02719    1.02999 +/- 0.00025
      246/1    1.03354    1.03000 +/- 0.00025
      247/1    1.02938    1.03000 +/- 0.00025
      248/1    1.03167    1.03001 +/- 0.00025
      249/1    1.03395    1.03003 +/- 0.00025
      250/1    1.03164    1.03004 +/- 0.00025
      251/1    1.03332    1.03005 +/- 0.00025
      252/1    1.02952    1.03005 +/- 0.00025
      253/1    1.02597    1.03003 +/- 0.00025
      254/1    1.02250    1.02999 +/- 0.00025
      255/1    1.02956    1.02999 +/- 0.00025
      256/1    1.03596    1.03002 +/- 0.00025
      257/1    1.03057    1.03002 +/- 0.00025
      258/1    1.02348    1.02999 +/- 0.00025
      259/1    1.03510    1.03002 +/- 0.00025
      260/1    1.03018    1.03002 +/- 0.00025
      261/1    1.02709    1.03000 +/- 0.00025
      262/1    1.02863    1.03000 +/- 0.00024
      263/1    1.02941    1.02999 +/- 0.00024
      264/1    1.02943    1.02999 +/- 0.00024
      265/1    1.03737    1.03002 +/- 0.00024
      266/1    1.03561    1.03005 +/- 0.00024
      267/1    1.02448    1.03003 +/- 0.00024
      268/1    1.02898    1.03002 +/- 0.00024
      269/1    1.03108    1.03003 +/- 0.00024
      270/1    1.02922    1.03002 +/- 0.00024
      271/1    1.03153    1.03003 +/- 0.00024
      272/1    1.03043    1.03003 +/- 0.00024
      273/1    1.02379    1.03000 +/- 0.00024
      274/1    1.02800    1.02999 +/- 0.00024
      275/1    1.02746    1.02998 +/- 0.00024
      276/1    1.03325    1.03000 +/- 0.00024
      277/1    1.03083    1.03000 +/- 0.00024
      278/1    1.03057    1.03000 +/- 0.00024
      279/1    1.02961    1.03000 +/- 0.00023
      280/1    1.03089    1.03000 +/- 0.00023
      281/1    1.02740    1.02999 +/- 0.00023
      282/1    1.02713    1.02998 +/- 0.00023
      283/1    1.03143    1.02999 +/- 0.00023
      284/1    1.02615    1.02997 +/- 0.00023
      285/1    1.02700    1.02996 +/- 0.00023
      286/1    1.02690    1.02995 +/- 0.00023
      287/1    1.02740    1.02993 +/- 0.00023
      288/1    1.03116    1.02994 +/- 0.00023
      289/1    1.02304    1.02991 +/- 0.00023
      290/1    1.03062    1.02991 +/- 0.00023
      291/1    1.02761    1.02990 +/- 0.00023
      292/1    1.02805    1.02990 +/- 0.00023
      293/1    1.02655    1.02988 +/- 0.00023
      294/1    1.02883    1.02988 +/- 0.00022
      295/1    1.03075    1.02988 +/- 0.00022
      296/1    1.02886    1.02988 +/- 0.00022
      297/1    1.03652    1.02990 +/- 0.00022
      298/1    1.02568    1.02989 +/- 0.00022
      299/1    1.03688    1.02992 +/- 0.00022
      300/1    1.02957    1.02991 +/- 0.00022
      301/1    1.03336    1.02993 +/- 0.00022
      302/1    1.03244    1.02994 +/- 0.00022
      303/1    1.02985    1.02994 +/- 0.00022
      304/1    1.02603    1.02992 +/- 0.00022
      305/1    1.03263    1.02993 +/- 0.00022
      306/1    1.03118    1.02994 +/- 0.00022
      307/1    1.03231    1.02995 +/- 0.00022
      308/1    1.02729    1.02994 +/- 0.00022
      309/1    1.02504    1.02992 +/- 0.00022
      310/1    1.03472    1.02994 +/- 0.00022
      311/1    1.03647    1.02996 +/- 0.00022
      312/1    1.03228    1.02997 +/- 0.00022
      313/1    1.03179    1.02998 +/- 0.00022
      314/1    1.02804    1.02997 +/- 0.00022
      315/1    1.02435    1.02995 +/- 0.00022
      316/1    1.03253    1.02996 +/- 0.00022
      317/1    1.02640    1.02995 +/- 0.00022
      318/1    1.03018    1.02995 +/- 0.00022
      319/1    1.02856    1.02994 +/- 0.00021
      320/1    1.03416    1.02996 +/- 0.00021
      321/1    1.03237    1.02997 +/- 0.00021
      322/1    1.02680    1.02995 +/- 0.00021
      323/1    1.02367    1.02993 +/- 0.00021
      324/1    1.03006    1.02993 +/- 0.00021
      325/1    1.03084    1.02993 +/- 0.00021
      326/1    1.02759    1.02993 +/- 0.00021
      327/1    1.02804    1.02992 +/- 0.00021
      328/1    1.02604    1.02991 +/- 0.00021
      329/1    1.03428    1.02992 +/- 0.00021
      330/1    1.03347    1.02993 +/- 0.00021
      331/1    1.02955    1.02993 +/- 0.00021
      332/1    1.03359    1.02995 +/- 0.00021
      333/1    1.02532    1.02993 +/- 0.00021
      334/1    1.02854    1.02992 +/- 0.00021
      335/1    1.02997    1.02992 +/- 0.00021
      336/1    1.02614    1.02991 +/- 0.00021
      337/1    1.03464    1.02993 +/- 0.00021
      338/1    1.03121    1.02993 +/- 0.00021
      339/1    1.02963    1.02993 +/- 0.00021
      340/1    1.03081    1.02993 +/- 0.00020
      341/1    1.02970    1.02993 +/- 0.00020
      342/1    1.03201    1.02994 +/- 0.00020
      343/1    1.03463    1.02996 +/- 0.00020
      344/1    1.02861    1.02995 +/- 0.00020
      345/1    1.02422    1.02993 +/- 0.00020
      346/1    1.03121    1.02994 +/- 0.00020
      347/1    1.02504    1.02992 +/- 0.00020
      348/1    1.03221    1.02993 +/- 0.00020
      349/1    1.03250    1.02994 +/- 0.00020
      350/1    1.02892    1.02993 +/- 0.00020
      351/1    1.02593    1.02992 +/- 0.00020
      352/1    1.03144    1.02992 +/- 0.00020
      353/1    1.03155    1.02993 +/- 0.00020
      354/1    1.02906    1.02993 +/- 0.00020
      355/1    1.02498    1.02991 +/- 0.00020
      356/1    1.03287    1.02992 +/- 0.00020
      357/1    1.03593    1.02994 +/- 0.00020
      358/1    1.03362    1.02995 +/- 0.00020
      359/1    1.02812    1.02995 +/- 0.00020
      360/1    1.02984    1.02995 +/- 0.00020
      361/1    1.02852    1.02994 +/- 0.00020
      362/1    1.02892    1.02994 +/- 0.00020
      363/1    1.03151    1.02994 +/- 0.00020
      364/1    1.02992    1.02994 +/- 0.00019
      365/1    1.03225    1.02995 +/- 0.00019
      366/1    1.02749    1.02994 +/- 0.00019
      367/1    1.03126    1.02995 +/- 0.00019
      368/1    1.02862    1.02994 +/- 0.00019
      369/1    1.02854    1.02994 +/- 0.00019
      370/1    1.02746    1.02993 +/- 0.00019
      371/1    1.02818    1.02992 +/- 0.00019
      372/1    1.02939    1.02992 +/- 0.00019
      373/1    1.02639    1.02991 +/- 0.00019
      374/1    1.02912    1.02991 +/- 0.00019
      375/1    1.02785    1.02990 +/- 0.00019
      376/1    1.03039    1.02990 +/- 0.00019
      377/1    1.02354    1.02989 +/- 0.00019
      378/1    1.02800    1.02988 +/- 0.00019
      379/1    1.03504    1.02990 +/- 0.00019
      380/1    1.02981    1.02990 +/- 0.00019
      381/1    1.02686    1.02989 +/- 0.00019
      382/1    1.03074    1.02989 +/- 0.00019
      383/1    1.02913    1.02989 +/- 0.00019
      384/1    1.02959    1.02989 +/- 0.00019
      385/1    1.02986    1.02989 +/- 0.00019
      386/1    1.03019    1.02989 +/- 0.00019
      387/1    1.02722    1.02988 +/- 0.00018
      388/1    1.03275    1.02989 +/- 0.00018
      389/1    1.03479    1.02990 +/- 0.00018
      390/1    1.03314    1.02991 +/- 0.00018
      391/1    1.02734    1.02990 +/- 0.00018
      392/1    1.02872    1.02990 +/- 0.00018
      393/1    1.02964    1.02990 +/- 0.00018
      394/1    1.02706    1.02989 +/- 0.00018
      395/1    1.02851    1.02989 +/- 0.00018
      396/1    1.02648    1.02988 +/- 0.00018
      397/1    1.03020    1.02988 +/- 0.00018
      398/1    1.03362    1.02989 +/- 0.00018
      399/1    1.03755    1.02991 +/- 0.00018
      400/1    1.02961    1.02991 +/- 0.00018
      401/1    1.03419    1.02992 +/- 0.00018
      402/1    1.03445    1.02993 +/- 0.00018
      403/1    1.03406    1.02995 +/- 0.00018
      404/1    1.02433    1.02993 +/- 0.00018
      405/1    1.03309    1.02994 +/- 0.00018
      406/1    1.02864    1.02994 +/- 0.00018
      407/1    1.03371    1.02995 +/- 0.00018
      408/1    1.03079    1.02995 +/- 0.00018
      409/1    1.03218    1.02995 +/- 0.00018
      410/1    1.03143    1.02996 +/- 0.00018
      411/1    1.03441    1.02997 +/- 0.00018
      412/1    1.03079    1.02997 +/- 0.00018
      413/1    1.03108    1.02998 +/- 0.00018
      414/1    1.03118    1.02998 +/- 0.00018
      415/1    1.03287    1.02999 +/- 0.00018
      416/1    1.03203    1.02999 +/- 0.00018
      417/1    1.02795    1.02999 +/- 0.00018
      418/1    1.02556    1.02998 +/- 0.00018
      419/1    1.03247    1.02998 +/- 0.00018
      420/1    1.03328    1.02999 +/- 0.00018
      421/1    1.02691    1.02998 +/- 0.00018
      422/1    1.03204    1.02999 +/- 0.00017
      423/1    1.02126    1.02997 +/- 0.00018
      424/1    1.03384    1.02998 +/- 0.00018
      425/1    1.03430    1.02999 +/- 0.00018
      426/1    1.03276    1.02999 +/- 0.00018
      427/1    1.02926    1.02999 +/- 0.00017
      428/1    1.02964    1.02999 +/- 0.00017
      429/1    1.03530    1.03001 +/- 0.00017
      430/1    1.02484    1.02999 +/- 0.00017
      431/1    1.03205    1.03000 +/- 0.00017
      432/1    1.02947    1.03000 +/- 0.00017
      433/1    1.03039    1.03000 +/- 0.00017
      434/1    1.03324    1.03001 +/- 0.00017
      435/1    1.02965    1.03000 +/- 0.00017
      436/1    1.02422    1.02999 +/- 0.00017
      437/1    1.02338    1.02997 +/- 0.00017
      438/1    1.03302    1.02998 +/- 0.00017
      439/1    1.02778    1.02997 +/- 0.00017
      440/1    1.03605    1.02999 +/- 0.00017
      441/1    1.03045    1.02999 +/- 0.00017
      442/1    1.02948    1.02999 +/- 0.00017
      443/1    1.03729    1.03001 +/- 0.00017
      444/1    1.03018    1.03001 +/- 0.00017
      445/1    1.02915    1.03001 +/- 0.00017
      446/1    1.02265    1.02999 +/- 0.00017
      447/1    1.03795    1.03001 +/- 0.00017
      448/1    1.03006    1.03001 +/- 0.00017
      449/1    1.03024    1.03001 +/- 0.00017
      450/1    1.02657    1.03000 +/- 0.00017
      451/1    1.02133    1.02998 +/- 0.00017
      452/1    1.02889    1.02998 +/- 0.00017
      453/1    1.02562    1.02997 +/- 0.00017
      454/1    1.03129    1.02997 +/- 0.00017
      455/1    1.02785    1.02996 +/- 0.00017
      456/1    1.02517    1.02995 +/- 0.00017
      457/1    1.03013    1.02995 +/- 0.00017
      458/1    1.02729    1.02995 +/- 0.00017
      459/1    1.03079    1.02995 +/- 0.00017
      460/1    1.02942    1.02995 +/- 0.00017
      461/1    1.02738    1.02994 +/- 0.00017
      462/1    1.03217    1.02995 +/- 0.00017
      463/1    1.02919    1.02994 +/- 0.00017
      464/1    1.03537    1.02996 +/- 0.00017
      465/1    1.03256    1.02996 +/- 0.00017
      466/1    1.03682    1.02998 +/- 0.00017
      467/1    1.02621    1.02997 +/- 0.00017
      468/1    1.02736    1.02996 +/- 0.00017
      469/1    1.03049    1.02997 +/- 0.00017
      470/1    1.03058    1.02997 +/- 0.00017
      471/1    1.02939    1.02997 +/- 0.00017
      472/1    1.02825    1.02996 +/- 0.00017
      473/1    1.02908    1.02996 +/- 0.00017
      474/1    1.02415    1.02995 +/- 0.00017
      475/1    1.03241    1.02995 +/- 0.00017
      476/1    1.02653    1.02994 +/- 0.00017
      477/1    1.02998    1.02994 +/- 0.00017
      478/1    1.03238    1.02995 +/- 0.00017
      479/1    1.03300    1.02996 +/- 0.00017
      480/1    1.02633    1.02995 +/- 0.00017
      481/1    1.03657    1.02996 +/- 0.00017
      482/1    1.03935    1.02999 +/- 0.00017
      483/1    1.03010    1.02999 +/- 0.00017
      484/1    1.03035    1.02999 +/- 0.00017
      485/1    1.03505    1.03000 +/- 0.00017
      486/1    1.02658    1.02999 +/- 0.00017
      487/1    1.02988    1.02999 +/- 0.00017
      488/1    1.02492    1.02998 +/- 0.00017
      489/1    1.03551    1.02999 +/- 0.00017
      490/1    1.02697    1.02998 +/- 0.00017
      491/1    1.02755    1.02998 +/- 0.00017
      492/1    1.02883    1.02998 +/- 0.00016
      493/1    1.03225    1.02998 +/- 0.00016
      494/1    1.02904    1.02998 +/- 0.00016
      495/1    1.02607    1.02997 +/- 0.00016
      496/1    1.03043    1.02997 +/- 0.00016
      497/1    1.03132    1.02997 +/- 0.00016
      498/1    1.03127    1.02998 +/- 0.00016
      499/1    1.02848    1.02997 +/- 0.00016
      500/1    1.02918    1.02997 +/- 0.00016
      501/1    1.02716    1.02997 +/- 0.00016
      502/1    1.02818    1.02996 +/- 0.00016
      503/1    1.03027    1.02996 +/- 0.00016
      504/1    1.03172    1.02997 +/- 0.00016
      505/1    1.02589    1.02996 +/- 0.00016
      506/1    1.02551    1.02995 +/- 0.00016
      507/1    1.02837    1.02994 +/- 0.00016
      508/1    1.02561    1.02993 +/- 0.00016
      509/1    1.02962    1.02993 +/- 0.00016
      510/1    1.03187    1.02994 +/- 0.00016
      511/1    1.02189    1.02992 +/- 0.00016
      512/1    1.02716    1.02991 +/- 0.00016
      513/1    1.02310    1.02990 +/- 0.00016
      514/1    1.02984    1.02990 +/- 0.00016
      515/1    1.02813    1.02990 +/- 0.00016
      516/1    1.02629    1.02989 +/- 0.00016
      517/1    1.02765    1.02988 +/- 0.00016
      518/1    1.02157    1.02987 +/- 0.00016
      519/1    1.03685    1.02988 +/- 0.00016
      520/1    1.02862    1.02988 +/- 0.00016
      521/1    1.03223    1.02988 +/- 0.00016
      522/1    1.03155    1.02989 +/- 0.00016
      523/1    1.03317    1.02989 +/- 0.00016
      524/1    1.03160    1.02990 +/- 0.00016
      525/1    1.03135    1.02990 +/- 0.00016
      526/1    1.02585    1.02989 +/- 0.00016
      527/1    1.02833    1.02989 +/- 0.00016
      528/1    1.03750    1.02990 +/- 0.00016
      529/1    1.02936    1.02990 +/- 0.00016
      530/1    1.02919    1.02990 +/- 0.00016
      531/1    1.03167    1.02991 +/- 0.00016
      532/1    1.03323    1.02991 +/- 0.00016
      533/1    1.02998    1.02991 +/- 0.00016
      534/1    1.02900    1.02991 +/- 0.00016
      535/1    1.02246    1.02990 +/- 0.00016
      536/1    1.01817    1.02987 +/- 0.00016
      537/1    1.02857    1.02987 +/- 0.00016
      538/1    1.03159    1.02987 +/- 0.00016
      539/1    1.03381    1.02988 +/- 0.00016
      540/1    1.03099    1.02988 +/- 0.00016
      541/1    1.02702    1.02988 +/- 0.00016
      542/1    1.02561    1.02987 +/- 0.00016
      543/1    1.03369    1.02988 +/- 0.00016
      544/1    1.03382    1.02988 +/- 0.00016
      545/1    1.02765    1.02988 +/- 0.00016
      546/1    1.03288    1.02989 +/- 0.00016
      547/1    1.03037    1.02989 +/- 0.00016
      548/1    1.02840    1.02988 +/- 0.00016
      549/1    1.03230    1.02989 +/- 0.00016
      550/1    1.03069    1.02989 +/- 0.00016
      551/1    1.03155    1.02989 +/- 0.00016
      552/1    1.03064    1.02989 +/- 0.00016
      553/1    1.03239    1.02990 +/- 0.00016
      554/1    1.02650    1.02989 +/- 0.00015
      555/1    1.03624    1.02991 +/- 0.00016
      556/1    1.02799    1.02990 +/- 0.00015
      557/1    1.02959    1.02990 +/- 0.00015
      558/1    1.03108    1.02990 +/- 0.00015
      559/1    1.03900    1.02992 +/- 0.00015
      560/1    1.02435    1.02991 +/- 0.00016
      561/1    1.02857    1.02991 +/- 0.00015
      562/1    1.03505    1.02992 +/- 0.00015
      563/1    1.02462    1.02991 +/- 0.00015
      564/1    1.02639    1.02990 +/- 0.00015
      565/1    1.03639    1.02991 +/- 0.00015
      566/1    1.02117    1.02990 +/- 0.00016
      567/1    1.02942    1.02989 +/- 0.00016
      568/1    1.02940    1.02989 +/- 0.00015
      569/1    1.03289    1.02990 +/- 0.00015
      570/1    1.03501    1.02991 +/- 0.00015
      571/1    1.03094    1.02991 +/- 0.00015
      572/1    1.03172    1.02992 +/- 0.00015
      573/1    1.02826    1.02991 +/- 0.00015
      574/1    1.03078    1.02991 +/- 0.00015
      575/1    1.02515    1.02990 +/- 0.00015
      576/1    1.02331    1.02989 +/- 0.00015
      577/1    1.03367    1.02990 +/- 0.00015
      578/1    1.03243    1.02990 +/- 0.00015
      579/1    1.03210    1.02991 +/- 0.00015
      580/1    1.03087    1.02991 +/- 0.00015
      581/1    1.02903    1.02991 +/- 0.00015
      582/1    1.02850    1.02991 +/- 0.00015
      583/1    1.02572    1.02990 +/- 0.00015
      584/1    1.02482    1.02989 +/- 0.00015
      585/1    1.02739    1.02988 +/- 0.00015
      586/1    1.03214    1.02989 +/- 0.00015
      587/1    1.02098    1.02987 +/- 0.00015
      588/1    1.03068    1.02987 +/- 0.00015
      589/1    1.01743    1.02985 +/- 0.00015
      590/1    1.03359    1.02986 +/- 0.00015
      591/1    1.03147    1.02986 +/- 0.00015
      592/1    1.02986    1.02986 +/- 0.00015
      593/1    1.02888    1.02986 +/- 0.00015
      594/1    1.02633    1.02985 +/- 0.00015
      595/1    1.03228    1.02986 +/- 0.00015
      596/1    1.02971    1.02986 +/- 0.00015
      597/1    1.02681    1.02985 +/- 0.00015
      598/1    1.03195    1.02985 +/- 0.00015
      599/1    1.02842    1.02985 +/- 0.00015
      600/1    1.02953    1.02985 +/- 0.00015
      601/1    1.03560    1.02986 +/- 0.00015
      602/1    1.02695    1.02986 +/- 0.00015
      603/1    1.02725    1.02985 +/- 0.00015
      604/1    1.03357    1.02986 +/- 0.00015
      605/1    1.02406    1.02985 +/- 0.00015
      606/1    1.02590    1.02984 +/- 0.00015
      607/1    1.02662    1.02983 +/- 0.00015
      608/1    1.02725    1.02983 +/- 0.00015
      609/1    1.03071    1.02983 +/- 0.00015
      610/1    1.03010    1.02983 +/- 0.00015
      611/1    1.03388    1.02984 +/- 0.00015
      612/1    1.03402    1.02985 +/- 0.00015
      613/1    1.02503    1.02984 +/- 0.00015
      614/1    1.02826    1.02983 +/- 0.00015
      615/1    1.03460    1.02984 +/- 0.00015
      616/1    1.03093    1.02985 +/- 0.00015
      617/1    1.02509    1.02984 +/- 0.00015
      618/1    1.02962    1.02984 +/- 0.00015
      619/1    1.02766    1.02983 +/- 0.00015
      620/1    1.02685    1.02983 +/- 0.00015
      621/1    1.03379    1.02983 +/- 0.00015
      622/1    1.02641    1.02983 +/- 0.00015
      623/1    1.03322    1.02983 +/- 0.00015
      624/1    1.03045    1.02984 +/- 0.00015
      625/1    1.03027    1.02984 +/- 0.00015
      626/1    1.03171    1.02984 +/- 0.00015
      627/1    1.03220    1.02984 +/- 0.00015
      628/1    1.03134    1.02985 +/- 0.00015
      629/1    1.03143    1.02985 +/- 0.00015
      630/1    1.03475    1.02986 +/- 0.00015
      631/1    1.02711    1.02985 +/- 0.00015
      632/1    1.02978    1.02985 +/- 0.00015
      633/1    1.03142    1.02986 +/- 0.00015
      634/1    1.02527    1.02985 +/- 0.00015
      635/1    1.03238    1.02985 +/- 0.00015
      636/1    1.03167    1.02985 +/- 0.00015
      637/1    1.03508    1.02986 +/- 0.00015
      638/1    1.03240    1.02987 +/- 0.00015
      639/1    1.02606    1.02986 +/- 0.00015
      640/1    1.02506    1.02985 +/- 0.00015
      641/1    1.03300    1.02986 +/- 0.00015
      642/1    1.03099    1.02986 +/- 0.00014
      643/1    1.03132    1.02986 +/- 0.00014
      644/1    1.02689    1.02986 +/- 0.00014
      645/1    1.03239    1.02986 +/- 0.00014
      646/1    1.03572    1.02987 +/- 0.00014
      647/1    1.02976    1.02987 +/- 0.00014
      648/1    1.03497    1.02988 +/- 0.00014
      649/1    1.03271    1.02989 +/- 0.00014
      650/1    1.03399    1.02989 +/- 0.00014
      651/1    1.02676    1.02989 +/- 0.00014
      652/1    1.02762    1.02988 +/- 0.00014
      653/1    1.02583    1.02988 +/- 0.00014
      654/1    1.03051    1.02988 +/- 0.00014
      655/1    1.03431    1.02988 +/- 0.00014
      656/1    1.02787    1.02988 +/- 0.00014
      657/1    1.02989    1.02988 +/- 0.00014
      658/1    1.03436    1.02989 +/- 0.00014
      659/1    1.03706    1.02990 +/- 0.00014
      660/1    1.03513    1.02991 +/- 0.00014
      661/1    1.02829    1.02991 +/- 0.00014
      662/1    1.02963    1.02991 +/- 0.00014
      663/1    1.03317    1.02991 +/- 0.00014
      664/1    1.02749    1.02991 +/- 0.00014
      665/1    1.03090    1.02991 +/- 0.00014
      666/1    1.03873    1.02992 +/- 0.00014
      667/1    1.02421    1.02991 +/- 0.00014
      668/1    1.02584    1.02991 +/- 0.00014
      669/1    1.02974    1.02991 +/- 0.00014
      670/1    1.03823    1.02992 +/- 0.00014
      671/1    1.03777    1.02993 +/- 0.00014
      672/1    1.02864    1.02993 +/- 0.00014
      673/1    1.02646    1.02993 +/- 0.00014
      674/1    1.02037    1.02991 +/- 0.00014
      675/1    1.02870    1.02991 +/- 0.00014
      676/1    1.02860    1.02991 +/- 0.00014
      677/1    1.03095    1.02991 +/- 0.00014
      678/1    1.02761    1.02990 +/- 0.00014
      679/1    1.03873    1.02992 +/- 0.00014
      680/1    1.02923    1.02992 +/- 0.00014
      681/1    1.02871    1.02992 +/- 0.00014
      682/1    1.03763    1.02993 +/- 0.00014
      683/1    1.02893    1.02993 +/- 0.00014
      684/1    1.03586    1.02994 +/- 0.00014
      685/1    1.02356    1.02993 +/- 0.00014
      686/1    1.02847    1.02992 +/- 0.00014
      687/1    1.03328    1.02993 +/- 0.00014
      688/1    1.02610    1.02992 +/- 0.00014
      689/1    1.03053    1.02992 +/- 0.00014
      690/1    1.02683    1.02992 +/- 0.00014
      691/1    1.02850    1.02992 +/- 0.00014
      692/1    1.03466    1.02992 +/- 0.00014
      693/1    1.02131    1.02991 +/- 0.00014
      694/1    1.02478    1.02990 +/- 0.00014
      695/1    1.03033    1.02990 +/- 0.00014
      696/1    1.03401    1.02991 +/- 0.00014
      697/1    1.03224    1.02991 +/- 0.00014
      698/1    1.03387    1.02992 +/- 0.00014
      699/1    1.02581    1.02991 +/- 0.00014
      700/1    1.02421    1.02990 +/- 0.00014
      701/1    1.02971    1.02990 +/- 0.00014
      702/1    1.02553    1.02990 +/- 0.00014
      703/1    1.02663    1.02989 +/- 0.00014
      704/1    1.03023    1.02989 +/- 0.00014
      705/1    1.02917    1.02989 +/- 0.00014
      706/1    1.02982    1.02989 +/- 0.00014
      707/1    1.02768    1.02989 +/- 0.00014
      708/1    1.02636    1.02988 +/- 0.00014
      709/1    1.03213    1.02989 +/- 0.00014
      710/1    1.02928    1.02988 +/- 0.00014
      711/1    1.03174    1.02989 +/- 0.00014
      712/1    1.02840    1.02989 +/- 0.00014
      713/1    1.03148    1.02989 +/- 0.00014
      714/1    1.02727    1.02988 +/- 0.00014
      715/1    1.02922    1.02988 +/- 0.00014
      716/1    1.03287    1.02989 +/- 0.00014
      717/1    1.02861    1.02989 +/- 0.00014
      718/1    1.02865    1.02988 +/- 0.00014
      719/1    1.02709    1.02988 +/- 0.00014
      720/1    1.03388    1.02989 +/- 0.00014
      721/1    1.03172    1.02989 +/- 0.00014
      722/1    1.03009    1.02989 +/- 0.00014
      723/1    1.03023    1.02989 +/- 0.00014
      724/1    1.03003    1.02989 +/- 0.00014
      725/1    1.03350    1.02989 +/- 0.00014
      726/1    1.02477    1.02989 +/- 0.00014
      727/1    1.02021    1.02987 +/- 0.00014
      728/1    1.02789    1.02987 +/- 0.00014
      729/1    1.03057    1.02987 +/- 0.00014
      730/1    1.03231    1.02987 +/- 0.00014
      731/1    1.02314    1.02986 +/- 0.00014
      732/1    1.02552    1.02986 +/- 0.00014
      733/1    1.03209    1.02986 +/- 0.00014
      734/1    1.02700    1.02986 +/- 0.00014
      735/1    1.02923    1.02986 +/- 0.00014
      736/1    1.03001    1.02986 +/- 0.00014
      737/1    1.02470    1.02985 +/- 0.00014
      738/1    1.02973    1.02985 +/- 0.00014
      739/1    1.03750    1.02986 +/- 0.00014
      740/1    1.02663    1.02986 +/- 0.00014
      741/1    1.02758    1.02985 +/- 0.00014
      742/1    1.03391    1.02986 +/- 0.00014
      743/1    1.03590    1.02987 +/- 0.00014
      744/1    1.03143    1.02987 +/- 0.00014
      745/1    1.02846    1.02987 +/- 0.00014
      746/1    1.03364    1.02987 +/- 0.00014
      747/1    1.02694    1.02987 +/- 0.00014
      748/1    1.02798    1.02987 +/- 0.00014
      749/1    1.02919    1.02986 +/- 0.00014
      750/1    1.02920    1.02986 +/- 0.00014
      751/1    1.02817    1.02986 +/- 0.00014
      752/1    1.02439    1.02985 +/- 0.00014
      753/1    1.03105    1.02985 +/- 0.00014
      754/1    1.02687    1.02985 +/- 0.00014
      755/1    1.02449    1.02984 +/- 0.00014
      756/1    1.03053    1.02984 +/- 0.00013
      757/1    1.02476    1.02984 +/- 0.00013
      758/1    1.03511    1.02984 +/- 0.00013
      759/1    1.02617    1.02984 +/- 0.00013
      760/1    1.03072    1.02984 +/- 0.00013
      761/1    1.03259    1.02984 +/- 0.00013
      762/1    1.03026    1.02984 +/- 0.00013
      763/1    1.03189    1.02985 +/- 0.00013
      764/1    1.03100    1.02985 +/- 0.00013
      765/1    1.02828    1.02985 +/- 0.00013
      766/1    1.03563    1.02986 +/- 0.00013
      767/1    1.02120    1.02984 +/- 0.00013
      768/1    1.03099    1.02984 +/- 0.00013
      769/1    1.02699    1.02984 +/- 0.00013
      770/1    1.03189    1.02984 +/- 0.00013
      771/1    1.02681    1.02984 +/- 0.00013
      772/1    1.02656    1.02983 +/- 0.00013
      773/1    1.03032    1.02984 +/- 0.00013
      774/1    1.02773    1.02983 +/- 0.00013
      775/1    1.02689    1.02983 +/- 0.00013
      776/1    1.02519    1.02982 +/- 0.00013
      777/1    1.03406    1.02983 +/- 0.00013
      778/1    1.03398    1.02983 +/- 0.00013
      779/1    1.03030    1.02983 +/- 0.00013
      780/1    1.03190    1.02984 +/- 0.00013
      781/1    1.02796    1.02983 +/- 0.00013
      782/1    1.03345    1.02984 +/- 0.00013
      783/1    1.03258    1.02984 +/- 0.00013
      784/1    1.03643    1.02985 +/- 0.00013
      785/1    1.03545    1.02986 +/- 0.00013
      786/1    1.02990    1.02986 +/- 0.00013
      787/1    1.03140    1.02986 +/- 0.00013
      788/1    1.03051    1.02986 +/- 0.00013
      789/1    1.03584    1.02987 +/- 0.00013
      790/1    1.03258    1.02987 +/- 0.00013
      791/1    1.02978    1.02987 +/- 0.00013
      792/1    1.03361    1.02988 +/- 0.00013
      793/1    1.02736    1.02988 +/- 0.00013
      794/1    1.03460    1.02988 +/- 0.00013
      795/1    1.03217    1.02989 +/- 0.00013
      796/1    1.02989    1.02989 +/- 0.00013
      797/1    1.02891    1.02988 +/- 0.00013
      798/1    1.03474    1.02989 +/- 0.00013
      799/1    1.03383    1.02990 +/- 0.00013
      800/1    1.02695    1.02989 +/- 0.00013
      801/1    1.03213    1.02989 +/- 0.00013
      802/1    1.02383    1.02989 +/- 0.00013
      803/1    1.02383    1.02988 +/- 0.00013
      804/1    1.03167    1.02988 +/- 0.00013
      805/1    1.03019    1.02988 +/- 0.00013
      806/1    1.02441    1.02987 +/- 0.00013
      807/1    1.02647    1.02987 +/- 0.00013
      808/1    1.03186    1.02987 +/- 0.00013
      809/1    1.02843    1.02987 +/- 0.00013
      810/1    1.03377    1.02988 +/- 0.00013
      811/1    1.02649    1.02987 +/- 0.00013
      812/1    1.02408    1.02986 +/- 0.00013
      813/1    1.03492    1.02987 +/- 0.00013
      814/1    1.03221    1.02987 +/- 0.00013
      815/1    1.02884    1.02987 +/- 0.00013
      816/1    1.03252    1.02988 +/- 0.00013
      817/1    1.03575    1.02988 +/- 0.00013
      818/1    1.03658    1.02989 +/- 0.00013
      819/1    1.02814    1.02989 +/- 0.00013
      820/1    1.03190    1.02989 +/- 0.00013
      821/1    1.03021    1.02989 +/- 0.00013
      822/1    1.02928    1.02989 +/- 0.00013
      823/1    1.02875    1.02989 +/- 0.00013
      824/1    1.02296    1.02988 +/- 0.00013
      825/1    1.02936    1.02988 +/- 0.00013
      826/1    1.03375    1.02989 +/- 0.00013
      827/1    1.03144    1.02989 +/- 0.00013
      828/1    1.03094    1.02989 +/- 0.00013
      829/1    1.02756    1.02989 +/- 0.00013
      830/1    1.03470    1.02989 +/- 0.00013
      831/1    1.03244    1.02990 +/- 0.00013
      832/1    1.03137    1.02990 +/- 0.00013
      833/1    1.03456    1.02990 +/- 0.00013
      834/1    1.02448    1.02990 +/- 0.00013
      835/1    1.02960    1.02990 +/- 0.00013
      836/1    1.03276    1.02990 +/- 0.00013
      837/1    1.03002    1.02990 +/- 0.00013
      838/1    1.03158    1.02990 +/- 0.00013
      839/1    1.03032    1.02990 +/- 0.00013
      840/1    1.02866    1.02990 +/- 0.00013
      841/1    1.02525    1.02989 +/- 0.00013
      842/1    1.03593    1.02990 +/- 0.00013
      843/1    1.03059    1.02990 +/- 0.00013
      844/1    1.03280    1.02991 +/- 0.00013
      845/1    1.02586    1.02990 +/- 0.00013
      846/1    1.02833    1.02990 +/- 0.00013
      847/1    1.02809    1.02990 +/- 0.00013
      848/1    1.03167    1.02990 +/- 0.00013
      849/1    1.03010    1.02990 +/- 0.00013
      850/1    1.03527    1.02991 +/- 0.00013
      851/1    1.02950    1.02991 +/- 0.00013
      852/1    1.03774    1.02992 +/- 0.00013
      853/1    1.03169    1.02992 +/- 0.00013
      854/1    1.02931    1.02992 +/- 0.00013
      855/1    1.02993    1.02992 +/- 0.00013
      856/1    1.03328    1.02992 +/- 0.00013
      857/1    1.02390    1.02991 +/- 0.00013
      858/1    1.02833    1.02991 +/- 0.00013
      859/1    1.02942    1.02991 +/- 0.00013
      860/1    1.03223    1.02991 +/- 0.00013
      861/1    1.02143    1.02990 +/- 0.00013
      862/1    1.03022    1.02990 +/- 0.00013
      863/1    1.03503    1.02991 +/- 0.00013
      864/1    1.03214    1.02991 +/- 0.00013
      865/1    1.03287    1.02992 +/- 0.00013
      866/1    1.03004    1.02992 +/- 0.00013
      867/1    1.02660    1.02991 +/- 0.00013
      868/1    1.02448    1.02991 +/- 0.00013
      869/1    1.02714    1.02990 +/- 0.00013
      870/1    1.02516    1.02990 +/- 0.00013
      871/1    1.02522    1.02989 +/- 0.00013
      872/1    1.02773    1.02989 +/- 0.00012
      873/1    1.02390    1.02988 +/- 0.00012
      874/1    1.02698    1.02988 +/- 0.00012
      875/1    1.03400    1.02988 +/- 0.00012
      876/1    1.03505    1.02989 +/- 0.00012
      877/1    1.03067    1.02989 +/- 0.00012
      878/1    1.03283    1.02989 +/- 0.00012
      879/1    1.03906    1.02991 +/- 0.00012
      880/1    1.03054    1.02991 +/- 0.00012
      881/1    1.02490    1.02990 +/- 0.00012
      882/1    1.03072    1.02990 +/- 0.00012
      883/1    1.02827    1.02990 +/- 0.00012
      884/1    1.02756    1.02990 +/- 0.00012
      885/1    1.03060    1.02990 +/- 0.00012
      886/1    1.03045    1.02990 +/- 0.00012
      887/1    1.02423    1.02989 +/- 0.00012
      888/1    1.02283    1.02988 +/- 0.00012
      889/1    1.02744    1.02988 +/- 0.00012
      890/1    1.02735    1.02988 +/- 0.00012
      891/1    1.03149    1.02988 +/- 0.00012
      892/1    1.02900    1.02988 +/- 0.00012
      893/1    1.02995    1.02988 +/- 0.00012
      894/1    1.03079    1.02988 +/- 0.00012
      895/1    1.03451    1.02988 +/- 0.00012
      896/1    1.02832    1.02988 +/- 0.00012
      897/1    1.03551    1.02989 +/- 0.00012
      898/1    1.03352    1.02989 +/- 0.00012
      899/1    1.02499    1.02989 +/- 0.00012
      900/1    1.02880    1.02989 +/- 0.00012
      901/1    1.02695    1.02988 +/- 0.00012
      902/1    1.03326    1.02989 +/- 0.00012
      903/1    1.02866    1.02989 +/- 0.00012
      904/1    1.03010    1.02989 +/- 0.00012
      905/1    1.03015    1.02989 +/- 0.00012
      906/1    1.03102    1.02989 +/- 0.00012
      907/1    1.03446    1.02989 +/- 0.00012
      908/1    1.03390    1.02990 +/- 0.00012
      909/1    1.02760    1.02989 +/- 0.00012
      910/1    1.03254    1.02990 +/- 0.00012
      911/1    1.02743    1.02989 +/- 0.00012
      912/1    1.02698    1.02989 +/- 0.00012
      913/1    1.02959    1.02989 +/- 0.00012
      914/1    1.02904    1.02989 +/- 0.00012
      915/1    1.03020    1.02989 +/- 0.00012
      916/1    1.02738    1.02989 +/- 0.00012
      917/1    1.03004    1.02989 +/- 0.00012
      918/1    1.03410    1.02989 +/- 0.00012
      919/1    1.02967    1.02989 +/- 0.00012
      920/1    1.02889    1.02989 +/- 0.00012
      921/1    1.03194    1.02989 +/- 0.00012
      922/1    1.03156    1.02990 +/- 0.00012
      923/1    1.02953    1.02989 +/- 0.00012
      924/1    1.03060    1.02990 +/- 0.00012
      925/1    1.02890    1.02989 +/- 0.00012
      926/1    1.02991    1.02989 +/- 0.00012
      927/1    1.03128    1.02990 +/- 0.00012
      928/1    1.03218    1.02990 +/- 0.00012
      929/1    1.03255    1.02990 +/- 0.00012
      930/1    1.03339    1.02991 +/- 0.00012
      931/1    1.02819    1.02990 +/- 0.00012
      932/1    1.02982    1.02990 +/- 0.00012
      933/1    1.02895    1.02990 +/- 0.00012
      934/1    1.03186    1.02990 +/- 0.00012
      935/1    1.02770    1.02990 +/- 0.00012
      936/1    1.03945    1.02991 +/- 0.00012
      937/1    1.02616    1.02991 +/- 0.00012
      938/1    1.03157    1.02991 +/- 0.00012
      939/1    1.03746    1.02992 +/- 0.00012
      940/1    1.03293    1.02992 +/- 0.00012
      941/1    1.03134    1.02992 +/- 0.00012
      942/1    1.03214    1.02993 +/- 0.00012
      943/1    1.03460    1.02993 +/- 0.00012
      944/1    1.03313    1.02994 +/- 0.00012
      945/1    1.03056    1.02994 +/- 0.00012
      946/1    1.02933    1.02994 +/- 0.00012
      947/1    1.03230    1.02994 +/- 0.00012
      948/1    1.02952    1.02994 +/- 0.00012
      949/1    1.02810    1.02994 +/- 0.00012
      950/1    1.02888    1.02993 +/- 0.00012
      951/1    1.02820    1.02993 +/- 0.00012
      952/1    1.03142    1.02993 +/- 0.00012
      953/1    1.03312    1.02994 +/- 0.00012
      954/1    1.03061    1.02994 +/- 0.00012
      955/1    1.03207    1.02994 +/- 0.00012
      956/1    1.03223    1.02994 +/- 0.00012
      957/1    1.03230    1.02995 +/- 0.00012
      958/1    1.03227    1.02995 +/- 0.00012
      959/1    1.03265    1.02995 +/- 0.00012
      960/1    1.02852    1.02995 +/- 0.00012
      961/1    1.03082    1.02995 +/- 0.00012
      962/1    1.03198    1.02995 +/- 0.00012
      963/1    1.03166    1.02996 +/- 0.00012
      964/1    1.02569    1.02995 +/- 0.00012
      965/1    1.03487    1.02996 +/- 0.00012
      966/1    1.03001    1.02996 +/- 0.00012
      967/1    1.03341    1.02996 +/- 0.00012
      968/1    1.02564    1.02995 +/- 0.00012
      969/1    1.02784    1.02995 +/- 0.00012
      970/1    1.02591    1.02995 +/- 0.00012
      971/1    1.03422    1.02995 +/- 0.00012
      972/1    1.02701    1.02995 +/- 0.00012
      973/1    1.03505    1.02996 +/- 0.00012
      974/1    1.02507    1.02995 +/- 0.00012
      975/1    1.02931    1.02995 +/- 0.00012
      976/1    1.03171    1.02995 +/- 0.00012
      977/1    1.03055    1.02995 +/- 0.00012
      978/1    1.03478    1.02996 +/- 0.00012
      979/1    1.03391    1.02996 +/- 0.00012
      980/1    1.03461    1.02997 +/- 0.00012
      981/1    1.02883    1.02996 +/- 0.00012
      982/1    1.02674    1.02996 +/- 0.00012
      983/1    1.03370    1.02997 +/- 0.00012
      984/1    1.02559    1.02996 +/- 0.00012
      985/1    1.02699    1.02996 +/- 0.00012
      986/1    1.03352    1.02996 +/- 0.00012
      987/1    1.03242    1.02996 +/- 0.00012
      988/1    1.02481    1.02996 +/- 0.00012
      989/1    1.03330    1.02996 +/- 0.00012
      990/1    1.02814    1.02996 +/- 0.00012
      991/1    1.02854    1.02996 +/- 0.00012
      992/1    1.02997    1.02996 +/- 0.00012
      993/1    1.02859    1.02996 +/- 0.00011
      994/1    1.02983    1.02996 +/- 0.00011
      995/1    1.02932    1.02996 +/- 0.00011
      996/1    1.03258    1.02996 +/- 0.00011
      997/1    1.03137    1.02996 +/- 0.00011
      998/1    1.03286    1.02996 +/- 0.00011
      999/1    1.02945    1.02996 +/- 0.00011
     1000/1    1.02329    1.02996 +/- 0.00011
     1001/1    1.02883    1.02996 +/- 0.00011
     1002/1    1.02659    1.02995 +/- 0.00011
     1003/1    1.02973    1.02995 +/- 0.00011
     1004/1    1.02379    1.02994 +/- 0.00011
     1005/1    1.02802    1.02994 +/- 0.00011
     1006/1    1.02395    1.02994 +/- 0.00011
     1007/1    1.02491    1.02993 +/- 0.00011
     1008/1    1.02474    1.02993 +/- 0.00011
     1009/1    1.03525    1.02993 +/- 0.00011
     1010/1    1.02702    1.02993 +/- 0.00011
     1011/1    1.03113    1.02993 +/- 0.00011
     1012/1    1.03244    1.02993 +/- 0.00011
     1013/1    1.03334    1.02994 +/- 0.00011
     1014/1    1.03423    1.02994 +/- 0.00011
     1015/1    1.03155    1.02994 +/- 0.00011
     1016/1    1.02578    1.02994 +/- 0.00011
     1017/1    1.03030    1.02994 +/- 0.00011
     1018/1    1.03269    1.02994 +/- 0.00011
     1019/1    1.02822    1.02994 +/- 0.00011
     1020/1    1.03067    1.02994 +/- 0.00011
     1021/1    1.02491    1.02993 +/- 0.00011
     1022/1    1.03158    1.02994 +/- 0.00011
     1023/1    1.02538    1.02993 +/- 0.00011
     1024/1    1.02465    1.02993 +/- 0.00011
     1025/1    1.02997    1.02993 +/- 0.00011
     1026/1    1.03351    1.02993 +/- 0.00011
     1027/1    1.02867    1.02993 +/- 0.00011
     1028/1    1.02670    1.02993 +/- 0.00011
     1029/1    1.03403    1.02993 +/- 0.00011
     1030/1    1.03281    1.02993 +/- 0.00011
     1031/1    1.03187    1.02993 +/- 0.00011
     1032/1    1.02697    1.02993 +/- 0.00011
     1033/1    1.02748    1.02993 +/- 0.00011
     1034/1    1.03192    1.02993 +/- 0.00011
     1035/1    1.02494    1.02993 +/- 0.00011
     1036/1    1.02609    1.02992 +/- 0.00011
     1037/1    1.03150    1.02992 +/- 0.00011
     1038/1    1.03580    1.02993 +/- 0.00011
     1039/1    1.02813    1.02993 +/- 0.00011
     1040/1    1.03409    1.02993 +/- 0.00011
     1041/1    1.02642    1.02993 +/- 0.00011
     1042/1    1.02742    1.02993 +/- 0.00011
     1043/1    1.02444    1.02992 +/- 0.00011
     1044/1    1.02790    1.02992 +/- 0.00011
     1045/1    1.03035    1.02992 +/- 0.00011
     1046/1    1.03047    1.02992 +/- 0.00011
     1047/1    1.03282    1.02992 +/- 0.00011
     1048/1    1.03148    1.02992 +/- 0.00011
     1049/1    1.02575    1.02992 +/- 0.00011
     1050/1    1.02949    1.02992 +/- 0.00011
 Creating state point statepoint.1050.h5...

 =======================>     TIMING STATISTICS     <=======================

 Total time for initialization     = 2.2837e+01 seconds
   Reading cross sections          = 2.1444e+01 seconds
 Total time in simulation          = 1.0784e+04 seconds
   Time in transport only          = 1.0770e+04 seconds
   Time in inactive batches        = 3.8516e+02 seconds
   Time in active batches          = 1.0399e+04 seconds
   Time synchronizing fission bank = 8.4006e+00 seconds
     Sampling source sites         = 6.6449e+00 seconds
     SEND/RECV source sites        = 1.7522e+00 seconds
   Time accumulating tallies       = 9.6653e-01 seconds
   Time writing statepoints        = 1.2248e-01 seconds
 Total time for finalization       = 1.8720e-02 seconds
 Total time elapsed                = 1.0807e+04 seconds
 Calculation Rate (inactive)       = 12981.7 particles/second
 Calculation Rate (active)         = 9616.26 particles/second

 ============================>     RESULTS     <============================

 k-effective (Collision)     = 1.02992 +/- 0.00011
 k-effective (Track-length)  = 1.02992 +/- 0.00011
 k-effective (Absorption)    = 1.03008 +/- 0.00011
 Combined k-effective        = 1.03000 +/- 0.00008
 Leakage Fraction            = 0.05661 +/- 0.00002

