 ============================>     TALLY 1     <============================

 Distributed Cell u159->c510->l158(1,-5)->u144->c397
   Total Material
     Kappa-Fission Rate                   5342.96 +/- 17.6066
     Flux                                 0.0640362 +/- 8.69172e-05
     Recoverable fission power            0 +/- 0
 Distributed Cell u159->c510->l158(2,-5)->u144->c397
   Total Material
     Kappa-Fission Rate                   5695.88 +/- 18.7135
     Flux                                 0.0662112 +/- 8.75122e-05
     Recoverable fission power            0 +/- 0
 Distributed Cell u159->c510->l158(3,-5)->u144->c397
   Total Material
     Kappa-Fission Rate                   5637.9 +/- 18.6484
     Flux                                 0.0653944 +/- 8.85494e-05
     Recoverable fission power            0 +/- 0
 Distributed Cell u159->c510->l158(4,-5)->u144->c397
   Total Material
     Kappa-Fission Rate                   5195.13 +/- 16.9192
     Flux                                 0.0612746 +/- 8.37098e-05
     Recoverable fission power            0 +/- 0
 Distributed Cell u159->c510->l158(5,-5)->u144->c397
   Total Material
     Kappa-Fission Rate                   4526.5 +/- 16.2024
     Flux                                 0.0560459 +/- 8.35389e-05
     Recoverable fission power            0 +/- 0
 Distributed Cell u159->c510->l158(-1,-4)->u144->c397
   Total Material
     Kappa-Fission Rate                   5328.49 +/- 18.2052
     Flux                                 0.0638594 +/- 8.67527e-05
     Recoverable fission power            0 +/- 0
 Distributed Cell u159->c510->l158(0,-4)->u144->c397
   Total Material
     Kappa-Fission Rate                   6337.81 +/- 19.6921
     Flux                                 0.070602 +/- 9.02996e-05
     Recoverable fission power            0 +/- 0
 Distributed Cell u159->c510->l158(1,-4)->u144->c397
   Total Material
     Kappa-Fission Rate                   6903.02 +/- 20.2722
     Flux                                 0.074588 +/- 9.44685e-05
     Recoverable fission power            0 +/- 0
 Distributed Cell u159->c510->l158(2,-4)->u144->c397
   Total Material
     Kappa-Fission Rate                   7067.87 +/- 20.8513
     Flux                                 0.0755422 +/- 8.98734e-05
     Recoverable fission power            0 +/- 0
 Distributed Cell u159->c510->l158(3,-4)->u144->c397
   Total Material
     Kappa-Fission Rate                   6686.76 +/- 20.7449
     Flux                                 0.0720851 +/- 9.24343e-05
     Recoverable fission power            0 +/- 0
 Distributed Cell u159->c510->l158(5,-4)->u144->c397
   Total Material
     Kappa-Fission Rate                   5014.65 +/- 17.2767
     Flux                                 0.0605897 +/- 8.69599e-05
     Recoverable fission power            0 +/- 0
 Distributed Cell u159->c510->l158(-2,-3)->u144->c397
   Total Material
     Kappa-Fission Rate                   5676.01 +/- 18.5212
     Flux                                 0.0660107 +/- 8.53773e-05
     Recoverable fission power            0 +/- 0
 Distributed Cell u159->c510->l158(-1,-3)->u144->c397
   Total Material
     Kappa-Fission Rate                   6897.83 +/- 19.6386
     Flux                                 0.0743788 +/- 9.09374e-05
     Recoverable fission power            0 +/- 0
 Distributed Cell u159->c510->l158(0,-3)->u144->c397
   Total Material
     Kappa-Fission Rate                   7649.38 +/- 21.6921
     Flux                                 0.0795628 +/- 9.49958e-05
     Recoverable fission power            0 +/- 0
 Distributed Cell u159->c510->l158(1,-3)->u144->c397
   Total Material
     Kappa-Fission Rate                   7943.45 +/- 22.3604
     Flux                                 0.0822687 +/- 9.54873e-05
     Recoverable fission power            0 +/- 0
 Distributed Cell u159->c510->l158(2,-3)->u144->c397
   Total Material
     Kappa-Fission Rate                   7898.6 +/- 22.8685
     Flux                                 0.0824521 +/- 9.66292e-05
     Recoverable fission power            0 +/- 0
 Distributed Cell u159->c510->l158(3,-3)->u144->c397
   Total Material
     Kappa-Fission Rate                   7332.61 +/- 21.0848
     Flux                                 0.0777634 +/- 9.60349e-05
     Recoverable fission power            0 +/- 0
 Distributed Cell u159->c510->l158(4,-3)->u144->c397
   Total Material
     Kappa-Fission Rate                   6328.81 +/- 19.6749
     Flux                                 0.0713129 +/- 9.03646e-05
     Recoverable fission power            0 +/- 0
 Distributed Cell u159->c510->l158(5,-3)->u144->c397
   Total Material
     Kappa-Fission Rate                   5135.78 +/- 16.9297
     Flux                                 0.0636732 +/- 8.82373e-05
     Recoverable fission power            0 +/- 0
 Distributed Cell u159->c510->l158(-3,-2)->u144->c397
   Total Material
     Kappa-Fission Rate                   5634.63 +/- 18.6676
     Flux                                 0.0651831 +/- 8.74161e-05
     Recoverable fission power            0 +/- 0
 Distributed Cell u159->c510->l158(-2,-2)->u144->c397
   Total Material
     Kappa-Fission Rate                   7046.51 +/- 21.0079
     Flux                                 0.0752664 +/- 9.01543e-05
     Recoverable fission power            0 +/- 0
 Distributed Cell u159->c510->l158(-1,-2)->u144->c397
   Total Material
     Kappa-Fission Rate                   7967.96 +/- 22.5693
     Flux                                 0.0821464 +/- 9.64496e-05
     Recoverable fission power            0 +/- 0
 Distributed Cell u159->c510->l158(1,-2)->u144->c397
   Total Material
     Kappa-Fission Rate                   8590.08 +/- 21.6657
     Flux                                 0.0883318 +/- 9.92598e-05
     Recoverable fission power            0 +/- 0
 Distributed Cell u159->c510->l158(2,-2)->u144->c397
   Total Material
     Kappa-Fission Rate                   8381.48 +/- 22.6861
     Flux                                 0.0871829 +/- 0.000101388
     Recoverable fission power            0 +/- 0
 Distributed Cell u159->c510->l158(3,-2)->u144->c397
   Total Material
     Kappa-Fission Rate                   7648.12 +/- 21.6912
     Flux                                 0.081828 +/- 9.67874e-05
     Recoverable fission power            0 +/- 0
 Distributed Cell u159->c510->l158(5,-2)->u144->c397
   Total Material
     Kappa-Fission Rate                   5101.14 +/- 16.7117
     Flux                                 0.0634354 +/- 8.30243e-05
     Recoverable fission power            0 +/- 0
 Distributed Cell u159->c510->l158(-4,-1)->u144->c397
   Total Material
     Kappa-Fission Rate                   5181.68 +/- 17.6941
     Flux                                 0.0610779 +/- 8.76533e-05
     Recoverable fission power            0 +/- 0
 Distributed Cell u159->c510->l158(-3,-1)->u144->c397
   Total Material
     Kappa-Fission Rate                   6703.05 +/- 19.869
     Flux                                 0.0720344 +/- 8.91712e-05
     Recoverable fission power            0 +/- 0
 Distributed Cell u159->c510->l158(-2,-1)->u144->c397
   Total Material
     Kappa-Fission Rate                   7905.05 +/- 21.5185
     Flux                                 0.082294 +/- 9.92922e-05
     Recoverable fission power            0 +/- 0
 Distributed Cell u159->c510->l158(-1,-1)->u144->c397
   Total Material
     Kappa-Fission Rate                   8584.64 +/- 22.6216
     Flux                                 0.0880943 +/- 9.49121e-05
     Recoverable fission power            0 +/- 0
 Distributed Cell u159->c510->l158(0,-1)->u144->c397
   Total Material
     Kappa-Fission Rate                   8714.56 +/- 23.0511
     Flux                                 0.0913043 +/- 9.93898e-05
     Recoverable fission power            0 +/- 0
 Distributed Cell u159->c510->l158(1,-1)->u144->c397
   Total Material
     Kappa-Fission Rate                   8727.44 +/- 24.156
     Flux                                 0.0919949 +/- 9.8335e-05
     Recoverable fission power            0 +/- 0
 Distributed Cell u159->c510->l158(2,-1)->u144->c397
   Total Material
     Kappa-Fission Rate                   8433.88 +/- 23.5239
     Flux                                 0.0879656 +/- 9.69191e-05
     Recoverable fission power            0 +/- 0
 Distributed Cell u159->c510->l158(3,-1)->u144->c397
   Total Material
     Kappa-Fission Rate                   7582.54 +/- 21.1782
     Flux                                 0.081152 +/- 9.37525e-05
     Recoverable fission power            0 +/- 0
 Distributed Cell u159->c510->l158(4,-1)->u144->c397
   Total Material
     Kappa-Fission Rate                   6442.1 +/- 20.2045
     Flux                                 0.0724638 +/- 9.01991e-05
     Recoverable fission power            0 +/- 0
 Distributed Cell u159->c510->l158(5,-1)->u144->c397
   Total Material
     Kappa-Fission Rate                   4952.38 +/- 17.126
     Flux                                 0.0614583 +/- 8.48289e-05
     Recoverable fission power            0 +/- 0
 Distributed Cell u159->c510->l158(-5,0)->u144->c397
   Total Material
     Kappa-Fission Rate                   4515.63 +/- 15.7014
     Flux                                 0.055925 +/- 8.26271e-05
     Recoverable fission power            0 +/- 0
 Distributed Cell u159->c510->l158(-3,0)->u144->c397
   Total Material
     Kappa-Fission Rate                   7293.93 +/- 20.6533
     Flux                                 0.0775558 +/- 9.00116e-05
     Recoverable fission power            0 +/- 0
 Distributed Cell u159->c510->l158(-2,0)->u144->c397
   Total Material
     Kappa-Fission Rate                   8372.19 +/- 22.4559
     Flux                                 0.0870145 +/- 9.66222e-05
     Recoverable fission power            0 +/- 0
 Distributed Cell u159->c510->l158(-1,0)->u144->c397
   Total Material
     Kappa-Fission Rate                   8785.02 +/- 22.6725
     Flux                                 0.091928 +/- 9.85644e-05
     Recoverable fission power            0 +/- 0
 Distributed Cell u159->c510->l158(1,0)->u144->c397
   Total Material
     Kappa-Fission Rate                   8691.64 +/- 22.59
     Flux                                 0.0910927 +/- 9.69692e-05
     Recoverable fission power            0 +/- 0
 Distributed Cell u159->c510->l158(3,0)->u144->c397
   Total Material
     Kappa-Fission Rate                   7377.14 +/- 20.5877
     Flux                                 0.0783385 +/- 9.07206e-05
     Recoverable fission power            0 +/- 0
 Distributed Cell u159->c510->l158(4,0)->u144->c397
   Total Material
     Kappa-Fission Rate                   6047.8 +/- 19.4922
     Flux                                 0.0690268 +/- 8.90164e-05
     Recoverable fission power            0 +/- 0
 Distributed Cell u159->c510->l158(-5,1)->u144->c397
   Total Material
     Kappa-Fission Rate                   5000.55 +/- 17.1752
     Flux                                 0.0602351 +/- 8.69313e-05
     Recoverable fission power            0 +/- 0
 Distributed Cell u159->c510->l158(-4,1)->u144->c397
   Total Material
     Kappa-Fission Rate                   6310.31 +/- 19.525
     Flux                                 0.0709091 +/- 8.94831e-05
     Recoverable fission power            0 +/- 0
 Distributed Cell u159->c510->l158(-3,1)->u144->c397
   Total Material
     Kappa-Fission Rate                   7593.78 +/- 21.1697
     Flux                                 0.0814305 +/- 9.4577e-05
     Recoverable fission power            0 +/- 0
 Distributed Cell u159->c510->l158(-2,1)->u144->c397
   Total Material
     Kappa-Fission Rate                   8405.28 +/- 23.0697
     Flux                                 0.0875304 +/- 0.000100744
     Recoverable fission power            0 +/- 0
 Distributed Cell u159->c510->l158(-1,1)->u144->c397
   Total Material
     Kappa-Fission Rate                   8719.66 +/- 23.0311
     Flux                                 0.0908115 +/- 9.90667e-05
     Recoverable fission power            0 +/- 0
 Distributed Cell u159->c510->l158(1,1)->u144->c397
   Total Material
     Kappa-Fission Rate                   8617.56 +/- 23.292
     Flux                                 0.0880359 +/- 0.000101616
     Recoverable fission power            0 +/- 0
 Distributed Cell u159->c510->l158(2,1)->u144->c397
   Total Material
     Kappa-Fission Rate                   7865.15 +/- 21.2663
     Flux                                 0.0818464 +/- 9.86849e-05
     Recoverable fission power            0 +/- 0
 Distributed Cell u159->c510->l158(3,1)->u144->c397
   Total Material
     Kappa-Fission Rate                   6755.25 +/- 20.606
     Flux                                 0.0736166 +/- 9.22889e-05
     Recoverable fission power            0 +/- 0
 Distributed Cell u159->c510->l158(4,1)->u144->c397
   Total Material
     Kappa-Fission Rate                   5210.78 +/- 16.989
     Flux                                 0.0629442 +/- 8.5106e-05
     Recoverable fission power            0 +/- 0
 Distributed Cell u159->c510->l158(-5,2)->u144->c397
   Total Material
     Kappa-Fission Rate                   5095.79 +/- 17.8767
     Flux                                 0.06342 +/- 8.64643e-05
     Recoverable fission power            0 +/- 0
 Distributed Cell u159->c510->l158(-3,2)->u144->c397
   Total Material
     Kappa-Fission Rate                   7595.78 +/- 21.7397
     Flux                                 0.0811377 +/- 9.55765e-05
     Recoverable fission power            0 +/- 0
 Distributed Cell u159->c510->l158(-1,2)->u144->c397
   Total Material
     Kappa-Fission Rate                   8541.23 +/- 23.502
     Flux                                 0.0878927 +/- 9.91626e-05
     Recoverable fission power            0 +/- 0
 Distributed Cell u159->c510->l158(0,2)->u144->c397
   Total Material
     Kappa-Fission Rate                   8511.94 +/- 22.8397
     Flux                                 0.0875053 +/- 0.000102342
     Recoverable fission power            0 +/- 0
 Distributed Cell u159->c510->l158(1,2)->u144->c397
   Total Material
     Kappa-Fission Rate                   7973.32 +/- 22.5806
     Flux                                 0.0826193 +/- 9.88527e-05
     Recoverable fission power            0 +/- 0
 Distributed Cell u159->c510->l158(2,2)->u144->c397
   Total Material
     Kappa-Fission Rate                   7037.23 +/- 20.7911
     Flux                                 0.0753863 +/- 9.13556e-05
     Recoverable fission power            0 +/- 0
 Distributed Cell u159->c510->l158(3,2)->u144->c397
   Total Material
     Kappa-Fission Rate                   5676.42 +/- 19.0149
     Flux                                 0.0658625 +/- 8.6536e-05
     Recoverable fission power            0 +/- 0
 Distributed Cell u159->c510->l158(-5,3)->u144->c397
   Total Material
     Kappa-Fission Rate                   5078.15 +/- 17.0036
     Flux                                 0.0631489 +/- 8.87607e-05
     Recoverable fission power            0 +/- 0
 Distributed Cell u159->c510->l158(-4,3)->u144->c397
   Total Material
     Kappa-Fission Rate                   6390.31 +/- 19.4364
     Flux                                 0.0724486 +/- 9.21738e-05
     Recoverable fission power            0 +/- 0
 Distributed Cell u159->c510->l158(-3,3)->u144->c397
   Total Material
     Kappa-Fission Rate                   7359.78 +/- 20.5184
     Flux                                 0.0783501 +/- 9.19049e-05
     Recoverable fission power            0 +/- 0
 Distributed Cell u159->c510->l158(-2,3)->u144->c397
   Total Material
     Kappa-Fission Rate                   7881.11 +/- 21.8729
     Flux                                 0.0816891 +/- 9.45794e-05
     Recoverable fission power            0 +/- 0
 Distributed Cell u159->c510->l158(-1,3)->u144->c397
   Total Material
     Kappa-Fission Rate                   7947.61 +/- 23.2463
     Flux                                 0.0823878 +/- 9.81176e-05
     Recoverable fission power            0 +/- 0
 Distributed Cell u159->c510->l158(0,3)->u144->c397
   Total Material
     Kappa-Fission Rate                   7498.09 +/- 20.4519
     Flux                                 0.0785046 +/- 9.29872e-05
     Recoverable fission power            0 +/- 0
 Distributed Cell u159->c510->l158(1,3)->u144->c397
   Total Material
     Kappa-Fission Rate                   6768.12 +/- 20.4398
     Flux                                 0.0726047 +/- 9.0247e-05
     Recoverable fission power            0 +/- 0
 Distributed Cell u159->c510->l158(2,3)->u144->c397
   Total Material
     Kappa-Fission Rate                   5661.97 +/- 19.4
     Flux                                 0.065628 +/- 8.93143e-05
     Recoverable fission power            0 +/- 0
 Distributed Cell u159->c510->l158(-5,4)->u144->c397
   Total Material
     Kappa-Fission Rate                   4918.02 +/- 17.2901
     Flux                                 0.0612703 +/- 8.49803e-05
     Recoverable fission power            0 +/- 0
 Distributed Cell u159->c510->l158(-4,4)->u144->c397
   Total Material
     Kappa-Fission Rate                   6090.27 +/- 19.0436
     Flux                                 0.0689757 +/- 8.65154e-05
     Recoverable fission power            0 +/- 0
 Distributed Cell u159->c510->l158(-3,4)->u144->c397
   Total Material
     Kappa-Fission Rate                   6736.43 +/- 18.9628
     Flux                                 0.0735892 +/- 8.54139e-05
     Recoverable fission power            0 +/- 0
 Distributed Cell u159->c510->l158(-2,4)->u144->c397
   Total Material
     Kappa-Fission Rate                   6984.42 +/- 20.6632
     Flux                                 0.0750794 +/- 9.09197e-05
     Recoverable fission power            0 +/- 0
 Distributed Cell u159->c510->l158(-1,4)->u144->c397
   Total Material
     Kappa-Fission Rate                   6758.79 +/- 20.2255
     Flux                                 0.0724814 +/- 9.12427e-05
     Recoverable fission power            0 +/- 0
 Distributed Cell u159->c510->l158(1,4)->u144->c397
   Total Material
     Kappa-Fission Rate                   5327.38 +/- 18.1322
     Flux                                 0.0620489 +/- 8.65925e-05
     Recoverable fission power            0 +/- 0
 Distributed Cell u159->c510->l158(-4,5)->u144->c397
   Total Material
     Kappa-Fission Rate                   5156.5 +/- 17.5849
     Flux                                 0.0627844 +/- 8.56092e-05
     Recoverable fission power            0 +/- 0
 Distributed Cell u159->c510->l158(-3,5)->u144->c397
   Total Material
     Kappa-Fission Rate                   5609.25 +/- 17.9412
     Flux                                 0.0656908 +/- 8.76619e-05
     Recoverable fission power            0 +/- 0
 Distributed Cell u159->c510->l158(-2,5)->u144->c397
   Total Material
     Kappa-Fission Rate                   5637.16 +/- 18.6597
     Flux                                 0.0654158 +/- 8.8397e-05
     Recoverable fission power            0 +/- 0
 Distributed Cell u159->c510->l158(-1,5)->u144->c397
   Total Material
     Kappa-Fission Rate                   5312.94 +/- 18.7026
     Flux                                 0.0620048 +/- 8.49888e-05
     Recoverable fission power            0 +/- 0
 Distributed Cell u159->c510->l158(0,5)->u144->c397
   Total Material
     Kappa-Fission Rate                   4703.84 +/- 16.1555
     Flux                                 0.0572416 +/- 8.10414e-05
     Recoverable fission power            0 +/- 0
 ============================>     TALLY 2     <============================

 Distributed Cell u159->c510->l158(1,-5)->u144->c398
   Total Material
     Kappa-Fission Rate                   859834 +/- 628.834
     Flux                                 0.51228 +/- 0.000277562
     Recoverable fission power            0 +/- 0
 Distributed Cell u159->c510->l158(2,-5)->u144->c398
   Total Material
     Kappa-Fission Rate                   880162 +/- 604.064
     Flux                                 0.541276 +/- 0.000287843
     Recoverable fission power            0 +/- 0
 Distributed Cell u159->c510->l158(3,-5)->u144->c398
   Total Material
     Kappa-Fission Rate                   873481 +/- 586.315
     Flux                                 0.538154 +/- 0.000288528
     Recoverable fission power            0 +/- 0
 Distributed Cell u159->c510->l158(4,-5)->u144->c398
   Total Material
     Kappa-Fission Rate                   835654 +/- 572.032
     Flux                                 0.506789 +/- 0.000280493
     Recoverable fission power            0 +/- 0
 Distributed Cell u159->c510->l158(5,-5)->u144->c398
   Total Material
     Kappa-Fission Rate                   787181 +/- 599.879
     Flux                                 0.455862 +/- 0.000256979
     Recoverable fission power            0 +/- 0
 Distributed Cell u159->c510->l158(-1,-4)->u144->c398
   Total Material
     Kappa-Fission Rate                   859574 +/- 594.902
     Flux                                 0.511736 +/- 0.000266474
     Recoverable fission power            0 +/- 0
 Distributed Cell u159->c510->l158(0,-4)->u144->c398
   Total Material
     Kappa-Fission Rate                   922227 +/- 536.317
     Flux                                 0.587702 +/- 0.000274652
     Recoverable fission power            0 +/- 0
 Distributed Cell u159->c510->l158(1,-4)->u144->c398
   Total Material
     Kappa-Fission Rate                   974108 +/- 553.153
     Flux                                 0.635294 +/- 0.000307527
     Recoverable fission power            0 +/- 0
 Distributed Cell u159->c510->l158(2,-4)->u144->c398
   Total Material
     Kappa-Fission Rate                   988983 +/- 533.876
     Flux                                 0.648004 +/- 0.000294526
     Recoverable fission power            0 +/- 0
 Distributed Cell u159->c510->l158(3,-4)->u144->c398
   Total Material
     Kappa-Fission Rate                   953537 +/- 546.787
     Flux                                 0.61924 +/- 0.000306294
     Recoverable fission power            0 +/- 0
 Distributed Cell u159->c510->l158(5,-4)->u144->c398
   Total Material
     Kappa-Fission Rate                   824915 +/- 582.961
     Flux                                 0.498613 +/- 0.000273831
     Recoverable fission power            0 +/- 0
 Distributed Cell u159->c510->l158(-2,-3)->u144->c398
   Total Material
     Kappa-Fission Rate                   877970 +/- 554.974
     Flux                                 0.540024 +/- 0.000274965
     Recoverable fission power            0 +/- 0
 Distributed Cell u159->c510->l158(-1,-3)->u144->c398
   Total Material
     Kappa-Fission Rate                   972107 +/- 519.585
     Flux                                 0.63411 +/- 0.00028655
     Recoverable fission power            0 +/- 0
 Distributed Cell u159->c510->l158(0,-3)->u144->c398
   Total Material
     Kappa-Fission Rate                   1.05428e+06 +/- 529.68
     Flux                                 0.695102 +/- 0.00030427
     Recoverable fission power            0 +/- 0
 Distributed Cell u159->c510->l158(1,-3)->u144->c398
   Total Material
     Kappa-Fission Rate                   1.09272e+06 +/- 555.794
     Flux                                 0.72349 +/- 0.000316947
     Recoverable fission power            0 +/- 0
 Distributed Cell u159->c510->l158(2,-3)->u144->c398
   Total Material
     Kappa-Fission Rate                   1.08814e+06 +/- 556.744
     Flux                                 0.722273 +/- 0.000312109
     Recoverable fission power            0 +/- 0
 Distributed Cell u159->c510->l158(3,-3)->u144->c398
   Total Material
     Kappa-Fission Rate                   1.02779e+06 +/- 546.105
     Flux                                 0.674636 +/- 0.000303482
     Recoverable fission power            0 +/- 0
 Distributed Cell u159->c510->l158(4,-3)->u144->c398
   Total Material
     Kappa-Fission Rate                   940389 +/- 533.588
     Flux                                 0.604649 +/- 0.000283536
     Recoverable fission power            0 +/- 0
 Distributed Cell u159->c510->l158(5,-3)->u144->c398
   Total Material
     Kappa-Fission Rate                   849750 +/- 600.086
     Flux                                 0.515772 +/- 0.000286257
     Recoverable fission power            0 +/- 0
 Distributed Cell u159->c510->l158(-3,-2)->u144->c398
   Total Material
     Kappa-Fission Rate                   870420 +/- 574.851
     Flux                                 0.536262 +/- 0.000281208
     Recoverable fission power            0 +/- 0
 Distributed Cell u159->c510->l158(-2,-2)->u144->c398
   Total Material
     Kappa-Fission Rate                   986354 +/- 546.198
     Flux                                 0.646099 +/- 0.00030808
     Recoverable fission power            0 +/- 0
 Distributed Cell u159->c510->l158(-1,-2)->u144->c398
   Total Material
     Kappa-Fission Rate                   1.09282e+06 +/- 529.918
     Flux                                 0.723466 +/- 0.00029943
     Recoverable fission power            0 +/- 0
 Distributed Cell u159->c510->l158(1,-2)->u144->c398
   Total Material
     Kappa-Fission Rate                   1.17474e+06 +/- 556.543
     Flux                                 0.780928 +/- 0.000317623
     Recoverable fission power            0 +/- 0
 Distributed Cell u159->c510->l158(2,-2)->u144->c398
   Total Material
     Kappa-Fission Rate                   1.15246e+06 +/- 567.705
     Flux                                 0.767462 +/- 0.000317092
     Recoverable fission power            0 +/- 0
 Distributed Cell u159->c510->l158(3,-2)->u144->c398
   Total Material
     Kappa-Fission Rate                   1.07653e+06 +/- 567.712
     Flux                                 0.70875 +/- 0.00030934
     Recoverable fission power            0 +/- 0
 Distributed Cell u159->c510->l158(5,-2)->u144->c398
   Total Material
     Kappa-Fission Rate                   850316 +/- 595.633
     Flux                                 0.510398 +/- 0.000270216
     Recoverable fission power            0 +/- 0
 Distributed Cell u159->c510->l158(-4,-1)->u144->c398
   Total Material
     Kappa-Fission Rate                   832574 +/- 583.81
     Flux                                 0.505271 +/- 0.000278604
     Recoverable fission power            0 +/- 0
 Distributed Cell u159->c510->l158(-3,-1)->u144->c398
   Total Material
     Kappa-Fission Rate                   951459 +/- 545.823
     Flux                                 0.617638 +/- 0.000300327
     Recoverable fission power            0 +/- 0
 Distributed Cell u159->c510->l158(-2,-1)->u144->c398
   Total Material
     Kappa-Fission Rate                   1.08508e+06 +/- 547.306
     Flux                                 0.720168 +/- 0.000310339
     Recoverable fission power            0 +/- 0
 Distributed Cell u159->c510->l158(-1,-1)->u144->c398
   Total Material
     Kappa-Fission Rate                   1.17297e+06 +/- 557.457
     Flux                                 0.779701 +/- 0.000317301
     Recoverable fission power            0 +/- 0
 Distributed Cell u159->c510->l158(0,-1)->u144->c398
   Total Material
     Kappa-Fission Rate                   1.21317e+06 +/- 576.335
     Flux                                 0.804345 +/- 0.000321544
     Recoverable fission power            0 +/- 0
 Distributed Cell u159->c510->l158(1,-1)->u144->c398
   Total Material
     Kappa-Fission Rate                   1.21965e+06 +/- 567.179
     Flux                                 0.81082 +/- 0.000315492
     Recoverable fission power            0 +/- 0
 Distributed Cell u159->c510->l158(2,-1)->u144->c398
   Total Material
     Kappa-Fission Rate                   1.16796e+06 +/- 560.015
     Flux                                 0.774509 +/- 0.000319816
     Recoverable fission power            0 +/- 0
 Distributed Cell u159->c510->l158(3,-1)->u144->c398
   Total Material
     Kappa-Fission Rate                   1.0766e+06 +/- 554.725
     Flux                                 0.706443 +/- 0.000304922
     Recoverable fission power            0 +/- 0
 Distributed Cell u159->c510->l158(4,-1)->u144->c398
   Total Material
     Kappa-Fission Rate                   947577 +/- 544.914
     Flux                                 0.610397 +/- 0.00029353
     Recoverable fission power            0 +/- 0
 Distributed Cell u159->c510->l158(5,-1)->u144->c398
   Total Material
     Kappa-Fission Rate                   834509 +/- 605.185
     Flux                                 0.489958 +/- 0.000273364
     Recoverable fission power            0 +/- 0
 Distributed Cell u159->c510->l158(-5,0)->u144->c398
   Total Material
     Kappa-Fission Rate                   785435 +/- 621.579
     Flux                                 0.454673 +/- 0.0002678
     Recoverable fission power            0 +/- 0
 Distributed Cell u159->c510->l158(-3,0)->u144->c398
   Total Material
     Kappa-Fission Rate                   1.02644e+06 +/- 562.954
     Flux                                 0.673255 +/- 0.000317364
     Recoverable fission power            0 +/- 0
 Distributed Cell u159->c510->l158(-2,0)->u144->c398
   Total Material
     Kappa-Fission Rate                   1.14929e+06 +/- 552.927
     Flux                                 0.765326 +/- 0.00031685
     Recoverable fission power            0 +/- 0
 Distributed Cell u159->c510->l158(-1,0)->u144->c398
   Total Material
     Kappa-Fission Rate                   1.2174e+06 +/- 550.616
     Flux                                 0.809245 +/- 0.000312299
     Recoverable fission power            0 +/- 0
 Distributed Cell u159->c510->l158(1,0)->u144->c398
   Total Material
     Kappa-Fission Rate                   1.20924e+06 +/- 554.594
     Flux                                 0.801777 +/- 0.000312912
     Recoverable fission power            0 +/- 0
 Distributed Cell u159->c510->l158(3,0)->u144->c398
   Total Material
     Kappa-Fission Rate                   1.03963e+06 +/- 525.661
     Flux                                 0.682814 +/- 0.000295758
     Recoverable fission power            0 +/- 0
 Distributed Cell u159->c510->l158(4,0)->u144->c398
   Total Material
     Kappa-Fission Rate                   904194 +/- 548.171
     Flux                                 0.573904 +/- 0.000290053
     Recoverable fission power            0 +/- 0
 Distributed Cell u159->c510->l158(-5,1)->u144->c398
   Total Material
     Kappa-Fission Rate                   823329 +/- 588.963
     Flux                                 0.497454 +/- 0.000275076
     Recoverable fission power            0 +/- 0
 Distributed Cell u159->c510->l158(-4,1)->u144->c398
   Total Material
     Kappa-Fission Rate                   938072 +/- 543.78
     Flux                                 0.602906 +/- 0.000295046
     Recoverable fission power            0 +/- 0
 Distributed Cell u159->c510->l158(-3,1)->u144->c398
   Total Material
     Kappa-Fission Rate                   1.07303e+06 +/- 579.193
     Flux                                 0.706246 +/- 0.000322547
     Recoverable fission power            0 +/- 0
 Distributed Cell u159->c510->l158(-2,1)->u144->c398
   Total Material
     Kappa-Fission Rate                   1.16499e+06 +/- 558.635
     Flux                                 0.772844 +/- 0.000312011
     Recoverable fission power            0 +/- 0
 Distributed Cell u159->c510->l158(-1,1)->u144->c398
   Total Material
     Kappa-Fission Rate                   1.20671e+06 +/- 565.94
     Flux                                 0.799967 +/- 0.000315873
     Recoverable fission power            0 +/- 0
 Distributed Cell u159->c510->l158(1,1)->u144->c398
   Total Material
     Kappa-Fission Rate                   1.17008e+06 +/- 545.663
     Flux                                 0.778294 +/- 0.000312579
     Recoverable fission power            0 +/- 0
 Distributed Cell u159->c510->l158(2,1)->u144->c398
   Total Material
     Kappa-Fission Rate                   1.08602e+06 +/- 527.203
     Flux                                 0.718443 +/- 0.000297661
     Recoverable fission power            0 +/- 0
 Distributed Cell u159->c510->l158(3,1)->u144->c398
   Total Material
     Kappa-Fission Rate                   962600 +/- 536.365
     Flux                                 0.62702 +/- 0.000286215
     Recoverable fission power            0 +/- 0
 Distributed Cell u159->c510->l158(4,1)->u144->c398
   Total Material
     Kappa-Fission Rate                   847615 +/- 629.445
     Flux                                 0.503996 +/- 0.00028273
     Recoverable fission power            0 +/- 0
 Distributed Cell u159->c510->l158(-5,2)->u144->c398
   Total Material
     Kappa-Fission Rate                   847900 +/- 581.962
     Flux                                 0.514322 +/- 0.000275653
     Recoverable fission power            0 +/- 0
 Distributed Cell u159->c510->l158(-3,2)->u144->c398
   Total Material
     Kappa-Fission Rate                   1.0748e+06 +/- 565.897
     Flux                                 0.704969 +/- 0.000309774
     Recoverable fission power            0 +/- 0
 Distributed Cell u159->c510->l158(-1,2)->u144->c398
   Total Material
     Kappa-Fission Rate                   1.1678e+06 +/- 543.616
     Flux                                 0.776757 +/- 0.00031005
     Recoverable fission power            0 +/- 0
 Distributed Cell u159->c510->l158(0,2)->u144->c398
   Total Material
     Kappa-Fission Rate                   1.15521e+06 +/- 566.464
     Flux                                 0.771224 +/- 0.000330895
     Recoverable fission power            0 +/- 0
 Distributed Cell u159->c510->l158(1,2)->u144->c398
   Total Material
     Kappa-Fission Rate                   1.08865e+06 +/- 535.93
     Flux                                 0.723233 +/- 0.000302152
     Recoverable fission power            0 +/- 0
 Distributed Cell u159->c510->l158(2,2)->u144->c398
   Total Material
     Kappa-Fission Rate                   985765 +/- 528.237
     Flux                                 0.64585 +/- 0.000296266
     Recoverable fission power            0 +/- 0
 Distributed Cell u159->c510->l158(3,2)->u144->c398
   Total Material
     Kappa-Fission Rate                   874373 +/- 611.98
     Flux                                 0.537576 +/- 0.000284205
     Recoverable fission power            0 +/- 0
 Distributed Cell u159->c510->l158(-5,3)->u144->c398
   Total Material
     Kappa-Fission Rate                   847380 +/- 596.402
     Flux                                 0.50871 +/- 0.000271828
     Recoverable fission power            0 +/- 0
 Distributed Cell u159->c510->l158(-4,3)->u144->c398
   Total Material
     Kappa-Fission Rate                   945454 +/- 526.88
     Flux                                 0.608875 +/- 0.000277873
     Recoverable fission power            0 +/- 0
 Distributed Cell u159->c510->l158(-3,3)->u144->c398
   Total Material
     Kappa-Fission Rate                   1.03779e+06 +/- 528.498
     Flux                                 0.681528 +/- 0.000285967
     Recoverable fission power            0 +/- 0
 Distributed Cell u159->c510->l158(-2,3)->u144->c398
   Total Material
     Kappa-Fission Rate                   1.08509e+06 +/- 539.612
     Flux                                 0.717577 +/- 0.000310083
     Recoverable fission power            0 +/- 0
 Distributed Cell u159->c510->l158(-1,3)->u144->c398
   Total Material
     Kappa-Fission Rate                   1.08845e+06 +/- 537.677
     Flux                                 0.72294 +/- 0.000307112
     Recoverable fission power            0 +/- 0
 Distributed Cell u159->c510->l158(0,3)->u144->c398
   Total Material
     Kappa-Fission Rate                   1.03819e+06 +/- 534.479
     Flux                                 0.68374 +/- 0.00030659
     Recoverable fission power            0 +/- 0
 Distributed Cell u159->c510->l158(1,3)->u144->c398
   Total Material
     Kappa-Fission Rate                   960829 +/- 556.22
     Flux                                 0.624735 +/- 0.000300527
     Recoverable fission power            0 +/- 0
 Distributed Cell u159->c510->l158(2,3)->u144->c398
   Total Material
     Kappa-Fission Rate                   875080 +/- 582.423
     Flux                                 0.539774 +/- 0.000272731
     Recoverable fission power            0 +/- 0
 Distributed Cell u159->c510->l158(-5,4)->u144->c398
   Total Material
     Kappa-Fission Rate                   832031 +/- 624.914
     Flux                                 0.488747 +/- 0.000269738
     Recoverable fission power            0 +/- 0
 Distributed Cell u159->c510->l158(-4,4)->u144->c398
   Total Material
     Kappa-Fission Rate                   901219 +/- 570.324
     Flux                                 0.572143 +/- 0.000283525
     Recoverable fission power            0 +/- 0
 Distributed Cell u159->c510->l158(-3,4)->u144->c398
   Total Material
     Kappa-Fission Rate                   960146 +/- 556.374
     Flux                                 0.625707 +/- 0.000309441
     Recoverable fission power            0 +/- 0
 Distributed Cell u159->c510->l158(-2,4)->u144->c398
   Total Material
     Kappa-Fission Rate                   984749 +/- 543.564
     Flux                                 0.645369 +/- 0.000307457
     Recoverable fission power            0 +/- 0
 Distributed Cell u159->c510->l158(-1,4)->u144->c398
   Total Material
     Kappa-Fission Rate                   959672 +/- 541.029
     Flux                                 0.623998 +/- 0.000296503
     Recoverable fission power            0 +/- 0
 Distributed Cell u159->c510->l158(1,4)->u144->c398
   Total Material
     Kappa-Fission Rate                   847211 +/- 584.998
     Flux                                 0.514211 +/- 0.000275795
     Recoverable fission power            0 +/- 0
 Distributed Cell u159->c510->l158(-4,5)->u144->c398
   Total Material
     Kappa-Fission Rate                   844733 +/- 617.53
     Flux                                 0.502467 +/- 0.000279997
     Recoverable fission power            0 +/- 0
 Distributed Cell u159->c510->l158(-3,5)->u144->c398
   Total Material
     Kappa-Fission Rate                   873264 +/- 582.938
     Flux                                 0.536884 +/- 0.000291131
     Recoverable fission power            0 +/- 0
 Distributed Cell u159->c510->l158(-2,5)->u144->c398
   Total Material
     Kappa-Fission Rate                   875542 +/- 584.638
     Flux                                 0.539234 +/- 0.000288847
     Recoverable fission power            0 +/- 0
 Distributed Cell u159->c510->l158(-1,5)->u144->c398
   Total Material
     Kappa-Fission Rate                   846484 +/- 621.496
     Flux                                 0.51385 +/- 0.00028042
     Recoverable fission power            0 +/- 0
 Distributed Cell u159->c510->l158(0,5)->u144->c398
   Total Material
     Kappa-Fission Rate                   805239 +/- 628.914
     Flux                                 0.46644 +/- 0.000269865
     Recoverable fission power            0 +/- 0
 ============================>     TALLY 3     <============================

 Distributed Cell u159->c510->l158(1,-5)->u144->c399
   Total Material
     Kappa-Fission Rate                   8708.45 +/- 24.348
     Flux                                 0.123651 +/- 0.000141757
     Recoverable fission power            0 +/- 0
 Distributed Cell u159->c510->l158(2,-5)->u144->c399
   Total Material
     Kappa-Fission Rate                   9244.36 +/- 24.4317
     Flux                                 0.12882 +/- 0.000143743
     Recoverable fission power            0 +/- 0
 Distributed Cell u159->c510->l158(3,-5)->u144->c399
   Total Material
     Kappa-Fission Rate                   9253.04 +/- 24.1185
     Flux                                 0.128949 +/- 0.000145494
     Recoverable fission power            0 +/- 0
 Distributed Cell u159->c510->l158(4,-5)->u144->c399
   Total Material
     Kappa-Fission Rate                   8931.79 +/- 24.5005
     Flux                                 0.125008 +/- 0.000145309
     Recoverable fission power            0 +/- 0
 Distributed Cell u159->c510->l158(5,-5)->u144->c399
   Total Material
     Kappa-Fission Rate                   8100.75 +/- 22.4048
     Flux                                 0.116245 +/- 0.000136397
     Recoverable fission power            0 +/- 0
 Distributed Cell u159->c510->l158(-1,-4)->u144->c399
   Total Material
     Kappa-Fission Rate                   8706.32 +/- 23.7197
     Flux                                 0.123798 +/- 0.000136656
     Recoverable fission power            0 +/- 0
 Distributed Cell u159->c510->l158(0,-4)->u144->c399
   Total Material
     Kappa-Fission Rate                   10135.2 +/- 26.1347
     Flux                                 0.137273 +/- 0.000151921
     Recoverable fission power            0 +/- 0
 Distributed Cell u159->c510->l158(1,-4)->u144->c399
   Total Material
     Kappa-Fission Rate                   10982.9 +/- 26.4642
     Flux                                 0.145778 +/- 0.000152368
     Recoverable fission power            0 +/- 0
 Distributed Cell u159->c510->l158(2,-4)->u144->c399
   Total Material
     Kappa-Fission Rate                   11259.8 +/- 26.5145
     Flux                                 0.148222 +/- 0.000153118
     Recoverable fission power            0 +/- 0
 Distributed Cell u159->c510->l158(3,-4)->u144->c399
   Total Material
     Kappa-Fission Rate                   10915.3 +/- 26.779
     Flux                                 0.144852 +/- 0.00014878
     Recoverable fission power            0 +/- 0
 Distributed Cell u159->c510->l158(5,-4)->u144->c399
   Total Material
     Kappa-Fission Rate                   8759.92 +/- 23.5661
     Flux                                 0.123995 +/- 0.000142535
     Recoverable fission power            0 +/- 0
 Distributed Cell u159->c510->l158(-2,-3)->u144->c399
   Total Material
     Kappa-Fission Rate                   9234.81 +/- 25.0993
     Flux                                 0.128821 +/- 0.000143625
     Recoverable fission power            0 +/- 0
 Distributed Cell u159->c510->l158(-1,-3)->u144->c399
   Total Material
     Kappa-Fission Rate                   11013.8 +/- 26.7037
     Flux                                 0.145636 +/- 0.000149999
     Recoverable fission power            0 +/- 0
 Distributed Cell u159->c510->l158(0,-3)->u144->c399
   Total Material
     Kappa-Fission Rate                   12383 +/- 28.7206
     Flux                                 0.159409 +/- 0.000157149
     Recoverable fission power            0 +/- 0
 Distributed Cell u159->c510->l158(1,-3)->u144->c399
   Total Material
     Kappa-Fission Rate                   12894.2 +/- 30.4292
     Flux                                 0.165095 +/- 0.000161198
     Recoverable fission power            0 +/- 0
 Distributed Cell u159->c510->l158(2,-3)->u144->c399
   Total Material
     Kappa-Fission Rate                   12668.7 +/- 30.3471
     Flux                                 0.16337 +/- 0.00015871
     Recoverable fission power            0 +/- 0
 Distributed Cell u159->c510->l158(3,-3)->u144->c399
   Total Material
     Kappa-Fission Rate                   11859 +/- 28.3565
     Flux                                 0.155704 +/- 0.000157658
     Recoverable fission power            0 +/- 0
 Distributed Cell u159->c510->l158(4,-3)->u144->c399
   Total Material
     Kappa-Fission Rate                   10512.8 +/- 24.9297
     Flux                                 0.143742 +/- 0.000153969
     Recoverable fission power            0 +/- 0
 Distributed Cell u159->c510->l158(5,-3)->u144->c399
   Total Material
     Kappa-Fission Rate                   8717.72 +/- 23.2738
     Flux                                 0.126984 +/- 0.00014662
     Recoverable fission power            0 +/- 0
 Distributed Cell u159->c510->l158(-3,-2)->u144->c399
   Total Material
     Kappa-Fission Rate                   9261 +/- 24.6659
     Flux                                 0.128633 +/- 0.000141805
     Recoverable fission power            0 +/- 0
 Distributed Cell u159->c510->l158(-2,-2)->u144->c399
   Total Material
     Kappa-Fission Rate                   11192.3 +/- 26.9996
     Flux                                 0.147957 +/- 0.000154944
     Recoverable fission power            0 +/- 0
 Distributed Cell u159->c510->l158(-1,-2)->u144->c399
   Total Material
     Kappa-Fission Rate                   12897.6 +/- 30.6774
     Flux                                 0.164862 +/- 0.000162618
     Recoverable fission power            0 +/- 0
 Distributed Cell u159->c510->l158(1,-2)->u144->c399
   Total Material
     Kappa-Fission Rate                   13910.7 +/- 31.1237
     Flux                                 0.177412 +/- 0.000162011
     Recoverable fission power            0 +/- 0
 Distributed Cell u159->c510->l158(2,-2)->u144->c399
   Total Material
     Kappa-Fission Rate                   13403.4 +/- 30.5065
     Flux                                 0.172658 +/- 0.000163033
     Recoverable fission power            0 +/- 0
 Distributed Cell u159->c510->l158(3,-2)->u144->c399
   Total Material
     Kappa-Fission Rate                   12300.4 +/- 29.5571
     Flux                                 0.162594 +/- 0.000150589
     Recoverable fission power            0 +/- 0
 Distributed Cell u159->c510->l158(5,-2)->u144->c399
   Total Material
     Kappa-Fission Rate                   8674.13 +/- 23.2569
     Flux                                 0.126165 +/- 0.000143708
     Recoverable fission power            0 +/- 0
 Distributed Cell u159->c510->l158(-4,-1)->u144->c399
   Total Material
     Kappa-Fission Rate                   8932.4 +/- 24.2019
     Flux                                 0.12464 +/- 0.000141134
     Recoverable fission power            0 +/- 0
 Distributed Cell u159->c510->l158(-3,-1)->u144->c399
   Total Material
     Kappa-Fission Rate                   10867.4 +/- 26.1192
     Flux                                 0.144341 +/- 0.000151298
     Recoverable fission power            0 +/- 0
 Distributed Cell u159->c510->l158(-2,-1)->u144->c399
   Total Material
     Kappa-Fission Rate                   12592.1 +/- 28.3907
     Flux                                 0.162984 +/- 0.000160969
     Recoverable fission power            0 +/- 0
 Distributed Cell u159->c510->l158(-1,-1)->u144->c399
   Total Material
     Kappa-Fission Rate                   13882.3 +/- 30.782
     Flux                                 0.176972 +/- 0.000166073
     Recoverable fission power            0 +/- 0
 Distributed Cell u159->c510->l158(0,-1)->u144->c399
   Total Material
     Kappa-Fission Rate                   14175.6 +/- 30.6769
     Flux                                 0.183657 +/- 0.000172292
     Recoverable fission power            0 +/- 0
 Distributed Cell u159->c510->l158(1,-1)->u144->c399
   Total Material
     Kappa-Fission Rate                   14058.4 +/- 30.2297
     Flux                                 0.18315 +/- 0.000174258
     Recoverable fission power            0 +/- 0
 Distributed Cell u159->c510->l158(2,-1)->u144->c399
   Total Material
     Kappa-Fission Rate                   13685.7 +/- 29.5647
     Flux                                 0.176582 +/- 0.000167354
     Recoverable fission power            0 +/- 0
 Distributed Cell u159->c510->l158(3,-1)->u144->c399
   Total Material
     Kappa-Fission Rate                   12501.2 +/- 29.4824
     Flux                                 0.163936 +/- 0.000157015
     Recoverable fission power            0 +/- 0
 Distributed Cell u159->c510->l158(4,-1)->u144->c399
   Total Material
     Kappa-Fission Rate                   10514.1 +/- 25.9985
     Flux                                 0.14379 +/- 0.000152452
     Recoverable fission power            0 +/- 0
 Distributed Cell u159->c510->l158(5,-1)->u144->c399
   Total Material
     Kappa-Fission Rate                   8401.73 +/- 23.1675
     Flux                                 0.121555 +/- 0.000146976
     Recoverable fission power            0 +/- 0
 Distributed Cell u159->c510->l158(-5,0)->u144->c399
   Total Material
     Kappa-Fission Rate                   8120.65 +/- 23.5335
     Flux                                 0.115925 +/- 0.000138068
     Recoverable fission power            0 +/- 0
 Distributed Cell u159->c510->l158(-3,0)->u144->c399
   Total Material
     Kappa-Fission Rate                   11858.1 +/- 27.047
     Flux                                 0.155453 +/- 0.000163849
     Recoverable fission power            0 +/- 0
 Distributed Cell u159->c510->l158(-2,0)->u144->c399
   Total Material
     Kappa-Fission Rate                   13406.1 +/- 29.7628
     Flux                                 0.172453 +/- 0.000167987
     Recoverable fission power            0 +/- 0
 Distributed Cell u159->c510->l158(-1,0)->u144->c399
   Total Material
     Kappa-Fission Rate                   14100.5 +/- 30.2678
     Flux                                 0.183209 +/- 0.000174897
     Recoverable fission power            0 +/- 0
 Distributed Cell u159->c510->l158(1,0)->u144->c399
   Total Material
     Kappa-Fission Rate                   14180.7 +/- 31.5838
     Flux                                 0.183331 +/- 0.000171647
     Recoverable fission power            0 +/- 0
 Distributed Cell u159->c510->l158(3,0)->u144->c399
   Total Material
     Kappa-Fission Rate                   12143.7 +/- 28.9239
     Flux                                 0.15833 +/- 0.000155893
     Recoverable fission power            0 +/- 0
 Distributed Cell u159->c510->l158(4,0)->u144->c399
   Total Material
     Kappa-Fission Rate                   9874.7 +/- 25.3631
     Flux                                 0.135609 +/- 0.000155234
     Recoverable fission power            0 +/- 0
 Distributed Cell u159->c510->l158(-5,1)->u144->c399
   Total Material
     Kappa-Fission Rate                   8734.95 +/- 23.2348
     Flux                                 0.123983 +/- 0.000144412
     Recoverable fission power            0 +/- 0
 Distributed Cell u159->c510->l158(-4,1)->u144->c399
   Total Material
     Kappa-Fission Rate                   10485.7 +/- 27.5633
     Flux                                 0.143584 +/- 0.0001543
     Recoverable fission power            0 +/- 0
 Distributed Cell u159->c510->l158(-3,1)->u144->c399
   Total Material
     Kappa-Fission Rate                   12339.4 +/- 28.3209
     Flux                                 0.162255 +/- 0.000161012
     Recoverable fission power            0 +/- 0
 Distributed Cell u159->c510->l158(-2,1)->u144->c399
   Total Material
     Kappa-Fission Rate                   13679.1 +/- 30.2328
     Flux                                 0.176381 +/- 0.000162008
     Recoverable fission power            0 +/- 0
 Distributed Cell u159->c510->l158(-1,1)->u144->c399
   Total Material
     Kappa-Fission Rate                   14149.9 +/- 31.0027
     Flux                                 0.183084 +/- 0.000157264
     Recoverable fission power            0 +/- 0
 Distributed Cell u159->c510->l158(1,1)->u144->c399
   Total Material
     Kappa-Fission Rate                   13833.2 +/- 30.9834
     Flux                                 0.176955 +/- 0.000162357
     Recoverable fission power            0 +/- 0
 Distributed Cell u159->c510->l158(2,1)->u144->c399
   Total Material
     Kappa-Fission Rate                   12836.6 +/- 29.5611
     Flux                                 0.164814 +/- 0.000159439
     Recoverable fission power            0 +/- 0
 Distributed Cell u159->c510->l158(3,1)->u144->c399
   Total Material
     Kappa-Fission Rate                   10912.6 +/- 26.6494
     Flux                                 0.145023 +/- 0.000148269
     Recoverable fission power            0 +/- 0
 Distributed Cell u159->c510->l158(4,1)->u144->c399
   Total Material
     Kappa-Fission Rate                   8569.84 +/- 23.7811
     Flux                                 0.122665 +/- 0.000149252
     Recoverable fission power            0 +/- 0
 Distributed Cell u159->c510->l158(-5,2)->u144->c399
   Total Material
     Kappa-Fission Rate                   8725.9 +/- 22.9738
     Flux                                 0.126864 +/- 0.000142805
     Recoverable fission power            0 +/- 0
 Distributed Cell u159->c510->l158(-3,2)->u144->c399
   Total Material
     Kappa-Fission Rate                   12497.2 +/- 30.1462
     Flux                                 0.163742 +/- 0.000158371
     Recoverable fission power            0 +/- 0
 Distributed Cell u159->c510->l158(-1,2)->u144->c399
   Total Material
     Kappa-Fission Rate                   13840.3 +/- 30.0304
     Flux                                 0.17697 +/- 0.000162256
     Recoverable fission power            0 +/- 0
 Distributed Cell u159->c510->l158(0,2)->u144->c399
   Total Material
     Kappa-Fission Rate                   13585.1 +/- 30.2316
     Flux                                 0.173383 +/- 0.000168595
     Recoverable fission power            0 +/- 0
 Distributed Cell u159->c510->l158(1,2)->u144->c399
   Total Material
     Kappa-Fission Rate                   12761.4 +/- 29.6729
     Flux                                 0.163639 +/- 0.000155563
     Recoverable fission power            0 +/- 0
 Distributed Cell u159->c510->l158(2,2)->u144->c399
   Total Material
     Kappa-Fission Rate                   11280.9 +/- 28.1696
     Flux                                 0.148361 +/- 0.000150724
     Recoverable fission power            0 +/- 0
 Distributed Cell u159->c510->l158(3,2)->u144->c399
   Total Material
     Kappa-Fission Rate                   9237.1 +/- 24.7039
     Flux                                 0.128581 +/- 0.000145706
     Recoverable fission power            0 +/- 0
 Distributed Cell u159->c510->l158(-5,3)->u144->c399
   Total Material
     Kappa-Fission Rate                   8673.79 +/- 23.4131
     Flux                                 0.126014 +/- 0.000142865
     Recoverable fission power            0 +/- 0
 Distributed Cell u159->c510->l158(-4,3)->u144->c399
   Total Material
     Kappa-Fission Rate                   10497.6 +/- 26.2063
     Flux                                 0.14351 +/- 0.000156993
     Recoverable fission power            0 +/- 0
 Distributed Cell u159->c510->l158(-3,3)->u144->c399
   Total Material
     Kappa-Fission Rate                   12082.7 +/- 28.7614
     Flux                                 0.158044 +/- 0.000154288
     Recoverable fission power            0 +/- 0
 Distributed Cell u159->c510->l158(-2,3)->u144->c399
   Total Material
     Kappa-Fission Rate                   12854.2 +/- 29.9559
     Flux                                 0.164491 +/- 0.0001609
     Recoverable fission power            0 +/- 0
 Distributed Cell u159->c510->l158(-1,3)->u144->c399
   Total Material
     Kappa-Fission Rate                   12756.6 +/- 30.0348
     Flux                                 0.16336 +/- 0.00015974
     Recoverable fission power            0 +/- 0
 Distributed Cell u159->c510->l158(0,3)->u144->c399
   Total Material
     Kappa-Fission Rate                   12124.4 +/- 29.1799
     Flux                                 0.156752 +/- 0.000158532
     Recoverable fission power            0 +/- 0
 Distributed Cell u159->c510->l158(1,3)->u144->c399
   Total Material
     Kappa-Fission Rate                   11038.3 +/- 28.4336
     Flux                                 0.145825 +/- 0.000152968
     Recoverable fission power            0 +/- 0
 Distributed Cell u159->c510->l158(2,3)->u144->c399
   Total Material
     Kappa-Fission Rate                   9356.29 +/- 24.3509
     Flux                                 0.129355 +/- 0.000146283
     Recoverable fission power            0 +/- 0
 Distributed Cell u159->c510->l158(-5,4)->u144->c399
   Total Material
     Kappa-Fission Rate                   8393.28 +/- 22.9089
     Flux                                 0.12142 +/- 0.000144501
     Recoverable fission power            0 +/- 0
 Distributed Cell u159->c510->l158(-4,4)->u144->c399
   Total Material
     Kappa-Fission Rate                   9877.86 +/- 25.3936
     Flux                                 0.135648 +/- 0.00014436
     Recoverable fission power            0 +/- 0
 Distributed Cell u159->c510->l158(-3,4)->u144->c399
   Total Material
     Kappa-Fission Rate                   10940.6 +/- 27.3736
     Flux                                 0.144636 +/- 0.000151619
     Recoverable fission power            0 +/- 0
 Distributed Cell u159->c510->l158(-2,4)->u144->c399
   Total Material
     Kappa-Fission Rate                   11276.4 +/- 27.5312
     Flux                                 0.147812 +/- 0.00015636
     Recoverable fission power            0 +/- 0
 Distributed Cell u159->c510->l158(-1,4)->u144->c399
   Total Material
     Kappa-Fission Rate                   11063.8 +/- 27.9414
     Flux                                 0.145582 +/- 0.000156829
     Recoverable fission power            0 +/- 0
 Distributed Cell u159->c510->l158(1,4)->u144->c399
   Total Material
     Kappa-Fission Rate                   9137.69 +/- 24.9491
     Flux                                 0.126368 +/- 0.000140052
     Recoverable fission power            0 +/- 0
 Distributed Cell u159->c510->l158(-4,5)->u144->c399
   Total Material
     Kappa-Fission Rate                   8618.75 +/- 24.3638
     Flux                                 0.122787 +/- 0.000145067
     Recoverable fission power            0 +/- 0
 Distributed Cell u159->c510->l158(-3,5)->u144->c399
   Total Material
     Kappa-Fission Rate                   9251.26 +/- 24.9427
     Flux                                 0.128372 +/- 0.000152805
     Recoverable fission power            0 +/- 0
 Distributed Cell u159->c510->l158(-2,5)->u144->c399
   Total Material
     Kappa-Fission Rate                   9304.3 +/- 24.4315
     Flux                                 0.129041 +/- 0.000144348
     Recoverable fission power            0 +/- 0
 Distributed Cell u159->c510->l158(-1,5)->u144->c399
   Total Material
     Kappa-Fission Rate                   9123.42 +/- 24.0565
     Flux                                 0.126341 +/- 0.000142761
     Recoverable fission power            0 +/- 0
 Distributed Cell u159->c510->l158(0,5)->u144->c399
   Total Material
     Kappa-Fission Rate                   8355.51 +/- 24.0042
     Flux                                 0.118014 +/- 0.000140418
     Recoverable fission power            0 +/- 0
 ============================>     TALLY 4     <============================

 Distributed Cell u159->c510
   Incoming Energy [1e-05, 0.0001)
     Total Material
       Flux                                 1.81293e-08 +/- 1.81293e-08
   Incoming Energy [0.0001, 0.0005)
     Total Material
       Flux                                 0 +/- 0
   Incoming Energy [0.0005, 0.00075)
     Total Material
       Flux                                 0 +/- 0
   Incoming Energy [0.00075, 0.001)
     Total Material
       Flux                                 0 +/- 0
   Incoming Energy [0.001, 0.0012)
     Total Material
       Flux                                 0 +/- 0
   Incoming Energy [0.0012, 0.0015)
     Total Material
       Flux                                 0 +/- 0
   Incoming Energy [0.0015, 0.002)
     Total Material
       Flux                                 9.21641e-09 +/- 9.21641e-09
   Incoming Energy [0.002, 0.0025)
     Total Material
       Flux                                 0 +/- 0
   Incoming Energy [0.0025, 0.003)
     Total Material
       Flux                                 3.43813e-08 +/- 3.21582e-08
   Incoming Energy [0.003, 0.004)
     Total Material
       Flux                                 1.44929e-08 +/- 1.15594e-08
   Incoming Energy [0.004, 0.005)
     Total Material
       Flux                                 2.60591e-08 +/- 1.84462e-08
   Incoming Energy [0.005, 0.0075)
     Total Material
       Flux                                 2.0672e-07 +/- 1.14612e-07
   Incoming Energy [0.0075, 0.01)
     Total Material
       Flux                                 2.58971e-07 +/- 1.18716e-07
   Incoming Energy [0.01, 0.0253)
     Total Material
       Flux                                 5.75028e-06 +/- 8.56298e-07
   Incoming Energy [0.0253, 0.03)
     Total Material
       Flux                                 3.41668e-06 +/- 3.82572e-07
   Incoming Energy [0.03, 0.04)
     Total Material
       Flux                                 1.31618e-05 +/- 9.10816e-07
   Incoming Energy [0.04, 0.05)
     Total Material
       Flux                                 2.16673e-05 +/- 1.31426e-06
   Incoming Energy [0.05, 0.06)
     Total Material
       Flux                                 3.24237e-05 +/- 1.43388e-06
   Incoming Energy [0.06, 0.07)
     Total Material
       Flux                                 4.32637e-05 +/- 1.67889e-06
   Incoming Energy [0.07, 0.08)
     Total Material
       Flux                                 5.90462e-05 +/- 1.82086e-06
   Incoming Energy [0.08, 0.09)
     Total Material
       Flux                                 7.686e-05 +/- 2.25714e-06
   Incoming Energy [0.09, 0.1)
     Total Material
       Flux                                 9.895e-05 +/- 2.64398e-06
   Incoming Energy [0.1, 0.125)
     Total Material
       Flux                                 0.000336619 +/- 5.87479e-06
   Incoming Energy [0.125, 0.15)
     Total Material
       Flux                                 0.000478411 +/- 6.49537e-06
   Incoming Energy [0.15, 0.175)
     Total Material
       Flux                                 0.000645272 +/- 7.60728e-06
   Incoming Energy [0.175, 0.2)
     Total Material
       Flux                                 0.000813434 +/- 8.30873e-06
   Incoming Energy [0.2, 0.225)
     Total Material
       Flux                                 0.000981026 +/- 9.18905e-06
   Incoming Energy [0.225, 0.25)
     Total Material
       Flux                                 0.00118268 +/- 9.93229e-06
   Incoming Energy [0.25, 0.275)
     Total Material
       Flux                                 0.00137151 +/- 1.06978e-05
   Incoming Energy [0.275, 0.3)
     Total Material
       Flux                                 0.00153931 +/- 1.10895e-05
   Incoming Energy [0.3, 0.325)
     Total Material
       Flux                                 0.00173371 +/- 1.16397e-05
   Incoming Energy [0.325, 0.35)
     Total Material
       Flux                                 0.00187053 +/- 1.17828e-05
   Incoming Energy [0.35, 0.375)
     Total Material
       Flux                                 0.00203742 +/- 1.21114e-05
   Incoming Energy [0.375, 0.4)
     Total Material
       Flux                                 0.00218537 +/- 1.25316e-05
   Incoming Energy [0.4, 0.45)
     Total Material
       Flux                                 0.0048538 +/- 2.24642e-05
   Incoming Energy [0.45, 0.5)
     Total Material
       Flux                                 0.00538519 +/- 2.32255e-05
   Incoming Energy [0.5, 0.55)
     Total Material
       Flux                                 0.00587118 +/- 2.26546e-05
   Incoming Energy [0.55, 0.6)
     Total Material
       Flux                                 0.00628375 +/- 2.3981e-05
   Incoming Energy [0.6, 0.625)
     Total Material
       Flux                                 0.00328939 +/- 1.45289e-05
   Incoming Energy [0.625, 0.65)
     Total Material
       Flux                                 0.00334409 +/- 1.43604e-05
   Incoming Energy [0.65, 0.7)
     Total Material
       Flux                                 0.00691745 +/- 2.36083e-05
   Incoming Energy [0.7, 0.75)
     Total Material
       Flux                                 0.00727911 +/- 2.39745e-05
   Incoming Energy [0.75, 0.8)
     Total Material
       Flux                                 0.00753881 +/- 2.43397e-05
   Incoming Energy [0.8, 0.85)
     Total Material
       Flux                                 0.00778628 +/- 2.41643e-05
   Incoming Energy [0.85, 0.9)
     Total Material
       Flux                                 0.00798079 +/- 2.43623e-05
   Incoming Energy [0.9, 0.925)
     Total Material
       Flux                                 0.00404591 +/- 1.55635e-05
   Incoming Energy [0.925, 0.95)
     Total Material
       Flux                                 0.00409997 +/- 1.50437e-05
   Incoming Energy [0.95, 0.975)
     Total Material
       Flux                                 0.00415501 +/- 1.54429e-05
   Incoming Energy [0.975, 1)
     Total Material
       Flux                                 0.00418578 +/- 1.49539e-05
   Incoming Energy [1, 1.01)
     Total Material
       Flux                                 0.00166458 +/- 8.68381e-06
   Incoming Energy [1.01, 1.02)
     Total Material
       Flux                                 0.00169102 +/- 9.05934e-06
   Incoming Energy [1.02, 1.03)
     Total Material
       Flux                                 0.00169291 +/- 8.76305e-06
   Incoming Energy [1.03, 1.04)
     Total Material
       Flux                                 0.00170684 +/- 8.64875e-06
   Incoming Energy [1.04, 1.05)
     Total Material
       Flux                                 0.00169099 +/- 8.53735e-06
   Incoming Energy [1.05, 1.06)
     Total Material
       Flux                                 0.00171019 +/- 9.17025e-06
   Incoming Energy [1.06, 1.07)
     Total Material
       Flux                                 0.00169115 +/- 8.64305e-06
   Incoming Energy [1.07, 1.08)
     Total Material
       Flux                                 0.00171225 +/- 8.73306e-06
   Incoming Energy [1.08, 1.09)
     Total Material
       Flux                                 0.00172319 +/- 8.61668e-06
   Incoming Energy [1.09, 1.1)
     Total Material
       Flux                                 0.00172255 +/- 8.64111e-06
   Incoming Energy [1.1, 1.11)
     Total Material
       Flux                                 0.00171418 +/- 8.91714e-06
   Incoming Energy [1.11, 1.12)
     Total Material
       Flux                                 0.00173919 +/- 9.07303e-06
   Incoming Energy [1.12, 1.13)
     Total Material
       Flux                                 0.00174476 +/- 8.8075e-06
   Incoming Energy [1.13, 1.14)
     Total Material
       Flux                                 0.00174238 +/- 8.80701e-06
   Incoming Energy [1.14, 1.15)
     Total Material
       Flux                                 0.00173754 +/- 8.98309e-06
   Incoming Energy [1.15, 1.175)
     Total Material
       Flux                                 0.00438848 +/- 1.54926e-05
   Incoming Energy [1.175, 1.2)
     Total Material
       Flux                                 0.00438937 +/- 1.48097e-05
   Incoming Energy [1.2, 1.225)
     Total Material
       Flux                                 0.0044175 +/- 1.53028e-05
   Incoming Energy [1.225, 1.25)
     Total Material
       Flux                                 0.00441317 +/- 1.57639e-05
   Incoming Energy [1.25, 1.3)
     Total Material
       Flux                                 0.00891628 +/- 2.35857e-05
   Incoming Energy [1.3, 1.35)
     Total Material
       Flux                                 0.00897551 +/- 2.3785e-05
   Incoming Energy [1.35, 1.4)
     Total Material
       Flux                                 0.00904554 +/- 2.33547e-05
   Incoming Energy [1.4, 1.45)
     Total Material
       Flux                                 0.00908422 +/- 2.389e-05
   Incoming Energy [1.45, 1.5)
     Total Material
       Flux                                 0.00910553 +/- 2.37491e-05
   Incoming Energy [1.5, 1.59)
     Total Material
       Flux                                 0.016484 +/- 3.48217e-05
   Incoming Energy [1.59, 1.68)
     Total Material
       Flux                                 0.016589 +/- 3.44758e-05
   Incoming Energy [1.68, 1.77)
     Total Material
       Flux                                 0.0166598 +/- 3.36289e-05
   Incoming Energy [1.77, 1.86)
     Total Material
       Flux                                 0.0165631 +/- 3.33427e-05
   Incoming Energy [1.86, 1.94)
     Total Material
       Flux                                 0.014763 +/- 3.08214e-05
   Incoming Energy [1.94, 2)
     Total Material
       Flux                                 0.0110229 +/- 2.49015e-05
   Incoming Energy [2, 2.12)
     Total Material
       Flux                                 0.0220358 +/- 3.87561e-05
   Incoming Energy [2.12, 2.21)
     Total Material
       Flux                                 0.0164632 +/- 3.31565e-05
   Incoming Energy [2.21, 2.3)
     Total Material
       Flux                                 0.0163867 +/- 3.18646e-05
   Incoming Energy [2.3, 2.38)
     Total Material
       Flux                                 0.0145362 +/- 2.88146e-05
   Incoming Energy [2.38, 2.47)
     Total Material
       Flux                                 0.0162946 +/- 3.19882e-05
   Incoming Energy [2.47, 2.57)
     Total Material
       Flux                                 0.0180171 +/- 3.16421e-05
   Incoming Energy [2.57, 2.67)
     Total Material
       Flux                                 0.0179085 +/- 3.33308e-05
   Incoming Energy [2.67, 2.77)
     Total Material
       Flux                                 0.0178108 +/- 3.26304e-05
   Incoming Energy [2.77, 2.87)
     Total Material
       Flux                                 0.017674 +/- 3.26986e-05
   Incoming Energy [2.87, 2.97)
     Total Material
       Flux                                 0.0175758 +/- 3.25003e-05
   Incoming Energy [2.97, 3)
     Total Material
       Flux                                 0.00523011 +/- 1.53582e-05
   Incoming Energy [3, 3.05)
     Total Material
       Flux                                 0.00870523 +/- 2.01674e-05
   Incoming Energy [3.05, 3.15)
     Total Material
       Flux                                 0.0172772 +/- 3.17763e-05
   Incoming Energy [3.15, 3.5)
     Total Material
       Flux                                 0.059722 +/- 7.31322e-05
   Incoming Energy [3.5, 3.73)
     Total Material
       Flux                                 0.0384057 +/- 5.13879e-05
   Incoming Energy [3.73, 4)
     Total Material
       Flux                                 0.0443276 +/- 5.58534e-05
   Incoming Energy [4, 4.75)
     Total Material
       Flux                                 0.118528 +/- 0.000113948
   Incoming Energy [4.75, 5)
     Total Material
       Flux                                 0.0380161 +/- 4.99571e-05
   Incoming Energy [5, 5.4)
     Total Material
       Flux                                 0.0595199 +/- 6.3723e-05
   Incoming Energy [5.4, 6)
     Total Material
       Flux                                 0.0860598 +/- 8.39258e-05
   Incoming Energy [6, 6.25)
     Total Material
       Flux                                 0.0348027 +/- 4.32009e-05
   Incoming Energy [6.25, 6.5)
     Total Material
       Flux                                 0.0342646 +/- 4.46444e-05
   Incoming Energy [6.5, 6.75)
     Total Material
       Flux                                 0.0336135 +/- 4.25456e-05
   Incoming Energy [6.75, 7)
     Total Material
       Flux                                 0.033376 +/- 4.24802e-05
   Incoming Energy [7, 7.15)
     Total Material
       Flux                                 0.0198678 +/- 3.09406e-05
   Incoming Energy [7.15, 8.1)
     Total Material
       Flux                                 0.123118 +/- 0.000106958
   Incoming Energy [8.1, 9.1)
     Total Material
       Flux                                 0.122423 +/- 0.000104723
   Incoming Energy [9.1, 10)
     Total Material
       Flux                                 0.104788 +/- 8.70082e-05
   Incoming Energy [10, 11.5)
     Total Material
       Flux                                 0.164787 +/- 0.000130424
   Incoming Energy [11.5, 11.9)
     Total Material
       Flux                                 0.0419153 +/- 4.58357e-05
   Incoming Energy [11.9, 12.9)
     Total Material
       Flux                                 0.102175 +/- 8.42338e-05
   Incoming Energy [12.9, 13.75)
     Total Material
       Flux                                 0.0841595 +/- 7.29908e-05
   Incoming Energy [13.75, 14.4)
     Total Material
       Flux                                 0.0625015 +/- 6.14202e-05
   Incoming Energy [14.4, 15.1)
     Total Material
       Flux                                 0.0654374 +/- 6.18174e-05
   Incoming Energy [15.1, 16)
     Total Material
       Flux                                 0.0817145 +/- 6.98064e-05
   Incoming Energy [16, 17)
     Total Material
       Flux                                 0.0869831 +/- 7.21898e-05
   Incoming Energy [17, 18.5)
     Total Material
       Flux                                 0.129703 +/- 9.47795e-05
   Incoming Energy [18.5, 19)
     Total Material
       Flux                                 0.040377 +/- 4.41024e-05
   Incoming Energy [19, 20)
     Total Material
       Flux                                 0.0786703 +/- 6.72585e-05
   Incoming Energy [20, 21)
     Total Material
       Flux                                 0.0760768 +/- 6.53796e-05
   Incoming Energy [21, 22.5)
     Total Material
       Flux                                 0.111275 +/- 8.20223e-05
   Incoming Energy [22.5, 25)
     Total Material
       Flux                                 0.176999 +/- 0.000118301
   Incoming Energy [25, 27.5)
     Total Material
       Flux                                 0.166267 +/- 0.000115313
   Incoming Energy [27.5, 30)
     Total Material
       Flux                                 0.156773 +/- 0.000105879
   Incoming Energy [30, 31.25)
     Total Material
       Flux                                 0.0751011 +/- 6.43092e-05
   Incoming Energy [31.25, 31.75)
     Total Material
       Flux                                 0.0295495 +/- 3.59381e-05
   Incoming Energy [31.75, 33.25)
     Total Material
       Flux                                 0.0867706 +/- 6.83989e-05
   Incoming Energy [33.25, 33.75)
     Total Material
       Flux                                 0.028241 +/- 3.51842e-05
   Incoming Energy [33.75, 34.6)
     Total Material
       Flux                                 0.0475118 +/- 4.6189e-05
   Incoming Energy [34.6, 35.5)
     Total Material
       Flux                                 0.0492962 +/- 4.8789e-05
   Incoming Energy [35.5, 37)
     Total Material
       Flux                                 0.0802239 +/- 6.39181e-05
   Incoming Energy [37, 38)
     Total Material
       Flux                                 0.0524682 +/- 4.84725e-05
   Incoming Energy [38, 39.1)
     Total Material
       Flux                                 0.057525 +/- 5.0899e-05
   Incoming Energy [39.1, 39.6)
     Total Material
       Flux                                 0.0255511 +/- 3.17743e-05
   Incoming Energy [39.6, 41)
     Total Material
       Flux                                 0.0721216 +/- 5.88036e-05
   Incoming Energy [41, 42.4)
     Total Material
       Flux                                 0.0675188 +/- 5.65515e-05
   Incoming Energy [42.4, 44)
     Total Material
       Flux                                 0.0857777 +/- 6.3872e-05
   Incoming Energy [44, 45.2)
     Total Material
       Flux                                 0.0349101 +/- 3.2285e-05
   Incoming Energy [45.2, 47)
     Total Material
       Flux                                 0.0995056 +/- 6.83189e-05
   Incoming Energy [47, 48.3)
     Total Material
       Flux                                 0.075647 +/- 6.14353e-05
   Incoming Energy [48.3, 49.2)
     Total Material
       Flux                                 0.0519136 +/- 4.83694e-05
   Incoming Energy [49.2, 50.6)
     Total Material
       Flux                                 0.0797384 +/- 6.25463e-05
   Incoming Energy [50.6, 52)
     Total Material
       Flux                                 0.0783625 +/- 6.0265e-05
   Incoming Energy [52, 53.4)
     Total Material
       Flux                                 0.0768871 +/- 6.02211e-05
   Incoming Energy [53.4, 59)
     Total Material
       Flux                                 0.294695 +/- 0.000148359
   Incoming Energy [59, 61)
     Total Material
       Flux                                 0.100685 +/- 7.03271e-05
   Incoming Energy [61, 65)
     Total Material
       Flux                                 0.194377 +/- 0.000111696
   Incoming Energy [65, 67.5)
     Total Material
       Flux                                 0.116184 +/- 7.68706e-05
   Incoming Energy [67.5, 72)
     Total Material
       Flux                                 0.203619 +/- 0.000110513
   Incoming Energy [72, 76)
     Total Material
       Flux                                 0.17747 +/- 9.78447e-05
   Incoming Energy [76, 80)
     Total Material
       Flux                                 0.170968 +/- 9.46278e-05
   Incoming Energy [80, 82)
     Total Material
       Flux                                 0.0825454 +/- 6.31514e-05
   Incoming Energy [82, 90)
     Total Material
       Flux                                 0.319221 +/- 0.000151553
   Incoming Energy [90, 100)
     Total Material
       Flux                                 0.371198 +/- 0.000168247
   Incoming Energy [100, 108)
     Total Material
       Flux                                 0.277325 +/- 0.000129438
   Incoming Energy [108, 115)
     Total Material
       Flux                                 0.232024 +/- 0.000114885
   Incoming Energy [115, 119)
     Total Material
       Flux                                 0.126827 +/- 7.98903e-05
   Incoming Energy [119, 122)
     Total Material
       Flux                                 0.0960271 +/- 6.68202e-05
   Incoming Energy [122, 186)
     Total Material
       Flux                                 1.74205 +/- 0.000572347
   Incoming Energy [186, 192.5)
     Total Material
       Flux                                 0.153408 +/- 8.60574e-05
   Incoming Energy [192.5, 207.5)
     Total Material
       Flux                                 0.339675 +/- 0.000146538
   Incoming Energy [207.5, 210)
     Total Material
       Flux                                 0.053374 +/- 4.84507e-05
   Incoming Energy [210, 240)
     Total Material
       Flux                                 0.615378 +/- 0.000227331
   Incoming Energy [240, 285)
     Total Material
       Flux                                 0.78539 +/- 0.000279801
   Incoming Energy [285, 305)
     Total Material
       Flux                                 0.276043 +/- 0.000124877
   Incoming Energy [305, 550)
     Total Material
       Flux                                 2.57585 +/- 0.000705232
   Incoming Energy [550, 670)
     Total Material
       Flux                                 1.34455 +/- 0.0003891
   Incoming Energy [670, 683)
     Total Material
       Flux                                 0.132446 +/- 7.89369e-05
   Incoming Energy [683, 950)
     Total Material
       Flux                                 2.50787 +/- 0.000655129
   Incoming Energy [950, 1150)
     Total Material
       Flux                                 1.37416 +/- 0.000384456
   Incoming Energy [1150, 1500)
     Total Material
       Flux                                 2.67807 +/- 0.000620057
   Incoming Energy [1500, 1550)
     Total Material
       Flux                                 0.329996 +/- 0.000131904
   Incoming Energy [1550, 1800)
     Total Material
       Flux                                 1.50729 +/- 0.000374002
   Incoming Energy [1800, 2200)
     Total Material
       Flux                                 1.61006 +/- 0.000365812
   Incoming Energy [2200, 2290)
     Total Material
       Flux                                 0.194509 +/- 7.56696e-05
   Incoming Energy [2290, 2580)
     Total Material
       Flux                                 0.356876 +/- 0.000100565
   Incoming Energy [2580, 3000)
     Total Material
       Flux                                 0.336772 +/- 0.000101793
   Incoming Energy [3000, 3740)
     Total Material
       Flux                                 1.17422 +/- 0.000257712
   Incoming Energy [3740, 3900)
     Total Material
       Flux                                 0.284975 +/- 9.60863e-05
   Incoming Energy [3900, 6000)
     Total Material
       Flux                                 3.47208 +/- 0.000640358
   Incoming Energy [6000, 8030)
     Total Material
       Flux                                 2.44491 +/- 0.000485488
   Incoming Energy [8030, 9500)
     Total Material
       Flux                                 1.54901 +/- 0.000340288
   Incoming Energy [9500, 13000)
     Total Material
       Flux                                 4.60986 +/- 0.0008284
   Incoming Energy [13000, 17000)
     Total Material
       Flux                                 3.51316 +/- 0.000614125
   Incoming Energy [17000, 25000)
     Total Material
       Flux                                 9.59344 +/- 0.00147638
   Incoming Energy [25000, 30000)
     Total Material
       Flux                                 3.32791 +/- 0.000604235
   Incoming Energy [30000, 45000)
     Total Material
       Flux                                 9.32184 +/- 0.00129962
   Incoming Energy [45000, 50000)
     Total Material
       Flux                                 3.50877 +/- 0.000636866
   Incoming Energy [50000, 52000)
     Total Material
       Flux                                 0.675922 +/- 0.000199009
   Incoming Energy [52000, 60000)
     Total Material
       Flux                                 4.04427 +/- 0.000692184
   Incoming Energy [60000, 73000)
     Total Material
       Flux                                 7.02335 +/- 0.00104484
   Incoming Energy [73000, 75000)
     Total Material
       Flux                                 0.646689 +/- 0.000231493
   Incoming Energy [75000, 82000)
     Total Material
       Flux                                 4.12902 +/- 0.000771469
   Incoming Energy [82000, 85000)
     Total Material
       Flux                                 1.1939 +/- 0.000377056
   Incoming Energy [85000, 100000)
     Total Material
       Flux                                 5.11084 +/- 0.000793657
   Incoming Energy [100000, 128300)
     Total Material
       Flux                                 11.0034 +/- 0.00156884
   Incoming Energy [128300, 150000)
     Total Material
       Flux                                 7.0571 +/- 0.00115171
   Incoming Energy [150000, 200000)
     Total Material
       Flux                                 12.2114 +/- 0.00161076
   Incoming Energy [200000, 270000)
     Total Material
       Flux                                 13.0177 +/- 0.0016909
   Incoming Energy [270000, 330000)
     Total Material
       Flux                                 10.008 +/- 0.00151043
   Incoming Energy [330000, 400000)
     Total Material
       Flux                                 7.73468 +/- 0.00123819
   Incoming Energy [400000, 420000)
     Total Material
       Flux                                 1.33739 +/- 0.000337808
   Incoming Energy [420000, 440000)
     Total Material
       Flux                                 1.37124 +/- 0.000369001
   Incoming Energy [440000, 470000)
     Total Material
       Flux                                 2.44565 +/- 0.000569383
   Incoming Energy [470000, 499520)
     Total Material
       Flux                                 2.49422 +/- 0.000585973
   Incoming Energy [499520, 550000)
     Total Material
       Flux                                 4.18817 +/- 0.000893832
   Incoming Energy [550000, 573000)
     Total Material
       Flux                                 1.74149 +/- 0.000527368
   Incoming Energy [573000, 600000)
     Total Material
       Flux                                 2.02776 +/- 0.000567886
   Incoming Energy [600000, 670000)
     Total Material
       Flux                                 4.38936 +/- 0.000946069
   Incoming Energy [670000, 679000)
     Total Material
       Flux                                 0.386113 +/- 0.000194063
   Incoming Energy [679000, 750000)
     Total Material
       Flux                                 3.0532 +/- 0.000696725
   Incoming Energy [750000, 820000)
     Total Material
       Flux                                 2.45026 +/- 0.000620762
   Incoming Energy [820000, 861100)
     Total Material
       Flux                                 1.30762 +/- 0.000459658
   Incoming Energy [861100, 875000)
     Total Material
       Flux                                 0.354578 +/- 0.000209491
   Incoming Energy [875000, 900000)
     Total Material
       Flux                                 0.67488 +/- 0.000320988
   Incoming Energy [900000, 920000)
     Total Material
       Flux                                 0.438237 +/- 0.000231764
   Incoming Energy [920000, 1010000)
     Total Material
       Flux                                 1.8243 +/- 0.000572988
   Incoming Energy [1010000, 1100000)
     Total Material
       Flux                                 1.61133 +/- 0.000548165
   Incoming Energy [1100000, 1200000)
     Total Material
       Flux                                 1.93372 +/- 0.000636949
   Incoming Energy [1200000, 1250000)
     Total Material
       Flux                                 0.819397 +/- 0.000355697
   Incoming Energy [1250000, 1317000)
     Total Material
       Flux                                 0.915637 +/- 0.000370149
   Incoming Energy [1317000, 1356000)
     Total Material
       Flux                                 0.489012 +/- 0.000257892
   Incoming Energy [1356000, 1400000)
     Total Material
       Flux                                 0.595392 +/- 0.000319363
   Incoming Energy [1400000, 1500000)
     Total Material
       Flux                                 1.1665 +/- 0.000445266
   Incoming Energy [1500000, 1850000)
     Total Material
       Flux                                 3.15184 +/- 0.000879376
   Incoming Energy [1850000, 2354000)
     Total Material
       Flux                                 3.01829 +/- 0.000881581
   Incoming Energy [2354000, 2479000)
     Total Material
       Flux                                 0.631801 +/- 0.000345954
   Incoming Energy [2479000, 3000000)
     Total Material
       Flux                                 1.8983 +/- 0.000688872
   Incoming Energy [3000000, 4304000)
     Total Material
       Flux                                 2.12415 +/- 0.000740673
   Incoming Energy [4304000, 4800000)
     Total Material
       Flux                                 0.408155 +/- 0.000305858
   Incoming Energy [4800000, 6434000)
     Total Material
       Flux                                 0.668804 +/- 0.000407371
   Incoming Energy [6434000, 8187300)
     Total Material
       Flux                                 0.207521 +/- 0.00022904
   Incoming Energy [8187300, 10000000)
     Total Material
       Flux                                 0.0556471 +/- 0.00011917
   Incoming Energy [10000000, 12840000)
     Total Material
       Flux                                 0.0166428 +/- 6.58119e-05
   Incoming Energy [12840000, 13840000)
     Total Material
       Flux                                 0.00115811 +/- 1.60515e-05
   Incoming Energy [13840000, 14550000)
     Total Material
       Flux                                 0.000414766 +/- 1.00306e-05
   Incoming Energy [14550000, 15683000)
     Total Material
       Flux                                 0.000315614 +/- 8.56847e-06
   Incoming Energy [15683000, 17333000)
     Total Material
       Flux                                 0.000174389 +/- 6.61842e-06
   Incoming Energy [17333000, 20000000)
     Total Material
       Flux                                 5.77893e-05 +/- 4.04662e-06
