 ============================>     TALLY 1     <============================

 Distributed Cell u159->c510->l158(1,-5)->u144->c397
   Total Material
     Kappa-Fission Rate                   5292.35 +/- 17.0762
     Flux                                 0.0638957 +/- 8.8209e-05
     Recoverable fission power            0 +/- 0
 Distributed Cell u159->c510->l158(2,-5)->u144->c397
   Total Material
     Kappa-Fission Rate                   5672.65 +/- 17.7583
     Flux                                 0.0661282 +/- 9.04205e-05
     Recoverable fission power            0 +/- 0
 Distributed Cell u159->c510->l158(3,-5)->u144->c397
   Total Material
     Kappa-Fission Rate                   5607.28 +/- 18.7686
     Flux                                 0.0652649 +/- 8.41808e-05
     Recoverable fission power            0 +/- 0
 Distributed Cell u159->c510->l158(4,-5)->u144->c397
   Total Material
     Kappa-Fission Rate                   5167.27 +/- 17.6431
     Flux                                 0.0611852 +/- 8.38878e-05
     Recoverable fission power            0 +/- 0
 Distributed Cell u159->c510->l158(5,-5)->u144->c397
   Total Material
     Kappa-Fission Rate                   4501.3 +/- 15.7745
     Flux                                 0.0559347 +/- 8.06878e-05
     Recoverable fission power            0 +/- 0
 Distributed Cell u159->c510->l158(-1,-4)->u144->c397
   Total Material
     Kappa-Fission Rate                   5322.45 +/- 17.8988
     Flux                                 0.0638374 +/- 8.6563e-05
     Recoverable fission power            0 +/- 0
 Distributed Cell u159->c510->l158(0,-4)->u144->c397
   Total Material
     Kappa-Fission Rate                   6282.39 +/- 19.157
     Flux                                 0.0705482 +/- 9.04164e-05
     Recoverable fission power            0 +/- 0
 Distributed Cell u159->c510->l158(1,-4)->u144->c397
   Total Material
     Kappa-Fission Rate                   6898.68 +/- 20.9672
     Flux                                 0.0744862 +/- 9.11793e-05
     Recoverable fission power            0 +/- 0
 Distributed Cell u159->c510->l158(2,-4)->u144->c397
   Total Material
     Kappa-Fission Rate                   7018.54 +/- 20.3492
     Flux                                 0.0754421 +/- 9.35663e-05
     Recoverable fission power            0 +/- 0
 Distributed Cell u159->c510->l158(3,-4)->u144->c397
   Total Material
     Kappa-Fission Rate                   6672.16 +/- 20.5845
     Flux                                 0.0721469 +/- 8.99222e-05
     Recoverable fission power            0 +/- 0
 Distributed Cell u159->c510->l158(5,-4)->u144->c397
   Total Material
     Kappa-Fission Rate                   5033.04 +/- 17.7044
     Flux                                 0.0604885 +/- 8.49865e-05
     Recoverable fission power            0 +/- 0
 Distributed Cell u159->c510->l158(-2,-3)->u144->c397
   Total Material
     Kappa-Fission Rate                   5696.25 +/- 19.4161
     Flux                                 0.0660221 +/- 8.89957e-05
     Recoverable fission power            0 +/- 0
 Distributed Cell u159->c510->l158(-1,-3)->u144->c397
   Total Material
     Kappa-Fission Rate                   6882.22 +/- 20.3808
     Flux                                 0.0743013 +/- 9.32631e-05
     Recoverable fission power            0 +/- 0
 Distributed Cell u159->c510->l158(0,-3)->u144->c397
   Total Material
     Kappa-Fission Rate                   7607.19 +/- 21.5645
     Flux                                 0.0794451 +/- 9.26908e-05
     Recoverable fission power            0 +/- 0
 Distributed Cell u159->c510->l158(1,-3)->u144->c397
   Total Material
     Kappa-Fission Rate                   7945.17 +/- 22.5419
     Flux                                 0.0823211 +/- 9.36707e-05
     Recoverable fission power            0 +/- 0
 Distributed Cell u159->c510->l158(2,-3)->u144->c397
   Total Material
     Kappa-Fission Rate                   7907.79 +/- 22.2184
     Flux                                 0.0824215 +/- 9.528e-05
     Recoverable fission power            0 +/- 0
 Distributed Cell u159->c510->l158(3,-3)->u144->c397
   Total Material
     Kappa-Fission Rate                   7332.99 +/- 21.6066
     Flux                                 0.0777512 +/- 9.16363e-05
     Recoverable fission power            0 +/- 0
 Distributed Cell u159->c510->l158(4,-3)->u144->c397
   Total Material
     Kappa-Fission Rate                   6315.99 +/- 19.11
     Flux                                 0.0711361 +/- 9.30931e-05
     Recoverable fission power            0 +/- 0
 Distributed Cell u159->c510->l158(5,-3)->u144->c397
   Total Material
     Kappa-Fission Rate                   5117.45 +/- 17.3139
     Flux                                 0.0634893 +/- 8.64844e-05
     Recoverable fission power            0 +/- 0
 Distributed Cell u159->c510->l158(-3,-2)->u144->c397
   Total Material
     Kappa-Fission Rate                   5589.59 +/- 17.7423
     Flux                                 0.0652387 +/- 8.85628e-05
     Recoverable fission power            0 +/- 0
 Distributed Cell u159->c510->l158(-2,-2)->u144->c397
   Total Material
     Kappa-Fission Rate                   7017.92 +/- 20.7266
     Flux                                 0.075284 +/- 9.12924e-05
     Recoverable fission power            0 +/- 0
 Distributed Cell u159->c510->l158(-1,-2)->u144->c397
   Total Material
     Kappa-Fission Rate                   7931.46 +/- 21.9878
     Flux                                 0.082326 +/- 9.50213e-05
     Recoverable fission power            0 +/- 0
 Distributed Cell u159->c510->l158(1,-2)->u144->c397
   Total Material
     Kappa-Fission Rate                   8573.89 +/- 22.6082
     Flux                                 0.0882632 +/- 9.68336e-05
     Recoverable fission power            0 +/- 0
 Distributed Cell u159->c510->l158(2,-2)->u144->c397
   Total Material
     Kappa-Fission Rate                   8381.15 +/- 22.6843
     Flux                                 0.0869751 +/- 9.63675e-05
     Recoverable fission power            0 +/- 0
 Distributed Cell u159->c510->l158(3,-2)->u144->c397
   Total Material
     Kappa-Fission Rate                   7611.44 +/- 21.0503
     Flux                                 0.0816982 +/- 9.21155e-05
     Recoverable fission power            0 +/- 0
 Distributed Cell u159->c510->l158(5,-2)->u144->c397
   Total Material
     Kappa-Fission Rate                   5067.36 +/- 17.3766
     Flux                                 0.0633669 +/- 8.73202e-05
     Recoverable fission power            0 +/- 0
 Distributed Cell u159->c510->l158(-4,-1)->u144->c397
   Total Material
     Kappa-Fission Rate                   5179.66 +/- 17.7076
     Flux                                 0.0610837 +/- 8.27279e-05
     Recoverable fission power            0 +/- 0
 Distributed Cell u159->c510->l158(-3,-1)->u144->c397
   Total Material
     Kappa-Fission Rate                   6665.88 +/- 20.0143
     Flux                                 0.0721006 +/- 8.94901e-05
     Recoverable fission power            0 +/- 0
 Distributed Cell u159->c510->l158(-2,-1)->u144->c397
   Total Material
     Kappa-Fission Rate                   7916.92 +/- 21.656
     Flux                                 0.0824618 +/- 9.0668e-05
     Recoverable fission power            0 +/- 0
 Distributed Cell u159->c510->l158(-1,-1)->u144->c397
   Total Material
     Kappa-Fission Rate                   8566.31 +/- 22.1166
     Flux                                 0.0882185 +/- 9.99878e-05
     Recoverable fission power            0 +/- 0
 Distributed Cell u159->c510->l158(0,-1)->u144->c397
   Total Material
     Kappa-Fission Rate                   8687.86 +/- 23.0965
     Flux                                 0.0913394 +/- 9.66836e-05
     Recoverable fission power            0 +/- 0
 Distributed Cell u159->c510->l158(1,-1)->u144->c397
   Total Material
     Kappa-Fission Rate                   8770.82 +/- 23.1008
     Flux                                 0.0920074 +/- 9.60679e-05
     Recoverable fission power            0 +/- 0
 Distributed Cell u159->c510->l158(2,-1)->u144->c397
   Total Material
     Kappa-Fission Rate                   8433.14 +/- 23.4779
     Flux                                 0.0875747 +/- 9.61733e-05
     Recoverable fission power            0 +/- 0
 Distributed Cell u159->c510->l158(3,-1)->u144->c397
   Total Material
     Kappa-Fission Rate                   7547.99 +/- 21.7711
     Flux                                 0.0810408 +/- 9.54338e-05
     Recoverable fission power            0 +/- 0
 Distributed Cell u159->c510->l158(4,-1)->u144->c397
   Total Material
     Kappa-Fission Rate                   6393.9 +/- 20.5458
     Flux                                 0.0724414 +/- 9.2979e-05
     Recoverable fission power            0 +/- 0
 Distributed Cell u159->c510->l158(5,-1)->u144->c397
   Total Material
     Kappa-Fission Rate                   4893.26 +/- 16.5716
     Flux                                 0.0612287 +/- 8.45375e-05
     Recoverable fission power            0 +/- 0
 Distributed Cell u159->c510->l158(-5,0)->u144->c397
   Total Material
     Kappa-Fission Rate                   4529.04 +/- 15.5679
     Flux                                 0.0559064 +/- 7.96739e-05
     Recoverable fission power            0 +/- 0
 Distributed Cell u159->c510->l158(-3,0)->u144->c397
   Total Material
     Kappa-Fission Rate                   7306.28 +/- 20.9258
     Flux                                 0.0776073 +/- 8.97767e-05
     Recoverable fission power            0 +/- 0
 Distributed Cell u159->c510->l158(-2,0)->u144->c397
   Total Material
     Kappa-Fission Rate                   8373.32 +/- 23.0536
     Flux                                 0.0871013 +/- 0.000100879
     Recoverable fission power            0 +/- 0
 Distributed Cell u159->c510->l158(-1,0)->u144->c397
   Total Material
     Kappa-Fission Rate                   8693.65 +/- 23.2411
     Flux                                 0.0919842 +/- 0.000101582
     Recoverable fission power            0 +/- 0
 Distributed Cell u159->c510->l158(1,0)->u144->c397
   Total Material
     Kappa-Fission Rate                   8651.06 +/- 23.0922
     Flux                                 0.0909406 +/- 9.89969e-05
     Recoverable fission power            0 +/- 0
 Distributed Cell u159->c510->l158(3,0)->u144->c397
   Total Material
     Kappa-Fission Rate                   7350.25 +/- 21.5812
     Flux                                 0.0781942 +/- 9.03725e-05
     Recoverable fission power            0 +/- 0
 Distributed Cell u159->c510->l158(4,0)->u144->c397
   Total Material
     Kappa-Fission Rate                   6062.5 +/- 19.4675
     Flux                                 0.0688545 +/- 8.83204e-05
     Recoverable fission power            0 +/- 0
 Distributed Cell u159->c510->l158(-5,1)->u144->c397
   Total Material
     Kappa-Fission Rate                   5002.68 +/- 17.5249
     Flux                                 0.0602869 +/- 8.46736e-05
     Recoverable fission power            0 +/- 0
 Distributed Cell u159->c510->l158(-4,1)->u144->c397
   Total Material
     Kappa-Fission Rate                   6297.3 +/- 19.5029
     Flux                                 0.0710113 +/- 8.59151e-05
     Recoverable fission power            0 +/- 0
 Distributed Cell u159->c510->l158(-3,1)->u144->c397
   Total Material
     Kappa-Fission Rate                   7612.89 +/- 21.7474
     Flux                                 0.0815433 +/- 9.60521e-05
     Recoverable fission power            0 +/- 0
 Distributed Cell u159->c510->l158(-2,1)->u144->c397
   Total Material
     Kappa-Fission Rate                   8428.01 +/- 23.0349
     Flux                                 0.0876165 +/- 9.47992e-05
     Recoverable fission power            0 +/- 0
 Distributed Cell u159->c510->l158(-1,1)->u144->c397
   Total Material
     Kappa-Fission Rate                   8671.94 +/- 24.1522
     Flux                                 0.0912035 +/- 0.000102096
     Recoverable fission power            0 +/- 0
 Distributed Cell u159->c510->l158(0,1)->u144->c397
   Total Material
     Kappa-Fission Rate                   8756.15 +/- 23.6965
     Flux                                 0.0920627 +/- 9.90324e-05
     Recoverable fission power            0 +/- 0
 Distributed Cell u159->c510->l158(1,1)->u144->c397
   Total Material
     Kappa-Fission Rate                   8560.14 +/- 23.4331
     Flux                                 0.0877148 +/- 9.73202e-05
     Recoverable fission power            0 +/- 0
 Distributed Cell u159->c510->l158(2,1)->u144->c397
   Total Material
     Kappa-Fission Rate                   7907.89 +/- 21.9913
     Flux                                 0.0817376 +/- 9.27325e-05
     Recoverable fission power            0 +/- 0
 Distributed Cell u159->c510->l158(3,1)->u144->c397
   Total Material
     Kappa-Fission Rate                   6779.34 +/- 20.5129
     Flux                                 0.0735125 +/- 8.91533e-05
     Recoverable fission power            0 +/- 0
 Distributed Cell u159->c510->l158(4,1)->u144->c397
   Total Material
     Kappa-Fission Rate                   5201.26 +/- 16.9774
     Flux                                 0.0627767 +/- 8.51972e-05
     Recoverable fission power            0 +/- 0
 Distributed Cell u159->c510->l158(-5,2)->u144->c397
   Total Material
     Kappa-Fission Rate                   5146.92 +/- 17.4103
     Flux                                 0.0634231 +/- 8.67858e-05
     Recoverable fission power            0 +/- 0
 Distributed Cell u159->c510->l158(-3,2)->u144->c397
   Total Material
     Kappa-Fission Rate                   7584.73 +/- 20.925
     Flux                                 0.0809562 +/- 9.31772e-05
     Recoverable fission power            0 +/- 0
 Distributed Cell u159->c510->l158(-1,2)->u144->c397
   Total Material
     Kappa-Fission Rate                   8563.2 +/- 23.4062
     Flux                                 0.0881533 +/- 9.80778e-05
     Recoverable fission power            0 +/- 0
 Distributed Cell u159->c510->l158(0,2)->u144->c397
   Total Material
     Kappa-Fission Rate                   8507.09 +/- 22.8439
     Flux                                 0.0872388 +/- 9.93179e-05
     Recoverable fission power            0 +/- 0
 Distributed Cell u159->c510->l158(2,2)->u144->c397
   Total Material
     Kappa-Fission Rate                   7117.96 +/- 20.187
     Flux                                 0.0753146 +/- 9.18345e-05
     Recoverable fission power            0 +/- 0
 Distributed Cell u159->c510->l158(3,2)->u144->c397
   Total Material
     Kappa-Fission Rate                   5656.64 +/- 18.0637
     Flux                                 0.0657768 +/- 8.73708e-05
     Recoverable fission power            0 +/- 0
 Distributed Cell u159->c510->l158(-5,3)->u144->c397
   Total Material
     Kappa-Fission Rate                   5077.25 +/- 17.2585
     Flux                                 0.0630856 +/- 8.2908e-05
     Recoverable fission power            0 +/- 0
 Distributed Cell u159->c510->l158(-4,3)->u144->c397
   Total Material
     Kappa-Fission Rate                   6444.08 +/- 20.1057
     Flux                                 0.0723841 +/- 9.25123e-05
     Recoverable fission power            0 +/- 0
 Distributed Cell u159->c510->l158(-3,3)->u144->c397
   Total Material
     Kappa-Fission Rate                   7394.95 +/- 21.9931
     Flux                                 0.0782081 +/- 9.07141e-05
     Recoverable fission power            0 +/- 0
 Distributed Cell u159->c510->l158(-2,3)->u144->c397
   Total Material
     Kappa-Fission Rate                   7839.47 +/- 22.2337
     Flux                                 0.0817212 +/- 9.45572e-05
     Recoverable fission power            0 +/- 0
 Distributed Cell u159->c510->l158(-1,3)->u144->c397
   Total Material
     Kappa-Fission Rate                   7934.02 +/- 22.181
     Flux                                 0.0824087 +/- 9.54777e-05
     Recoverable fission power            0 +/- 0
 Distributed Cell u159->c510->l158(0,3)->u144->c397
   Total Material
     Kappa-Fission Rate                   7543.12 +/- 20.8913
     Flux                                 0.0783691 +/- 8.82433e-05
     Recoverable fission power            0 +/- 0
 Distributed Cell u159->c510->l158(1,3)->u144->c397
   Total Material
     Kappa-Fission Rate                   6858.17 +/- 19.9319
     Flux                                 0.0727942 +/- 9.16545e-05
     Recoverable fission power            0 +/- 0
 Distributed Cell u159->c510->l158(2,3)->u144->c397
   Total Material
     Kappa-Fission Rate                   5689.35 +/- 18.8952
     Flux                                 0.0655525 +/- 8.51565e-05
     Recoverable fission power            0 +/- 0
 Distributed Cell u159->c510->l158(-5,4)->u144->c397
   Total Material
     Kappa-Fission Rate                   4915.25 +/- 17.1392
     Flux                                 0.0610769 +/- 8.39564e-05
     Recoverable fission power            0 +/- 0
 Distributed Cell u159->c510->l158(-4,4)->u144->c397
   Total Material
     Kappa-Fission Rate                   6058.51 +/- 19.8159
     Flux                                 0.068875 +/- 8.76642e-05
     Recoverable fission power            0 +/- 0
 Distributed Cell u159->c510->l158(-3,4)->u144->c397
   Total Material
     Kappa-Fission Rate                   6791.09 +/- 19.8789
     Flux                                 0.073462 +/- 9.45787e-05
     Recoverable fission power            0 +/- 0
 Distributed Cell u159->c510->l158(-2,4)->u144->c397
   Total Material
     Kappa-Fission Rate                   7039.13 +/- 21.6034
     Flux                                 0.0750789 +/- 9.30832e-05
     Recoverable fission power            0 +/- 0
 Distributed Cell u159->c510->l158(-1,4)->u144->c397
   Total Material
     Kappa-Fission Rate                   6801.32 +/- 19.998
     Flux                                 0.0726501 +/- 9.1342e-05
     Recoverable fission power            0 +/- 0
 Distributed Cell u159->c510->l158(1,4)->u144->c397
   Total Material
     Kappa-Fission Rate                   5359.98 +/- 17.9365
     Flux                                 0.0621015 +/- 8.54255e-05
     Recoverable fission power            0 +/- 0
 Distributed Cell u159->c510->l158(-4,5)->u144->c397
   Total Material
     Kappa-Fission Rate                   5184.05 +/- 18.0223
     Flux                                 0.0628142 +/- 8.31085e-05
     Recoverable fission power            0 +/- 0
 Distributed Cell u159->c510->l158(-3,5)->u144->c397
   Total Material
     Kappa-Fission Rate                   5634.14 +/- 18.779
     Flux                                 0.0656566 +/- 8.65985e-05
     Recoverable fission power            0 +/- 0
 Distributed Cell u159->c510->l158(-2,5)->u144->c397
   Total Material
     Kappa-Fission Rate                   5662.48 +/- 17.5058
     Flux                                 0.0655128 +/- 8.55928e-05
     Recoverable fission power            0 +/- 0
 Distributed Cell u159->c510->l158(-1,5)->u144->c397
   Total Material
     Kappa-Fission Rate                   5299.06 +/- 18.3735
     Flux                                 0.0619374 +/- 8.73775e-05
     Recoverable fission power            0 +/- 0
 Distributed Cell u159->c510->l158(0,5)->u144->c397
   Total Material
     Kappa-Fission Rate                   4725.55 +/- 17.0822
     Flux                                 0.057304 +/- 8.29897e-05
     Recoverable fission power            0 +/- 0
 ============================>     TALLY 2     <============================

 Distributed Cell u159->c510->l158(1,-5)->u144->c398
   Total Material
     Kappa-Fission Rate                   860586 +/- 623.631
     Flux                                 0.512165 +/- 0.000287294
     Recoverable fission power            0 +/- 0
 Distributed Cell u159->c510->l158(2,-5)->u144->c398
   Total Material
     Kappa-Fission Rate                   880313 +/- 605.686
     Flux                                 0.541187 +/- 0.000295331
     Recoverable fission power            0 +/- 0
 Distributed Cell u159->c510->l158(3,-5)->u144->c398
   Total Material
     Kappa-Fission Rate                   872796 +/- 580.26
     Flux                                 0.537502 +/- 0.000294044
     Recoverable fission power            0 +/- 0
 Distributed Cell u159->c510->l158(4,-5)->u144->c398
   Total Material
     Kappa-Fission Rate                   834959 +/- 572.77
     Flux                                 0.506526 +/- 0.00027674
     Recoverable fission power            0 +/- 0
 Distributed Cell u159->c510->l158(5,-5)->u144->c398
   Total Material
     Kappa-Fission Rate                   786745 +/- 627.809
     Flux                                 0.455768 +/- 0.000275718
     Recoverable fission power            0 +/- 0
 Distributed Cell u159->c510->l158(-1,-4)->u144->c398
   Total Material
     Kappa-Fission Rate                   860673 +/- 619.502
     Flux                                 0.512257 +/- 0.000285461
     Recoverable fission power            0 +/- 0
 Distributed Cell u159->c510->l158(0,-4)->u144->c398
   Total Material
     Kappa-Fission Rate                   922596 +/- 571.073
     Flux                                 0.587913 +/- 0.000298531
     Recoverable fission power            0 +/- 0
 Distributed Cell u159->c510->l158(1,-4)->u144->c398
   Total Material
     Kappa-Fission Rate                   974341 +/- 541.869
     Flux                                 0.635422 +/- 0.000296346
     Recoverable fission power            0 +/- 0
 Distributed Cell u159->c510->l158(2,-4)->u144->c398
   Total Material
     Kappa-Fission Rate                   987554 +/- 524.772
     Flux                                 0.647033 +/- 0.00029861
     Recoverable fission power            0 +/- 0
 Distributed Cell u159->c510->l158(3,-4)->u144->c398
   Total Material
     Kappa-Fission Rate                   952706 +/- 540.077
     Flux                                 0.618553 +/- 0.000294087
     Recoverable fission power            0 +/- 0
 Distributed Cell u159->c510->l158(5,-4)->u144->c398
   Total Material
     Kappa-Fission Rate                   825848 +/- 604.361
     Flux                                 0.498843 +/- 0.000280497
     Recoverable fission power            0 +/- 0
 Distributed Cell u159->c510->l158(-2,-3)->u144->c398
   Total Material
     Kappa-Fission Rate                   878562 +/- 624.079
     Flux                                 0.540225 +/- 0.000304761
     Recoverable fission power            0 +/- 0
 Distributed Cell u159->c510->l158(-1,-3)->u144->c398
   Total Material
     Kappa-Fission Rate                   973133 +/- 532.232
     Flux                                 0.63461 +/- 0.000292502
     Recoverable fission power            0 +/- 0
 Distributed Cell u159->c510->l158(0,-3)->u144->c398
   Total Material
     Kappa-Fission Rate                   1.05442e+06 +/- 548.353
     Flux                                 0.694953 +/- 0.000316761
     Recoverable fission power            0 +/- 0
 Distributed Cell u159->c510->l158(1,-3)->u144->c398
   Total Material
     Kappa-Fission Rate                   1.09291e+06 +/- 555.576
     Flux                                 0.723696 +/- 0.000306184
     Recoverable fission power            0 +/- 0
 Distributed Cell u159->c510->l158(2,-3)->u144->c398
   Total Material
     Kappa-Fission Rate                   1.0875e+06 +/- 542.255
     Flux                                 0.721573 +/- 0.000305457
     Recoverable fission power            0 +/- 0
 Distributed Cell u159->c510->l158(3,-3)->u144->c398
   Total Material
     Kappa-Fission Rate                   1.02655e+06 +/- 542.879
     Flux                                 0.673674 +/- 0.0002995
     Recoverable fission power            0 +/- 0
 Distributed Cell u159->c510->l158(4,-3)->u144->c398
   Total Material
     Kappa-Fission Rate                   940078 +/- 549.2
     Flux                                 0.604127 +/- 0.000290262
     Recoverable fission power            0 +/- 0
 Distributed Cell u159->c510->l158(5,-3)->u144->c398
   Total Material
     Kappa-Fission Rate                   849037 +/- 605.825
     Flux                                 0.515161 +/- 0.000287107
     Recoverable fission power            0 +/- 0
 Distributed Cell u159->c510->l158(-3,-2)->u144->c398
   Total Material
     Kappa-Fission Rate                   871689 +/- 578.905
     Flux                                 0.536715 +/- 0.000276806
     Recoverable fission power            0 +/- 0
 Distributed Cell u159->c510->l158(-2,-2)->u144->c398
   Total Material
     Kappa-Fission Rate                   986277 +/- 539.195
     Flux                                 0.646334 +/- 0.000299561
     Recoverable fission power            0 +/- 0
 Distributed Cell u159->c510->l158(-1,-2)->u144->c398
   Total Material
     Kappa-Fission Rate                   1.09329e+06 +/- 566.368
     Flux                                 0.723574 +/- 0.000315303
     Recoverable fission power            0 +/- 0
 Distributed Cell u159->c510->l158(1,-2)->u144->c398
   Total Material
     Kappa-Fission Rate                   1.1741e+06 +/- 551.203
     Flux                                 0.780617 +/- 0.000312084
     Recoverable fission power            0 +/- 0
 Distributed Cell u159->c510->l158(2,-2)->u144->c398
   Total Material
     Kappa-Fission Rate                   1.15091e+06 +/- 560.625
     Flux                                 0.766164 +/- 0.00031856
     Recoverable fission power            0 +/- 0
 Distributed Cell u159->c510->l158(3,-2)->u144->c398
   Total Material
     Kappa-Fission Rate                   1.07528e+06 +/- 546.165
     Flux                                 0.707683 +/- 0.000306482
     Recoverable fission power            0 +/- 0
 Distributed Cell u159->c510->l158(5,-2)->u144->c398
   Total Material
     Kappa-Fission Rate                   850282 +/- 598.786
     Flux                                 0.510154 +/- 0.000274371
     Recoverable fission power            0 +/- 0
 Distributed Cell u159->c510->l158(-4,-1)->u144->c398
   Total Material
     Kappa-Fission Rate                   834338 +/- 586.25
     Flux                                 0.506098 +/- 0.000283857
     Recoverable fission power            0 +/- 0
 Distributed Cell u159->c510->l158(-3,-1)->u144->c398
   Total Material
     Kappa-Fission Rate                   952753 +/- 538.794
     Flux                                 0.618503 +/- 0.000297024
     Recoverable fission power            0 +/- 0
 Distributed Cell u159->c510->l158(-2,-1)->u144->c398
   Total Material
     Kappa-Fission Rate                   1.08842e+06 +/- 552.973
     Flux                                 0.721913 +/- 0.000314004
     Recoverable fission power            0 +/- 0
 Distributed Cell u159->c510->l158(-1,-1)->u144->c398
   Total Material
     Kappa-Fission Rate                   1.17486e+06 +/- 561.799
     Flux                                 0.78081 +/- 0.000320458
     Recoverable fission power            0 +/- 0
 Distributed Cell u159->c510->l158(0,-1)->u144->c398
   Total Material
     Kappa-Fission Rate                   1.21507e+06 +/- 564.878
     Flux                                 0.805426 +/- 0.000317603
     Recoverable fission power            0 +/- 0
 Distributed Cell u159->c510->l158(1,-1)->u144->c398
   Total Material
     Kappa-Fission Rate                   1.21961e+06 +/- 581.407
     Flux                                 0.810209 +/- 0.000320632
     Recoverable fission power            0 +/- 0
 Distributed Cell u159->c510->l158(2,-1)->u144->c398
   Total Material
     Kappa-Fission Rate                   1.16587e+06 +/- 545.571
     Flux                                 0.773236 +/- 0.000312906
     Recoverable fission power            0 +/- 0
 Distributed Cell u159->c510->l158(3,-1)->u144->c398
   Total Material
     Kappa-Fission Rate                   1.07475e+06 +/- 540.097
     Flux                                 0.705288 +/- 0.000302977
     Recoverable fission power            0 +/- 0
 Distributed Cell u159->c510->l158(4,-1)->u144->c398
   Total Material
     Kappa-Fission Rate                   946054 +/- 563.173
     Flux                                 0.609655 +/- 0.000303362
     Recoverable fission power            0 +/- 0
 Distributed Cell u159->c510->l158(5,-1)->u144->c398
   Total Material
     Kappa-Fission Rate                   834714 +/- 625.065
     Flux                                 0.489972 +/- 0.000265371
     Recoverable fission power            0 +/- 0
 Distributed Cell u159->c510->l158(-5,0)->u144->c398
   Total Material
     Kappa-Fission Rate                   786928 +/- 614.653
     Flux                                 0.455718 +/- 0.000269055
     Recoverable fission power            0 +/- 0
 Distributed Cell u159->c510->l158(-3,0)->u144->c398
   Total Material
     Kappa-Fission Rate                   1.02822e+06 +/- 540.042
     Flux                                 0.67476 +/- 0.000295147
     Recoverable fission power            0 +/- 0
 Distributed Cell u159->c510->l158(-2,0)->u144->c398
   Total Material
     Kappa-Fission Rate                   1.15279e+06 +/- 579.613
     Flux                                 0.767276 +/- 0.000333636
     Recoverable fission power            0 +/- 0
 Distributed Cell u159->c510->l158(-1,0)->u144->c398
   Total Material
     Kappa-Fission Rate                   1.22023e+06 +/- 567.589
     Flux                                 0.810792 +/- 0.000326316
     Recoverable fission power            0 +/- 0
 Distributed Cell u159->c510->l158(1,0)->u144->c398
   Total Material
     Kappa-Fission Rate                   1.20994e+06 +/- 585.965
     Flux                                 0.801505 +/- 0.000326899
     Recoverable fission power            0 +/- 0
 Distributed Cell u159->c510->l158(3,0)->u144->c398
   Total Material
     Kappa-Fission Rate                   1.03713e+06 +/- 547.126
     Flux                                 0.681608 +/- 0.000296338
     Recoverable fission power            0 +/- 0
 Distributed Cell u159->c510->l158(4,0)->u144->c398
   Total Material
     Kappa-Fission Rate                   903153 +/- 573.907
     Flux                                 0.573174 +/- 0.000296183
     Recoverable fission power            0 +/- 0
 Distributed Cell u159->c510->l158(-5,1)->u144->c398
   Total Material
     Kappa-Fission Rate                   824435 +/- 594.071
     Flux                                 0.498116 +/- 0.000275846
     Recoverable fission power            0 +/- 0
 Distributed Cell u159->c510->l158(-4,1)->u144->c398
   Total Material
     Kappa-Fission Rate                   939545 +/- 556.518
     Flux                                 0.604077 +/- 0.000295615
     Recoverable fission power            0 +/- 0
 Distributed Cell u159->c510->l158(-3,1)->u144->c398
   Total Material
     Kappa-Fission Rate                   1.07637e+06 +/- 554.981
     Flux                                 0.708322 +/- 0.000317265
     Recoverable fission power            0 +/- 0
 Distributed Cell u159->c510->l158(-2,1)->u144->c398
   Total Material
     Kappa-Fission Rate                   1.16735e+06 +/- 578.181
     Flux                                 0.774066 +/- 0.00032638
     Recoverable fission power            0 +/- 0
 Distributed Cell u159->c510->l158(-1,1)->u144->c398
   Total Material
     Kappa-Fission Rate                   1.21124e+06 +/- 584.696
     Flux                                 0.802307 +/- 0.000328099
     Recoverable fission power            0 +/- 0
 Distributed Cell u159->c510->l158(0,1)->u144->c398
   Total Material
     Kappa-Fission Rate                   1.21775e+06 +/- 595.882
     Flux                                 0.809831 +/- 0.00033458
     Recoverable fission power            0 +/- 0
 Distributed Cell u159->c510->l158(1,1)->u144->c398
   Total Material
     Kappa-Fission Rate                   1.16718e+06 +/- 569.709
     Flux                                 0.776312 +/- 0.000324993
     Recoverable fission power            0 +/- 0
 Distributed Cell u159->c510->l158(2,1)->u144->c398
   Total Material
     Kappa-Fission Rate                   1.08228e+06 +/- 546.715
     Flux                                 0.716434 +/- 0.00030465
     Recoverable fission power            0 +/- 0
 Distributed Cell u159->c510->l158(3,1)->u144->c398
   Total Material
     Kappa-Fission Rate                   961002 +/- 542.191
     Flux                                 0.626306 +/- 0.000302964
     Recoverable fission power            0 +/- 0
 Distributed Cell u159->c510->l158(4,1)->u144->c398
   Total Material
     Kappa-Fission Rate                   845548 +/- 640.113
     Flux                                 0.503219 +/- 0.000293036
     Recoverable fission power            0 +/- 0
 Distributed Cell u159->c510->l158(-5,2)->u144->c398
   Total Material
     Kappa-Fission Rate                   848411 +/- 591.418
     Flux                                 0.515013 +/- 0.000283563
     Recoverable fission power            0 +/- 0
 Distributed Cell u159->c510->l158(-3,2)->u144->c398
   Total Material
     Kappa-Fission Rate                   1.07513e+06 +/- 574.46
     Flux                                 0.705593 +/- 0.000314902
     Recoverable fission power            0 +/- 0
 Distributed Cell u159->c510->l158(-1,2)->u144->c398
   Total Material
     Kappa-Fission Rate                   1.16968e+06 +/- 582.011
     Flux                                 0.777502 +/- 0.0003293
     Recoverable fission power            0 +/- 0
 Distributed Cell u159->c510->l158(0,2)->u144->c398
   Total Material
     Kappa-Fission Rate                   1.15279e+06 +/- 566.639
     Flux                                 0.769248 +/- 0.000328563
     Recoverable fission power            0 +/- 0
 Distributed Cell u159->c510->l158(2,2)->u144->c398
   Total Material
     Kappa-Fission Rate                   982395 +/- 555.64
     Flux                                 0.644644 +/- 0.000303584
     Recoverable fission power            0 +/- 0
 Distributed Cell u159->c510->l158(3,2)->u144->c398
   Total Material
     Kappa-Fission Rate                   872760 +/- 578.71
     Flux                                 0.536683 +/- 0.000286618
     Recoverable fission power            0 +/- 0
 Distributed Cell u159->c510->l158(-5,3)->u144->c398
   Total Material
     Kappa-Fission Rate                   849535 +/- 594.699
     Flux                                 0.510042 +/- 0.000276414
     Recoverable fission power            0 +/- 0
 Distributed Cell u159->c510->l158(-4,3)->u144->c398
   Total Material
     Kappa-Fission Rate                   946423 +/- 530.652
     Flux                                 0.609819 +/- 0.000287992
     Recoverable fission power            0 +/- 0
 Distributed Cell u159->c510->l158(-3,3)->u144->c398
   Total Material
     Kappa-Fission Rate                   1.03757e+06 +/- 562.715
     Flux                                 0.681854 +/- 0.000315145
     Recoverable fission power            0 +/- 0
 Distributed Cell u159->c510->l158(-2,3)->u144->c398
   Total Material
     Kappa-Fission Rate                   1.08482e+06 +/- 553.475
     Flux                                 0.717663 +/- 0.000311402
     Recoverable fission power            0 +/- 0
 Distributed Cell u159->c510->l158(-1,3)->u144->c398
   Total Material
     Kappa-Fission Rate                   1.08651e+06 +/- 564.298
     Flux                                 0.721799 +/- 0.000318207
     Recoverable fission power            0 +/- 0
 Distributed Cell u159->c510->l158(0,3)->u144->c398
   Total Material
     Kappa-Fission Rate                   1.03587e+06 +/- 532.89
     Flux                                 0.682471 +/- 0.000294817
     Recoverable fission power            0 +/- 0
 Distributed Cell u159->c510->l158(1,3)->u144->c398
   Total Material
     Kappa-Fission Rate                   958321 +/- 535.375
     Flux                                 0.62363 +/- 0.000296314
     Recoverable fission power            0 +/- 0
 Distributed Cell u159->c510->l158(2,3)->u144->c398
   Total Material
     Kappa-Fission Rate                   873852 +/- 602.506
     Flux                                 0.538803 +/- 0.000292333
     Recoverable fission power            0 +/- 0
 Distributed Cell u159->c510->l158(-5,4)->u144->c398
   Total Material
     Kappa-Fission Rate                   833914 +/- 607.051
     Flux                                 0.489661 +/- 0.000274302
     Recoverable fission power            0 +/- 0
 Distributed Cell u159->c510->l158(-4,4)->u144->c398
   Total Material
     Kappa-Fission Rate                   902889 +/- 580.366
     Flux                                 0.572884 +/- 0.000296561
     Recoverable fission power            0 +/- 0
 Distributed Cell u159->c510->l158(-3,4)->u144->c398
   Total Material
     Kappa-Fission Rate                   960169 +/- 541.133
     Flux                                 0.625828 +/- 0.000302353
     Recoverable fission power            0 +/- 0
 Distributed Cell u159->c510->l158(-2,4)->u144->c398
   Total Material
     Kappa-Fission Rate                   984058 +/- 542.66
     Flux                                 0.644888 +/- 0.000305035
     Recoverable fission power            0 +/- 0
 Distributed Cell u159->c510->l158(-1,4)->u144->c398
   Total Material
     Kappa-Fission Rate                   959126 +/- 544.182
     Flux                                 0.623674 +/- 0.000294701
     Recoverable fission power            0 +/- 0
 Distributed Cell u159->c510->l158(1,4)->u144->c398
   Total Material
     Kappa-Fission Rate                   845384 +/- 568.951
     Flux                                 0.513521 +/- 0.000274309
     Recoverable fission power            0 +/- 0
 Distributed Cell u159->c510->l158(-4,5)->u144->c398
   Total Material
     Kappa-Fission Rate                   845630 +/- 627.772
     Flux                                 0.50291 +/- 0.00028822
     Recoverable fission power            0 +/- 0
 Distributed Cell u159->c510->l158(-3,5)->u144->c398
   Total Material
     Kappa-Fission Rate                   873753 +/- 579.623
     Flux                                 0.53699 +/- 0.000281171
     Recoverable fission power            0 +/- 0
 Distributed Cell u159->c510->l158(-2,5)->u144->c398
   Total Material
     Kappa-Fission Rate                   875099 +/- 572.939
     Flux                                 0.539313 +/- 0.000276127
     Recoverable fission power            0 +/- 0
 Distributed Cell u159->c510->l158(-1,5)->u144->c398
   Total Material
     Kappa-Fission Rate                   846781 +/- 580.508
     Flux                                 0.51403 +/- 0.000275333
     Recoverable fission power            0 +/- 0
 Distributed Cell u159->c510->l158(0,5)->u144->c398
   Total Material
     Kappa-Fission Rate                   805180 +/- 594.13
     Flux                                 0.466791 +/- 0.00025918
     Recoverable fission power            0 +/- 0
 ============================>     TALLY 3     <============================

 Distributed Cell u159->c510->l158(1,-5)->u144->c399
   Total Material
     Kappa-Fission Rate                   8715.76 +/- 23.1636
     Flux                                 0.124013 +/- 0.000148249
     Recoverable fission power            0 +/- 0
 Distributed Cell u159->c510->l158(2,-5)->u144->c399
   Total Material
     Kappa-Fission Rate                   9275.19 +/- 25.3883
     Flux                                 0.128769 +/- 0.000142813
     Recoverable fission power            0 +/- 0
 Distributed Cell u159->c510->l158(3,-5)->u144->c399
   Total Material
     Kappa-Fission Rate                   9316.49 +/- 24.8547
     Flux                                 0.129 +/- 0.000142657
     Recoverable fission power            0 +/- 0
 Distributed Cell u159->c510->l158(4,-5)->u144->c399
   Total Material
     Kappa-Fission Rate                   8959.33 +/- 24.5292
     Flux                                 0.124708 +/- 0.000138256
     Recoverable fission power            0 +/- 0
 Distributed Cell u159->c510->l158(5,-5)->u144->c399
   Total Material
     Kappa-Fission Rate                   8090.89 +/- 22.5847
     Flux                                 0.115732 +/- 0.000133812
     Recoverable fission power            0 +/- 0
 Distributed Cell u159->c510->l158(-1,-4)->u144->c399
   Total Material
     Kappa-Fission Rate                   8728.28 +/- 24.2885
     Flux                                 0.123788 +/- 0.000136327
     Recoverable fission power            0 +/- 0
 Distributed Cell u159->c510->l158(0,-4)->u144->c399
   Total Material
     Kappa-Fission Rate                   10132.6 +/- 25.7118
     Flux                                 0.137242 +/- 0.000147522
     Recoverable fission power            0 +/- 0
 Distributed Cell u159->c510->l158(1,-4)->u144->c399
   Total Material
     Kappa-Fission Rate                   11042.6 +/- 26.15
     Flux                                 0.145729 +/- 0.00014861
     Recoverable fission power            0 +/- 0
 Distributed Cell u159->c510->l158(2,-4)->u144->c399
   Total Material
     Kappa-Fission Rate                   11273.4 +/- 28.7219
     Flux                                 0.14809 +/- 0.000151936
     Recoverable fission power            0 +/- 0
 Distributed Cell u159->c510->l158(3,-4)->u144->c399
   Total Material
     Kappa-Fission Rate                   10910.8 +/- 26.8691
     Flux                                 0.144646 +/- 0.000145052
     Recoverable fission power            0 +/- 0
 Distributed Cell u159->c510->l158(5,-4)->u144->c399
   Total Material
     Kappa-Fission Rate                   8802.08 +/- 25.1723
     Flux                                 0.124004 +/- 0.000139696
     Recoverable fission power            0 +/- 0
 Distributed Cell u159->c510->l158(-2,-3)->u144->c399
   Total Material
     Kappa-Fission Rate                   9275.39 +/- 24.6527
     Flux                                 0.128673 +/- 0.000151195
     Recoverable fission power            0 +/- 0
 Distributed Cell u159->c510->l158(-1,-3)->u144->c399
   Total Material
     Kappa-Fission Rate                   11060.3 +/- 26.4206
     Flux                                 0.145747 +/- 0.000155073
     Recoverable fission power            0 +/- 0
 Distributed Cell u159->c510->l158(0,-3)->u144->c399
   Total Material
     Kappa-Fission Rate                   12430.1 +/- 28.6527
     Flux                                 0.159392 +/- 0.000161652
     Recoverable fission power            0 +/- 0
 Distributed Cell u159->c510->l158(1,-3)->u144->c399
   Total Material
     Kappa-Fission Rate                   12924.5 +/- 29.3221
     Flux                                 0.16513 +/- 0.000157742
     Recoverable fission power            0 +/- 0
 Distributed Cell u159->c510->l158(2,-3)->u144->c399
   Total Material
     Kappa-Fission Rate                   12647.6 +/- 30.433
     Flux                                 0.162898 +/- 0.000158264
     Recoverable fission power            0 +/- 0
 Distributed Cell u159->c510->l158(3,-3)->u144->c399
   Total Material
     Kappa-Fission Rate                   11921.8 +/- 29.6707
     Flux                                 0.155579 +/- 0.00015378
     Recoverable fission power            0 +/- 0
 Distributed Cell u159->c510->l158(4,-3)->u144->c399
   Total Material
     Kappa-Fission Rate                   10532.4 +/- 27.472
     Flux                                 0.143655 +/- 0.000148902
     Recoverable fission power            0 +/- 0
 Distributed Cell u159->c510->l158(5,-3)->u144->c399
   Total Material
     Kappa-Fission Rate                   8706.45 +/- 23.6788
     Flux                                 0.127035 +/- 0.00014176
     Recoverable fission power            0 +/- 0
 Distributed Cell u159->c510->l158(-3,-2)->u144->c399
   Total Material
     Kappa-Fission Rate                   9299.26 +/- 24.3809
     Flux                                 0.128772 +/- 0.000144974
     Recoverable fission power            0 +/- 0
 Distributed Cell u159->c510->l158(-2,-2)->u144->c399
   Total Material
     Kappa-Fission Rate                   11278.1 +/- 26.3717
     Flux                                 0.148041 +/- 0.000160302
     Recoverable fission power            0 +/- 0
 Distributed Cell u159->c510->l158(-1,-2)->u144->c399
   Total Material
     Kappa-Fission Rate                   12953.9 +/- 29.0164
     Flux                                 0.165165 +/- 0.000161247
     Recoverable fission power            0 +/- 0
 Distributed Cell u159->c510->l158(1,-2)->u144->c399
   Total Material
     Kappa-Fission Rate                   13900.3 +/- 30.1931
     Flux                                 0.177252 +/- 0.000167884
     Recoverable fission power            0 +/- 0
 Distributed Cell u159->c510->l158(2,-2)->u144->c399
   Total Material
     Kappa-Fission Rate                   13409.3 +/- 31.2905
     Flux                                 0.172209 +/- 0.000162709
     Recoverable fission power            0 +/- 0
 Distributed Cell u159->c510->l158(3,-2)->u144->c399
   Total Material
     Kappa-Fission Rate                   12286.1 +/- 28.7349
     Flux                                 0.16213 +/- 0.000160459
     Recoverable fission power            0 +/- 0
 Distributed Cell u159->c510->l158(5,-2)->u144->c399
   Total Material
     Kappa-Fission Rate                   8658.14 +/- 23.1098
     Flux                                 0.126156 +/- 0.000144705
     Recoverable fission power            0 +/- 0
 Distributed Cell u159->c510->l158(-4,-1)->u144->c399
   Total Material
     Kappa-Fission Rate                   8970.6 +/- 23.5748
     Flux                                 0.12495 +/- 0.000141753
     Recoverable fission power            0 +/- 0
 Distributed Cell u159->c510->l158(-3,-1)->u144->c399
   Total Material
     Kappa-Fission Rate                   10942.3 +/- 26.0736
     Flux                                 0.144927 +/- 0.000153666
     Recoverable fission power            0 +/- 0
 Distributed Cell u159->c510->l158(-2,-1)->u144->c399
   Total Material
     Kappa-Fission Rate                   12677.4 +/- 29.1314
     Flux                                 0.163408 +/- 0.000162812
     Recoverable fission power            0 +/- 0
 Distributed Cell u159->c510->l158(-1,-1)->u144->c399
   Total Material
     Kappa-Fission Rate                   13911.5 +/- 31.5994
     Flux                                 0.177297 +/- 0.000169205
     Recoverable fission power            0 +/- 0
 Distributed Cell u159->c510->l158(0,-1)->u144->c399
   Total Material
     Kappa-Fission Rate                   14189.1 +/- 31.0611
     Flux                                 0.183918 +/- 0.000164941
     Recoverable fission power            0 +/- 0
 Distributed Cell u159->c510->l158(1,-1)->u144->c399
   Total Material
     Kappa-Fission Rate                   14094 +/- 32.0733
     Flux                                 0.183114 +/- 0.000162117
     Recoverable fission power            0 +/- 0
 Distributed Cell u159->c510->l158(2,-1)->u144->c399
   Total Material
     Kappa-Fission Rate                   13677.7 +/- 29.7978
     Flux                                 0.176169 +/- 0.000160355
     Recoverable fission power            0 +/- 0
 Distributed Cell u159->c510->l158(3,-1)->u144->c399
   Total Material
     Kappa-Fission Rate                   12521.9 +/- 28.9826
     Flux                                 0.163725 +/- 0.000159982
     Recoverable fission power            0 +/- 0
 Distributed Cell u159->c510->l158(4,-1)->u144->c399
   Total Material
     Kappa-Fission Rate                   10502.6 +/- 25.8919
     Flux                                 0.143837 +/- 0.000156809
     Recoverable fission power            0 +/- 0
 Distributed Cell u159->c510->l158(5,-1)->u144->c399
   Total Material
     Kappa-Fission Rate                   8428.84 +/- 23.699
     Flux                                 0.121914 +/- 0.000142687
     Recoverable fission power            0 +/- 0
 Distributed Cell u159->c510->l158(-5,0)->u144->c399
   Total Material
     Kappa-Fission Rate                   8107.87 +/- 22.4881
     Flux                                 0.116066 +/- 0.000140677
     Recoverable fission power            0 +/- 0
 Distributed Cell u159->c510->l158(-3,0)->u144->c399
   Total Material
     Kappa-Fission Rate                   11894.9 +/- 27.5709
     Flux                                 0.155953 +/- 0.00016132
     Recoverable fission power            0 +/- 0
 Distributed Cell u159->c510->l158(-2,0)->u144->c399
   Total Material
     Kappa-Fission Rate                   13426 +/- 30.3513
     Flux                                 0.172679 +/- 0.000163186
     Recoverable fission power            0 +/- 0
 Distributed Cell u159->c510->l158(-1,0)->u144->c399
   Total Material
     Kappa-Fission Rate                   14076.3 +/- 29.8063
     Flux                                 0.183257 +/- 0.00017132
     Recoverable fission power            0 +/- 0
 Distributed Cell u159->c510->l158(1,0)->u144->c399
   Total Material
     Kappa-Fission Rate                   14141.7 +/- 31.1362
     Flux                                 0.182779 +/- 0.000168039
     Recoverable fission power            0 +/- 0
 Distributed Cell u159->c510->l158(3,0)->u144->c399
   Total Material
     Kappa-Fission Rate                   12074.1 +/- 27.5779
     Flux                                 0.157831 +/- 0.000160527
     Recoverable fission power            0 +/- 0
 Distributed Cell u159->c510->l158(4,0)->u144->c399
   Total Material
     Kappa-Fission Rate                   9881.59 +/- 25.7847
     Flux                                 0.13559 +/- 0.000152994
     Recoverable fission power            0 +/- 0
 Distributed Cell u159->c510->l158(-5,1)->u144->c399
   Total Material
     Kappa-Fission Rate                   8835.52 +/- 23.8081
     Flux                                 0.124418 +/- 0.000145391
     Recoverable fission power            0 +/- 0
 Distributed Cell u159->c510->l158(-4,1)->u144->c399
   Total Material
     Kappa-Fission Rate                   10586.6 +/- 25.8196
     Flux                                 0.143892 +/- 0.000149089
     Recoverable fission power            0 +/- 0
 Distributed Cell u159->c510->l158(-3,1)->u144->c399
   Total Material
     Kappa-Fission Rate                   12324.5 +/- 28.0906
     Flux                                 0.162451 +/- 0.000154566
     Recoverable fission power            0 +/- 0
 Distributed Cell u159->c510->l158(-2,1)->u144->c399
   Total Material
     Kappa-Fission Rate                   13718 +/- 31.0787
     Flux                                 0.176529 +/- 0.000167123
     Recoverable fission power            0 +/- 0
 Distributed Cell u159->c510->l158(-1,1)->u144->c399
   Total Material
     Kappa-Fission Rate                   14140.1 +/- 30.6942
     Flux                                 0.183265 +/- 0.000171001
     Recoverable fission power            0 +/- 0
 Distributed Cell u159->c510->l158(0,1)->u144->c399
   Total Material
     Kappa-Fission Rate                   14097.5 +/- 30.4356
     Flux                                 0.183152 +/- 0.000162705
     Recoverable fission power            0 +/- 0
 Distributed Cell u159->c510->l158(1,1)->u144->c399
   Total Material
     Kappa-Fission Rate                   13855.4 +/- 30.5952
     Flux                                 0.176711 +/- 0.000165101
     Recoverable fission power            0 +/- 0
 Distributed Cell u159->c510->l158(2,1)->u144->c399
   Total Material
     Kappa-Fission Rate                   12830.5 +/- 28.2652
     Flux                                 0.16428 +/- 0.00016255
     Recoverable fission power            0 +/- 0
 Distributed Cell u159->c510->l158(3,1)->u144->c399
   Total Material
     Kappa-Fission Rate                   10926.2 +/- 26.4556
     Flux                                 0.144745 +/- 0.000158942
     Recoverable fission power            0 +/- 0
 Distributed Cell u159->c510->l158(4,1)->u144->c399
   Total Material
     Kappa-Fission Rate                   8620.7 +/- 25.2169
     Flux                                 0.122598 +/- 0.000148915
     Recoverable fission power            0 +/- 0
 Distributed Cell u159->c510->l158(-5,2)->u144->c399
   Total Material
     Kappa-Fission Rate                   8744.82 +/- 23.7725
     Flux                                 0.126765 +/- 0.000141173
     Recoverable fission power            0 +/- 0
 Distributed Cell u159->c510->l158(-3,2)->u144->c399
   Total Material
     Kappa-Fission Rate                   12461.2 +/- 28.7891
     Flux                                 0.163776 +/- 0.000161632
     Recoverable fission power            0 +/- 0
 Distributed Cell u159->c510->l158(-1,2)->u144->c399
   Total Material
     Kappa-Fission Rate                   13775.1 +/- 29.14
     Flux                                 0.176795 +/- 0.000162577
     Recoverable fission power            0 +/- 0
 Distributed Cell u159->c510->l158(0,2)->u144->c399
   Total Material
     Kappa-Fission Rate                   13520.6 +/- 30.0212
     Flux                                 0.172929 +/- 0.000157894
     Recoverable fission power            0 +/- 0
 Distributed Cell u159->c510->l158(2,2)->u144->c399
   Total Material
     Kappa-Fission Rate                   11416.2 +/- 28.0086
     Flux                                 0.148168 +/- 0.000156882
     Recoverable fission power            0 +/- 0
 Distributed Cell u159->c510->l158(3,2)->u144->c399
   Total Material
     Kappa-Fission Rate                   9246.71 +/- 25.1684
     Flux                                 0.128605 +/- 0.000157274
     Recoverable fission power            0 +/- 0
 Distributed Cell u159->c510->l158(-5,3)->u144->c399
   Total Material
     Kappa-Fission Rate                   8702.04 +/- 22.43
     Flux                                 0.126166 +/- 0.00014177
     Recoverable fission power            0 +/- 0
 Distributed Cell u159->c510->l158(-4,3)->u144->c399
   Total Material
     Kappa-Fission Rate                   10485.9 +/- 25.7085
     Flux                                 0.143758 +/- 0.00015307
     Recoverable fission power            0 +/- 0
 Distributed Cell u159->c510->l158(-3,3)->u144->c399
   Total Material
     Kappa-Fission Rate                   12088.8 +/- 28.6403
     Flux                                 0.157742 +/- 0.000157467
     Recoverable fission power            0 +/- 0
 Distributed Cell u159->c510->l158(-2,3)->u144->c399
   Total Material
     Kappa-Fission Rate                   12818.6 +/- 29.8853
     Flux                                 0.16432 +/- 0.000152973
     Recoverable fission power            0 +/- 0
 Distributed Cell u159->c510->l158(-1,3)->u144->c399
   Total Material
     Kappa-Fission Rate                   12765.7 +/- 28.1205
     Flux                                 0.163437 +/- 0.000154821
     Recoverable fission power            0 +/- 0
 Distributed Cell u159->c510->l158(0,3)->u144->c399
   Total Material
     Kappa-Fission Rate                   12236.9 +/- 28.7876
     Flux                                 0.157017 +/- 0.000156959
     Recoverable fission power            0 +/- 0
 Distributed Cell u159->c510->l158(1,3)->u144->c399
   Total Material
     Kappa-Fission Rate                   11190 +/- 27.1399
     Flux                                 0.145961 +/- 0.000150397
     Recoverable fission power            0 +/- 0
 Distributed Cell u159->c510->l158(2,3)->u144->c399
   Total Material
     Kappa-Fission Rate                   9404.12 +/- 24.2842
     Flux                                 0.12963 +/- 0.000144808
     Recoverable fission power            0 +/- 0
 Distributed Cell u159->c510->l158(-5,4)->u144->c399
   Total Material
     Kappa-Fission Rate                   8357.87 +/- 23.299
     Flux                                 0.121604 +/- 0.000148682
     Recoverable fission power            0 +/- 0
 Distributed Cell u159->c510->l158(-4,4)->u144->c399
   Total Material
     Kappa-Fission Rate                   9878.91 +/- 25.5823
     Flux                                 0.135408 +/- 0.000143915
     Recoverable fission power            0 +/- 0
 Distributed Cell u159->c510->l158(-3,4)->u144->c399
   Total Material
     Kappa-Fission Rate                   10909.1 +/- 26.364
     Flux                                 0.144711 +/- 0.000150409
     Recoverable fission power            0 +/- 0
 Distributed Cell u159->c510->l158(-2,4)->u144->c399
   Total Material
     Kappa-Fission Rate                   11309.5 +/- 26.9809
     Flux                                 0.147873 +/- 0.000149021
     Recoverable fission power            0 +/- 0
 Distributed Cell u159->c510->l158(-1,4)->u144->c399
   Total Material
     Kappa-Fission Rate                   11102.3 +/- 26.1175
     Flux                                 0.145471 +/- 0.000148071
     Recoverable fission power            0 +/- 0
 Distributed Cell u159->c510->l158(1,4)->u144->c399
   Total Material
     Kappa-Fission Rate                   9168.29 +/- 24.9515
     Flux                                 0.12642 +/- 0.000148152
     Recoverable fission power            0 +/- 0
 Distributed Cell u159->c510->l158(-4,5)->u144->c399
   Total Material
     Kappa-Fission Rate                   8608.74 +/- 22.8169
     Flux                                 0.122648 +/- 0.000139573
     Recoverable fission power            0 +/- 0
 Distributed Cell u159->c510->l158(-3,5)->u144->c399
   Total Material
     Kappa-Fission Rate                   9243.97 +/- 25.1901
     Flux                                 0.128514 +/- 0.000141457
     Recoverable fission power            0 +/- 0
 Distributed Cell u159->c510->l158(-2,5)->u144->c399
   Total Material
     Kappa-Fission Rate                   9368.31 +/- 23.9483
     Flux                                 0.129304 +/- 0.000142208
     Recoverable fission power            0 +/- 0
 Distributed Cell u159->c510->l158(-1,5)->u144->c399
   Total Material
     Kappa-Fission Rate                   9125.75 +/- 23.4231
     Flux                                 0.126174 +/- 0.000140608
     Recoverable fission power            0 +/- 0
 Distributed Cell u159->c510->l158(0,5)->u144->c399
   Total Material
     Kappa-Fission Rate                   8341.18 +/- 23.2547
     Flux                                 0.118038 +/- 0.000141991
     Recoverable fission power            0 +/- 0
 ============================>     TALLY 4     <============================

 Distributed Cell u159->c510
   Incoming Energy [1e-05, 0.0001)
     Total Material
       Flux                                 0 +/- 0
   Incoming Energy [0.0001, 0.0005)
     Total Material
       Flux                                 0 +/- 0
   Incoming Energy [0.0005, 0.00075)
     Total Material
       Flux                                 0 +/- 0
   Incoming Energy [0.00075, 0.001)
     Total Material
       Flux                                 0 +/- 0
   Incoming Energy [0.001, 0.0012)
     Total Material
       Flux                                 0 +/- 0
   Incoming Energy [0.0012, 0.0015)
     Total Material
       Flux                                 0 +/- 0
   Incoming Energy [0.0015, 0.002)
     Total Material
       Flux                                 0 +/- 0
   Incoming Energy [0.002, 0.0025)
     Total Material
       Flux                                 0 +/- 0
   Incoming Energy [0.0025, 0.003)
     Total Material
       Flux                                 0 +/- 0
   Incoming Energy [0.003, 0.004)
     Total Material
       Flux                                 1.97658e-08 +/- 1.97658e-08
   Incoming Energy [0.004, 0.005)
     Total Material
       Flux                                 4.39024e-08 +/- 3.91015e-08
   Incoming Energy [0.005, 0.0075)
     Total Material
       Flux                                 1.04577e-07 +/- 4.1379e-08
   Incoming Energy [0.0075, 0.01)
     Total Material
       Flux                                 2.44918e-07 +/- 9.03959e-08
   Incoming Energy [0.01, 0.0253)
     Total Material
       Flux                                 6.11234e-06 +/- 7.06865e-07
   Incoming Energy [0.0253, 0.03)
     Total Material
       Flux                                 4.06158e-06 +/- 4.33656e-07
   Incoming Energy [0.03, 0.04)
     Total Material
       Flux                                 1.49115e-05 +/- 1.06132e-06
   Incoming Energy [0.04, 0.05)
     Total Material
       Flux                                 2.01799e-05 +/- 1.0943e-06
   Incoming Energy [0.05, 0.06)
     Total Material
       Flux                                 3.15747e-05 +/- 1.49616e-06
   Incoming Energy [0.06, 0.07)
     Total Material
       Flux                                 4.17285e-05 +/- 1.60294e-06
   Incoming Energy [0.07, 0.08)
     Total Material
       Flux                                 5.86672e-05 +/- 1.88952e-06
   Incoming Energy [0.08, 0.09)
     Total Material
       Flux                                 7.44919e-05 +/- 2.21784e-06
   Incoming Energy [0.09, 0.1)
     Total Material
       Flux                                 9.42511e-05 +/- 2.38802e-06
   Incoming Energy [0.1, 0.125)
     Total Material
       Flux                                 0.000332956 +/- 5.79691e-06
   Incoming Energy [0.125, 0.15)
     Total Material
       Flux                                 0.000474309 +/- 6.8379e-06
   Incoming Energy [0.15, 0.175)
     Total Material
       Flux                                 0.000642449 +/- 7.81912e-06
   Incoming Energy [0.175, 0.2)
     Total Material
       Flux                                 0.000822882 +/- 8.74557e-06
   Incoming Energy [0.2, 0.225)
     Total Material
       Flux                                 0.00099062 +/- 9.05182e-06
   Incoming Energy [0.225, 0.25)
     Total Material
       Flux                                 0.00117689 +/- 1.02182e-05
   Incoming Energy [0.25, 0.275)
     Total Material
       Flux                                 0.00136675 +/- 1.09571e-05
   Incoming Energy [0.275, 0.3)
     Total Material
       Flux                                 0.00154207 +/- 1.15411e-05
   Incoming Energy [0.3, 0.325)
     Total Material
       Flux                                 0.00170854 +/- 1.18313e-05
   Incoming Energy [0.325, 0.35)
     Total Material
       Flux                                 0.00187527 +/- 1.25214e-05
   Incoming Energy [0.35, 0.375)
     Total Material
       Flux                                 0.00204433 +/- 1.24448e-05
   Incoming Energy [0.375, 0.4)
     Total Material
       Flux                                 0.00219565 +/- 1.30285e-05
   Incoming Energy [0.4, 0.45)
     Total Material
       Flux                                 0.00479317 +/- 2.16909e-05
   Incoming Energy [0.45, 0.5)
     Total Material
       Flux                                 0.00529134 +/- 2.29246e-05
   Incoming Energy [0.5, 0.55)
     Total Material
       Flux                                 0.00582281 +/- 2.40965e-05
   Incoming Energy [0.55, 0.6)
     Total Material
       Flux                                 0.00627608 +/- 2.40187e-05
   Incoming Energy [0.6, 0.625)
     Total Material
       Flux                                 0.00325843 +/- 1.5278e-05
   Incoming Energy [0.625, 0.65)
     Total Material
       Flux                                 0.00335692 +/- 1.49898e-05
   Incoming Energy [0.65, 0.7)
     Total Material
       Flux                                 0.00699822 +/- 2.30429e-05
   Incoming Energy [0.7, 0.75)
     Total Material
       Flux                                 0.00727026 +/- 2.34102e-05
   Incoming Energy [0.75, 0.8)
     Total Material
       Flux                                 0.00750778 +/- 2.37374e-05
   Incoming Energy [0.8, 0.85)
     Total Material
       Flux                                 0.00777235 +/- 2.44547e-05
   Incoming Energy [0.85, 0.9)
     Total Material
       Flux                                 0.00794704 +/- 2.50325e-05
   Incoming Energy [0.9, 0.925)
     Total Material
       Flux                                 0.0040593 +/- 1.55842e-05
   Incoming Energy [0.925, 0.95)
     Total Material
       Flux                                 0.00408588 +/- 1.51333e-05
   Incoming Energy [0.95, 0.975)
     Total Material
       Flux                                 0.00412222 +/- 1.52745e-05
   Incoming Energy [0.975, 1)
     Total Material
       Flux                                 0.00416181 +/- 1.56072e-05
   Incoming Energy [1, 1.01)
     Total Material
       Flux                                 0.00167539 +/- 8.95579e-06
   Incoming Energy [1.01, 1.02)
     Total Material
       Flux                                 0.00168889 +/- 8.84046e-06
   Incoming Energy [1.02, 1.03)
     Total Material
       Flux                                 0.00167993 +/- 8.60149e-06
   Incoming Energy [1.03, 1.04)
     Total Material
       Flux                                 0.00168162 +/- 9.29922e-06
   Incoming Energy [1.04, 1.05)
     Total Material
       Flux                                 0.00169464 +/- 8.71347e-06
   Incoming Energy [1.05, 1.06)
     Total Material
       Flux                                 0.00169562 +/- 8.81197e-06
   Incoming Energy [1.06, 1.07)
     Total Material
       Flux                                 0.00170369 +/- 9.0158e-06
   Incoming Energy [1.07, 1.08)
     Total Material
       Flux                                 0.00170334 +/- 8.97094e-06
   Incoming Energy [1.08, 1.09)
     Total Material
       Flux                                 0.00170646 +/- 8.72125e-06
   Incoming Energy [1.09, 1.1)
     Total Material
       Flux                                 0.00170962 +/- 9.06651e-06
   Incoming Energy [1.1, 1.11)
     Total Material
       Flux                                 0.0017284 +/- 9.20096e-06
   Incoming Energy [1.11, 1.12)
     Total Material
       Flux                                 0.00172985 +/- 8.78801e-06
   Incoming Energy [1.12, 1.13)
     Total Material
       Flux                                 0.00172133 +/- 8.77641e-06
   Incoming Energy [1.13, 1.14)
     Total Material
       Flux                                 0.00174082 +/- 9.04731e-06
   Incoming Energy [1.14, 1.15)
     Total Material
       Flux                                 0.00175001 +/- 8.88008e-06
   Incoming Energy [1.15, 1.175)
     Total Material
       Flux                                 0.00435228 +/- 1.51779e-05
   Incoming Energy [1.175, 1.2)
     Total Material
       Flux                                 0.00439272 +/- 1.53395e-05
   Incoming Energy [1.2, 1.225)
     Total Material
       Flux                                 0.00440131 +/- 1.5386e-05
   Incoming Energy [1.225, 1.25)
     Total Material
       Flux                                 0.00441886 +/- 1.55261e-05
   Incoming Energy [1.25, 1.3)
     Total Material
       Flux                                 0.00894256 +/- 2.42807e-05
   Incoming Energy [1.3, 1.35)
     Total Material
       Flux                                 0.00898147 +/- 2.30191e-05
   Incoming Energy [1.35, 1.4)
     Total Material
       Flux                                 0.00906129 +/- 2.41762e-05
   Incoming Energy [1.4, 1.45)
     Total Material
       Flux                                 0.00909168 +/- 2.4266e-05
   Incoming Energy [1.45, 1.5)
     Total Material
       Flux                                 0.00910008 +/- 2.33973e-05
   Incoming Energy [1.5, 1.59)
     Total Material
       Flux                                 0.0164723 +/- 3.52982e-05
   Incoming Energy [1.59, 1.68)
     Total Material
       Flux                                 0.0165333 +/- 3.38347e-05
   Incoming Energy [1.68, 1.77)
     Total Material
       Flux                                 0.0165714 +/- 3.5992e-05
   Incoming Energy [1.77, 1.86)
     Total Material
       Flux                                 0.0165494 +/- 3.4218e-05
   Incoming Energy [1.86, 1.94)
     Total Material
       Flux                                 0.0147155 +/- 3.1691e-05
   Incoming Energy [1.94, 2)
     Total Material
       Flux                                 0.0110205 +/- 2.58662e-05
   Incoming Energy [2, 2.12)
     Total Material
       Flux                                 0.022039 +/- 3.98645e-05
   Incoming Energy [2.12, 2.21)
     Total Material
       Flux                                 0.016454 +/- 3.26495e-05
   Incoming Energy [2.21, 2.3)
     Total Material
       Flux                                 0.0163777 +/- 3.09655e-05
   Incoming Energy [2.3, 2.38)
     Total Material
       Flux                                 0.0145293 +/- 3.0172e-05
   Incoming Energy [2.38, 2.47)
     Total Material
       Flux                                 0.0162463 +/- 3.04557e-05
   Incoming Energy [2.47, 2.57)
     Total Material
       Flux                                 0.0180222 +/- 3.25291e-05
   Incoming Energy [2.57, 2.67)
     Total Material
       Flux                                 0.0179262 +/- 3.22278e-05
   Incoming Energy [2.67, 2.77)
     Total Material
       Flux                                 0.0177677 +/- 3.25378e-05
   Incoming Energy [2.77, 2.87)
     Total Material
       Flux                                 0.0176569 +/- 3.21881e-05
   Incoming Energy [2.87, 2.97)
     Total Material
       Flux                                 0.0174943 +/- 3.15328e-05
   Incoming Energy [2.97, 3)
     Total Material
       Flux                                 0.00521762 +/- 1.55246e-05
   Incoming Energy [3, 3.05)
     Total Material
       Flux                                 0.00869443 +/- 2.08825e-05
   Incoming Energy [3.05, 3.15)
     Total Material
       Flux                                 0.0172985 +/- 3.16539e-05
   Incoming Energy [3.15, 3.5)
     Total Material
       Flux                                 0.059653 +/- 7.1965e-05
   Incoming Energy [3.5, 3.73)
     Total Material
       Flux                                 0.0383043 +/- 5.3115e-05
   Incoming Energy [3.73, 4)
     Total Material
       Flux                                 0.0442914 +/- 5.6599e-05
   Incoming Energy [4, 4.75)
     Total Material
       Flux                                 0.118418 +/- 0.00011715
   Incoming Energy [4.75, 5)
     Total Material
       Flux                                 0.0379499 +/- 4.92024e-05
   Incoming Energy [5, 5.4)
     Total Material
       Flux                                 0.0594408 +/- 6.47692e-05
   Incoming Energy [5.4, 6)
     Total Material
       Flux                                 0.0859802 +/- 8.41236e-05
   Incoming Energy [6, 6.25)
     Total Material
       Flux                                 0.0347676 +/- 4.47746e-05
   Incoming Energy [6.25, 6.5)
     Total Material
       Flux                                 0.0341419 +/- 4.46023e-05
   Incoming Energy [6.5, 6.75)
     Total Material
       Flux                                 0.0335579 +/- 4.44567e-05
   Incoming Energy [6.75, 7)
     Total Material
       Flux                                 0.0332321 +/- 4.14636e-05
   Incoming Energy [7, 7.15)
     Total Material
       Flux                                 0.019821 +/- 3.15812e-05
   Incoming Energy [7.15, 8.1)
     Total Material
       Flux                                 0.122957 +/- 0.000108026
   Incoming Energy [8.1, 9.1)
     Total Material
       Flux                                 0.122334 +/- 0.000102372
   Incoming Energy [9.1, 10)
     Total Material
       Flux                                 0.104888 +/- 9.18342e-05
   Incoming Energy [10, 11.5)
     Total Material
       Flux                                 0.164647 +/- 0.000125909
   Incoming Energy [11.5, 11.9)
     Total Material
       Flux                                 0.0418767 +/- 4.70383e-05
   Incoming Energy [11.9, 12.9)
     Total Material
       Flux                                 0.101998 +/- 8.71161e-05
   Incoming Energy [12.9, 13.75)
     Total Material
       Flux                                 0.0841246 +/- 7.3459e-05
   Incoming Energy [13.75, 14.4)
     Total Material
       Flux                                 0.0623077 +/- 6.25579e-05
   Incoming Energy [14.4, 15.1)
     Total Material
       Flux                                 0.0653841 +/- 5.95044e-05
   Incoming Energy [15.1, 16)
     Total Material
       Flux                                 0.0816474 +/- 7.07842e-05
   Incoming Energy [16, 17)
     Total Material
       Flux                                 0.0869532 +/- 7.40867e-05
   Incoming Energy [17, 18.5)
     Total Material
       Flux                                 0.129751 +/- 9.66709e-05
   Incoming Energy [18.5, 19)
     Total Material
       Flux                                 0.0404244 +/- 4.31064e-05
   Incoming Energy [19, 20)
     Total Material
       Flux                                 0.0787172 +/- 6.74642e-05
   Incoming Energy [20, 21)
     Total Material
       Flux                                 0.0761011 +/- 6.43079e-05
   Incoming Energy [21, 22.5)
     Total Material
       Flux                                 0.111291 +/- 8.39358e-05
   Incoming Energy [22.5, 25)
     Total Material
       Flux                                 0.177035 +/- 0.000121507
   Incoming Energy [25, 27.5)
     Total Material
       Flux                                 0.16621 +/- 0.000111277
   Incoming Energy [27.5, 30)
     Total Material
       Flux                                 0.156684 +/- 0.000106206
   Incoming Energy [30, 31.25)
     Total Material
       Flux                                 0.0750988 +/- 6.41025e-05
   Incoming Energy [31.25, 31.75)
     Total Material
       Flux                                 0.0295839 +/- 3.68481e-05
   Incoming Energy [31.75, 33.25)
     Total Material
       Flux                                 0.0867289 +/- 6.73568e-05
   Incoming Energy [33.25, 33.75)
     Total Material
       Flux                                 0.0282742 +/- 3.45764e-05
   Incoming Energy [33.75, 34.6)
     Total Material
       Flux                                 0.0473954 +/- 4.65771e-05
   Incoming Energy [34.6, 35.5)
     Total Material
       Flux                                 0.0492337 +/- 4.82906e-05
   Incoming Energy [35.5, 37)
     Total Material
       Flux                                 0.080214 +/- 6.26438e-05
   Incoming Energy [37, 38)
     Total Material
       Flux                                 0.0524703 +/- 4.88193e-05
   Incoming Energy [38, 39.1)
     Total Material
       Flux                                 0.057414 +/- 5.389e-05
   Incoming Energy [39.1, 39.6)
     Total Material
       Flux                                 0.0255536 +/- 3.33732e-05
   Incoming Energy [39.6, 41)
     Total Material
       Flux                                 0.0720823 +/- 6.1059e-05
   Incoming Energy [41, 42.4)
     Total Material
       Flux                                 0.0675633 +/- 5.87104e-05
   Incoming Energy [42.4, 44)
     Total Material
       Flux                                 0.0856809 +/- 6.54891e-05
   Incoming Energy [44, 45.2)
     Total Material
       Flux                                 0.0348868 +/- 3.21727e-05
   Incoming Energy [45.2, 47)
     Total Material
       Flux                                 0.0995603 +/- 6.98593e-05
   Incoming Energy [47, 48.3)
     Total Material
       Flux                                 0.0755862 +/- 6.13316e-05
   Incoming Energy [48.3, 49.2)
     Total Material
       Flux                                 0.0518798 +/- 4.95284e-05
   Incoming Energy [49.2, 50.6)
     Total Material
       Flux                                 0.0796126 +/- 6.19105e-05
   Incoming Energy [50.6, 52)
     Total Material
       Flux                                 0.0782605 +/- 5.99802e-05
   Incoming Energy [52, 53.4)
     Total Material
       Flux                                 0.0770172 +/- 6.03973e-05
   Incoming Energy [53.4, 59)
     Total Material
       Flux                                 0.29454 +/- 0.00015031
   Incoming Energy [59, 61)
     Total Material
       Flux                                 0.100543 +/- 7.41415e-05
   Incoming Energy [61, 65)
     Total Material
       Flux                                 0.19436 +/- 0.000107879
   Incoming Energy [65, 67.5)
     Total Material
       Flux                                 0.116085 +/- 7.94462e-05
   Incoming Energy [67.5, 72)
     Total Material
       Flux                                 0.203537 +/- 0.000112003
   Incoming Energy [72, 76)
     Total Material
       Flux                                 0.177381 +/- 0.000100079
   Incoming Energy [76, 80)
     Total Material
       Flux                                 0.170838 +/- 9.99165e-05
   Incoming Energy [80, 82)
     Total Material
       Flux                                 0.0824236 +/- 6.25019e-05
   Incoming Energy [82, 90)
     Total Material
       Flux                                 0.318857 +/- 0.000156639
   Incoming Energy [90, 100)
     Total Material
       Flux                                 0.370826 +/- 0.000171873
   Incoming Energy [100, 108)
     Total Material
       Flux                                 0.27721 +/- 0.000134232
   Incoming Energy [108, 115)
     Total Material
       Flux                                 0.23171 +/- 0.000119216
   Incoming Energy [115, 119)
     Total Material
       Flux                                 0.126854 +/- 8.3001e-05
   Incoming Energy [119, 122)
     Total Material
       Flux                                 0.0958332 +/- 6.91816e-05
   Incoming Energy [122, 186)
     Total Material
       Flux                                 1.74166 +/- 0.000613504
   Incoming Energy [186, 192.5)
     Total Material
       Flux                                 0.153467 +/- 9.10147e-05
   Incoming Energy [192.5, 207.5)
     Total Material
       Flux                                 0.340026 +/- 0.000154516
   Incoming Energy [207.5, 210)
     Total Material
       Flux                                 0.0532692 +/- 4.98706e-05
   Incoming Energy [210, 240)
     Total Material
       Flux                                 0.615395 +/- 0.000238687
   Incoming Energy [240, 285)
     Total Material
       Flux                                 0.785467 +/- 0.000270309
   Incoming Energy [285, 305)
     Total Material
       Flux                                 0.276068 +/- 0.00012011
   Incoming Energy [305, 550)
     Total Material
       Flux                                 2.57582 +/- 0.000734953
   Incoming Energy [550, 670)
     Total Material
       Flux                                 1.34504 +/- 0.000393204
   Incoming Energy [670, 683)
     Total Material
       Flux                                 0.132394 +/- 8.53952e-05
   Incoming Energy [683, 950)
     Total Material
       Flux                                 2.50797 +/- 0.000682426
   Incoming Energy [950, 1150)
     Total Material
       Flux                                 1.37447 +/- 0.000380431
   Incoming Energy [1150, 1500)
     Total Material
       Flux                                 2.67857 +/- 0.000605467
   Incoming Energy [1500, 1550)
     Total Material
       Flux                                 0.330048 +/- 0.000136632
   Incoming Energy [1550, 1800)
     Total Material
       Flux                                 1.50701 +/- 0.000376103
   Incoming Energy [1800, 2200)
     Total Material
       Flux                                 1.60915 +/- 0.000374238
   Incoming Energy [2200, 2290)
     Total Material
       Flux                                 0.194356 +/- 7.46861e-05
   Incoming Energy [2290, 2580)
     Total Material
       Flux                                 0.356735 +/- 0.000100206
   Incoming Energy [2580, 3000)
     Total Material
       Flux                                 0.33667 +/- 9.91415e-05
   Incoming Energy [3000, 3740)
     Total Material
       Flux                                 1.17403 +/- 0.000255348
   Incoming Energy [3740, 3900)
     Total Material
       Flux                                 0.284994 +/- 9.71303e-05
   Incoming Energy [3900, 6000)
     Total Material
       Flux                                 3.47219 +/- 0.00068997
   Incoming Energy [6000, 8030)
     Total Material
       Flux                                 2.44559 +/- 0.000491851
   Incoming Energy [8030, 9500)
     Total Material
       Flux                                 1.54952 +/- 0.000338922
   Incoming Energy [9500, 13000)
     Total Material
       Flux                                 4.61034 +/- 0.000848629
   Incoming Energy [13000, 17000)
     Total Material
       Flux                                 3.51441 +/- 0.00063184
   Incoming Energy [17000, 25000)
     Total Material
       Flux                                 9.59295 +/- 0.00155055
   Incoming Energy [25000, 30000)
     Total Material
       Flux                                 3.32845 +/- 0.000605476
   Incoming Energy [30000, 45000)
     Total Material
       Flux                                 9.32115 +/- 0.00136615
   Incoming Energy [45000, 50000)
     Total Material
       Flux                                 3.5082 +/- 0.000640377
   Incoming Energy [50000, 52000)
     Total Material
       Flux                                 0.676052 +/- 0.000190252
   Incoming Energy [52000, 60000)
     Total Material
       Flux                                 4.04433 +/- 0.000698572
   Incoming Energy [60000, 73000)
     Total Material
       Flux                                 7.02345 +/- 0.00110151
   Incoming Energy [73000, 75000)
     Total Material
       Flux                                 0.646833 +/- 0.000227848
   Incoming Energy [75000, 82000)
     Total Material
       Flux                                 4.12959 +/- 0.000750068
   Incoming Energy [82000, 85000)
     Total Material
       Flux                                 1.19395 +/- 0.000369063
   Incoming Energy [85000, 100000)
     Total Material
       Flux                                 5.11129 +/- 0.000768493
   Incoming Energy [100000, 128300)
     Total Material
       Flux                                 11.0024 +/- 0.00151697
   Incoming Energy [128300, 150000)
     Total Material
       Flux                                 7.05644 +/- 0.00111063
   Incoming Energy [150000, 200000)
     Total Material
       Flux                                 12.2108 +/- 0.00152389
   Incoming Energy [200000, 270000)
     Total Material
       Flux                                 13.0139 +/- 0.00167437
   Incoming Energy [270000, 330000)
     Total Material
       Flux                                 10.0093 +/- 0.00153197
   Incoming Energy [330000, 400000)
     Total Material
       Flux                                 7.73446 +/- 0.00122226
   Incoming Energy [400000, 420000)
     Total Material
       Flux                                 1.33782 +/- 0.000332265
   Incoming Energy [420000, 440000)
     Total Material
       Flux                                 1.37128 +/- 0.000353199
   Incoming Energy [440000, 470000)
     Total Material
       Flux                                 2.44633 +/- 0.000550358
   Incoming Energy [470000, 499520)
     Total Material
       Flux                                 2.49415 +/- 0.000554288
   Incoming Energy [499520, 550000)
     Total Material
       Flux                                 4.18699 +/- 0.000828725
   Incoming Energy [550000, 573000)
     Total Material
       Flux                                 1.742 +/- 0.000517679
   Incoming Energy [573000, 600000)
     Total Material
       Flux                                 2.02941 +/- 0.00058115
   Incoming Energy [600000, 670000)
     Total Material
       Flux                                 4.39073 +/- 0.000935093
   Incoming Energy [670000, 679000)
     Total Material
       Flux                                 0.38597 +/- 0.000188858
   Incoming Energy [679000, 750000)
     Total Material
       Flux                                 3.05104 +/- 0.000717694
   Incoming Energy [750000, 820000)
     Total Material
       Flux                                 2.44922 +/- 0.000620422
   Incoming Energy [820000, 861100)
     Total Material
       Flux                                 1.30774 +/- 0.000454961
   Incoming Energy [861100, 875000)
     Total Material
       Flux                                 0.354607 +/- 0.000213662
   Incoming Energy [875000, 900000)
     Total Material
       Flux                                 0.674892 +/- 0.000306008
   Incoming Energy [900000, 920000)
     Total Material
       Flux                                 0.438249 +/- 0.000224213
   Incoming Energy [920000, 1010000)
     Total Material
       Flux                                 1.82642 +/- 0.000583554
   Incoming Energy [1010000, 1100000)
     Total Material
       Flux                                 1.61223 +/- 0.000552299
   Incoming Energy [1100000, 1200000)
     Total Material
       Flux                                 1.93442 +/- 0.00062778
   Incoming Energy [1200000, 1250000)
     Total Material
       Flux                                 0.818975 +/- 0.000351585
   Incoming Energy [1250000, 1317000)
     Total Material
       Flux                                 0.915082 +/- 0.000371337
   Incoming Energy [1317000, 1356000)
     Total Material
       Flux                                 0.48952 +/- 0.000258933
   Incoming Energy [1356000, 1400000)
     Total Material
       Flux                                 0.595483 +/- 0.00031878
   Incoming Energy [1400000, 1500000)
     Total Material
       Flux                                 1.16716 +/- 0.000464933
   Incoming Energy [1500000, 1850000)
     Total Material
       Flux                                 3.1527 +/- 0.000897168
   Incoming Energy [1850000, 2354000)
     Total Material
       Flux                                 3.01851 +/- 0.000866535
   Incoming Energy [2354000, 2479000)
     Total Material
       Flux                                 0.63264 +/- 0.000348045
   Incoming Energy [2479000, 3000000)
     Total Material
       Flux                                 1.89873 +/- 0.000688156
   Incoming Energy [3000000, 4304000)
     Total Material
       Flux                                 2.12456 +/- 0.000724042
   Incoming Energy [4304000, 4800000)
     Total Material
       Flux                                 0.408086 +/- 0.000310885
   Incoming Energy [4800000, 6434000)
     Total Material
       Flux                                 0.668173 +/- 0.000410621
   Incoming Energy [6434000, 8187300)
     Total Material
       Flux                                 0.207647 +/- 0.000230359
   Incoming Energy [8187300, 10000000)
     Total Material
       Flux                                 0.0557123 +/- 0.00011522
   Incoming Energy [10000000, 12840000)
     Total Material
       Flux                                 0.0165917 +/- 6.37781e-05
   Incoming Energy [12840000, 13840000)
     Total Material
       Flux                                 0.0011626 +/- 1.73124e-05
   Incoming Energy [13840000, 14550000)
     Total Material
       Flux                                 0.000427033 +/- 1.00442e-05
   Incoming Energy [14550000, 15683000)
     Total Material
       Flux                                 0.000328839 +/- 8.65208e-06
   Incoming Energy [15683000, 17333000)
     Total Material
       Flux                                 0.000173909 +/- 6.5093e-06
   Incoming Energy [17333000, 20000000)
     Total Material
       Flux                                 6.15799e-05 +/- 4.2349e-06
