                                %%%%%%%%%%%%%%%
                           %%%%%%%%%%%%%%%%%%%%%%%%
                        %%%%%%%%%%%%%%%%%%%%%%%%%%%%%%
                      %%%%%%%%%%%%%%%%%%%%%%%%%%%%%%%%%%
                    %%%%%%%%%%%%%%%%%%%%%%%%%%%%%%%%%%%%%%
                   %%%%%%%%%%%%%%%%%%%%%%%%%%%%%%%%%%%%%%%%
                                    %%%%%%%%%%%%%%%%%%%%%%%%
                                     %%%%%%%%%%%%%%%%%%%%%%%%
                 ###############      %%%%%%%%%%%%%%%%%%%%%%%%
                ##################     %%%%%%%%%%%%%%%%%%%%%%%
                ###################     %%%%%%%%%%%%%%%%%%%%%%%
                ####################     %%%%%%%%%%%%%%%%%%%%%%
                #####################     %%%%%%%%%%%%%%%%%%%%%
                ######################     %%%%%%%%%%%%%%%%%%%%
                #######################     %%%%%%%%%%%%%%%%%%
                 #######################     %%%%%%%%%%%%%%%%%
                 ######################     %%%%%%%%%%%%%%%%%
                  ####################     %%%%%%%%%%%%%%%%%
                    #################     %%%%%%%%%%%%%%%%%
                     ###############     %%%%%%%%%%%%%%%%
                       ############     %%%%%%%%%%%%%%%
                          ########     %%%%%%%%%%%%%%
                                      %%%%%%%%%%%

                 | The OpenMC Monte Carlo Code
       Copyright | 2011-2022 MIT, UChicago Argonne LLC, and contributors
         License | https://docs.openmc.org/en/latest/license.html
         Version | 0.13.0
        Git SHA1 | a64df444b72c755afe82d85fbcb2cb6f0a61009c
       Date/Time | 2022-04-04 21:53:28
  OpenMP Threads | 16

 Reading settings XML file...
 Reading cross sections XML file...
 Reading materials XML file...
 Reading geometry XML file...
 Reading U235 from /mnt/d/OpenMC_TCS/OpenMCLib/U235.h5
 Reading U238 from /mnt/d/OpenMC_TCS/OpenMCLib/U238.h5
 Reading O16 from /mnt/d/OpenMC_TCS/OpenMCLib/O16.h5
 Reading Fe54 from /mnt/d/OpenMC_TCS/OpenMCLib/Fe54.h5
 Reading Fe56 from /mnt/d/OpenMC_TCS/OpenMCLib/Fe56.h5
 Reading Fe57 from /mnt/d/OpenMC_TCS/OpenMCLib/Fe57.h5
 Reading Fe58 from /mnt/d/OpenMC_TCS/OpenMCLib/Fe58.h5
 Reading Cr50 from /mnt/d/OpenMC_TCS/OpenMCLib/Cr50.h5
 Reading Cr52 from /mnt/d/OpenMC_TCS/OpenMCLib/Cr52.h5
 Reading Cr53 from /mnt/d/OpenMC_TCS/OpenMCLib/Cr53.h5
 Reading Cr54 from /mnt/d/OpenMC_TCS/OpenMCLib/Cr54.h5
 Reading Ni58 from /mnt/d/OpenMC_TCS/OpenMCLib/Ni58.h5
 Reading Ni60 from /mnt/d/OpenMC_TCS/OpenMCLib/Ni60.h5
 Reading Ni61 from /mnt/d/OpenMC_TCS/OpenMCLib/Ni61.h5
 Reading Ni62 from /mnt/d/OpenMC_TCS/OpenMCLib/Ni62.h5
 Reading Ni64 from /mnt/d/OpenMC_TCS/OpenMCLib/Ni64.h5
 Reading Mo92 from /mnt/d/OpenMC_TCS/OpenMCLib/Mo92.h5
 Reading Mo94 from /mnt/d/OpenMC_TCS/OpenMCLib/Mo94.h5
 Reading Mo95 from /mnt/d/OpenMC_TCS/OpenMCLib/Mo95.h5
 Reading Mo96 from /mnt/d/OpenMC_TCS/OpenMCLib/Mo96.h5
 Reading Mo97 from /mnt/d/OpenMC_TCS/OpenMCLib/Mo97.h5
 Reading Mo98 from /mnt/d/OpenMC_TCS/OpenMCLib/Mo98.h5
 Reading Mo100 from /mnt/d/OpenMC_TCS/OpenMCLib/Mo100.h5
 Reading Mn55 from /mnt/d/OpenMC_TCS/OpenMCLib/Mn55.h5
 Reading C0 from /mnt/d/OpenMC_TCS/OpenMCLib/C0.h5
 Reading Ti46 from /mnt/d/OpenMC_TCS/OpenMCLib/Ti46.h5
 Reading Ti47 from /mnt/d/OpenMC_TCS/OpenMCLib/Ti47.h5
 Reading Ti48 from /mnt/d/OpenMC_TCS/OpenMCLib/Ti48.h5
 Reading Ti49 from /mnt/d/OpenMC_TCS/OpenMCLib/Ti49.h5
 Reading Ti50 from /mnt/d/OpenMC_TCS/OpenMCLib/Ti50.h5
 Reading Si28 from /mnt/d/OpenMC_TCS/OpenMCLib/Si28.h5
 Reading Si29 from /mnt/d/OpenMC_TCS/OpenMCLib/Si29.h5
 Reading Si30 from /mnt/d/OpenMC_TCS/OpenMCLib/Si30.h5
 Reading B10 from /mnt/d/OpenMC_TCS/OpenMCLib/B10.h5
 Reading B11 from /mnt/d/OpenMC_TCS/OpenMCLib/B11.h5
 Reading Na23 from /mnt/d/OpenMC_TCS/OpenMCLib/Na23.h5
 Minimum neutron data temperature: 523 K
 Maximum neutron data temperature: 523 K
 Reading tallies XML file...
 Preparing distributed cell instances...
 Reading plot XML file...
 Writing summary.h5 file...
 Maximum neutron transport energy: 20000000 eV for U235
 Initializing source particles...

 ====================>     K EIGENVALUE SIMULATION     <====================

  Bat./Gen.      k            Average k
  =========   ========   ====================
        1/1    0.97556
        2/1    1.00157
        3/1    1.02695
        4/1    1.02759
        5/1    1.03071
        6/1    1.02551
        7/1    1.03009
        8/1    1.02926
        9/1    1.02319
       10/1    1.02607
       11/1    1.03586
       12/1    1.03363
       13/1    1.03460
       14/1    1.02740
       15/1    1.02833
       16/1    1.02408
       17/1    1.03066
       18/1    1.02710
       19/1    1.03081
       20/1    1.02766
       21/1    1.03155
       22/1    1.02482
       23/1    1.02601
       24/1    1.03000
       25/1    1.03645
       26/1    1.02414
       27/1    1.03132
       28/1    1.02575
       29/1    1.03162
       30/1    1.02650
       31/1    1.03325
       32/1    1.03414
       33/1    1.03058
       34/1    1.03127
       35/1    1.02732
       36/1    1.02513
       37/1    1.02944
       38/1    1.03117
       39/1    1.03388
       40/1    1.03027
       41/1    1.03292
       42/1    1.02809
       43/1    1.03650
       44/1    1.02722
       45/1    1.03430
       46/1    1.02989
       47/1    1.02515
       48/1    1.02901
       49/1    1.03185
       50/1    1.03202
       51/1    1.02933
       52/1    1.03617    1.03275 +/- 0.00342
       53/1    1.03149    1.03233 +/- 0.00202
       54/1    1.02529    1.03057 +/- 0.00227
       55/1    1.03433    1.03132 +/- 0.00191
       56/1    1.02190    1.02975 +/- 0.00221
       57/1    1.03181    1.03005 +/- 0.00189
       58/1    1.03593    1.03078 +/- 0.00180
       59/1    1.03068    1.03077 +/- 0.00158
       60/1    1.03093    1.03079 +/- 0.00142
       61/1    1.02740    1.03048 +/- 0.00132
       62/1    1.03181    1.03059 +/- 0.00121
       63/1    1.02776    1.03037 +/- 0.00113
       64/1    1.02591    1.03005 +/- 0.00110
       65/1    1.03061    1.03009 +/- 0.00102
       66/1    1.03682    1.03051 +/- 0.00104
       67/1    1.03236    1.03062 +/- 0.00099
       68/1    1.02699    1.03042 +/- 0.00095
       69/1    1.02970    1.03038 +/- 0.00090
       70/1    1.03160    1.03044 +/- 0.00086
       71/1    1.03551    1.03068 +/- 0.00085
       72/1    1.03628    1.03094 +/- 0.00085
       73/1    1.03777    1.03123 +/- 0.00086
       74/1    1.02416    1.03094 +/- 0.00088
       75/1    1.02826    1.03083 +/- 0.00085
       76/1    1.02993    1.03080 +/- 0.00082
       77/1    1.02892    1.03073 +/- 0.00079
       78/1    1.02664    1.03058 +/- 0.00077
       79/1    1.02753    1.03048 +/- 0.00075
       80/1    1.02933    1.03044 +/- 0.00073
       81/1    1.03618    1.03062 +/- 0.00073
       82/1    1.03254    1.03068 +/- 0.00071
       83/1    1.02794    1.03060 +/- 0.00069
       84/1    1.03056    1.03060 +/- 0.00067
       85/1    1.02992    1.03058 +/- 0.00065
       86/1    1.02219    1.03035 +/- 0.00068
       87/1    1.03519    1.03048 +/- 0.00067
       88/1    1.03579    1.03062 +/- 0.00067
       89/1    1.02663    1.03052 +/- 0.00066
       90/1    1.03632    1.03066 +/- 0.00066
       91/1    1.02409    1.03050 +/- 0.00066
       92/1    1.03347    1.03057 +/- 0.00065
       93/1    1.02930    1.03054 +/- 0.00063
       94/1    1.03453    1.03063 +/- 0.00063
       95/1    1.02826    1.03058 +/- 0.00061
       96/1    1.03172    1.03060 +/- 0.00060
       97/1    1.02739    1.03054 +/- 0.00059
       98/1    1.02602    1.03044 +/- 0.00059
       99/1    1.03158    1.03046 +/- 0.00058
      100/1    1.02782    1.03041 +/- 0.00057
      101/1    1.03024    1.03041 +/- 0.00056
      102/1    1.02768    1.03036 +/- 0.00055
      103/1    1.02637    1.03028 +/- 0.00054
      104/1    1.03127    1.03030 +/- 0.00053
      105/1    1.03294    1.03035 +/- 0.00052
      106/1    1.03429    1.03042 +/- 0.00052
      107/1    1.03711    1.03053 +/- 0.00052
      108/1    1.02824    1.03050 +/- 0.00052
      109/1    1.02802    1.03045 +/- 0.00051
      110/1    1.03074    1.03046 +/- 0.00050
      111/1    1.03288    1.03050 +/- 0.00049
      112/1    1.03576    1.03058 +/- 0.00049
      113/1    1.02767    1.03054 +/- 0.00049
      114/1    1.03300    1.03057 +/- 0.00048
      115/1    1.02131    1.03043 +/- 0.00050
      116/1    1.03049    1.03043 +/- 0.00049
      117/1    1.03406    1.03049 +/- 0.00048
      118/1    1.03170    1.03051 +/- 0.00048
      119/1    1.02470    1.03042 +/- 0.00048
      120/1    1.03001    1.03041 +/- 0.00047
      121/1    1.02970    1.03040 +/- 0.00046
      122/1    1.03522    1.03047 +/- 0.00046
      123/1    1.03156    1.03049 +/- 0.00046
      124/1    1.02757    1.03045 +/- 0.00045
      125/1    1.03238    1.03047 +/- 0.00045
      126/1    1.02607    1.03042 +/- 0.00044
      127/1    1.02624    1.03036 +/- 0.00044
      128/1    1.02877    1.03034 +/- 0.00044
      129/1    1.03751    1.03043 +/- 0.00044
      130/1    1.02818    1.03040 +/- 0.00044
      131/1    1.02753    1.03037 +/- 0.00043
      132/1    1.03472    1.03042 +/- 0.00043
      133/1    1.03199    1.03044 +/- 0.00042
      134/1    1.03283    1.03047 +/- 0.00042
      135/1    1.02561    1.03041 +/- 0.00042
      136/1    1.02671    1.03037 +/- 0.00042
      137/1    1.03216    1.03039 +/- 0.00041
      138/1    1.02854    1.03037 +/- 0.00041
      139/1    1.02973    1.03036 +/- 0.00040
      140/1    1.03880    1.03045 +/- 0.00041
      141/1    1.02672    1.03041 +/- 0.00041
      142/1    1.03231    1.03043 +/- 0.00040
      143/1    1.02928    1.03042 +/- 0.00040
      144/1    1.02681    1.03038 +/- 0.00040
      145/1    1.03085    1.03039 +/- 0.00039
      146/1    1.02115    1.03029 +/- 0.00040
      147/1    1.03594    1.03035 +/- 0.00040
      148/1    1.03060    1.03035 +/- 0.00040
      149/1    1.03358    1.03039 +/- 0.00039
      150/1    1.02516    1.03033 +/- 0.00039
      151/1    1.03865    1.03042 +/- 0.00040
      152/1    1.03049    1.03042 +/- 0.00039
      153/1    1.02930    1.03041 +/- 0.00039
      154/1    1.02590    1.03036 +/- 0.00039
      155/1    1.02751    1.03033 +/- 0.00039
      156/1    1.03004    1.03033 +/- 0.00038
      157/1    1.02478    1.03028 +/- 0.00038
      158/1    1.02762    1.03026 +/- 0.00038
      159/1    1.03808    1.03033 +/- 0.00038
      160/1    1.02585    1.03029 +/- 0.00038
      161/1    1.02788    1.03026 +/- 0.00038
      162/1    1.02966    1.03026 +/- 0.00038
      163/1    1.03178    1.03027 +/- 0.00037
      164/1    1.02630    1.03024 +/- 0.00037
      165/1    1.02919    1.03023 +/- 0.00037
      166/1    1.02330    1.03017 +/- 0.00037
      167/1    1.02420    1.03012 +/- 0.00037
      168/1    1.03149    1.03013 +/- 0.00037
      169/1    1.02982    1.03013 +/- 0.00036
      170/1    1.02913    1.03012 +/- 0.00036
      171/1    1.03331    1.03015 +/- 0.00036
      172/1    1.03083    1.03015 +/- 0.00036
      173/1    1.02468    1.03011 +/- 0.00036
      174/1    1.02881    1.03010 +/- 0.00035
      175/1    1.03198    1.03011 +/- 0.00035
      176/1    1.03314    1.03013 +/- 0.00035
      177/1    1.02990    1.03013 +/- 0.00035
      178/1    1.02697    1.03011 +/- 0.00034
      179/1    1.02444    1.03006 +/- 0.00034
      180/1    1.02911    1.03006 +/- 0.00034
      181/1    1.02803    1.03004 +/- 0.00034
      182/1    1.03172    1.03005 +/- 0.00034
      183/1    1.03330    1.03008 +/- 0.00034
      184/1    1.03242    1.03010 +/- 0.00033
      185/1    1.03142    1.03011 +/- 0.00033
      186/1    1.03224    1.03012 +/- 0.00033
      187/1    1.02985    1.03012 +/- 0.00033
      188/1    1.02450    1.03008 +/- 0.00033
      189/1    1.03254    1.03010 +/- 0.00032
      190/1    1.02844    1.03008 +/- 0.00032
      191/1    1.03255    1.03010 +/- 0.00032
      192/1    1.03538    1.03014 +/- 0.00032
      193/1    1.02565    1.03011 +/- 0.00032
      194/1    1.03643    1.03015 +/- 0.00032
      195/1    1.02546    1.03012 +/- 0.00032
      196/1    1.03435    1.03015 +/- 0.00032
      197/1    1.03235    1.03016 +/- 0.00032
      198/1    1.02723    1.03014 +/- 0.00032
      199/1    1.02941    1.03014 +/- 0.00031
      200/1    1.02454    1.03010 +/- 0.00031
      201/1    1.03098    1.03011 +/- 0.00031
      202/1    1.02485    1.03007 +/- 0.00031
      203/1    1.02740    1.03006 +/- 0.00031
      204/1    1.03343    1.03008 +/- 0.00031
      205/1    1.03364    1.03010 +/- 0.00031
      206/1    1.03216    1.03011 +/- 0.00031
      207/1    1.02943    1.03011 +/- 0.00030
      208/1    1.03205    1.03012 +/- 0.00030
      209/1    1.02811    1.03011 +/- 0.00030
      210/1    1.03338    1.03013 +/- 0.00030
      211/1    1.02720    1.03011 +/- 0.00030
      212/1    1.03007    1.03011 +/- 0.00030
      213/1    1.03308    1.03013 +/- 0.00030
      214/1    1.02674    1.03011 +/- 0.00029
      215/1    1.02747    1.03009 +/- 0.00029
      216/1    1.03558    1.03013 +/- 0.00029
      217/1    1.02998    1.03012 +/- 0.00029
      218/1    1.03274    1.03014 +/- 0.00029
      219/1    1.03807    1.03019 +/- 0.00029
      220/1    1.02973    1.03018 +/- 0.00029
      221/1    1.02401    1.03015 +/- 0.00029
      222/1    1.03163    1.03016 +/- 0.00029
      223/1    1.03099    1.03016 +/- 0.00029
      224/1    1.02627    1.03014 +/- 0.00029
      225/1    1.03765    1.03018 +/- 0.00029
      226/1    1.02805    1.03017 +/- 0.00029
      227/1    1.03381    1.03019 +/- 0.00029
      228/1    1.02973    1.03019 +/- 0.00028
      229/1    1.02822    1.03018 +/- 0.00028
      230/1    1.02708    1.03016 +/- 0.00028
      231/1    1.03171    1.03017 +/- 0.00028
      232/1    1.02886    1.03016 +/- 0.00028
      233/1    1.02735    1.03015 +/- 0.00028
      234/1    1.03578    1.03018 +/- 0.00028
      235/1    1.02956    1.03017 +/- 0.00028
      236/1    1.03279    1.03019 +/- 0.00028
      237/1    1.02791    1.03017 +/- 0.00027
      238/1    1.03122    1.03018 +/- 0.00027
      239/1    1.03269    1.03019 +/- 0.00027
      240/1    1.03330    1.03021 +/- 0.00027
      241/1    1.03248    1.03022 +/- 0.00027
      242/1    1.02331    1.03019 +/- 0.00027
      243/1    1.03609    1.03022 +/- 0.00027
      244/1    1.03025    1.03022 +/- 0.00027
      245/1    1.03350    1.03023 +/- 0.00027
      246/1    1.03011    1.03023 +/- 0.00027
      247/1    1.02530    1.03021 +/- 0.00027
      248/1    1.03191    1.03022 +/- 0.00027
      249/1    1.02863    1.03021 +/- 0.00026
      250/1    1.03350    1.03022 +/- 0.00026
      251/1    1.02897    1.03022 +/- 0.00026
      252/1    1.02979    1.03022 +/- 0.00026
      253/1    1.03114    1.03022 +/- 0.00026
      254/1    1.03501    1.03024 +/- 0.00026
      255/1    1.02770    1.03023 +/- 0.00026
      256/1    1.03302    1.03025 +/- 0.00026
      257/1    1.02847    1.03024 +/- 0.00026
      258/1    1.02781    1.03023 +/- 0.00026
      259/1    1.03191    1.03023 +/- 0.00026
      260/1    1.03216    1.03024 +/- 0.00025
      261/1    1.02488    1.03022 +/- 0.00025
      262/1    1.02684    1.03020 +/- 0.00025
      263/1    1.02988    1.03020 +/- 0.00025
      264/1    1.02346    1.03017 +/- 0.00025
      265/1    1.02718    1.03015 +/- 0.00025
      266/1    1.03289    1.03017 +/- 0.00025
      267/1    1.03205    1.03018 +/- 0.00025
      268/1    1.02996    1.03017 +/- 0.00025
      269/1    1.02716    1.03016 +/- 0.00025
      270/1    1.03152    1.03017 +/- 0.00025
      271/1    1.02816    1.03016 +/- 0.00025
      272/1    1.02559    1.03014 +/- 0.00025
      273/1    1.03308    1.03015 +/- 0.00025
      274/1    1.03774    1.03018 +/- 0.00025
      275/1    1.03141    1.03019 +/- 0.00025
      276/1    1.02377    1.03016 +/- 0.00025
      277/1    1.02863    1.03015 +/- 0.00025
      278/1    1.02915    1.03015 +/- 0.00024
      279/1    1.03168    1.03016 +/- 0.00024
      280/1    1.02966    1.03016 +/- 0.00024
      281/1    1.02732    1.03014 +/- 0.00024
      282/1    1.03014    1.03014 +/- 0.00024
      283/1    1.02822    1.03013 +/- 0.00024
      284/1    1.03236    1.03014 +/- 0.00024
      285/1    1.02867    1.03014 +/- 0.00024
      286/1    1.02965    1.03014 +/- 0.00024
      287/1    1.02633    1.03012 +/- 0.00024
      288/1    1.03425    1.03014 +/- 0.00024
      289/1    1.03430    1.03015 +/- 0.00024
      290/1    1.03201    1.03016 +/- 0.00023
      291/1    1.03257    1.03017 +/- 0.00023
      292/1    1.03352    1.03019 +/- 0.00023
      293/1    1.02817    1.03018 +/- 0.00023
      294/1    1.02900    1.03017 +/- 0.00023
      295/1    1.03824    1.03021 +/- 0.00023
      296/1    1.02959    1.03020 +/- 0.00023
      297/1    1.03510    1.03022 +/- 0.00023
      298/1    1.03475    1.03024 +/- 0.00023
      299/1    1.03255    1.03025 +/- 0.00023
      300/1    1.02862    1.03024 +/- 0.00023
      301/1    1.03181    1.03025 +/- 0.00023
      302/1    1.03059    1.03025 +/- 0.00023
      303/1    1.03661    1.03028 +/- 0.00023
      304/1    1.03133    1.03028 +/- 0.00023
      305/1    1.02897    1.03028 +/- 0.00023
      306/1    1.03016    1.03028 +/- 0.00023
      307/1    1.03751    1.03030 +/- 0.00023
      308/1    1.03121    1.03031 +/- 0.00023
      309/1    1.03332    1.03032 +/- 0.00023
      310/1    1.03065    1.03032 +/- 0.00022
      311/1    1.03510    1.03034 +/- 0.00022
      312/1    1.03195    1.03034 +/- 0.00022
      313/1    1.02905    1.03034 +/- 0.00022
      314/1    1.02661    1.03033 +/- 0.00022
      315/1    1.03294    1.03034 +/- 0.00022
      316/1    1.02701    1.03032 +/- 0.00022
      317/1    1.03057    1.03032 +/- 0.00022
      318/1    1.02981    1.03032 +/- 0.00022
      319/1    1.02956    1.03032 +/- 0.00022
      320/1    1.03530    1.03034 +/- 0.00022
      321/1    1.02568    1.03032 +/- 0.00022
      322/1    1.03262    1.03033 +/- 0.00022
      323/1    1.03170    1.03033 +/- 0.00022
      324/1    1.03441    1.03035 +/- 0.00022
      325/1    1.02971    1.03035 +/- 0.00022
      326/1    1.02573    1.03033 +/- 0.00022
      327/1    1.02409    1.03031 +/- 0.00022
      328/1    1.03702    1.03033 +/- 0.00022
      329/1    1.02741    1.03032 +/- 0.00022
      330/1    1.02853    1.03031 +/- 0.00022
      331/1    1.02759    1.03030 +/- 0.00022
      332/1    1.03455    1.03032 +/- 0.00022
      333/1    1.02511    1.03030 +/- 0.00022
      334/1    1.02970    1.03030 +/- 0.00021
      335/1    1.03075    1.03030 +/- 0.00021
      336/1    1.03246    1.03031 +/- 0.00021
      337/1    1.03012    1.03031 +/- 0.00021
      338/1    1.03269    1.03032 +/- 0.00021
      339/1    1.03325    1.03033 +/- 0.00021
      340/1    1.02462    1.03031 +/- 0.00021
      341/1    1.03437    1.03032 +/- 0.00021
      342/1    1.02793    1.03031 +/- 0.00021
      343/1    1.02077    1.03028 +/- 0.00021
      344/1    1.02574    1.03026 +/- 0.00021
      345/1    1.02457    1.03024 +/- 0.00021
      346/1    1.02153    1.03022 +/- 0.00021
      347/1    1.03081    1.03022 +/- 0.00021
      348/1    1.03258    1.03023 +/- 0.00021
      349/1    1.02549    1.03021 +/- 0.00021
      350/1    1.03005    1.03021 +/- 0.00021
      351/1    1.02905    1.03021 +/- 0.00021
      352/1    1.03309    1.03021 +/- 0.00021
      353/1    1.03150    1.03022 +/- 0.00021
      354/1    1.02154    1.03019 +/- 0.00021
      355/1    1.02736    1.03018 +/- 0.00021
      356/1    1.03753    1.03021 +/- 0.00021
      357/1    1.02724    1.03020 +/- 0.00021
      358/1    1.03030    1.03020 +/- 0.00021
      359/1    1.03493    1.03021 +/- 0.00021
      360/1    1.03331    1.03022 +/- 0.00021
      361/1    1.03373    1.03023 +/- 0.00021
      362/1    1.02834    1.03023 +/- 0.00021
      363/1    1.03039    1.03023 +/- 0.00021
      364/1    1.03322    1.03024 +/- 0.00021
      365/1    1.03159    1.03024 +/- 0.00021
      366/1    1.02644    1.03023 +/- 0.00021
      367/1    1.02922    1.03023 +/- 0.00021
      368/1    1.02521    1.03021 +/- 0.00021
      369/1    1.03693    1.03023 +/- 0.00021
      370/1    1.02282    1.03021 +/- 0.00021
      371/1    1.03072    1.03021 +/- 0.00021
      372/1    1.03325    1.03022 +/- 0.00021
      373/1    1.03288    1.03023 +/- 0.00021
      374/1    1.03191    1.03023 +/- 0.00021
      375/1    1.02836    1.03023 +/- 0.00020
      376/1    1.03010    1.03023 +/- 0.00020
      377/1    1.03141    1.03023 +/- 0.00020
      378/1    1.03070    1.03023 +/- 0.00020
      379/1    1.02490    1.03021 +/- 0.00020
      380/1    1.03311    1.03022 +/- 0.00020
      381/1    1.03067    1.03022 +/- 0.00020
      382/1    1.03377    1.03024 +/- 0.00020
      383/1    1.03010    1.03024 +/- 0.00020
      384/1    1.02721    1.03023 +/- 0.00020
      385/1    1.02839    1.03022 +/- 0.00020
      386/1    1.03141    1.03022 +/- 0.00020
      387/1    1.03041    1.03022 +/- 0.00020
      388/1    1.02091    1.03020 +/- 0.00020
      389/1    1.03392    1.03021 +/- 0.00020
      390/1    1.02404    1.03019 +/- 0.00020
      391/1    1.03419    1.03020 +/- 0.00020
      392/1    1.03043    1.03020 +/- 0.00020
      393/1    1.03027    1.03020 +/- 0.00020
      394/1    1.03406    1.03021 +/- 0.00020
      395/1    1.03191    1.03022 +/- 0.00020
      396/1    1.03266    1.03023 +/- 0.00020
      397/1    1.03273    1.03023 +/- 0.00020
      398/1    1.02700    1.03022 +/- 0.00020
      399/1    1.03301    1.03023 +/- 0.00020
      400/1    1.03424    1.03024 +/- 0.00020
      401/1    1.02863    1.03024 +/- 0.00020
      402/1    1.02661    1.03023 +/- 0.00020
      403/1    1.03001    1.03023 +/- 0.00019
      404/1    1.02680    1.03022 +/- 0.00019
      405/1    1.03281    1.03023 +/- 0.00019
      406/1    1.03398    1.03024 +/- 0.00019
      407/1    1.02942    1.03023 +/- 0.00019
      408/1    1.03353    1.03024 +/- 0.00019
      409/1    1.02971    1.03024 +/- 0.00019
      410/1    1.02878    1.03024 +/- 0.00019
      411/1    1.03359    1.03025 +/- 0.00019
      412/1    1.02770    1.03024 +/- 0.00019
      413/1    1.02422    1.03022 +/- 0.00019
      414/1    1.02816    1.03022 +/- 0.00019
      415/1    1.03416    1.03023 +/- 0.00019
      416/1    1.03556    1.03024 +/- 0.00019
      417/1    1.02653    1.03023 +/- 0.00019
      418/1    1.02929    1.03023 +/- 0.00019
      419/1    1.02867    1.03023 +/- 0.00019
      420/1    1.03441    1.03024 +/- 0.00019
      421/1    1.03452    1.03025 +/- 0.00019
      422/1    1.02611    1.03024 +/- 0.00019
      423/1    1.02847    1.03023 +/- 0.00019
      424/1    1.03175    1.03024 +/- 0.00019
      425/1    1.03001    1.03024 +/- 0.00019
      426/1    1.02993    1.03024 +/- 0.00019
      427/1    1.02761    1.03023 +/- 0.00019
      428/1    1.03091    1.03023 +/- 0.00019
      429/1    1.03616    1.03025 +/- 0.00019
      430/1    1.03457    1.03026 +/- 0.00019
      431/1    1.03250    1.03026 +/- 0.00019
      432/1    1.02894    1.03026 +/- 0.00019
      433/1    1.03100    1.03026 +/- 0.00018
      434/1    1.03343    1.03027 +/- 0.00018
      435/1    1.02903    1.03027 +/- 0.00018
      436/1    1.03281    1.03027 +/- 0.00018
      437/1    1.03041    1.03027 +/- 0.00018
      438/1    1.03215    1.03028 +/- 0.00018
      439/1    1.02974    1.03028 +/- 0.00018
      440/1    1.02945    1.03027 +/- 0.00018
      441/1    1.02805    1.03027 +/- 0.00018
      442/1    1.03356    1.03028 +/- 0.00018
      443/1    1.03270    1.03028 +/- 0.00018
      444/1    1.03432    1.03029 +/- 0.00018
      445/1    1.03676    1.03031 +/- 0.00018
      446/1    1.03098    1.03031 +/- 0.00018
      447/1    1.03055    1.03031 +/- 0.00018
      448/1    1.03953    1.03034 +/- 0.00018
      449/1    1.03004    1.03033 +/- 0.00018
      450/1    1.03488    1.03035 +/- 0.00018
      451/1    1.03454    1.03036 +/- 0.00018
      452/1    1.02664    1.03035 +/- 0.00018
      453/1    1.03234    1.03035 +/- 0.00018
      454/1    1.03142    1.03036 +/- 0.00018
      455/1    1.03516    1.03037 +/- 0.00018
      456/1    1.02919    1.03036 +/- 0.00018
      457/1    1.03480    1.03037 +/- 0.00018
      458/1    1.03128    1.03038 +/- 0.00018
      459/1    1.03157    1.03038 +/- 0.00018
      460/1    1.03175    1.03038 +/- 0.00018
      461/1    1.02439    1.03037 +/- 0.00018
      462/1    1.02372    1.03035 +/- 0.00018
      463/1    1.02586    1.03034 +/- 0.00018
      464/1    1.03062    1.03034 +/- 0.00018
      465/1    1.03237    1.03035 +/- 0.00018
      466/1    1.02693    1.03034 +/- 0.00018
      467/1    1.03059    1.03034 +/- 0.00018
      468/1    1.03042    1.03034 +/- 0.00018
      469/1    1.02546    1.03033 +/- 0.00018
      470/1    1.02995    1.03033 +/- 0.00018
      471/1    1.03362    1.03034 +/- 0.00018
      472/1    1.03175    1.03034 +/- 0.00018
      473/1    1.03246    1.03034 +/- 0.00017
      474/1    1.02822    1.03034 +/- 0.00017
      475/1    1.03440    1.03035 +/- 0.00017
      476/1    1.03223    1.03035 +/- 0.00017
      477/1    1.02855    1.03035 +/- 0.00017
      478/1    1.02478    1.03034 +/- 0.00017
      479/1    1.03376    1.03034 +/- 0.00017
      480/1    1.03055    1.03034 +/- 0.00017
      481/1    1.03137    1.03035 +/- 0.00017
      482/1    1.02875    1.03034 +/- 0.00017
      483/1    1.02823    1.03034 +/- 0.00017
      484/1    1.02861    1.03033 +/- 0.00017
      485/1    1.02791    1.03033 +/- 0.00017
      486/1    1.03160    1.03033 +/- 0.00017
      487/1    1.02117    1.03031 +/- 0.00017
      488/1    1.03137    1.03031 +/- 0.00017
      489/1    1.02963    1.03031 +/- 0.00017
      490/1    1.02533    1.03030 +/- 0.00017
      491/1    1.03366    1.03031 +/- 0.00017
      492/1    1.03114    1.03031 +/- 0.00017
      493/1    1.02259    1.03029 +/- 0.00017
      494/1    1.02599    1.03028 +/- 0.00017
      495/1    1.03072    1.03028 +/- 0.00017
      496/1    1.02967    1.03028 +/- 0.00017
      497/1    1.02946    1.03028 +/- 0.00017
      498/1    1.02621    1.03027 +/- 0.00017
      499/1    1.03433    1.03028 +/- 0.00017
      500/1    1.03030    1.03028 +/- 0.00017
      501/1    1.03433    1.03029 +/- 0.00017
      502/1    1.03300    1.03029 +/- 0.00017
      503/1    1.03250    1.03030 +/- 0.00017
      504/1    1.03669    1.03031 +/- 0.00017
      505/1    1.02754    1.03031 +/- 0.00017
      506/1    1.03448    1.03032 +/- 0.00017
      507/1    1.03177    1.03032 +/- 0.00017
      508/1    1.03063    1.03032 +/- 0.00017
      509/1    1.03200    1.03032 +/- 0.00017
      510/1    1.02770    1.03032 +/- 0.00017
      511/1    1.03101    1.03032 +/- 0.00017
      512/1    1.03371    1.03033 +/- 0.00017
      513/1    1.02851    1.03032 +/- 0.00017
      514/1    1.02720    1.03032 +/- 0.00017
      515/1    1.03115    1.03032 +/- 0.00017
      516/1    1.03002    1.03032 +/- 0.00017
      517/1    1.02778    1.03031 +/- 0.00016
      518/1    1.04215    1.03034 +/- 0.00017
      519/1    1.02455    1.03033 +/- 0.00017
      520/1    1.02912    1.03032 +/- 0.00017
      521/1    1.02731    1.03032 +/- 0.00017
      522/1    1.02855    1.03031 +/- 0.00017
      523/1    1.03047    1.03031 +/- 0.00017
      524/1    1.03246    1.03032 +/- 0.00016
      525/1    1.02486    1.03031 +/- 0.00016
      526/1    1.03065    1.03031 +/- 0.00016
      527/1    1.02884    1.03030 +/- 0.00016
      528/1    1.03192    1.03031 +/- 0.00016
      529/1    1.02552    1.03030 +/- 0.00016
      530/1    1.02743    1.03029 +/- 0.00016
      531/1    1.03405    1.03030 +/- 0.00016
      532/1    1.03445    1.03031 +/- 0.00016
      533/1    1.03445    1.03032 +/- 0.00016
      534/1    1.02510    1.03031 +/- 0.00016
      535/1    1.02819    1.03030 +/- 0.00016
      536/1    1.03238    1.03031 +/- 0.00016
      537/1    1.02635    1.03030 +/- 0.00016
      538/1    1.02790    1.03029 +/- 0.00016
      539/1    1.02961    1.03029 +/- 0.00016
      540/1    1.02857    1.03029 +/- 0.00016
      541/1    1.03511    1.03030 +/- 0.00016
      542/1    1.03300    1.03030 +/- 0.00016
      543/1    1.02819    1.03030 +/- 0.00016
      544/1    1.03052    1.03030 +/- 0.00016
      545/1    1.03275    1.03030 +/- 0.00016
      546/1    1.03626    1.03032 +/- 0.00016
      547/1    1.03092    1.03032 +/- 0.00016
      548/1    1.03204    1.03032 +/- 0.00016
      549/1    1.03081    1.03032 +/- 0.00016
      550/1    1.02735    1.03032 +/- 0.00016
      551/1    1.02812    1.03031 +/- 0.00016
      552/1    1.03049    1.03031 +/- 0.00016
      553/1    1.03911    1.03033 +/- 0.00016
      554/1    1.02966    1.03033 +/- 0.00016
      555/1    1.03225    1.03033 +/- 0.00016
      556/1    1.02963    1.03033 +/- 0.00016
      557/1    1.03185    1.03033 +/- 0.00016
      558/1    1.03100    1.03033 +/- 0.00016
      559/1    1.02942    1.03033 +/- 0.00016
      560/1    1.03078    1.03033 +/- 0.00016
      561/1    1.02604    1.03032 +/- 0.00016
      562/1    1.03051    1.03033 +/- 0.00016
      563/1    1.03086    1.03033 +/- 0.00016
      564/1    1.03433    1.03033 +/- 0.00016
      565/1    1.03289    1.03034 +/- 0.00016
      566/1    1.03163    1.03034 +/- 0.00016
      567/1    1.02964    1.03034 +/- 0.00016
      568/1    1.03786    1.03035 +/- 0.00016
      569/1    1.03029    1.03035 +/- 0.00016
      570/1    1.03466    1.03036 +/- 0.00016
      571/1    1.02455    1.03035 +/- 0.00016
      572/1    1.02842    1.03035 +/- 0.00016
      573/1    1.03191    1.03035 +/- 0.00016
      574/1    1.03740    1.03036 +/- 0.00016
      575/1    1.03197    1.03037 +/- 0.00016
      576/1    1.02945    1.03037 +/- 0.00016
      577/1    1.03511    1.03037 +/- 0.00016
      578/1    1.03732    1.03039 +/- 0.00016
      579/1    1.03522    1.03040 +/- 0.00016
      580/1    1.03068    1.03040 +/- 0.00016
      581/1    1.03223    1.03040 +/- 0.00016
      582/1    1.03121    1.03040 +/- 0.00015
      583/1    1.03267    1.03041 +/- 0.00015
      584/1    1.02984    1.03041 +/- 0.00015
      585/1    1.03005    1.03041 +/- 0.00015
      586/1    1.03066    1.03041 +/- 0.00015
      587/1    1.02374    1.03039 +/- 0.00015
      588/1    1.02830    1.03039 +/- 0.00015
      589/1    1.02739    1.03038 +/- 0.00015
      590/1    1.03463    1.03039 +/- 0.00015
      591/1    1.03228    1.03040 +/- 0.00015
      592/1    1.03396    1.03040 +/- 0.00015
      593/1    1.02971    1.03040 +/- 0.00015
      594/1    1.03024    1.03040 +/- 0.00015
      595/1    1.02799    1.03040 +/- 0.00015
      596/1    1.03277    1.03040 +/- 0.00015
      597/1    1.03578    1.03041 +/- 0.00015
      598/1    1.02801    1.03041 +/- 0.00015
      599/1    1.03073    1.03041 +/- 0.00015
      600/1    1.03130    1.03041 +/- 0.00015
      601/1    1.02790    1.03040 +/- 0.00015
      602/1    1.02899    1.03040 +/- 0.00015
      603/1    1.03372    1.03041 +/- 0.00015
      604/1    1.02986    1.03041 +/- 0.00015
      605/1    1.03108    1.03041 +/- 0.00015
      606/1    1.02390    1.03040 +/- 0.00015
      607/1    1.02796    1.03039 +/- 0.00015
      608/1    1.02699    1.03038 +/- 0.00015
      609/1    1.02950    1.03038 +/- 0.00015
      610/1    1.02666    1.03038 +/- 0.00015
      611/1    1.03416    1.03038 +/- 0.00015
      612/1    1.03164    1.03039 +/- 0.00015
      613/1    1.03925    1.03040 +/- 0.00015
      614/1    1.02826    1.03040 +/- 0.00015
      615/1    1.03360    1.03040 +/- 0.00015
      616/1    1.02894    1.03040 +/- 0.00015
      617/1    1.03158    1.03040 +/- 0.00015
      618/1    1.03498    1.03041 +/- 0.00015
      619/1    1.02762    1.03041 +/- 0.00015
      620/1    1.03520    1.03041 +/- 0.00015
      621/1    1.03444    1.03042 +/- 0.00015
      622/1    1.03747    1.03043 +/- 0.00015
      623/1    1.03546    1.03044 +/- 0.00015
      624/1    1.02720    1.03044 +/- 0.00015
      625/1    1.03245    1.03044 +/- 0.00015
      626/1    1.03069    1.03044 +/- 0.00015
      627/1    1.03772    1.03045 +/- 0.00015
      628/1    1.03174    1.03046 +/- 0.00015
      629/1    1.03041    1.03046 +/- 0.00015
      630/1    1.02916    1.03045 +/- 0.00015
      631/1    1.03269    1.03046 +/- 0.00015
      632/1    1.03421    1.03046 +/- 0.00015
      633/1    1.03136    1.03046 +/- 0.00015
      634/1    1.03330    1.03047 +/- 0.00015
      635/1    1.03102    1.03047 +/- 0.00015
      636/1    1.03219    1.03047 +/- 0.00015
      637/1    1.03303    1.03048 +/- 0.00015
      638/1    1.02462    1.03047 +/- 0.00015
      639/1    1.03774    1.03048 +/- 0.00015
      640/1    1.03428    1.03049 +/- 0.00015
      641/1    1.02799    1.03048 +/- 0.00015
      642/1    1.03314    1.03049 +/- 0.00015
      643/1    1.03347    1.03049 +/- 0.00015
      644/1    1.03028    1.03049 +/- 0.00015
      645/1    1.03477    1.03050 +/- 0.00015
      646/1    1.03377    1.03050 +/- 0.00015
      647/1    1.03091    1.03051 +/- 0.00015
      648/1    1.02994    1.03050 +/- 0.00015
      649/1    1.03151    1.03051 +/- 0.00014
      650/1    1.02858    1.03050 +/- 0.00014
      651/1    1.02686    1.03050 +/- 0.00014
      652/1    1.03168    1.03050 +/- 0.00014
      653/1    1.03098    1.03050 +/- 0.00014
      654/1    1.02825    1.03050 +/- 0.00014
      655/1    1.03621    1.03051 +/- 0.00014
      656/1    1.02632    1.03050 +/- 0.00014
      657/1    1.03013    1.03050 +/- 0.00014
      658/1    1.02468    1.03049 +/- 0.00014
      659/1    1.02769    1.03048 +/- 0.00014
      660/1    1.03047    1.03048 +/- 0.00014
      661/1    1.03333    1.03049 +/- 0.00014
      662/1    1.02341    1.03048 +/- 0.00014
      663/1    1.02377    1.03047 +/- 0.00014
      664/1    1.02801    1.03046 +/- 0.00014
      665/1    1.03039    1.03046 +/- 0.00014
      666/1    1.02771    1.03046 +/- 0.00014
      667/1    1.02951    1.03046 +/- 0.00014
      668/1    1.03263    1.03046 +/- 0.00014
      669/1    1.02562    1.03045 +/- 0.00014
      670/1    1.02952    1.03045 +/- 0.00014
      671/1    1.03265    1.03045 +/- 0.00014
      672/1    1.03014    1.03045 +/- 0.00014
      673/1    1.02914    1.03045 +/- 0.00014
      674/1    1.03091    1.03045 +/- 0.00014
      675/1    1.02870    1.03045 +/- 0.00014
      676/1    1.02958    1.03045 +/- 0.00014
      677/1    1.02869    1.03044 +/- 0.00014
      678/1    1.02546    1.03044 +/- 0.00014
      679/1    1.03540    1.03044 +/- 0.00014
      680/1    1.02688    1.03044 +/- 0.00014
      681/1    1.03457    1.03045 +/- 0.00014
      682/1    1.02491    1.03044 +/- 0.00014
      683/1    1.03019    1.03044 +/- 0.00014
      684/1    1.02873    1.03043 +/- 0.00014
      685/1    1.03588    1.03044 +/- 0.00014
      686/1    1.03006    1.03044 +/- 0.00014
      687/1    1.03016    1.03044 +/- 0.00014
      688/1    1.03590    1.03045 +/- 0.00014
      689/1    1.03115    1.03045 +/- 0.00014
      690/1    1.02831    1.03045 +/- 0.00014
      691/1    1.03069    1.03045 +/- 0.00014
      692/1    1.02947    1.03045 +/- 0.00014
      693/1    1.03079    1.03045 +/- 0.00014
      694/1    1.03151    1.03045 +/- 0.00014
      695/1    1.03220    1.03045 +/- 0.00014
      696/1    1.02388    1.03044 +/- 0.00014
      697/1    1.03087    1.03044 +/- 0.00014
      698/1    1.03897    1.03045 +/- 0.00014
      699/1    1.03691    1.03046 +/- 0.00014
      700/1    1.02390    1.03045 +/- 0.00014
      701/1    1.03203    1.03046 +/- 0.00014
      702/1    1.03997    1.03047 +/- 0.00014
      703/1    1.02859    1.03047 +/- 0.00014
      704/1    1.03033    1.03047 +/- 0.00014
      705/1    1.03562    1.03048 +/- 0.00014
      706/1    1.02991    1.03048 +/- 0.00014
      707/1    1.02567    1.03047 +/- 0.00014
      708/1    1.03409    1.03047 +/- 0.00014
      709/1    1.03459    1.03048 +/- 0.00014
      710/1    1.02641    1.03047 +/- 0.00014
      711/1    1.03582    1.03048 +/- 0.00014
      712/1    1.02702    1.03048 +/- 0.00014
      713/1    1.03310    1.03048 +/- 0.00014
      714/1    1.02961    1.03048 +/- 0.00014
      715/1    1.02698    1.03047 +/- 0.00014
      716/1    1.02922    1.03047 +/- 0.00014
      717/1    1.02797    1.03047 +/- 0.00014
      718/1    1.02553    1.03046 +/- 0.00014
      719/1    1.03089    1.03046 +/- 0.00014
      720/1    1.02753    1.03046 +/- 0.00014
      721/1    1.02880    1.03045 +/- 0.00014
      722/1    1.03427    1.03046 +/- 0.00014
      723/1    1.03108    1.03046 +/- 0.00014
      724/1    1.03543    1.03047 +/- 0.00014
      725/1    1.03036    1.03047 +/- 0.00014
      726/1    1.02387    1.03046 +/- 0.00014
      727/1    1.03229    1.03046 +/- 0.00014
      728/1    1.03226    1.03046 +/- 0.00014
      729/1    1.03528    1.03047 +/- 0.00014
      730/1    1.03642    1.03048 +/- 0.00014
      731/1    1.02911    1.03048 +/- 0.00014
      732/1    1.03190    1.03048 +/- 0.00014
      733/1    1.02467    1.03047 +/- 0.00014
      734/1    1.02539    1.03046 +/- 0.00014
      735/1    1.02641    1.03046 +/- 0.00014
      736/1    1.02500    1.03045 +/- 0.00014
      737/1    1.02934    1.03045 +/- 0.00014
      738/1    1.02585    1.03044 +/- 0.00014
      739/1    1.03064    1.03044 +/- 0.00014
      740/1    1.03327    1.03045 +/- 0.00014
      741/1    1.02673    1.03044 +/- 0.00014
      742/1    1.03162    1.03044 +/- 0.00014
      743/1    1.02888    1.03044 +/- 0.00014
      744/1    1.02996    1.03044 +/- 0.00014
      745/1    1.02867    1.03044 +/- 0.00013
      746/1    1.02598    1.03043 +/- 0.00013
      747/1    1.02704    1.03043 +/- 0.00013
      748/1    1.03122    1.03043 +/- 0.00013
      749/1    1.02826    1.03042 +/- 0.00013
      750/1    1.03568    1.03043 +/- 0.00013
      751/1    1.03300    1.03043 +/- 0.00013
      752/1    1.03200    1.03044 +/- 0.00013
      753/1    1.03400    1.03044 +/- 0.00013
      754/1    1.02981    1.03044 +/- 0.00013
      755/1    1.03519    1.03045 +/- 0.00013
      756/1    1.02924    1.03045 +/- 0.00013
      757/1    1.02932    1.03044 +/- 0.00013
      758/1    1.03047    1.03044 +/- 0.00013
      759/1    1.03178    1.03045 +/- 0.00013
      760/1    1.03253    1.03045 +/- 0.00013
      761/1    1.03594    1.03046 +/- 0.00013
      762/1    1.03273    1.03046 +/- 0.00013
      763/1    1.03282    1.03046 +/- 0.00013
      764/1    1.03202    1.03047 +/- 0.00013
      765/1    1.03276    1.03047 +/- 0.00013
      766/1    1.02756    1.03047 +/- 0.00013
      767/1    1.03371    1.03047 +/- 0.00013
      768/1    1.02807    1.03047 +/- 0.00013
      769/1    1.03086    1.03047 +/- 0.00013
      770/1    1.03377    1.03047 +/- 0.00013
      771/1    1.02804    1.03047 +/- 0.00013
      772/1    1.02620    1.03046 +/- 0.00013
      773/1    1.02982    1.03046 +/- 0.00013
      774/1    1.02830    1.03046 +/- 0.00013
      775/1    1.03270    1.03046 +/- 0.00013
      776/1    1.02548    1.03045 +/- 0.00013
      777/1    1.02930    1.03045 +/- 0.00013
      778/1    1.03086    1.03045 +/- 0.00013
      779/1    1.03710    1.03046 +/- 0.00013
      780/1    1.02872    1.03046 +/- 0.00013
      781/1    1.02697    1.03046 +/- 0.00013
      782/1    1.03238    1.03046 +/- 0.00013
      783/1    1.02545    1.03045 +/- 0.00013
      784/1    1.03108    1.03045 +/- 0.00013
      785/1    1.02958    1.03045 +/- 0.00013
      786/1    1.02744    1.03045 +/- 0.00013
      787/1    1.03081    1.03045 +/- 0.00013
      788/1    1.03027    1.03045 +/- 0.00013
      789/1    1.02890    1.03044 +/- 0.00013
      790/1    1.03107    1.03045 +/- 0.00013
      791/1    1.03506    1.03045 +/- 0.00013
      792/1    1.02981    1.03045 +/- 0.00013
      793/1    1.03167    1.03045 +/- 0.00013
      794/1    1.02288    1.03044 +/- 0.00013
      795/1    1.03576    1.03045 +/- 0.00013
      796/1    1.02671    1.03044 +/- 0.00013
      797/1    1.03195    1.03045 +/- 0.00013
      798/1    1.03119    1.03045 +/- 0.00013
      799/1    1.02549    1.03044 +/- 0.00013
      800/1    1.02897    1.03044 +/- 0.00013
      801/1    1.02654    1.03043 +/- 0.00013
      802/1    1.02667    1.03043 +/- 0.00013
      803/1    1.03151    1.03043 +/- 0.00013
      804/1    1.03265    1.03043 +/- 0.00013
      805/1    1.02739    1.03043 +/- 0.00013
      806/1    1.02670    1.03042 +/- 0.00013
      807/1    1.02924    1.03042 +/- 0.00013
      808/1    1.03256    1.03043 +/- 0.00013
      809/1    1.02922    1.03042 +/- 0.00013
      810/1    1.02517    1.03042 +/- 0.00013
      811/1    1.03710    1.03043 +/- 0.00013
      812/1    1.02892    1.03042 +/- 0.00013
      813/1    1.02765    1.03042 +/- 0.00013
      814/1    1.03118    1.03042 +/- 0.00013
      815/1    1.03311    1.03042 +/- 0.00013
      816/1    1.03771    1.03043 +/- 0.00013
      817/1    1.03692    1.03044 +/- 0.00013
      818/1    1.03148    1.03044 +/- 0.00013
      819/1    1.03203    1.03045 +/- 0.00013
      820/1    1.03022    1.03045 +/- 0.00013
      821/1    1.02428    1.03044 +/- 0.00013
      822/1    1.03291    1.03044 +/- 0.00013
      823/1    1.02482    1.03043 +/- 0.00013
      824/1    1.03253    1.03044 +/- 0.00013
      825/1    1.03121    1.03044 +/- 0.00013
      826/1    1.03233    1.03044 +/- 0.00013
      827/1    1.02824    1.03044 +/- 0.00013
      828/1    1.02997    1.03044 +/- 0.00013
      829/1    1.03312    1.03044 +/- 0.00013
      830/1    1.03715    1.03045 +/- 0.00013
      831/1    1.02796    1.03045 +/- 0.00013
      832/1    1.02945    1.03044 +/- 0.00013
      833/1    1.03546    1.03045 +/- 0.00013
      834/1    1.03376    1.03045 +/- 0.00013
      835/1    1.02896    1.03045 +/- 0.00013
      836/1    1.02903    1.03045 +/- 0.00013
      837/1    1.02973    1.03045 +/- 0.00013
      838/1    1.02856    1.03045 +/- 0.00013
      839/1    1.02972    1.03045 +/- 0.00013
      840/1    1.02163    1.03044 +/- 0.00013
      841/1    1.03574    1.03044 +/- 0.00013
      842/1    1.02716    1.03044 +/- 0.00013
      843/1    1.03672    1.03045 +/- 0.00013
      844/1    1.03028    1.03045 +/- 0.00013
      845/1    1.03107    1.03045 +/- 0.00013
      846/1    1.03313    1.03045 +/- 0.00013
      847/1    1.03212    1.03045 +/- 0.00013
      848/1    1.02597    1.03045 +/- 0.00012
      849/1    1.02937    1.03045 +/- 0.00012
      850/1    1.03179    1.03045 +/- 0.00012
      851/1    1.03309    1.03045 +/- 0.00012
      852/1    1.03433    1.03046 +/- 0.00012
      853/1    1.02896    1.03045 +/- 0.00012
      854/1    1.02869    1.03045 +/- 0.00012
      855/1    1.02546    1.03044 +/- 0.00012
      856/1    1.02797    1.03044 +/- 0.00012
      857/1    1.02522    1.03044 +/- 0.00012
      858/1    1.03360    1.03044 +/- 0.00012
      859/1    1.02833    1.03044 +/- 0.00012
      860/1    1.02967    1.03044 +/- 0.00012
      861/1    1.03018    1.03044 +/- 0.00012
      862/1    1.03519    1.03044 +/- 0.00012
      863/1    1.03770    1.03045 +/- 0.00012
      864/1    1.03437    1.03045 +/- 0.00012
      865/1    1.03436    1.03046 +/- 0.00012
      866/1    1.02900    1.03046 +/- 0.00012
      867/1    1.03237    1.03046 +/- 0.00012
      868/1    1.02976    1.03046 +/- 0.00012
      869/1    1.02407    1.03045 +/- 0.00012
      870/1    1.03865    1.03046 +/- 0.00012
      871/1    1.02879    1.03046 +/- 0.00012
      872/1    1.03320    1.03046 +/- 0.00012
      873/1    1.02440    1.03046 +/- 0.00012
      874/1    1.03017    1.03046 +/- 0.00012
      875/1    1.02531    1.03045 +/- 0.00012
      876/1    1.03057    1.03045 +/- 0.00012
      877/1    1.02935    1.03045 +/- 0.00012
      878/1    1.03716    1.03046 +/- 0.00012
      879/1    1.03369    1.03046 +/- 0.00012
      880/1    1.02714    1.03046 +/- 0.00012
      881/1    1.03031    1.03046 +/- 0.00012
      882/1    1.03677    1.03046 +/- 0.00012
      883/1    1.03129    1.03046 +/- 0.00012
      884/1    1.02646    1.03046 +/- 0.00012
      885/1    1.03109    1.03046 +/- 0.00012
      886/1    1.03952    1.03047 +/- 0.00012
      887/1    1.02630    1.03047 +/- 0.00012
      888/1    1.03027    1.03047 +/- 0.00012
      889/1    1.03582    1.03047 +/- 0.00012
      890/1    1.02808    1.03047 +/- 0.00012
      891/1    1.03152    1.03047 +/- 0.00012
      892/1    1.03187    1.03047 +/- 0.00012
      893/1    1.02895    1.03047 +/- 0.00012
      894/1    1.03230    1.03047 +/- 0.00012
      895/1    1.02823    1.03047 +/- 0.00012
      896/1    1.02818    1.03047 +/- 0.00012
      897/1    1.02973    1.03047 +/- 0.00012
      898/1    1.02378    1.03046 +/- 0.00012
      899/1    1.03107    1.03046 +/- 0.00012
      900/1    1.03360    1.03046 +/- 0.00012
      901/1    1.03110    1.03046 +/- 0.00012
      902/1    1.03543    1.03047 +/- 0.00012
      903/1    1.03004    1.03047 +/- 0.00012
      904/1    1.03481    1.03047 +/- 0.00012
      905/1    1.03248    1.03048 +/- 0.00012
      906/1    1.03121    1.03048 +/- 0.00012
      907/1    1.03077    1.03048 +/- 0.00012
      908/1    1.02716    1.03047 +/- 0.00012
      909/1    1.02749    1.03047 +/- 0.00012
      910/1    1.02855    1.03047 +/- 0.00012
      911/1    1.03286    1.03047 +/- 0.00012
      912/1    1.03144    1.03047 +/- 0.00012
      913/1    1.02481    1.03047 +/- 0.00012
      914/1    1.02995    1.03046 +/- 0.00012
      915/1    1.02563    1.03046 +/- 0.00012
      916/1    1.03061    1.03046 +/- 0.00012
      917/1    1.02823    1.03046 +/- 0.00012
      918/1    1.02894    1.03046 +/- 0.00012
      919/1    1.03416    1.03046 +/- 0.00012
      920/1    1.03226    1.03046 +/- 0.00012
      921/1    1.02990    1.03046 +/- 0.00012
      922/1    1.02730    1.03046 +/- 0.00012
      923/1    1.02615    1.03045 +/- 0.00012
      924/1    1.02584    1.03045 +/- 0.00012
      925/1    1.03294    1.03045 +/- 0.00012
      926/1    1.03483    1.03045 +/- 0.00012
      927/1    1.03076    1.03046 +/- 0.00012
      928/1    1.02878    1.03045 +/- 0.00012
      929/1    1.03055    1.03045 +/- 0.00012
      930/1    1.02852    1.03045 +/- 0.00012
      931/1    1.03071    1.03045 +/- 0.00012
      932/1    1.02618    1.03045 +/- 0.00012
      933/1    1.03823    1.03046 +/- 0.00012
      934/1    1.02986    1.03045 +/- 0.00012
      935/1    1.03435    1.03046 +/- 0.00012
      936/1    1.03444    1.03046 +/- 0.00012
      937/1    1.03051    1.03046 +/- 0.00012
      938/1    1.02866    1.03046 +/- 0.00012
      939/1    1.03530    1.03047 +/- 0.00012
      940/1    1.03433    1.03047 +/- 0.00012
      941/1    1.02410    1.03046 +/- 0.00012
      942/1    1.03233    1.03047 +/- 0.00012
      943/1    1.03071    1.03047 +/- 0.00012
      944/1    1.03365    1.03047 +/- 0.00012
      945/1    1.03306    1.03047 +/- 0.00012
      946/1    1.03194    1.03047 +/- 0.00012
      947/1    1.02669    1.03047 +/- 0.00012
      948/1    1.03451    1.03047 +/- 0.00012
      949/1    1.03201    1.03048 +/- 0.00012
      950/1    1.03590    1.03048 +/- 0.00012
      951/1    1.03082    1.03048 +/- 0.00012
      952/1    1.02999    1.03048 +/- 0.00012
      953/1    1.03410    1.03049 +/- 0.00012
      954/1    1.02654    1.03048 +/- 0.00012
      955/1    1.02770    1.03048 +/- 0.00012
      956/1    1.03480    1.03048 +/- 0.00012
      957/1    1.02536    1.03048 +/- 0.00012
      958/1    1.02697    1.03047 +/- 0.00012
      959/1    1.03606    1.03048 +/- 0.00012
      960/1    1.02956    1.03048 +/- 0.00012
      961/1    1.02885    1.03048 +/- 0.00012
      962/1    1.03095    1.03048 +/- 0.00012
      963/1    1.03405    1.03048 +/- 0.00012
      964/1    1.02942    1.03048 +/- 0.00012
      965/1    1.02684    1.03048 +/- 0.00012
      966/1    1.02926    1.03048 +/- 0.00012
      967/1    1.02640    1.03047 +/- 0.00012
      968/1    1.02663    1.03047 +/- 0.00012
      969/1    1.03203    1.03047 +/- 0.00012
      970/1    1.02772    1.03047 +/- 0.00012
      971/1    1.03309    1.03047 +/- 0.00012
      972/1    1.03001    1.03047 +/- 0.00012
      973/1    1.02808    1.03047 +/- 0.00012
      974/1    1.03118    1.03047 +/- 0.00012
      975/1    1.02375    1.03046 +/- 0.00012
      976/1    1.03333    1.03046 +/- 0.00012
      977/1    1.02872    1.03046 +/- 0.00012
      978/1    1.02912    1.03046 +/- 0.00012
      979/1    1.03477    1.03046 +/- 0.00012
      980/1    1.03039    1.03046 +/- 0.00012
      981/1    1.03353    1.03047 +/- 0.00012
      982/1    1.02949    1.03047 +/- 0.00012
      983/1    1.02892    1.03046 +/- 0.00011
      984/1    1.03531    1.03047 +/- 0.00011
      985/1    1.02951    1.03047 +/- 0.00011
      986/1    1.03263    1.03047 +/- 0.00011
      987/1    1.02851    1.03047 +/- 0.00011
      988/1    1.03353    1.03047 +/- 0.00011
      989/1    1.02868    1.03047 +/- 0.00011
      990/1    1.02661    1.03047 +/- 0.00011
      991/1    1.02842    1.03046 +/- 0.00011
      992/1    1.02594    1.03046 +/- 0.00011
      993/1    1.03217    1.03046 +/- 0.00011
      994/1    1.02733    1.03046 +/- 0.00011
      995/1    1.02804    1.03045 +/- 0.00011
      996/1    1.03553    1.03046 +/- 0.00011
      997/1    1.03558    1.03047 +/- 0.00011
      998/1    1.02786    1.03046 +/- 0.00011
      999/1    1.02772    1.03046 +/- 0.00011
     1000/1    1.03273    1.03046 +/- 0.00011
     1001/1    1.02689    1.03046 +/- 0.00011
     1002/1    1.03213    1.03046 +/- 0.00011
     1003/1    1.02986    1.03046 +/- 0.00011
     1004/1    1.03442    1.03046 +/- 0.00011
     1005/1    1.02912    1.03046 +/- 0.00011
     1006/1    1.03055    1.03046 +/- 0.00011
     1007/1    1.03296    1.03046 +/- 0.00011
     1008/1    1.02571    1.03046 +/- 0.00011
     1009/1    1.03013    1.03046 +/- 0.00011
     1010/1    1.03665    1.03047 +/- 0.00011
     1011/1    1.03078    1.03047 +/- 0.00011
     1012/1    1.03133    1.03047 +/- 0.00011
     1013/1    1.03705    1.03047 +/- 0.00011
     1014/1    1.03287    1.03048 +/- 0.00011
     1015/1    1.02880    1.03047 +/- 0.00011
     1016/1    1.03129    1.03048 +/- 0.00011
     1017/1    1.02493    1.03047 +/- 0.00011
     1018/1    1.02947    1.03047 +/- 0.00011
     1019/1    1.02133    1.03046 +/- 0.00011
     1020/1    1.03479    1.03046 +/- 0.00011
     1021/1    1.03048    1.03046 +/- 0.00011
     1022/1    1.03082    1.03046 +/- 0.00011
     1023/1    1.03435    1.03047 +/- 0.00011
     1024/1    1.03368    1.03047 +/- 0.00011
     1025/1    1.03548    1.03048 +/- 0.00011
     1026/1    1.03198    1.03048 +/- 0.00011
     1027/1    1.03178    1.03048 +/- 0.00011
     1028/1    1.02775    1.03048 +/- 0.00011
     1029/1    1.03081    1.03048 +/- 0.00011
     1030/1    1.03435    1.03048 +/- 0.00011
     1031/1    1.02951    1.03048 +/- 0.00011
     1032/1    1.03195    1.03048 +/- 0.00011
     1033/1    1.03418    1.03049 +/- 0.00011
     1034/1    1.02696    1.03048 +/- 0.00011
     1035/1    1.03414    1.03049 +/- 0.00011
     1036/1    1.03536    1.03049 +/- 0.00011
     1037/1    1.02755    1.03049 +/- 0.00011
     1038/1    1.03135    1.03049 +/- 0.00011
     1039/1    1.02769    1.03049 +/- 0.00011
     1040/1    1.02790    1.03048 +/- 0.00011
     1041/1    1.02930    1.03048 +/- 0.00011
     1042/1    1.03153    1.03048 +/- 0.00011
     1043/1    1.03260    1.03048 +/- 0.00011
     1044/1    1.02994    1.03048 +/- 0.00011
     1045/1    1.03596    1.03049 +/- 0.00011
     1046/1    1.02922    1.03049 +/- 0.00011
     1047/1    1.03525    1.03049 +/- 0.00011
     1048/1    1.02629    1.03049 +/- 0.00011
     1049/1    1.03056    1.03049 +/- 0.00011
     1050/1    1.03558    1.03049 +/- 0.00011
 Creating state point statepoint.1050.h5...

 =======================>     TIMING STATISTICS     <=======================

 Total time for initialization     = 2.1170e+01 seconds
   Reading cross sections          = 2.0424e+01 seconds
 Total time in simulation          = 1.0736e+04 seconds
   Time in transport only          = 1.0722e+04 seconds
   Time in inactive batches        = 3.7458e+02 seconds
   Time in active batches          = 1.0362e+04 seconds
   Time synchronizing fission bank = 8.3931e+00 seconds
     Sampling source sites         = 6.5783e+00 seconds
     SEND/RECV source sites        = 1.8111e+00 seconds
   Time accumulating tallies       = 8.8384e-01 seconds
   Time writing statepoints        = 1.2360e-01 seconds
 Total time for finalization       = 7.3299e-03 seconds
 Total time elapsed                = 1.0758e+04 seconds
 Calculation Rate (inactive)       = 13348.3 particles/second
 Calculation Rate (active)         = 9650.78 particles/second

 ============================>     RESULTS     <============================

 k-effective (Collision)     = 1.03055 +/- 0.00011
 k-effective (Track-length)  = 1.03049 +/- 0.00011
 k-effective (Absorption)    = 1.03052 +/- 0.00010
 Combined k-effective        = 1.03051 +/- 0.00008
 Leakage Fraction            = 0.05645 +/- 0.00002

