 ============================>     TALLY 1     <============================

 Distributed Cell u159->c510->l158(1,-5)->u144->c397
   Total Material
     Kappa-Fission Rate                   5318.28 +/- 17.7745
     Flux                                 0.0639157 +/- 8.83589e-05
     Recoverable fission power            0 +/- 0
 Distributed Cell u159->c510->l158(2,-5)->u144->c397
   Total Material
     Kappa-Fission Rate                   5687.83 +/- 18.6652
     Flux                                 0.0662909 +/- 8.89088e-05
     Recoverable fission power            0 +/- 0
 Distributed Cell u159->c510->l158(3,-5)->u144->c397
   Total Material
     Kappa-Fission Rate                   5642.66 +/- 17.9284
     Flux                                 0.0654039 +/- 8.67971e-05
     Recoverable fission power            0 +/- 0
 Distributed Cell u159->c510->l158(4,-5)->u144->c397
   Total Material
     Kappa-Fission Rate                   5138.45 +/- 17.7601
     Flux                                 0.0611438 +/- 8.33175e-05
     Recoverable fission power            0 +/- 0
 Distributed Cell u159->c510->l158(5,-5)->u144->c397
   Total Material
     Kappa-Fission Rate                   4501.97 +/- 15.7367
     Flux                                 0.0559551 +/- 8.05922e-05
     Recoverable fission power            0 +/- 0
 Distributed Cell u159->c510->l158(-1,-4)->u144->c397
   Total Material
     Kappa-Fission Rate                   5322.78 +/- 18.1085
     Flux                                 0.0640029 +/- 9.09251e-05
     Recoverable fission power            0 +/- 0
 Distributed Cell u159->c510->l158(0,-4)->u144->c397
   Total Material
     Kappa-Fission Rate                   6305.98 +/- 19.4226
     Flux                                 0.0707087 +/- 9.06231e-05
     Recoverable fission power            0 +/- 0
 Distributed Cell u159->c510->l158(1,-4)->u144->c397
   Total Material
     Kappa-Fission Rate                   6876.73 +/- 20.1756
     Flux                                 0.0743509 +/- 9.13931e-05
     Recoverable fission power            0 +/- 0
 Distributed Cell u159->c510->l158(2,-4)->u144->c397
   Total Material
     Kappa-Fission Rate                   6998.32 +/- 20.1701
     Flux                                 0.0752437 +/- 9.09167e-05
     Recoverable fission power            0 +/- 0
 Distributed Cell u159->c510->l158(3,-4)->u144->c397
   Total Material
     Kappa-Fission Rate                   6671.93 +/- 20.0092
     Flux                                 0.0720605 +/- 8.97396e-05
     Recoverable fission power            0 +/- 0
 Distributed Cell u159->c510->l158(5,-4)->u144->c397
   Total Material
     Kappa-Fission Rate                   5003.56 +/- 17.4887
     Flux                                 0.0604086 +/- 8.50856e-05
     Recoverable fission power            0 +/- 0
 Distributed Cell u159->c510->l158(-2,-3)->u144->c397
   Total Material
     Kappa-Fission Rate                   5721.47 +/- 19.2197
     Flux                                 0.0663343 +/- 8.8881e-05
     Recoverable fission power            0 +/- 0
 Distributed Cell u159->c510->l158(-1,-3)->u144->c397
   Total Material
     Kappa-Fission Rate                   6922.21 +/- 20.6942
     Flux                                 0.0742979 +/- 9.37308e-05
     Recoverable fission power            0 +/- 0
 Distributed Cell u159->c510->l158(0,-3)->u144->c397
   Total Material
     Kappa-Fission Rate                   7618.34 +/- 21.909
     Flux                                 0.0795881 +/- 9.69645e-05
     Recoverable fission power            0 +/- 0
 Distributed Cell u159->c510->l158(1,-3)->u144->c397
   Total Material
     Kappa-Fission Rate                   7962.99 +/- 22.7787
     Flux                                 0.0822786 +/- 9.65999e-05
     Recoverable fission power            0 +/- 0
 Distributed Cell u159->c510->l158(2,-3)->u144->c397
   Total Material
     Kappa-Fission Rate                   7862.65 +/- 22.5572
     Flux                                 0.0822951 +/- 9.8608e-05
     Recoverable fission power            0 +/- 0
 Distributed Cell u159->c510->l158(3,-3)->u144->c397
   Total Material
     Kappa-Fission Rate                   7287.52 +/- 21.6115
     Flux                                 0.0775605 +/- 8.94706e-05
     Recoverable fission power            0 +/- 0
 Distributed Cell u159->c510->l158(4,-3)->u144->c397
   Total Material
     Kappa-Fission Rate                   6330.65 +/- 19.2909
     Flux                                 0.071171 +/- 9.34288e-05
     Recoverable fission power            0 +/- 0
 Distributed Cell u159->c510->l158(5,-3)->u144->c397
   Total Material
     Kappa-Fission Rate                   5140.51 +/- 17.2863
     Flux                                 0.063494 +/- 8.86762e-05
     Recoverable fission power            0 +/- 0
 Distributed Cell u159->c510->l158(-3,-2)->u144->c397
   Total Material
     Kappa-Fission Rate                   5648.39 +/- 18.7934
     Flux                                 0.065459 +/- 8.51372e-05
     Recoverable fission power            0 +/- 0
 Distributed Cell u159->c510->l158(-2,-2)->u144->c397
   Total Material
     Kappa-Fission Rate                   7009.28 +/- 21.2212
     Flux                                 0.0753928 +/- 9.07785e-05
     Recoverable fission power            0 +/- 0
 Distributed Cell u159->c510->l158(-1,-2)->u144->c397
   Total Material
     Kappa-Fission Rate                   7944.93 +/- 21.5206
     Flux                                 0.0822621 +/- 9.33025e-05
     Recoverable fission power            0 +/- 0
 Distributed Cell u159->c510->l158(1,-2)->u144->c397
   Total Material
     Kappa-Fission Rate                   8550.26 +/- 23.1645
     Flux                                 0.0884106 +/- 0.000101185
     Recoverable fission power            0 +/- 0
 Distributed Cell u159->c510->l158(2,-2)->u144->c397
   Total Material
     Kappa-Fission Rate                   8312.47 +/- 23.2587
     Flux                                 0.0871219 +/- 9.8236e-05
     Recoverable fission power            0 +/- 0
 Distributed Cell u159->c510->l158(3,-2)->u144->c397
   Total Material
     Kappa-Fission Rate                   7606.95 +/- 21.6454
     Flux                                 0.0816623 +/- 9.94769e-05
     Recoverable fission power            0 +/- 0
 Distributed Cell u159->c510->l158(5,-2)->u144->c397
   Total Material
     Kappa-Fission Rate                   5086.39 +/- 16.3881
     Flux                                 0.0633845 +/- 8.82015e-05
     Recoverable fission power            0 +/- 0
 Distributed Cell u159->c510->l158(-4,-1)->u144->c397
   Total Material
     Kappa-Fission Rate                   5220.23 +/- 17.5521
     Flux                                 0.0613392 +/- 8.39861e-05
     Recoverable fission power            0 +/- 0
 Distributed Cell u159->c510->l158(-3,-1)->u144->c397
   Total Material
     Kappa-Fission Rate                   6685.94 +/- 20.65
     Flux                                 0.0721494 +/- 8.66943e-05
     Recoverable fission power            0 +/- 0
 Distributed Cell u159->c510->l158(-2,-1)->u144->c397
   Total Material
     Kappa-Fission Rate                   7883.74 +/- 22.0231
     Flux                                 0.0823664 +/- 9.33249e-05
     Recoverable fission power            0 +/- 0
 Distributed Cell u159->c510->l158(-1,-1)->u144->c397
   Total Material
     Kappa-Fission Rate                   8567.42 +/- 23.1603
     Flux                                 0.0883603 +/- 9.89783e-05
     Recoverable fission power            0 +/- 0
 Distributed Cell u159->c510->l158(0,-1)->u144->c397
   Total Material
     Kappa-Fission Rate                   8678.88 +/- 22.7841
     Flux                                 0.091449 +/- 0.000100405
     Recoverable fission power            0 +/- 0
 Distributed Cell u159->c510->l158(1,-1)->u144->c397
   Total Material
     Kappa-Fission Rate                   8723.06 +/- 23.2895
     Flux                                 0.0921591 +/- 0.000101046
     Recoverable fission power            0 +/- 0
 Distributed Cell u159->c510->l158(2,-1)->u144->c397
   Total Material
     Kappa-Fission Rate                   8413.61 +/- 22.6617
     Flux                                 0.0877939 +/- 9.83848e-05
     Recoverable fission power            0 +/- 0
 Distributed Cell u159->c510->l158(3,-1)->u144->c397
   Total Material
     Kappa-Fission Rate                   7594.47 +/- 22.3504
     Flux                                 0.0812237 +/- 9.1903e-05
     Recoverable fission power            0 +/- 0
 Distributed Cell u159->c510->l158(4,-1)->u144->c397
   Total Material
     Kappa-Fission Rate                   6391.34 +/- 19.6534
     Flux                                 0.0725816 +/- 9.20952e-05
     Recoverable fission power            0 +/- 0
 Distributed Cell u159->c510->l158(5,-1)->u144->c397
   Total Material
     Kappa-Fission Rate                   4894.9 +/- 16.6745
     Flux                                 0.0612995 +/- 9.09997e-05
     Recoverable fission power            0 +/- 0
 Distributed Cell u159->c510->l158(-5,0)->u144->c397
   Total Material
     Kappa-Fission Rate                   4494.02 +/- 16.3228
     Flux                                 0.0559915 +/- 8.2925e-05
     Recoverable fission power            0 +/- 0
 Distributed Cell u159->c510->l158(-3,0)->u144->c397
   Total Material
     Kappa-Fission Rate                   7305.25 +/- 21.4745
     Flux                                 0.0776624 +/- 9.25589e-05
     Recoverable fission power            0 +/- 0
 Distributed Cell u159->c510->l158(-2,0)->u144->c397
   Total Material
     Kappa-Fission Rate                   8332.78 +/- 23.0843
     Flux                                 0.0869975 +/- 9.65005e-05
     Recoverable fission power            0 +/- 0
 Distributed Cell u159->c510->l158(-1,0)->u144->c397
   Total Material
     Kappa-Fission Rate                   8701.72 +/- 23.4089
     Flux                                 0.0920441 +/- 0.000100711
     Recoverable fission power            0 +/- 0
 Distributed Cell u159->c510->l158(1,0)->u144->c397
   Total Material
     Kappa-Fission Rate                   8674.7 +/- 23.3876
     Flux                                 0.0912107 +/- 9.68367e-05
     Recoverable fission power            0 +/- 0
 Distributed Cell u159->c510->l158(3,0)->u144->c397
   Total Material
     Kappa-Fission Rate                   7361 +/- 21.4263
     Flux                                 0.0782902 +/- 9.21134e-05
     Recoverable fission power            0 +/- 0
 Distributed Cell u159->c510->l158(4,0)->u144->c397
   Total Material
     Kappa-Fission Rate                   6027.49 +/- 20.334
     Flux                                 0.0687116 +/- 9.2622e-05
     Recoverable fission power            0 +/- 0
 Distributed Cell u159->c510->l158(-5,1)->u144->c397
   Total Material
     Kappa-Fission Rate                   5026.52 +/- 18.0861
     Flux                                 0.0603656 +/- 8.72152e-05
     Recoverable fission power            0 +/- 0
 Distributed Cell u159->c510->l158(-4,1)->u144->c397
   Total Material
     Kappa-Fission Rate                   6351.16 +/- 20.5835
     Flux                                 0.0711223 +/- 9.00533e-05
     Recoverable fission power            0 +/- 0
 Distributed Cell u159->c510->l158(-3,1)->u144->c397
   Total Material
     Kappa-Fission Rate                   7628.35 +/- 22.1447
     Flux                                 0.0815594 +/- 9.24662e-05
     Recoverable fission power            0 +/- 0
 Distributed Cell u159->c510->l158(-2,1)->u144->c397
   Total Material
     Kappa-Fission Rate                   8419.24 +/- 22.5222
     Flux                                 0.0877285 +/- 9.30385e-05
     Recoverable fission power            0 +/- 0
 Distributed Cell u159->c510->l158(-1,1)->u144->c397
   Total Material
     Kappa-Fission Rate                   8694.41 +/- 23.2423
     Flux                                 0.0913067 +/- 9.86205e-05
     Recoverable fission power            0 +/- 0
 Distributed Cell u159->c510->l158(0,1)->u144->c397
   Total Material
     Kappa-Fission Rate                   8741.33 +/- 24.4462
     Flux                                 0.0921848 +/- 0.00010137
     Recoverable fission power            0 +/- 0
 Distributed Cell u159->c510->l158(1,1)->u144->c397
   Total Material
     Kappa-Fission Rate                   8503.14 +/- 23.7156
     Flux                                 0.0879238 +/- 0.000101138
     Recoverable fission power            0 +/- 0
 Distributed Cell u159->c510->l158(2,1)->u144->c397
   Total Material
     Kappa-Fission Rate                   7848.64 +/- 20.9517
     Flux                                 0.0815568 +/- 9.60032e-05
     Recoverable fission power            0 +/- 0
 Distributed Cell u159->c510->l158(3,1)->u144->c397
   Total Material
     Kappa-Fission Rate                   6808.53 +/- 20.118
     Flux                                 0.0733876 +/- 9.36645e-05
     Recoverable fission power            0 +/- 0
 Distributed Cell u159->c510->l158(4,1)->u144->c397
   Total Material
     Kappa-Fission Rate                   5190.49 +/- 17.3038
     Flux                                 0.0627796 +/- 8.46358e-05
     Recoverable fission power            0 +/- 0
 Distributed Cell u159->c510->l158(-5,2)->u144->c397
   Total Material
     Kappa-Fission Rate                   5129.95 +/- 17.5238
     Flux                                 0.0634035 +/- 8.55592e-05
     Recoverable fission power            0 +/- 0
 Distributed Cell u159->c510->l158(-3,2)->u144->c397
   Total Material
     Kappa-Fission Rate                   7574.78 +/- 21.7672
     Flux                                 0.0811194 +/- 9.42369e-05
     Recoverable fission power            0 +/- 0
 Distributed Cell u159->c510->l158(-1,2)->u144->c397
   Total Material
     Kappa-Fission Rate                   8528.51 +/- 22.3493
     Flux                                 0.0880711 +/- 9.86727e-05
     Recoverable fission power            0 +/- 0
 Distributed Cell u159->c510->l158(0,2)->u144->c397
   Total Material
     Kappa-Fission Rate                   8442.35 +/- 23.5373
     Flux                                 0.0874241 +/- 0.000102271
     Recoverable fission power            0 +/- 0
 Distributed Cell u159->c510->l158(1,2)->u144->c397
   Total Material
     Kappa-Fission Rate                   7980.83 +/- 22.4038
     Flux                                 0.0823118 +/- 9.97643e-05
     Recoverable fission power            0 +/- 0
 Distributed Cell u159->c510->l158(3,2)->u144->c397
   Total Material
     Kappa-Fission Rate                   5649.61 +/- 18.0086
     Flux                                 0.0657869 +/- 8.99336e-05
     Recoverable fission power            0 +/- 0
 Distributed Cell u159->c510->l158(-5,3)->u144->c397
   Total Material
     Kappa-Fission Rate                   5060.35 +/- 17.0249
     Flux                                 0.0632031 +/- 8.42051e-05
     Recoverable fission power            0 +/- 0
 Distributed Cell u159->c510->l158(-4,3)->u144->c397
   Total Material
     Kappa-Fission Rate                   6389.36 +/- 19.225
     Flux                                 0.0722438 +/- 9.4593e-05
     Recoverable fission power            0 +/- 0
 Distributed Cell u159->c510->l158(-3,3)->u144->c397
   Total Material
     Kappa-Fission Rate                   7385.12 +/- 20.7495
     Flux                                 0.0784382 +/- 9.45187e-05
     Recoverable fission power            0 +/- 0
 Distributed Cell u159->c510->l158(-2,3)->u144->c397
   Total Material
     Kappa-Fission Rate                   7909.19 +/- 22.5148
     Flux                                 0.0819121 +/- 9.66101e-05
     Recoverable fission power            0 +/- 0
 Distributed Cell u159->c510->l158(-1,3)->u144->c397
   Total Material
     Kappa-Fission Rate                   7957.73 +/- 22.4314
     Flux                                 0.0825044 +/- 9.92295e-05
     Recoverable fission power            0 +/- 0
 Distributed Cell u159->c510->l158(0,3)->u144->c397
   Total Material
     Kappa-Fission Rate                   7525.06 +/- 20.8139
     Flux                                 0.0784877 +/- 9.55664e-05
     Recoverable fission power            0 +/- 0
 Distributed Cell u159->c510->l158(1,3)->u144->c397
   Total Material
     Kappa-Fission Rate                   6794.71 +/- 20.025
     Flux                                 0.0724274 +/- 8.87323e-05
     Recoverable fission power            0 +/- 0
 Distributed Cell u159->c510->l158(2,3)->u144->c397
   Total Material
     Kappa-Fission Rate                   5702.98 +/- 18.2894
     Flux                                 0.0654876 +/- 8.66856e-05
     Recoverable fission power            0 +/- 0
 Distributed Cell u159->c510->l158(-5,4)->u144->c397
   Total Material
     Kappa-Fission Rate                   4931.27 +/- 17.4178
     Flux                                 0.0612405 +/- 8.46501e-05
     Recoverable fission power            0 +/- 0
 Distributed Cell u159->c510->l158(-4,4)->u144->c397
   Total Material
     Kappa-Fission Rate                   6021.8 +/- 18.9594
     Flux                                 0.0687783 +/- 8.97809e-05
     Recoverable fission power            0 +/- 0
 Distributed Cell u159->c510->l158(-3,4)->u144->c397
   Total Material
     Kappa-Fission Rate                   6747.13 +/- 21.2832
     Flux                                 0.0735365 +/- 9.17986e-05
     Recoverable fission power            0 +/- 0
 Distributed Cell u159->c510->l158(-2,4)->u144->c397
   Total Material
     Kappa-Fission Rate                   7065.65 +/- 21.2168
     Flux                                 0.0752656 +/- 9.3339e-05
     Recoverable fission power            0 +/- 0
 Distributed Cell u159->c510->l158(-1,4)->u144->c397
   Total Material
     Kappa-Fission Rate                   6833.8 +/- 20.546
     Flux                                 0.0728227 +/- 9.10536e-05
     Recoverable fission power            0 +/- 0
 Distributed Cell u159->c510->l158(1,4)->u144->c397
   Total Material
     Kappa-Fission Rate                   5326.78 +/- 18.564
     Flux                                 0.0620501 +/- 8.50015e-05
     Recoverable fission power            0 +/- 0
 Distributed Cell u159->c510->l158(-4,5)->u144->c397
   Total Material
     Kappa-Fission Rate                   5178.51 +/- 17.5511
     Flux                                 0.0626541 +/- 8.53477e-05
     Recoverable fission power            0 +/- 0
 Distributed Cell u159->c510->l158(-3,5)->u144->c397
   Total Material
     Kappa-Fission Rate                   5642.05 +/- 18.6348
     Flux                                 0.0658306 +/- 8.97851e-05
     Recoverable fission power            0 +/- 0
 Distributed Cell u159->c510->l158(-2,5)->u144->c397
   Total Material
     Kappa-Fission Rate                   5668.38 +/- 18.7214
     Flux                                 0.0656906 +/- 8.89225e-05
     Recoverable fission power            0 +/- 0
 Distributed Cell u159->c510->l158(-1,5)->u144->c397
   Total Material
     Kappa-Fission Rate                   5336.29 +/- 18.319
     Flux                                 0.0620322 +/- 8.49115e-05
     Recoverable fission power            0 +/- 0
 Distributed Cell u159->c510->l158(0,5)->u144->c397
   Total Material
     Kappa-Fission Rate                   4684.78 +/- 15.678
     Flux                                 0.0572131 +/- 8.2381e-05
     Recoverable fission power            0 +/- 0
 ============================>     TALLY 2     <============================

 Distributed Cell u159->c510->l158(1,-5)->u144->c398
   Total Material
     Kappa-Fission Rate                   861704 +/- 631.725
     Flux                                 0.512526 +/- 0.000277016
     Recoverable fission power            0 +/- 0
 Distributed Cell u159->c510->l158(2,-5)->u144->c398
   Total Material
     Kappa-Fission Rate                   880269 +/- 604.773
     Flux                                 0.541048 +/- 0.000289453
     Recoverable fission power            0 +/- 0
 Distributed Cell u159->c510->l158(3,-5)->u144->c398
   Total Material
     Kappa-Fission Rate                   873866 +/- 556.587
     Flux                                 0.537787 +/- 0.000268406
     Recoverable fission power            0 +/- 0
 Distributed Cell u159->c510->l158(4,-5)->u144->c398
   Total Material
     Kappa-Fission Rate                   834621 +/- 587.177
     Flux                                 0.506195 +/- 0.000278749
     Recoverable fission power            0 +/- 0
 Distributed Cell u159->c510->l158(5,-5)->u144->c398
   Total Material
     Kappa-Fission Rate                   788208 +/- 619.24
     Flux                                 0.45614 +/- 0.00026686
     Recoverable fission power            0 +/- 0
 Distributed Cell u159->c510->l158(-1,-4)->u144->c398
   Total Material
     Kappa-Fission Rate                   860874 +/- 644.635
     Flux                                 0.512296 +/- 0.000277639
     Recoverable fission power            0 +/- 0
 Distributed Cell u159->c510->l158(0,-4)->u144->c398
   Total Material
     Kappa-Fission Rate                   924453 +/- 553.557
     Flux                                 0.588625 +/- 0.000288645
     Recoverable fission power            0 +/- 0
 Distributed Cell u159->c510->l158(1,-4)->u144->c398
   Total Material
     Kappa-Fission Rate                   973013 +/- 541.535
     Flux                                 0.634844 +/- 0.000306392
     Recoverable fission power            0 +/- 0
 Distributed Cell u159->c510->l158(2,-4)->u144->c398
   Total Material
     Kappa-Fission Rate                   987168 +/- 550.123
     Flux                                 0.646899 +/- 0.000307478
     Recoverable fission power            0 +/- 0
 Distributed Cell u159->c510->l158(3,-4)->u144->c398
   Total Material
     Kappa-Fission Rate                   952369 +/- 558.496
     Flux                                 0.618251 +/- 0.000303873
     Recoverable fission power            0 +/- 0
 Distributed Cell u159->c510->l158(5,-4)->u144->c398
   Total Material
     Kappa-Fission Rate                   825181 +/- 580.752
     Flux                                 0.498394 +/- 0.000276186
     Recoverable fission power            0 +/- 0
 Distributed Cell u159->c510->l158(-2,-3)->u144->c398
   Total Material
     Kappa-Fission Rate                   880162 +/- 583.882
     Flux                                 0.540939 +/- 0.0002823
     Recoverable fission power            0 +/- 0
 Distributed Cell u159->c510->l158(-1,-3)->u144->c398
   Total Material
     Kappa-Fission Rate                   973919 +/- 552.786
     Flux                                 0.635053 +/- 0.000300713
     Recoverable fission power            0 +/- 0
 Distributed Cell u159->c510->l158(0,-3)->u144->c398
   Total Material
     Kappa-Fission Rate                   1.05468e+06 +/- 550.941
     Flux                                 0.694966 +/- 0.000307813
     Recoverable fission power            0 +/- 0
 Distributed Cell u159->c510->l158(1,-3)->u144->c398
   Total Material
     Kappa-Fission Rate                   1.09428e+06 +/- 551.352
     Flux                                 0.724033 +/- 0.000307095
     Recoverable fission power            0 +/- 0
 Distributed Cell u159->c510->l158(2,-3)->u144->c398
   Total Material
     Kappa-Fission Rate                   1.08669e+06 +/- 544.982
     Flux                                 0.720933 +/- 0.000307355
     Recoverable fission power            0 +/- 0
 Distributed Cell u159->c510->l158(3,-3)->u144->c398
   Total Material
     Kappa-Fission Rate                   1.02563e+06 +/- 541.458
     Flux                                 0.673159 +/- 0.000299818
     Recoverable fission power            0 +/- 0
 Distributed Cell u159->c510->l158(4,-3)->u144->c398
   Total Material
     Kappa-Fission Rate                   938880 +/- 549.633
     Flux                                 0.603479 +/- 0.000295318
     Recoverable fission power            0 +/- 0
 Distributed Cell u159->c510->l158(5,-3)->u144->c398
   Total Material
     Kappa-Fission Rate                   848494 +/- 584.233
     Flux                                 0.514867 +/- 0.000279427
     Recoverable fission power            0 +/- 0
 Distributed Cell u159->c510->l158(-3,-2)->u144->c398
   Total Material
     Kappa-Fission Rate                   873522 +/- 571.807
     Flux                                 0.538077 +/- 0.000271
     Recoverable fission power            0 +/- 0
 Distributed Cell u159->c510->l158(-2,-2)->u144->c398
   Total Material
     Kappa-Fission Rate                   988474 +/- 547.286
     Flux                                 0.647573 +/- 0.000304168
     Recoverable fission power            0 +/- 0
 Distributed Cell u159->c510->l158(-1,-2)->u144->c398
   Total Material
     Kappa-Fission Rate                   1.09377e+06 +/- 546.002
     Flux                                 0.723767 +/- 0.000313023
     Recoverable fission power            0 +/- 0
 Distributed Cell u159->c510->l158(1,-2)->u144->c398
   Total Material
     Kappa-Fission Rate                   1.17525e+06 +/- 575.3
     Flux                                 0.781346 +/- 0.000329206
     Recoverable fission power            0 +/- 0
 Distributed Cell u159->c510->l158(2,-2)->u144->c398
   Total Material
     Kappa-Fission Rate                   1.15168e+06 +/- 574.709
     Flux                                 0.766615 +/- 0.00033265
     Recoverable fission power            0 +/- 0
 Distributed Cell u159->c510->l158(3,-2)->u144->c398
   Total Material
     Kappa-Fission Rate                   1.07415e+06 +/- 552.042
     Flux                                 0.707046 +/- 0.000308981
     Recoverable fission power            0 +/- 0
 Distributed Cell u159->c510->l158(5,-2)->u144->c398
   Total Material
     Kappa-Fission Rate                   849370 +/- 622.246
     Flux                                 0.509365 +/- 0.0002922
     Recoverable fission power            0 +/- 0
 Distributed Cell u159->c510->l158(-4,-1)->u144->c398
   Total Material
     Kappa-Fission Rate                   835711 +/- 575.549
     Flux                                 0.507046 +/- 0.000273426
     Recoverable fission power            0 +/- 0
 Distributed Cell u159->c510->l158(-3,-1)->u144->c398
   Total Material
     Kappa-Fission Rate                   953624 +/- 529.221
     Flux                                 0.619348 +/- 0.000295875
     Recoverable fission power            0 +/- 0
 Distributed Cell u159->c510->l158(-2,-1)->u144->c398
   Total Material
     Kappa-Fission Rate                   1.08725e+06 +/- 536.101
     Flux                                 0.721747 +/- 0.000311177
     Recoverable fission power            0 +/- 0
 Distributed Cell u159->c510->l158(-1,-1)->u144->c398
   Total Material
     Kappa-Fission Rate                   1.17522e+06 +/- 568.618
     Flux                                 0.781165 +/- 0.000328896
     Recoverable fission power            0 +/- 0
 Distributed Cell u159->c510->l158(0,-1)->u144->c398
   Total Material
     Kappa-Fission Rate                   1.21585e+06 +/- 592.026
     Flux                                 0.805781 +/- 0.000338509
     Recoverable fission power            0 +/- 0
 Distributed Cell u159->c510->l158(1,-1)->u144->c398
   Total Material
     Kappa-Fission Rate                   1.21978e+06 +/- 562.195
     Flux                                 0.810229 +/- 0.000325683
     Recoverable fission power            0 +/- 0
 Distributed Cell u159->c510->l158(2,-1)->u144->c398
   Total Material
     Kappa-Fission Rate                   1.16576e+06 +/- 570.596
     Flux                                 0.773167 +/- 0.000325103
     Recoverable fission power            0 +/- 0
 Distributed Cell u159->c510->l158(3,-1)->u144->c398
   Total Material
     Kappa-Fission Rate                   1.07401e+06 +/- 585.139
     Flux                                 0.70482 +/- 0.000323863
     Recoverable fission power            0 +/- 0
 Distributed Cell u159->c510->l158(4,-1)->u144->c398
   Total Material
     Kappa-Fission Rate                   944939 +/- 563.763
     Flux                                 0.608643 +/- 0.000301146
     Recoverable fission power            0 +/- 0
 Distributed Cell u159->c510->l158(5,-1)->u144->c398
   Total Material
     Kappa-Fission Rate                   833432 +/- 641.855
     Flux                                 0.489104 +/- 0.000282807
     Recoverable fission power            0 +/- 0
 Distributed Cell u159->c510->l158(-5,0)->u144->c398
   Total Material
     Kappa-Fission Rate                   787861 +/- 615.426
     Flux                                 0.456258 +/- 0.000273417
     Recoverable fission power            0 +/- 0
 Distributed Cell u159->c510->l158(-3,0)->u144->c398
   Total Material
     Kappa-Fission Rate                   1.02757e+06 +/- 545.574
     Flux                                 0.674363 +/- 0.000302858
     Recoverable fission power            0 +/- 0
 Distributed Cell u159->c510->l158(-2,0)->u144->c398
   Total Material
     Kappa-Fission Rate                   1.15268e+06 +/- 569.956
     Flux                                 0.767276 +/- 0.000330081
     Recoverable fission power            0 +/- 0
 Distributed Cell u159->c510->l158(-1,0)->u144->c398
   Total Material
     Kappa-Fission Rate                   1.22024e+06 +/- 591.616
     Flux                                 0.81081 +/- 0.000335255
     Recoverable fission power            0 +/- 0
 Distributed Cell u159->c510->l158(1,0)->u144->c398
   Total Material
     Kappa-Fission Rate                   1.2102e+06 +/- 565.057
     Flux                                 0.801575 +/- 0.000318878
     Recoverable fission power            0 +/- 0
 Distributed Cell u159->c510->l158(3,0)->u144->c398
   Total Material
     Kappa-Fission Rate                   1.03533e+06 +/- 566.355
     Flux                                 0.680457 +/- 0.000313775
     Recoverable fission power            0 +/- 0
 Distributed Cell u159->c510->l158(4,0)->u144->c398
   Total Material
     Kappa-Fission Rate                   901110 +/- 565.925
     Flux                                 0.57222 +/- 0.000291188
     Recoverable fission power            0 +/- 0
 Distributed Cell u159->c510->l158(-5,1)->u144->c398
   Total Material
     Kappa-Fission Rate                   824608 +/- 605.565
     Flux                                 0.498184 +/- 0.000287092
     Recoverable fission power            0 +/- 0
 Distributed Cell u159->c510->l158(-4,1)->u144->c398
   Total Material
     Kappa-Fission Rate                   940115 +/- 553.302
     Flux                                 0.604194 +/- 0.000300611
     Recoverable fission power            0 +/- 0
 Distributed Cell u159->c510->l158(-3,1)->u144->c398
   Total Material
     Kappa-Fission Rate                   1.07563e+06 +/- 575.536
     Flux                                 0.708028 +/- 0.000322362
     Recoverable fission power            0 +/- 0
 Distributed Cell u159->c510->l158(-2,1)->u144->c398
   Total Material
     Kappa-Fission Rate                   1.16794e+06 +/- 557.372
     Flux                                 0.774213 +/- 0.000312999
     Recoverable fission power            0 +/- 0
 Distributed Cell u159->c510->l158(-1,1)->u144->c398
   Total Material
     Kappa-Fission Rate                   1.2115e+06 +/- 594.728
     Flux                                 0.802475 +/- 0.000333991
     Recoverable fission power            0 +/- 0
 Distributed Cell u159->c510->l158(0,1)->u144->c398
   Total Material
     Kappa-Fission Rate                   1.21991e+06 +/- 573.336
     Flux                                 0.810602 +/- 0.000323198
     Recoverable fission power            0 +/- 0
 Distributed Cell u159->c510->l158(1,1)->u144->c398
   Total Material
     Kappa-Fission Rate                   1.16929e+06 +/- 563.209
     Flux                                 0.77697 +/- 0.000316973
     Recoverable fission power            0 +/- 0
 Distributed Cell u159->c510->l158(2,1)->u144->c398
   Total Material
     Kappa-Fission Rate                   1.0805e+06 +/- 536.08
     Flux                                 0.715083 +/- 0.000304124
     Recoverable fission power            0 +/- 0
 Distributed Cell u159->c510->l158(3,1)->u144->c398
   Total Material
     Kappa-Fission Rate                   957140 +/- 558.19
     Flux                                 0.62435 +/- 0.000300876
     Recoverable fission power            0 +/- 0
 Distributed Cell u159->c510->l158(4,1)->u144->c398
   Total Material
     Kappa-Fission Rate                   844400 +/- 627.305
     Flux                                 0.50278 +/- 0.000289892
     Recoverable fission power            0 +/- 0
 Distributed Cell u159->c510->l158(-5,2)->u144->c398
   Total Material
     Kappa-Fission Rate                   849095 +/- 585.321
     Flux                                 0.515042 +/- 0.000282135
     Recoverable fission power            0 +/- 0
 Distributed Cell u159->c510->l158(-3,2)->u144->c398
   Total Material
     Kappa-Fission Rate                   1.07665e+06 +/- 572.574
     Flux                                 0.706141 +/- 0.000319299
     Recoverable fission power            0 +/- 0
 Distributed Cell u159->c510->l158(-1,2)->u144->c398
   Total Material
     Kappa-Fission Rate                   1.17272e+06 +/- 560.893
     Flux                                 0.779358 +/- 0.000324747
     Recoverable fission power            0 +/- 0
 Distributed Cell u159->c510->l158(0,2)->u144->c398
   Total Material
     Kappa-Fission Rate                   1.15621e+06 +/- 563.822
     Flux                                 0.771247 +/- 0.000324111
     Recoverable fission power            0 +/- 0
 Distributed Cell u159->c510->l158(1,2)->u144->c398
   Total Material
     Kappa-Fission Rate                   1.08289e+06 +/- 546.398
     Flux                                 0.719862 +/- 0.000307968
     Recoverable fission power            0 +/- 0
 Distributed Cell u159->c510->l158(3,2)->u144->c398
   Total Material
     Kappa-Fission Rate                   870631 +/- 581.822
     Flux                                 0.536547 +/- 0.000288896
     Recoverable fission power            0 +/- 0
 Distributed Cell u159->c510->l158(-5,3)->u144->c398
   Total Material
     Kappa-Fission Rate                   849829 +/- 602.758
     Flux                                 0.509746 +/- 0.000279562
     Recoverable fission power            0 +/- 0
 Distributed Cell u159->c510->l158(-4,3)->u144->c398
   Total Material
     Kappa-Fission Rate                   947177 +/- 549.408
     Flux                                 0.609894 +/- 0.000298373
     Recoverable fission power            0 +/- 0
 Distributed Cell u159->c510->l158(-3,3)->u144->c398
   Total Material
     Kappa-Fission Rate                   1.03908e+06 +/- 515.55
     Flux                                 0.682152 +/- 0.000288111
     Recoverable fission power            0 +/- 0
 Distributed Cell u159->c510->l158(-2,3)->u144->c398
   Total Material
     Kappa-Fission Rate                   1.08662e+06 +/- 550.241
     Flux                                 0.718718 +/- 0.000309853
     Recoverable fission power            0 +/- 0
 Distributed Cell u159->c510->l158(-1,3)->u144->c398
   Total Material
     Kappa-Fission Rate                   1.08978e+06 +/- 548.997
     Flux                                 0.723458 +/- 0.000312193
     Recoverable fission power            0 +/- 0
 Distributed Cell u159->c510->l158(0,3)->u144->c398
   Total Material
     Kappa-Fission Rate                   1.03673e+06 +/- 565.97
     Flux                                 0.682684 +/- 0.000318376
     Recoverable fission power            0 +/- 0
 Distributed Cell u159->c510->l158(1,3)->u144->c398
   Total Material
     Kappa-Fission Rate                   956510 +/- 541.463
     Flux                                 0.62227 +/- 0.000297242
     Recoverable fission power            0 +/- 0
 Distributed Cell u159->c510->l158(2,3)->u144->c398
   Total Material
     Kappa-Fission Rate                   872711 +/- 589.369
     Flux                                 0.538566 +/- 0.000286278
     Recoverable fission power            0 +/- 0
 Distributed Cell u159->c510->l158(-5,4)->u144->c398
   Total Material
     Kappa-Fission Rate                   832727 +/- 612.282
     Flux                                 0.489202 +/- 0.000268873
     Recoverable fission power            0 +/- 0
 Distributed Cell u159->c510->l158(-4,4)->u144->c398
   Total Material
     Kappa-Fission Rate                   903028 +/- 575.367
     Flux                                 0.573018 +/- 0.000298428
     Recoverable fission power            0 +/- 0
 Distributed Cell u159->c510->l158(-3,4)->u144->c398
   Total Material
     Kappa-Fission Rate                   961645 +/- 537.22
     Flux                                 0.626539 +/- 0.00029516
     Recoverable fission power            0 +/- 0
 Distributed Cell u159->c510->l158(-2,4)->u144->c398
   Total Material
     Kappa-Fission Rate                   985110 +/- 557.935
     Flux                                 0.645476 +/- 0.000310978
     Recoverable fission power            0 +/- 0
 Distributed Cell u159->c510->l158(-1,4)->u144->c398
   Total Material
     Kappa-Fission Rate                   959401 +/- 536.939
     Flux                                 0.623756 +/- 0.00030071
     Recoverable fission power            0 +/- 0
 Distributed Cell u159->c510->l158(1,4)->u144->c398
   Total Material
     Kappa-Fission Rate                   844421 +/- 575.569
     Flux                                 0.512734 +/- 0.000277596
     Recoverable fission power            0 +/- 0
 Distributed Cell u159->c510->l158(-4,5)->u144->c398
   Total Material
     Kappa-Fission Rate                   845989 +/- 608.418
     Flux                                 0.503251 +/- 0.000278104
     Recoverable fission power            0 +/- 0
 Distributed Cell u159->c510->l158(-3,5)->u144->c398
   Total Material
     Kappa-Fission Rate                   872655 +/- 572.083
     Flux                                 0.536626 +/- 0.000284625
     Recoverable fission power            0 +/- 0
 Distributed Cell u159->c510->l158(-2,5)->u144->c398
   Total Material
     Kappa-Fission Rate                   875018 +/- 594.178
     Flux                                 0.5391 +/- 0.000294993
     Recoverable fission power            0 +/- 0
 Distributed Cell u159->c510->l158(-1,5)->u144->c398
   Total Material
     Kappa-Fission Rate                   844860 +/- 590.508
     Flux                                 0.512906 +/- 0.000273696
     Recoverable fission power            0 +/- 0
 Distributed Cell u159->c510->l158(0,5)->u144->c398
   Total Material
     Kappa-Fission Rate                   803519 +/- 643.334
     Flux                                 0.465453 +/- 0.000272145
     Recoverable fission power            0 +/- 0
 ============================>     TALLY 3     <============================

 Distributed Cell u159->c510->l158(1,-5)->u144->c399
   Total Material
     Kappa-Fission Rate                   8758.99 +/- 24.7092
     Flux                                 0.124002 +/- 0.000143003
     Recoverable fission power            0 +/- 0
 Distributed Cell u159->c510->l158(2,-5)->u144->c399
   Total Material
     Kappa-Fission Rate                   9256.86 +/- 24.7328
     Flux                                 0.12853 +/- 0.000151642
     Recoverable fission power            0 +/- 0
 Distributed Cell u159->c510->l158(3,-5)->u144->c399
   Total Material
     Kappa-Fission Rate                   9261.24 +/- 25.8236
     Flux                                 0.128677 +/- 0.000143489
     Recoverable fission power            0 +/- 0
 Distributed Cell u159->c510->l158(4,-5)->u144->c399
   Total Material
     Kappa-Fission Rate                   8931.39 +/- 23.6945
     Flux                                 0.124853 +/- 0.000138862
     Recoverable fission power            0 +/- 0
 Distributed Cell u159->c510->l158(5,-5)->u144->c399
   Total Material
     Kappa-Fission Rate                   8109.62 +/- 22.482
     Flux                                 0.115801 +/- 0.000136434
     Recoverable fission power            0 +/- 0
 Distributed Cell u159->c510->l158(-1,-4)->u144->c399
   Total Material
     Kappa-Fission Rate                   8714.54 +/- 23.3709
     Flux                                 0.123822 +/- 0.000141912
     Recoverable fission power            0 +/- 0
 Distributed Cell u159->c510->l158(0,-4)->u144->c399
   Total Material
     Kappa-Fission Rate                   10149.6 +/- 26.0273
     Flux                                 0.13722 +/- 0.000144244
     Recoverable fission power            0 +/- 0
 Distributed Cell u159->c510->l158(1,-4)->u144->c399
   Total Material
     Kappa-Fission Rate                   11030 +/- 27.4917
     Flux                                 0.145871 +/- 0.000150882
     Recoverable fission power            0 +/- 0
 Distributed Cell u159->c510->l158(2,-4)->u144->c399
   Total Material
     Kappa-Fission Rate                   11229.2 +/- 27.378
     Flux                                 0.147872 +/- 0.000155359
     Recoverable fission power            0 +/- 0
 Distributed Cell u159->c510->l158(3,-4)->u144->c399
   Total Material
     Kappa-Fission Rate                   10919.5 +/- 27.0032
     Flux                                 0.144627 +/- 0.000152518
     Recoverable fission power            0 +/- 0
 Distributed Cell u159->c510->l158(5,-4)->u144->c399
   Total Material
     Kappa-Fission Rate                   8741.79 +/- 24.2228
     Flux                                 0.123915 +/- 0.000142465
     Recoverable fission power            0 +/- 0
 Distributed Cell u159->c510->l158(-2,-3)->u144->c399
   Total Material
     Kappa-Fission Rate                   9241.26 +/- 24.3986
     Flux                                 0.128548 +/- 0.000139098
     Recoverable fission power            0 +/- 0
 Distributed Cell u159->c510->l158(-1,-3)->u144->c399
   Total Material
     Kappa-Fission Rate                   11078.9 +/- 26.8531
     Flux                                 0.14561 +/- 0.000147866
     Recoverable fission power            0 +/- 0
 Distributed Cell u159->c510->l158(0,-3)->u144->c399
   Total Material
     Kappa-Fission Rate                   12351.5 +/- 30.2221
     Flux                                 0.159173 +/- 0.000154715
     Recoverable fission power            0 +/- 0
 Distributed Cell u159->c510->l158(1,-3)->u144->c399
   Total Material
     Kappa-Fission Rate                   12871.2 +/- 29.0789
     Flux                                 0.164925 +/- 0.000160482
     Recoverable fission power            0 +/- 0
 Distributed Cell u159->c510->l158(2,-3)->u144->c399
   Total Material
     Kappa-Fission Rate                   12604.8 +/- 28.8803
     Flux                                 0.163228 +/- 0.000169371
     Recoverable fission power            0 +/- 0
 Distributed Cell u159->c510->l158(3,-3)->u144->c399
   Total Material
     Kappa-Fission Rate                   11865.5 +/- 29.4645
     Flux                                 0.155863 +/- 0.000157415
     Recoverable fission power            0 +/- 0
 Distributed Cell u159->c510->l158(4,-3)->u144->c399
   Total Material
     Kappa-Fission Rate                   10514.7 +/- 26.7043
     Flux                                 0.143721 +/- 0.000154986
     Recoverable fission power            0 +/- 0
 Distributed Cell u159->c510->l158(5,-3)->u144->c399
   Total Material
     Kappa-Fission Rate                   8699.08 +/- 23.6166
     Flux                                 0.126862 +/- 0.000146599
     Recoverable fission power            0 +/- 0
 Distributed Cell u159->c510->l158(-3,-2)->u144->c399
   Total Material
     Kappa-Fission Rate                   9260.02 +/- 24.6215
     Flux                                 0.128713 +/- 0.000145674
     Recoverable fission power            0 +/- 0
 Distributed Cell u159->c510->l158(-2,-2)->u144->c399
   Total Material
     Kappa-Fission Rate                   11189.3 +/- 28.1058
     Flux                                 0.147714 +/- 0.00014656
     Recoverable fission power            0 +/- 0
 Distributed Cell u159->c510->l158(-1,-2)->u144->c399
   Total Material
     Kappa-Fission Rate                   12938.8 +/- 29.6512
     Flux                                 0.164691 +/- 0.00015673
     Recoverable fission power            0 +/- 0
 Distributed Cell u159->c510->l158(1,-2)->u144->c399
   Total Material
     Kappa-Fission Rate                   13854.5 +/- 30.4586
     Flux                                 0.176962 +/- 0.000162648
     Recoverable fission power            0 +/- 0
 Distributed Cell u159->c510->l158(2,-2)->u144->c399
   Total Material
     Kappa-Fission Rate                   13371.6 +/- 29.985
     Flux                                 0.172634 +/- 0.000159972
     Recoverable fission power            0 +/- 0
 Distributed Cell u159->c510->l158(3,-2)->u144->c399
   Total Material
     Kappa-Fission Rate                   12273.5 +/- 29.7616
     Flux                                 0.162432 +/- 0.000159799
     Recoverable fission power            0 +/- 0
 Distributed Cell u159->c510->l158(5,-2)->u144->c399
   Total Material
     Kappa-Fission Rate                   8615.18 +/- 23.0322
     Flux                                 0.126034 +/- 0.000140555
     Recoverable fission power            0 +/- 0
 Distributed Cell u159->c510->l158(-4,-1)->u144->c399
   Total Material
     Kappa-Fission Rate                   8929.5 +/- 24.045
     Flux                                 0.124642 +/- 0.000142507
     Recoverable fission power            0 +/- 0
 Distributed Cell u159->c510->l158(-3,-1)->u144->c399
   Total Material
     Kappa-Fission Rate                   10950.2 +/- 27.2479
     Flux                                 0.144346 +/- 0.000148031
     Recoverable fission power            0 +/- 0
 Distributed Cell u159->c510->l158(-2,-1)->u144->c399
   Total Material
     Kappa-Fission Rate                   12607.4 +/- 29.2875
     Flux                                 0.162824 +/- 0.00015666
     Recoverable fission power            0 +/- 0
 Distributed Cell u159->c510->l158(-1,-1)->u144->c399
   Total Material
     Kappa-Fission Rate                   13959.5 +/- 30.8607
     Flux                                 0.177208 +/- 0.000162939
     Recoverable fission power            0 +/- 0
 Distributed Cell u159->c510->l158(0,-1)->u144->c399
   Total Material
     Kappa-Fission Rate                   14213.2 +/- 31.5024
     Flux                                 0.183584 +/- 0.000164452
     Recoverable fission power            0 +/- 0
 Distributed Cell u159->c510->l158(1,-1)->u144->c399
   Total Material
     Kappa-Fission Rate                   14067.3 +/- 29.7591
     Flux                                 0.18301 +/- 0.000165162
     Recoverable fission power            0 +/- 0
 Distributed Cell u159->c510->l158(2,-1)->u144->c399
   Total Material
     Kappa-Fission Rate                   13703.2 +/- 29.8832
     Flux                                 0.176346 +/- 0.000168571
     Recoverable fission power            0 +/- 0
 Distributed Cell u159->c510->l158(3,-1)->u144->c399
   Total Material
     Kappa-Fission Rate                   12438.6 +/- 28.4374
     Flux                                 0.163574 +/- 0.000164478
     Recoverable fission power            0 +/- 0
 Distributed Cell u159->c510->l158(4,-1)->u144->c399
   Total Material
     Kappa-Fission Rate                   10414.4 +/- 25.7863
     Flux                                 0.143535 +/- 0.000151927
     Recoverable fission power            0 +/- 0
 Distributed Cell u159->c510->l158(5,-1)->u144->c399
   Total Material
     Kappa-Fission Rate                   8390.19 +/- 23.5152
     Flux                                 0.121684 +/- 0.000140172
     Recoverable fission power            0 +/- 0
 Distributed Cell u159->c510->l158(-5,0)->u144->c399
   Total Material
     Kappa-Fission Rate                   8085.02 +/- 22.2245
     Flux                                 0.115767 +/- 0.000137494
     Recoverable fission power            0 +/- 0
 Distributed Cell u159->c510->l158(-3,0)->u144->c399
   Total Material
     Kappa-Fission Rate                   11837.2 +/- 26.7771
     Flux                                 0.155376 +/- 0.000156166
     Recoverable fission power            0 +/- 0
 Distributed Cell u159->c510->l158(-2,0)->u144->c399
   Total Material
     Kappa-Fission Rate                   13343.7 +/- 30.3522
     Flux                                 0.172103 +/- 0.000155845
     Recoverable fission power            0 +/- 0
 Distributed Cell u159->c510->l158(-1,0)->u144->c399
   Total Material
     Kappa-Fission Rate                   14044 +/- 29.7525
     Flux                                 0.182801 +/- 0.000169936
     Recoverable fission power            0 +/- 0
 Distributed Cell u159->c510->l158(1,0)->u144->c399
   Total Material
     Kappa-Fission Rate                   14135.7 +/- 30.7588
     Flux                                 0.182933 +/- 0.000169196
     Recoverable fission power            0 +/- 0
 Distributed Cell u159->c510->l158(3,0)->u144->c399
   Total Material
     Kappa-Fission Rate                   12115.8 +/- 28.3235
     Flux                                 0.157784 +/- 0.000160186
     Recoverable fission power            0 +/- 0
 Distributed Cell u159->c510->l158(4,0)->u144->c399
   Total Material
     Kappa-Fission Rate                   9858.16 +/- 26.4847
     Flux                                 0.135581 +/- 0.000151517
     Recoverable fission power            0 +/- 0
 Distributed Cell u159->c510->l158(-5,1)->u144->c399
   Total Material
     Kappa-Fission Rate                   8768.4 +/- 23.2867
     Flux                                 0.124087 +/- 0.000141038
     Recoverable fission power            0 +/- 0
 Distributed Cell u159->c510->l158(-4,1)->u144->c399
   Total Material
     Kappa-Fission Rate                   10503.8 +/- 26.2623
     Flux                                 0.143547 +/- 0.000153566
     Recoverable fission power            0 +/- 0
 Distributed Cell u159->c510->l158(-3,1)->u144->c399
   Total Material
     Kappa-Fission Rate                   12275.5 +/- 28.1791
     Flux                                 0.162366 +/- 0.000158898
     Recoverable fission power            0 +/- 0
 Distributed Cell u159->c510->l158(-2,1)->u144->c399
   Total Material
     Kappa-Fission Rate                   13741.7 +/- 30.5752
     Flux                                 0.176212 +/- 0.000158745
     Recoverable fission power            0 +/- 0
 Distributed Cell u159->c510->l158(-1,1)->u144->c399
   Total Material
     Kappa-Fission Rate                   14116.5 +/- 31.1681
     Flux                                 0.182925 +/- 0.000169009
     Recoverable fission power            0 +/- 0
 Distributed Cell u159->c510->l158(0,1)->u144->c399
   Total Material
     Kappa-Fission Rate                   14172.8 +/- 30.5514
     Flux                                 0.182929 +/- 0.000167703
     Recoverable fission power            0 +/- 0
 Distributed Cell u159->c510->l158(1,1)->u144->c399
   Total Material
     Kappa-Fission Rate                   13794.3 +/- 30.2193
     Flux                                 0.17627 +/- 0.000158213
     Recoverable fission power            0 +/- 0
 Distributed Cell u159->c510->l158(2,1)->u144->c399
   Total Material
     Kappa-Fission Rate                   12766.4 +/- 29.9274
     Flux                                 0.163799 +/- 0.000159911
     Recoverable fission power            0 +/- 0
 Distributed Cell u159->c510->l158(3,1)->u144->c399
   Total Material
     Kappa-Fission Rate                   10891.8 +/- 26.7581
     Flux                                 0.144503 +/- 0.000154006
     Recoverable fission power            0 +/- 0
 Distributed Cell u159->c510->l158(4,1)->u144->c399
   Total Material
     Kappa-Fission Rate                   8620.91 +/- 23.5622
     Flux                                 0.122909 +/- 0.000145897
     Recoverable fission power            0 +/- 0
 Distributed Cell u159->c510->l158(-5,2)->u144->c399
   Total Material
     Kappa-Fission Rate                   8705.56 +/- 23.6294
     Flux                                 0.126788 +/- 0.000150634
     Recoverable fission power            0 +/- 0
 Distributed Cell u159->c510->l158(-3,2)->u144->c399
   Total Material
     Kappa-Fission Rate                   12539.2 +/- 28.7137
     Flux                                 0.163814 +/- 0.000157237
     Recoverable fission power            0 +/- 0
 Distributed Cell u159->c510->l158(-1,2)->u144->c399
   Total Material
     Kappa-Fission Rate                   13859.9 +/- 30.2688
     Flux                                 0.176875 +/- 0.000165868
     Recoverable fission power            0 +/- 0
 Distributed Cell u159->c510->l158(0,2)->u144->c399
   Total Material
     Kappa-Fission Rate                   13460.5 +/- 28.7836
     Flux                                 0.172633 +/- 0.000162472
     Recoverable fission power            0 +/- 0
 Distributed Cell u159->c510->l158(1,2)->u144->c399
   Total Material
     Kappa-Fission Rate                   12687.4 +/- 28.5203
     Flux                                 0.1629 +/- 0.000157918
     Recoverable fission power            0 +/- 0
 Distributed Cell u159->c510->l158(3,2)->u144->c399
   Total Material
     Kappa-Fission Rate                   9313.76 +/- 24.4695
     Flux                                 0.128677 +/- 0.000146729
     Recoverable fission power            0 +/- 0
 Distributed Cell u159->c510->l158(-5,3)->u144->c399
   Total Material
     Kappa-Fission Rate                   8664.5 +/- 23.3595
     Flux                                 0.126177 +/- 0.00014431
     Recoverable fission power            0 +/- 0
 Distributed Cell u159->c510->l158(-4,3)->u144->c399
   Total Material
     Kappa-Fission Rate                   10538.5 +/- 26.7411
     Flux                                 0.143869 +/- 0.000158169
     Recoverable fission power            0 +/- 0
 Distributed Cell u159->c510->l158(-3,3)->u144->c399
   Total Material
     Kappa-Fission Rate                   12089.2 +/- 28.3412
     Flux                                 0.157928 +/- 0.000155664
     Recoverable fission power            0 +/- 0
 Distributed Cell u159->c510->l158(-2,3)->u144->c399
   Total Material
     Kappa-Fission Rate                   12863.5 +/- 29.4341
     Flux                                 0.164645 +/- 0.000157103
     Recoverable fission power            0 +/- 0
 Distributed Cell u159->c510->l158(-1,3)->u144->c399
   Total Material
     Kappa-Fission Rate                   12744.1 +/- 29.7632
     Flux                                 0.163455 +/- 0.000158602
     Recoverable fission power            0 +/- 0
 Distributed Cell u159->c510->l158(0,3)->u144->c399
   Total Material
     Kappa-Fission Rate                   12120.3 +/- 27.9757
     Flux                                 0.156591 +/- 0.000152424
     Recoverable fission power            0 +/- 0
 Distributed Cell u159->c510->l158(1,3)->u144->c399
   Total Material
     Kappa-Fission Rate                   11065.8 +/- 27.4703
     Flux                                 0.145348 +/- 0.000151204
     Recoverable fission power            0 +/- 0
 Distributed Cell u159->c510->l158(2,3)->u144->c399
   Total Material
     Kappa-Fission Rate                   9405.37 +/- 26.1985
     Flux                                 0.12946 +/- 0.000145478
     Recoverable fission power            0 +/- 0
 Distributed Cell u159->c510->l158(-5,4)->u144->c399
   Total Material
     Kappa-Fission Rate                   8457.76 +/- 24.2623
     Flux                                 0.121901 +/- 0.000139568
     Recoverable fission power            0 +/- 0
 Distributed Cell u159->c510->l158(-4,4)->u144->c399
   Total Material
     Kappa-Fission Rate                   9895.47 +/- 25.5401
     Flux                                 0.135675 +/- 0.000149305
     Recoverable fission power            0 +/- 0
 Distributed Cell u159->c510->l158(-3,4)->u144->c399
   Total Material
     Kappa-Fission Rate                   10890.3 +/- 27.4197
     Flux                                 0.144704 +/- 0.00015044
     Recoverable fission power            0 +/- 0
 Distributed Cell u159->c510->l158(-2,4)->u144->c399
   Total Material
     Kappa-Fission Rate                   11265.7 +/- 27.4711
     Flux                                 0.147908 +/- 0.00014811
     Recoverable fission power            0 +/- 0
 Distributed Cell u159->c510->l158(-1,4)->u144->c399
   Total Material
     Kappa-Fission Rate                   11076.4 +/- 26.9628
     Flux                                 0.145259 +/- 0.000145526
     Recoverable fission power            0 +/- 0
 Distributed Cell u159->c510->l158(1,4)->u144->c399
   Total Material
     Kappa-Fission Rate                   9154.17 +/- 24.9321
     Flux                                 0.126162 +/- 0.000143971
     Recoverable fission power            0 +/- 0
 Distributed Cell u159->c510->l158(-4,5)->u144->c399
   Total Material
     Kappa-Fission Rate                   8581.94 +/- 23.7689
     Flux                                 0.12269 +/- 0.000143518
     Recoverable fission power            0 +/- 0
 Distributed Cell u159->c510->l158(-3,5)->u144->c399
   Total Material
     Kappa-Fission Rate                   9197.21 +/- 23.8406
     Flux                                 0.128463 +/- 0.000141943
     Recoverable fission power            0 +/- 0
 Distributed Cell u159->c510->l158(-2,5)->u144->c399
   Total Material
     Kappa-Fission Rate                   9353.9 +/- 24.2228
     Flux                                 0.129331 +/- 0.000145929
     Recoverable fission power            0 +/- 0
 Distributed Cell u159->c510->l158(-1,5)->u144->c399
   Total Material
     Kappa-Fission Rate                   9130.32 +/- 24.725
     Flux                                 0.126118 +/- 0.000143782
     Recoverable fission power            0 +/- 0
 Distributed Cell u159->c510->l158(0,5)->u144->c399
   Total Material
     Kappa-Fission Rate                   8376.79 +/- 23.1137
     Flux                                 0.117737 +/- 0.000139681
     Recoverable fission power            0 +/- 0
 ============================>     TALLY 4     <============================

 Distributed Cell u159->c510
   Incoming Energy [1e-05, 0.0001)
     Total Material
       Flux                                 0 +/- 0
   Incoming Energy [0.0001, 0.0005)
     Total Material
       Flux                                 7.53007e-10 +/- 7.53007e-10
   Incoming Energy [0.0005, 0.00075)
     Total Material
       Flux                                 0 +/- 0
   Incoming Energy [0.00075, 0.001)
     Total Material
       Flux                                 3.87917e-09 +/- 3.87917e-09
   Incoming Energy [0.001, 0.0012)
     Total Material
       Flux                                 0 +/- 0
   Incoming Energy [0.0012, 0.0015)
     Total Material
       Flux                                 6.89684e-09 +/- 6.89684e-09
   Incoming Energy [0.0015, 0.002)
     Total Material
       Flux                                 0 +/- 0
   Incoming Energy [0.002, 0.0025)
     Total Material
       Flux                                 0 +/- 0
   Incoming Energy [0.0025, 0.003)
     Total Material
       Flux                                 1.44031e-09 +/- 1.44031e-09
   Incoming Energy [0.003, 0.004)
     Total Material
       Flux                                 2.14763e-08 +/- 2.01045e-08
   Incoming Energy [0.004, 0.005)
     Total Material
       Flux                                 0 +/- 0
   Incoming Energy [0.005, 0.0075)
     Total Material
       Flux                                 2.93057e-07 +/- 1.06143e-07
   Incoming Energy [0.0075, 0.01)
     Total Material
       Flux                                 1.48607e-07 +/- 5.50333e-08
   Incoming Energy [0.01, 0.0253)
     Total Material
       Flux                                 5.35329e-06 +/- 6.17273e-07
   Incoming Energy [0.0253, 0.03)
     Total Material
       Flux                                 3.84668e-06 +/- 4.30899e-07
   Incoming Energy [0.03, 0.04)
     Total Material
       Flux                                 1.35133e-05 +/- 9.32904e-07
   Incoming Energy [0.04, 0.05)
     Total Material
       Flux                                 2.10325e-05 +/- 1.20123e-06
   Incoming Energy [0.05, 0.06)
     Total Material
       Flux                                 3.31282e-05 +/- 1.54275e-06
   Incoming Energy [0.06, 0.07)
     Total Material
       Flux                                 4.58149e-05 +/- 1.69111e-06
   Incoming Energy [0.07, 0.08)
     Total Material
       Flux                                 6.12852e-05 +/- 2.19885e-06
   Incoming Energy [0.08, 0.09)
     Total Material
       Flux                                 7.51518e-05 +/- 2.2272e-06
   Incoming Energy [0.09, 0.1)
     Total Material
       Flux                                 9.52805e-05 +/- 2.3653e-06
   Incoming Energy [0.1, 0.125)
     Total Material
       Flux                                 0.000331469 +/- 5.88215e-06
   Incoming Energy [0.125, 0.15)
     Total Material
       Flux                                 0.000467933 +/- 6.55833e-06
   Incoming Energy [0.15, 0.175)
     Total Material
       Flux                                 0.000641788 +/- 7.71097e-06
   Incoming Energy [0.175, 0.2)
     Total Material
       Flux                                 0.00082925 +/- 8.80017e-06
   Incoming Energy [0.2, 0.225)
     Total Material
       Flux                                 0.00100052 +/- 9.47684e-06
   Incoming Energy [0.225, 0.25)
     Total Material
       Flux                                 0.00118124 +/- 9.62793e-06
   Incoming Energy [0.25, 0.275)
     Total Material
       Flux                                 0.00136126 +/- 1.01556e-05
   Incoming Energy [0.275, 0.3)
     Total Material
       Flux                                 0.00154484 +/- 1.08582e-05
   Incoming Energy [0.3, 0.325)
     Total Material
       Flux                                 0.00171653 +/- 1.19825e-05
   Incoming Energy [0.325, 0.35)
     Total Material
       Flux                                 0.00187207 +/- 1.21458e-05
   Incoming Energy [0.35, 0.375)
     Total Material
       Flux                                 0.00201721 +/- 1.23121e-05
   Incoming Energy [0.375, 0.4)
     Total Material
       Flux                                 0.00219287 +/- 1.23511e-05
   Incoming Energy [0.4, 0.45)
     Total Material
       Flux                                 0.00480816 +/- 2.22161e-05
   Incoming Energy [0.45, 0.5)
     Total Material
       Flux                                 0.00533546 +/- 2.20763e-05
   Incoming Energy [0.5, 0.55)
     Total Material
       Flux                                 0.00582974 +/- 2.34061e-05
   Incoming Energy [0.55, 0.6)
     Total Material
       Flux                                 0.00621366 +/- 2.28883e-05
   Incoming Energy [0.6, 0.625)
     Total Material
       Flux                                 0.00327218 +/- 1.41738e-05
   Incoming Energy [0.625, 0.65)
     Total Material
       Flux                                 0.00335812 +/- 1.46269e-05
   Incoming Energy [0.65, 0.7)
     Total Material
       Flux                                 0.00695285 +/- 2.44093e-05
   Incoming Energy [0.7, 0.75)
     Total Material
       Flux                                 0.00726055 +/- 2.39905e-05
   Incoming Energy [0.75, 0.8)
     Total Material
       Flux                                 0.00749985 +/- 2.40806e-05
   Incoming Energy [0.8, 0.85)
     Total Material
       Flux                                 0.00769961 +/- 2.48846e-05
   Incoming Energy [0.85, 0.9)
     Total Material
       Flux                                 0.00792382 +/- 2.35791e-05
   Incoming Energy [0.9, 0.925)
     Total Material
       Flux                                 0.00402478 +/- 1.54323e-05
   Incoming Energy [0.925, 0.95)
     Total Material
       Flux                                 0.00408161 +/- 1.51648e-05
   Incoming Energy [0.95, 0.975)
     Total Material
       Flux                                 0.00412269 +/- 1.49359e-05
   Incoming Energy [0.975, 1)
     Total Material
       Flux                                 0.00415274 +/- 1.50951e-05
   Incoming Energy [1, 1.01)
     Total Material
       Flux                                 0.00166908 +/- 8.85021e-06
   Incoming Energy [1.01, 1.02)
     Total Material
       Flux                                 0.00166966 +/- 8.8204e-06
   Incoming Energy [1.02, 1.03)
     Total Material
       Flux                                 0.0016827 +/- 9.06358e-06
   Incoming Energy [1.03, 1.04)
     Total Material
       Flux                                 0.001691 +/- 9.05669e-06
   Incoming Energy [1.04, 1.05)
     Total Material
       Flux                                 0.00169023 +/- 8.81218e-06
   Incoming Energy [1.05, 1.06)
     Total Material
       Flux                                 0.00170839 +/- 8.60594e-06
   Incoming Energy [1.06, 1.07)
     Total Material
       Flux                                 0.00170741 +/- 8.72899e-06
   Incoming Energy [1.07, 1.08)
     Total Material
       Flux                                 0.00170907 +/- 8.40966e-06
   Incoming Energy [1.08, 1.09)
     Total Material
       Flux                                 0.00170618 +/- 8.57793e-06
   Incoming Energy [1.09, 1.1)
     Total Material
       Flux                                 0.00170899 +/- 8.26436e-06
   Incoming Energy [1.1, 1.11)
     Total Material
       Flux                                 0.00172979 +/- 9.1436e-06
   Incoming Energy [1.11, 1.12)
     Total Material
       Flux                                 0.0017249 +/- 8.75672e-06
   Incoming Energy [1.12, 1.13)
     Total Material
       Flux                                 0.00173505 +/- 8.82537e-06
   Incoming Energy [1.13, 1.14)
     Total Material
       Flux                                 0.00173394 +/- 8.99734e-06
   Incoming Energy [1.14, 1.15)
     Total Material
       Flux                                 0.00173627 +/- 8.71587e-06
   Incoming Energy [1.15, 1.175)
     Total Material
       Flux                                 0.00436165 +/- 1.51456e-05
   Incoming Energy [1.175, 1.2)
     Total Material
       Flux                                 0.00436569 +/- 1.56013e-05
   Incoming Energy [1.2, 1.225)
     Total Material
       Flux                                 0.0043885 +/- 1.48664e-05
   Incoming Energy [1.225, 1.25)
     Total Material
       Flux                                 0.00442524 +/- 1.59492e-05
   Incoming Energy [1.25, 1.3)
     Total Material
       Flux                                 0.00893361 +/- 2.36439e-05
   Incoming Energy [1.3, 1.35)
     Total Material
       Flux                                 0.00903057 +/- 2.3919e-05
   Incoming Energy [1.35, 1.4)
     Total Material
       Flux                                 0.00904395 +/- 2.27551e-05
   Incoming Energy [1.4, 1.45)
     Total Material
       Flux                                 0.00908213 +/- 2.32357e-05
   Incoming Energy [1.45, 1.5)
     Total Material
       Flux                                 0.00908652 +/- 2.32091e-05
   Incoming Energy [1.5, 1.59)
     Total Material
       Flux                                 0.0164997 +/- 3.4432e-05
   Incoming Energy [1.59, 1.68)
     Total Material
       Flux                                 0.0165435 +/- 3.52729e-05
   Incoming Energy [1.68, 1.77)
     Total Material
       Flux                                 0.0165669 +/- 3.40886e-05
   Incoming Energy [1.77, 1.86)
     Total Material
       Flux                                 0.016568 +/- 3.18551e-05
   Incoming Energy [1.86, 1.94)
     Total Material
       Flux                                 0.0147822 +/- 2.97968e-05
   Incoming Energy [1.94, 2)
     Total Material
       Flux                                 0.0110688 +/- 2.5065e-05
   Incoming Energy [2, 2.12)
     Total Material
       Flux                                 0.0219809 +/- 3.78315e-05
   Incoming Energy [2.12, 2.21)
     Total Material
       Flux                                 0.0164761 +/- 3.26792e-05
   Incoming Energy [2.21, 2.3)
     Total Material
       Flux                                 0.0164491 +/- 3.09969e-05
   Incoming Energy [2.3, 2.38)
     Total Material
       Flux                                 0.0145237 +/- 2.86321e-05
   Incoming Energy [2.38, 2.47)
     Total Material
       Flux                                 0.0162811 +/- 3.11757e-05
   Incoming Energy [2.47, 2.57)
     Total Material
       Flux                                 0.0180325 +/- 3.28133e-05
   Incoming Energy [2.57, 2.67)
     Total Material
       Flux                                 0.0178766 +/- 3.29258e-05
   Incoming Energy [2.67, 2.77)
     Total Material
       Flux                                 0.0177705 +/- 3.33215e-05
   Incoming Energy [2.77, 2.87)
     Total Material
       Flux                                 0.0176389 +/- 3.1976e-05
   Incoming Energy [2.87, 2.97)
     Total Material
       Flux                                 0.0174955 +/- 3.15926e-05
   Incoming Energy [2.97, 3)
     Total Material
       Flux                                 0.0052495 +/- 1.59094e-05
   Incoming Energy [3, 3.05)
     Total Material
       Flux                                 0.00870663 +/- 2.04596e-05
   Incoming Energy [3.05, 3.15)
     Total Material
       Flux                                 0.0172804 +/- 3.23119e-05
   Incoming Energy [3.15, 3.5)
     Total Material
       Flux                                 0.0596229 +/- 7.16473e-05
   Incoming Energy [3.5, 3.73)
     Total Material
       Flux                                 0.0384019 +/- 5.03218e-05
   Incoming Energy [3.73, 4)
     Total Material
       Flux                                 0.0443691 +/- 5.54315e-05
   Incoming Energy [4, 4.75)
     Total Material
       Flux                                 0.118475 +/- 0.000113515
   Incoming Energy [4.75, 5)
     Total Material
       Flux                                 0.037915 +/- 4.83475e-05
   Incoming Energy [5, 5.4)
     Total Material
       Flux                                 0.0593938 +/- 6.38111e-05
   Incoming Energy [5.4, 6)
     Total Material
       Flux                                 0.0860196 +/- 8.62444e-05
   Incoming Energy [6, 6.25)
     Total Material
       Flux                                 0.034816 +/- 4.25811e-05
   Incoming Energy [6.25, 6.5)
     Total Material
       Flux                                 0.0341568 +/- 4.31602e-05
   Incoming Energy [6.5, 6.75)
     Total Material
       Flux                                 0.0336056 +/- 4.57713e-05
   Incoming Energy [6.75, 7)
     Total Material
       Flux                                 0.0331817 +/- 4.24943e-05
   Incoming Energy [7, 7.15)
     Total Material
       Flux                                 0.0198683 +/- 3.07447e-05
   Incoming Energy [7.15, 8.1)
     Total Material
       Flux                                 0.122965 +/- 0.000105252
   Incoming Energy [8.1, 9.1)
     Total Material
       Flux                                 0.122445 +/- 0.000106672
   Incoming Energy [9.1, 10)
     Total Material
       Flux                                 0.104871 +/- 9.06922e-05
   Incoming Energy [10, 11.5)
     Total Material
       Flux                                 0.164655 +/- 0.000128657
   Incoming Energy [11.5, 11.9)
     Total Material
       Flux                                 0.0418751 +/- 4.76977e-05
   Incoming Energy [11.9, 12.9)
     Total Material
       Flux                                 0.102064 +/- 8.76849e-05
   Incoming Energy [12.9, 13.75)
     Total Material
       Flux                                 0.084221 +/- 7.52288e-05
   Incoming Energy [13.75, 14.4)
     Total Material
       Flux                                 0.0623289 +/- 6.25548e-05
   Incoming Energy [14.4, 15.1)
     Total Material
       Flux                                 0.0653508 +/- 6.37572e-05
   Incoming Energy [15.1, 16)
     Total Material
       Flux                                 0.0815689 +/- 7.24326e-05
   Incoming Energy [16, 17)
     Total Material
       Flux                                 0.0868856 +/- 7.46884e-05
   Incoming Energy [17, 18.5)
     Total Material
       Flux                                 0.129816 +/- 9.64849e-05
   Incoming Energy [18.5, 19)
     Total Material
       Flux                                 0.0403099 +/- 4.43509e-05
   Incoming Energy [19, 20)
     Total Material
       Flux                                 0.0786966 +/- 6.66086e-05
   Incoming Energy [20, 21)
     Total Material
       Flux                                 0.0760848 +/- 6.60745e-05
   Incoming Energy [21, 22.5)
     Total Material
       Flux                                 0.111412 +/- 8.47729e-05
   Incoming Energy [22.5, 25)
     Total Material
       Flux                                 0.176853 +/- 0.000123012
   Incoming Energy [25, 27.5)
     Total Material
       Flux                                 0.166199 +/- 0.000110239
   Incoming Energy [27.5, 30)
     Total Material
       Flux                                 0.15672 +/- 0.000109171
   Incoming Energy [30, 31.25)
     Total Material
       Flux                                 0.0752046 +/- 6.27477e-05
   Incoming Energy [31.25, 31.75)
     Total Material
       Flux                                 0.0295023 +/- 3.79434e-05
   Incoming Energy [31.75, 33.25)
     Total Material
       Flux                                 0.0866302 +/- 7.07676e-05
   Incoming Energy [33.25, 33.75)
     Total Material
       Flux                                 0.0282557 +/- 3.69332e-05
   Incoming Energy [33.75, 34.6)
     Total Material
       Flux                                 0.0474098 +/- 4.73391e-05
   Incoming Energy [34.6, 35.5)
     Total Material
       Flux                                 0.0492693 +/- 4.86333e-05
   Incoming Energy [35.5, 37)
     Total Material
       Flux                                 0.0801876 +/- 6.74659e-05
   Incoming Energy [37, 38)
     Total Material
       Flux                                 0.0524529 +/- 4.93829e-05
   Incoming Energy [38, 39.1)
     Total Material
       Flux                                 0.0575036 +/- 5.39473e-05
   Incoming Energy [39.1, 39.6)
     Total Material
       Flux                                 0.0255197 +/- 3.38953e-05
   Incoming Energy [39.6, 41)
     Total Material
       Flux                                 0.0721319 +/- 6.27668e-05
   Incoming Energy [41, 42.4)
     Total Material
       Flux                                 0.0675209 +/- 5.69732e-05
   Incoming Energy [42.4, 44)
     Total Material
       Flux                                 0.0857866 +/- 6.29903e-05
   Incoming Energy [44, 45.2)
     Total Material
       Flux                                 0.0348876 +/- 3.33343e-05
   Incoming Energy [45.2, 47)
     Total Material
       Flux                                 0.0995791 +/- 7.10292e-05
   Incoming Energy [47, 48.3)
     Total Material
       Flux                                 0.0756471 +/- 6.08083e-05
   Incoming Energy [48.3, 49.2)
     Total Material
       Flux                                 0.0519444 +/- 4.74162e-05
   Incoming Energy [49.2, 50.6)
     Total Material
       Flux                                 0.0796927 +/- 6.19209e-05
   Incoming Energy [50.6, 52)
     Total Material
       Flux                                 0.0781871 +/- 6.29181e-05
   Incoming Energy [52, 53.4)
     Total Material
       Flux                                 0.0770223 +/- 6.02327e-05
   Incoming Energy [53.4, 59)
     Total Material
       Flux                                 0.294643 +/- 0.000153303
   Incoming Energy [59, 61)
     Total Material
       Flux                                 0.100592 +/- 7.0571e-05
   Incoming Energy [61, 65)
     Total Material
       Flux                                 0.194315 +/- 0.00010936
   Incoming Energy [65, 67.5)
     Total Material
       Flux                                 0.116216 +/- 7.49999e-05
   Incoming Energy [67.5, 72)
     Total Material
       Flux                                 0.203811 +/- 0.000110344
   Incoming Energy [72, 76)
     Total Material
       Flux                                 0.177407 +/- 9.84666e-05
   Incoming Energy [76, 80)
     Total Material
       Flux                                 0.170845 +/- 9.71964e-05
   Incoming Energy [80, 82)
     Total Material
       Flux                                 0.0825549 +/- 6.51998e-05
   Incoming Energy [82, 90)
     Total Material
       Flux                                 0.319165 +/- 0.000149744
   Incoming Energy [90, 100)
     Total Material
       Flux                                 0.371083 +/- 0.000178852
   Incoming Energy [100, 108)
     Total Material
       Flux                                 0.277306 +/- 0.000137797
   Incoming Energy [108, 115)
     Total Material
       Flux                                 0.232032 +/- 0.000117789
   Incoming Energy [115, 119)
     Total Material
       Flux                                 0.12682 +/- 7.7905e-05
   Incoming Energy [119, 122)
     Total Material
       Flux                                 0.0960793 +/- 6.94342e-05
   Incoming Energy [122, 186)
     Total Material
       Flux                                 1.74208 +/- 0.000614929
   Incoming Energy [186, 192.5)
     Total Material
       Flux                                 0.153351 +/- 8.769e-05
   Incoming Energy [192.5, 207.5)
     Total Material
       Flux                                 0.339898 +/- 0.00015095
   Incoming Energy [207.5, 210)
     Total Material
       Flux                                 0.0533922 +/- 4.59946e-05
   Incoming Energy [210, 240)
     Total Material
       Flux                                 0.615864 +/- 0.000238869
   Incoming Energy [240, 285)
     Total Material
       Flux                                 0.78572 +/- 0.000280381
   Incoming Energy [285, 305)
     Total Material
       Flux                                 0.276235 +/- 0.000122338
   Incoming Energy [305, 550)
     Total Material
       Flux                                 2.5764 +/- 0.000742865
   Incoming Energy [550, 670)
     Total Material
       Flux                                 1.34453 +/- 0.000411732
   Incoming Energy [670, 683)
     Total Material
       Flux                                 0.132381 +/- 7.94044e-05
   Incoming Energy [683, 950)
     Total Material
       Flux                                 2.50748 +/- 0.000682911
   Incoming Energy [950, 1150)
     Total Material
       Flux                                 1.37355 +/- 0.000383635
   Incoming Energy [1150, 1500)
     Total Material
       Flux                                 2.67724 +/- 0.000639943
   Incoming Energy [1500, 1550)
     Total Material
       Flux                                 0.330023 +/- 0.000135158
   Incoming Energy [1550, 1800)
     Total Material
       Flux                                 1.50668 +/- 0.000367994
   Incoming Energy [1800, 2200)
     Total Material
       Flux                                 1.60873 +/- 0.00037554
   Incoming Energy [2200, 2290)
     Total Material
       Flux                                 0.194302 +/- 7.35194e-05
   Incoming Energy [2290, 2580)
     Total Material
       Flux                                 0.356538 +/- 9.56909e-05
   Incoming Energy [2580, 3000)
     Total Material
       Flux                                 0.336558 +/- 0.000101932
   Incoming Energy [3000, 3740)
     Total Material
       Flux                                 1.17358 +/- 0.000263097
   Incoming Energy [3740, 3900)
     Total Material
       Flux                                 0.284939 +/- 9.4356e-05
   Incoming Energy [3900, 6000)
     Total Material
       Flux                                 3.47097 +/- 0.00066752
   Incoming Energy [6000, 8030)
     Total Material
       Flux                                 2.44522 +/- 0.000488322
   Incoming Energy [8030, 9500)
     Total Material
       Flux                                 1.54853 +/- 0.000331649
   Incoming Energy [9500, 13000)
     Total Material
       Flux                                 4.60978 +/- 0.000836894
   Incoming Energy [13000, 17000)
     Total Material
       Flux                                 3.51359 +/- 0.000638727
   Incoming Energy [17000, 25000)
     Total Material
       Flux                                 9.59123 +/- 0.00146872
   Incoming Energy [25000, 30000)
     Total Material
       Flux                                 3.32829 +/- 0.000602839
   Incoming Energy [30000, 45000)
     Total Material
       Flux                                 9.31912 +/- 0.00130012
   Incoming Energy [45000, 50000)
     Total Material
       Flux                                 3.50884 +/- 0.000630972
   Incoming Energy [50000, 52000)
     Total Material
       Flux                                 0.675878 +/- 0.000193757
   Incoming Energy [52000, 60000)
     Total Material
       Flux                                 4.0428 +/- 0.000696812
   Incoming Energy [60000, 73000)
     Total Material
       Flux                                 7.02115 +/- 0.00106254
   Incoming Energy [73000, 75000)
     Total Material
       Flux                                 0.646364 +/- 0.000235781
   Incoming Energy [75000, 82000)
     Total Material
       Flux                                 4.12718 +/- 0.000739865
   Incoming Energy [82000, 85000)
     Total Material
       Flux                                 1.19368 +/- 0.000369737
   Incoming Energy [85000, 100000)
     Total Material
       Flux                                 5.10985 +/- 0.000790018
   Incoming Energy [100000, 128300)
     Total Material
       Flux                                 10.9997 +/- 0.0015309
   Incoming Energy [128300, 150000)
     Total Material
       Flux                                 7.05504 +/- 0.00108713
   Incoming Energy [150000, 200000)
     Total Material
       Flux                                 12.2088 +/- 0.00158828
   Incoming Energy [200000, 270000)
     Total Material
       Flux                                 13.0123 +/- 0.00173301
   Incoming Energy [270000, 330000)
     Total Material
       Flux                                 10.0077 +/- 0.00155342
   Incoming Energy [330000, 400000)
     Total Material
       Flux                                 7.73288 +/- 0.0012134
   Incoming Energy [400000, 420000)
     Total Material
       Flux                                 1.33727 +/- 0.000334697
   Incoming Energy [420000, 440000)
     Total Material
       Flux                                 1.37059 +/- 0.000362038
   Incoming Energy [440000, 470000)
     Total Material
       Flux                                 2.44629 +/- 0.000537816
   Incoming Energy [470000, 499520)
     Total Material
       Flux                                 2.49369 +/- 0.000555824
   Incoming Energy [499520, 550000)
     Total Material
       Flux                                 4.1875 +/- 0.000876602
   Incoming Energy [550000, 573000)
     Total Material
       Flux                                 1.74169 +/- 0.00049137
   Incoming Energy [573000, 600000)
     Total Material
       Flux                                 2.02798 +/- 0.00059684
   Incoming Energy [600000, 670000)
     Total Material
       Flux                                 4.39071 +/- 0.000973156
   Incoming Energy [670000, 679000)
     Total Material
       Flux                                 0.385605 +/- 0.000185194
   Incoming Energy [679000, 750000)
     Total Material
       Flux                                 3.05233 +/- 0.000717862
   Incoming Energy [750000, 820000)
     Total Material
       Flux                                 2.44803 +/- 0.000629781
   Incoming Energy [820000, 861100)
     Total Material
       Flux                                 1.30699 +/- 0.000464154
   Incoming Energy [861100, 875000)
     Total Material
       Flux                                 0.354252 +/- 0.00020733
   Incoming Energy [875000, 900000)
     Total Material
       Flux                                 0.674651 +/- 0.000316208
   Incoming Energy [900000, 920000)
     Total Material
       Flux                                 0.438643 +/- 0.000236356
   Incoming Energy [920000, 1010000)
     Total Material
       Flux                                 1.82562 +/- 0.000595649
   Incoming Energy [1010000, 1100000)
     Total Material
       Flux                                 1.61192 +/- 0.000541363
   Incoming Energy [1100000, 1200000)
     Total Material
       Flux                                 1.93431 +/- 0.000626025
   Incoming Energy [1200000, 1250000)
     Total Material
       Flux                                 0.819245 +/- 0.000361866
   Incoming Energy [1250000, 1317000)
     Total Material
       Flux                                 0.915332 +/- 0.00036741
   Incoming Energy [1317000, 1356000)
     Total Material
       Flux                                 0.489372 +/- 0.000266154
   Incoming Energy [1356000, 1400000)
     Total Material
       Flux                                 0.595425 +/- 0.000308037
   Incoming Energy [1400000, 1500000)
     Total Material
       Flux                                 1.16718 +/- 0.000484783
   Incoming Energy [1500000, 1850000)
     Total Material
       Flux                                 3.15161 +/- 0.00084535
   Incoming Energy [1850000, 2354000)
     Total Material
       Flux                                 3.01734 +/- 0.000878073
   Incoming Energy [2354000, 2479000)
     Total Material
       Flux                                 0.631764 +/- 0.00035018
   Incoming Energy [2479000, 3000000)
     Total Material
       Flux                                 1.89768 +/- 0.000682309
   Incoming Energy [3000000, 4304000)
     Total Material
       Flux                                 2.12343 +/- 0.000736188
   Incoming Energy [4304000, 4800000)
     Total Material
       Flux                                 0.408087 +/- 0.000323879
   Incoming Energy [4800000, 6434000)
     Total Material
       Flux                                 0.668553 +/- 0.000419235
   Incoming Energy [6434000, 8187300)
     Total Material
       Flux                                 0.20741 +/- 0.00023946
   Incoming Energy [8187300, 10000000)
     Total Material
       Flux                                 0.055626 +/- 0.000118221
   Incoming Energy [10000000, 12840000)
     Total Material
       Flux                                 0.0165268 +/- 6.53502e-05
   Incoming Energy [12840000, 13840000)
     Total Material
       Flux                                 0.00116122 +/- 1.70276e-05
   Incoming Energy [13840000, 14550000)
     Total Material
       Flux                                 0.000419384 +/- 9.8594e-06
   Incoming Energy [14550000, 15683000)
     Total Material
       Flux                                 0.000327565 +/- 9.2421e-06
   Incoming Energy [15683000, 17333000)
     Total Material
       Flux                                 0.000171536 +/- 6.56904e-06
   Incoming Energy [17333000, 20000000)
     Total Material
       Flux                                 6.13355e-05 +/- 3.99629e-06
