                                %%%%%%%%%%%%%%%
                           %%%%%%%%%%%%%%%%%%%%%%%%
                        %%%%%%%%%%%%%%%%%%%%%%%%%%%%%%
                      %%%%%%%%%%%%%%%%%%%%%%%%%%%%%%%%%%
                    %%%%%%%%%%%%%%%%%%%%%%%%%%%%%%%%%%%%%%
                   %%%%%%%%%%%%%%%%%%%%%%%%%%%%%%%%%%%%%%%%
                                    %%%%%%%%%%%%%%%%%%%%%%%%
                                     %%%%%%%%%%%%%%%%%%%%%%%%
                 ###############      %%%%%%%%%%%%%%%%%%%%%%%%
                ##################     %%%%%%%%%%%%%%%%%%%%%%%
                ###################     %%%%%%%%%%%%%%%%%%%%%%%
                ####################     %%%%%%%%%%%%%%%%%%%%%%
                #####################     %%%%%%%%%%%%%%%%%%%%%
                ######################     %%%%%%%%%%%%%%%%%%%%
                #######################     %%%%%%%%%%%%%%%%%%
                 #######################     %%%%%%%%%%%%%%%%%
                 ######################     %%%%%%%%%%%%%%%%%
                  ####################     %%%%%%%%%%%%%%%%%
                    #################     %%%%%%%%%%%%%%%%%
                     ###############     %%%%%%%%%%%%%%%%
                       ############     %%%%%%%%%%%%%%%
                          ########     %%%%%%%%%%%%%%
                                      %%%%%%%%%%%

                 | The OpenMC Monte Carlo Code
       Copyright | 2011-2022 MIT, UChicago Argonne LLC, and contributors
         License | https://docs.openmc.org/en/latest/license.html
         Version | 0.13.0
        Git SHA1 | a64df444b72c755afe82d85fbcb2cb6f0a61009c
       Date/Time | 2022-04-05 22:15:49
  OpenMP Threads | 16

 Reading settings XML file...
 Reading cross sections XML file...
 Reading materials XML file...
 Reading geometry XML file...
 Reading U235 from /mnt/d/OpenMC_TCS/OpenMCLib/U235.h5
 Reading U238 from /mnt/d/OpenMC_TCS/OpenMCLib/U238.h5
 Reading O16 from /mnt/d/OpenMC_TCS/OpenMCLib/O16.h5
 Reading Fe54 from /mnt/d/OpenMC_TCS/OpenMCLib/Fe54.h5
 Reading Fe56 from /mnt/d/OpenMC_TCS/OpenMCLib/Fe56.h5
 Reading Fe57 from /mnt/d/OpenMC_TCS/OpenMCLib/Fe57.h5
 Reading Fe58 from /mnt/d/OpenMC_TCS/OpenMCLib/Fe58.h5
 Reading Cr50 from /mnt/d/OpenMC_TCS/OpenMCLib/Cr50.h5
 Reading Cr52 from /mnt/d/OpenMC_TCS/OpenMCLib/Cr52.h5
 Reading Cr53 from /mnt/d/OpenMC_TCS/OpenMCLib/Cr53.h5
 Reading Cr54 from /mnt/d/OpenMC_TCS/OpenMCLib/Cr54.h5
 Reading Ni58 from /mnt/d/OpenMC_TCS/OpenMCLib/Ni58.h5
 Reading Ni60 from /mnt/d/OpenMC_TCS/OpenMCLib/Ni60.h5
 Reading Ni61 from /mnt/d/OpenMC_TCS/OpenMCLib/Ni61.h5
 Reading Ni62 from /mnt/d/OpenMC_TCS/OpenMCLib/Ni62.h5
 Reading Ni64 from /mnt/d/OpenMC_TCS/OpenMCLib/Ni64.h5
 Reading Mo92 from /mnt/d/OpenMC_TCS/OpenMCLib/Mo92.h5
 Reading Mo94 from /mnt/d/OpenMC_TCS/OpenMCLib/Mo94.h5
 Reading Mo95 from /mnt/d/OpenMC_TCS/OpenMCLib/Mo95.h5
 Reading Mo96 from /mnt/d/OpenMC_TCS/OpenMCLib/Mo96.h5
 Reading Mo97 from /mnt/d/OpenMC_TCS/OpenMCLib/Mo97.h5
 Reading Mo98 from /mnt/d/OpenMC_TCS/OpenMCLib/Mo98.h5
 Reading Mo100 from /mnt/d/OpenMC_TCS/OpenMCLib/Mo100.h5
 Reading Mn55 from /mnt/d/OpenMC_TCS/OpenMCLib/Mn55.h5
 Reading C0 from /mnt/d/OpenMC_TCS/OpenMCLib/C0.h5
 Reading Ti46 from /mnt/d/OpenMC_TCS/OpenMCLib/Ti46.h5
 Reading Ti47 from /mnt/d/OpenMC_TCS/OpenMCLib/Ti47.h5
 Reading Ti48 from /mnt/d/OpenMC_TCS/OpenMCLib/Ti48.h5
 Reading Ti49 from /mnt/d/OpenMC_TCS/OpenMCLib/Ti49.h5
 Reading Ti50 from /mnt/d/OpenMC_TCS/OpenMCLib/Ti50.h5
 Reading Si28 from /mnt/d/OpenMC_TCS/OpenMCLib/Si28.h5
 Reading Si29 from /mnt/d/OpenMC_TCS/OpenMCLib/Si29.h5
 Reading Si30 from /mnt/d/OpenMC_TCS/OpenMCLib/Si30.h5
 Reading B10 from /mnt/d/OpenMC_TCS/OpenMCLib/B10.h5
 Reading B11 from /mnt/d/OpenMC_TCS/OpenMCLib/B11.h5
 Reading Na23 from /mnt/d/OpenMC_TCS/OpenMCLib/Na23.h5
 Minimum neutron data temperature: 523 K
 Maximum neutron data temperature: 523 K
 Reading tallies XML file...
 Preparing distributed cell instances...
 Reading plot XML file...
 Writing summary.h5 file...
 Maximum neutron transport energy: 20000000 eV for U235
 Initializing source particles...

 ====================>     K EIGENVALUE SIMULATION     <====================

  Bat./Gen.      k            Average k
  =========   ========   ====================
        1/1    0.97622
        2/1    1.00073
        3/1    1.01480
        4/1    1.02433
        5/1    1.03096
        6/1    1.02231
        7/1    1.02808
        8/1    1.03560
        9/1    1.03712
       10/1    1.03062
       11/1    1.02942
       12/1    1.02247
       13/1    1.02987
       14/1    1.03450
       15/1    1.03122
       16/1    1.02784
       17/1    1.03229
       18/1    1.02629
       19/1    1.03449
       20/1    1.02554
       21/1    1.03340
       22/1    1.03514
       23/1    1.02605
       24/1    1.02660
       25/1    1.03008
       26/1    1.02953
       27/1    1.03556
       28/1    1.02497
       29/1    1.03169
       30/1    1.02870
       31/1    1.03652
       32/1    1.03174
       33/1    1.02406
       34/1    1.02950
       35/1    1.03073
       36/1    1.02840
       37/1    1.02502
       38/1    1.03471
       39/1    1.02819
       40/1    1.02953
       41/1    1.03380
       42/1    1.03619
       43/1    1.03345
       44/1    1.02894
       45/1    1.02389
       46/1    1.03661
       47/1    1.03469
       48/1    1.03082
       49/1    1.03420
       50/1    1.03416
       51/1    1.03095
       52/1    1.02867    1.02981 +/- 0.00114
       53/1    1.03417    1.03127 +/- 0.00160
       54/1    1.02959    1.03085 +/- 0.00120
       55/1    1.03181    1.03104 +/- 0.00095
       56/1    1.02804    1.03054 +/- 0.00092
       57/1    1.02445    1.02967 +/- 0.00117
       58/1    1.03066    1.02979 +/- 0.00102
       59/1    1.02861    1.02966 +/- 0.00091
       60/1    1.02522    1.02922 +/- 0.00093
       61/1    1.03601    1.02984 +/- 0.00104
       62/1    1.03745    1.03047 +/- 0.00114
       63/1    1.02528    1.03007 +/- 0.00112
       64/1    1.02439    1.02967 +/- 0.00112
       65/1    1.02683    1.02948 +/- 0.00106
       66/1    1.02971    1.02949 +/- 0.00099
       67/1    1.02925    1.02948 +/- 0.00093
       68/1    1.03015    1.02951 +/- 0.00088
       69/1    1.02603    1.02933 +/- 0.00085
       70/1    1.03037    1.02938 +/- 0.00081
       71/1    1.02581    1.02921 +/- 0.00079
       72/1    1.02698    1.02911 +/- 0.00076
       73/1    1.02714    1.02903 +/- 0.00073
       74/1    1.03029    1.02908 +/- 0.00070
       75/1    1.02665    1.02898 +/- 0.00068
       76/1    1.02222    1.02872 +/- 0.00070
       77/1    1.02925    1.02874 +/- 0.00067
       78/1    1.03203    1.02886 +/- 0.00066
       79/1    1.03174    1.02896 +/- 0.00065
       80/1    1.03196    1.02906 +/- 0.00063
       81/1    1.02227    1.02884 +/- 0.00065
       82/1    1.03139    1.02892 +/- 0.00063
       83/1    1.03395    1.02907 +/- 0.00063
       84/1    1.02789    1.02904 +/- 0.00061
       85/1    1.02481    1.02891 +/- 0.00061
       86/1    1.02196    1.02872 +/- 0.00062
       87/1    1.03376    1.02886 +/- 0.00062
       88/1    1.02909    1.02886 +/- 0.00060
       89/1    1.02441    1.02875 +/- 0.00060
       90/1    1.03264    1.02885 +/- 0.00059
       91/1    1.03274    1.02894 +/- 0.00059
       92/1    1.03178    1.02901 +/- 0.00058
       93/1    1.03507    1.02915 +/- 0.00058
       94/1    1.03147    1.02920 +/- 0.00057
       95/1    1.02372    1.02908 +/- 0.00057
       96/1    1.03631    1.02924 +/- 0.00058
       97/1    1.03147    1.02929 +/- 0.00057
       98/1    1.02681    1.02923 +/- 0.00056
       99/1    1.02822    1.02921 +/- 0.00055
      100/1    1.02956    1.02922 +/- 0.00054
      101/1    1.02850    1.02921 +/- 0.00053
      102/1    1.02506    1.02913 +/- 0.00052
      103/1    1.03244    1.02919 +/- 0.00052
      104/1    1.03033    1.02921 +/- 0.00051
      105/1    1.03178    1.02926 +/- 0.00050
      106/1    1.03476    1.02936 +/- 0.00050
      107/1    1.02667    1.02931 +/- 0.00049
      108/1    1.02950    1.02931 +/- 0.00048
      109/1    1.02914    1.02931 +/- 0.00048
      110/1    1.03197    1.02935 +/- 0.00047
      111/1    1.02561    1.02929 +/- 0.00047
      112/1    1.02558    1.02923 +/- 0.00046
      113/1    1.03361    1.02930 +/- 0.00046
      114/1    1.02454    1.02923 +/- 0.00046
      115/1    1.02514    1.02916 +/- 0.00046
      116/1    1.03203    1.02921 +/- 0.00045
      117/1    1.02840    1.02920 +/- 0.00045
      118/1    1.03514    1.02928 +/- 0.00045
      119/1    1.03819    1.02941 +/- 0.00046
      120/1    1.03198    1.02945 +/- 0.00045
      121/1    1.03428    1.02952 +/- 0.00045
      122/1    1.02986    1.02952 +/- 0.00045
      123/1    1.03331    1.02957 +/- 0.00044
      124/1    1.03525    1.02965 +/- 0.00044
      125/1    1.03418    1.02971 +/- 0.00044
      126/1    1.03098    1.02973 +/- 0.00044
      127/1    1.02826    1.02971 +/- 0.00043
      128/1    1.02984    1.02971 +/- 0.00043
      129/1    1.02902    1.02970 +/- 0.00042
      130/1    1.03391    1.02975 +/- 0.00042
      131/1    1.02873    1.02974 +/- 0.00041
      132/1    1.02941    1.02974 +/- 0.00041
      133/1    1.03229    1.02977 +/- 0.00040
      134/1    1.02868    1.02975 +/- 0.00040
      135/1    1.02788    1.02973 +/- 0.00040
      136/1    1.02627    1.02969 +/- 0.00039
      137/1    1.02781    1.02967 +/- 0.00039
      138/1    1.03129    1.02969 +/- 0.00039
      139/1    1.02982    1.02969 +/- 0.00038
      140/1    1.02593    1.02965 +/- 0.00038
      141/1    1.03529    1.02971 +/- 0.00038
      142/1    1.02930    1.02971 +/- 0.00038
      143/1    1.03559    1.02977 +/- 0.00038
      144/1    1.03076    1.02978 +/- 0.00037
      145/1    1.02547    1.02973 +/- 0.00037
      146/1    1.03797    1.02982 +/- 0.00038
      147/1    1.03067    1.02983 +/- 0.00037
      148/1    1.02939    1.02982 +/- 0.00037
      149/1    1.02766    1.02980 +/- 0.00037
      150/1    1.02915    1.02980 +/- 0.00036
      151/1    1.02964    1.02979 +/- 0.00036
      152/1    1.02937    1.02979 +/- 0.00036
      153/1    1.02493    1.02974 +/- 0.00036
      154/1    1.03468    1.02979 +/- 0.00036
      155/1    1.03281    1.02982 +/- 0.00035
      156/1    1.03534    1.02987 +/- 0.00035
      157/1    1.03558    1.02993 +/- 0.00035
      158/1    1.02623    1.02989 +/- 0.00035
      159/1    1.03402    1.02993 +/- 0.00035
      160/1    1.02804    1.02991 +/- 0.00035
      161/1    1.02700    1.02989 +/- 0.00035
      162/1    1.02713    1.02986 +/- 0.00034
      163/1    1.02590    1.02983 +/- 0.00034
      164/1    1.03664    1.02989 +/- 0.00035
      165/1    1.03047    1.02989 +/- 0.00034
      166/1    1.03083    1.02990 +/- 0.00034
      167/1    1.02307    1.02984 +/- 0.00034
      168/1    1.03163    1.02986 +/- 0.00034
      169/1    1.02677    1.02983 +/- 0.00034
      170/1    1.02790    1.02981 +/- 0.00034
      171/1    1.03264    1.02984 +/- 0.00033
      172/1    1.02901    1.02983 +/- 0.00033
      173/1    1.03292    1.02986 +/- 0.00033
      174/1    1.02842    1.02984 +/- 0.00033
      175/1    1.03375    1.02987 +/- 0.00033
      176/1    1.02602    1.02984 +/- 0.00032
      177/1    1.03521    1.02989 +/- 0.00032
      178/1    1.02637    1.02986 +/- 0.00032
      179/1    1.03465    1.02990 +/- 0.00032
      180/1    1.03217    1.02991 +/- 0.00032
      181/1    1.02474    1.02987 +/- 0.00032
      182/1    1.03117    1.02988 +/- 0.00032
      183/1    1.03056    1.02989 +/- 0.00032
      184/1    1.02989    1.02989 +/- 0.00031
      185/1    1.02848    1.02988 +/- 0.00031
      186/1    1.03173    1.02989 +/- 0.00031
      187/1    1.02950    1.02989 +/- 0.00031
      188/1    1.02869    1.02988 +/- 0.00030
      189/1    1.02663    1.02986 +/- 0.00030
      190/1    1.02955    1.02986 +/- 0.00030
      191/1    1.03704    1.02991 +/- 0.00030
      192/1    1.03201    1.02992 +/- 0.00030
      193/1    1.02818    1.02991 +/- 0.00030
      194/1    1.02935    1.02990 +/- 0.00030
      195/1    1.03406    1.02993 +/- 0.00030
      196/1    1.03347    1.02996 +/- 0.00030
      197/1    1.03339    1.02998 +/- 0.00030
      198/1    1.03793    1.03003 +/- 0.00030
      199/1    1.02876    1.03003 +/- 0.00030
      200/1    1.02279    1.02998 +/- 0.00030
      201/1    1.02515    1.02995 +/- 0.00030
      202/1    1.03251    1.02996 +/- 0.00030
      203/1    1.02486    1.02993 +/- 0.00030
      204/1    1.02618    1.02991 +/- 0.00030
      205/1    1.02937    1.02990 +/- 0.00029
      206/1    1.02732    1.02989 +/- 0.00029
      207/1    1.03015    1.02989 +/- 0.00029
      208/1    1.03427    1.02991 +/- 0.00029
      209/1    1.02661    1.02989 +/- 0.00029
      210/1    1.02888    1.02989 +/- 0.00029
      211/1    1.02800    1.02988 +/- 0.00029
      212/1    1.02950    1.02987 +/- 0.00028
      213/1    1.03103    1.02988 +/- 0.00028
      214/1    1.03447    1.02991 +/- 0.00028
      215/1    1.03184    1.02992 +/- 0.00028
      216/1    1.03066    1.02992 +/- 0.00028
      217/1    1.03816    1.02997 +/- 0.00028
      218/1    1.02717    1.02996 +/- 0.00028
      219/1    1.02711    1.02994 +/- 0.00028
      220/1    1.02887    1.02993 +/- 0.00028
      221/1    1.02734    1.02992 +/- 0.00028
      222/1    1.02544    1.02989 +/- 0.00028
      223/1    1.03573    1.02993 +/- 0.00028
      224/1    1.03212    1.02994 +/- 0.00027
      225/1    1.03589    1.02997 +/- 0.00028
      226/1    1.03412    1.03000 +/- 0.00027
      227/1    1.02255    1.02995 +/- 0.00028
      228/1    1.03076    1.02996 +/- 0.00027
      229/1    1.02673    1.02994 +/- 0.00027
      230/1    1.02996    1.02994 +/- 0.00027
      231/1    1.02488    1.02991 +/- 0.00027
      232/1    1.02986    1.02991 +/- 0.00027
      233/1    1.02410    1.02988 +/- 0.00027
      234/1    1.03016    1.02988 +/- 0.00027
      235/1    1.02732    1.02987 +/- 0.00027
      236/1    1.03536    1.02990 +/- 0.00027
      237/1    1.03051    1.02990 +/- 0.00027
      238/1    1.02535    1.02988 +/- 0.00027
      239/1    1.02987    1.02988 +/- 0.00027
      240/1    1.02710    1.02986 +/- 0.00026
      241/1    1.02528    1.02984 +/- 0.00026
      242/1    1.03446    1.02986 +/- 0.00026
      243/1    1.03104    1.02987 +/- 0.00026
      244/1    1.02696    1.02985 +/- 0.00026
      245/1    1.02641    1.02984 +/- 0.00026
      246/1    1.03184    1.02985 +/- 0.00026
      247/1    1.03311    1.02986 +/- 0.00026
      248/1    1.02976    1.02986 +/- 0.00026
      249/1    1.02788    1.02985 +/- 0.00026
      250/1    1.03000    1.02985 +/- 0.00026
      251/1    1.03609    1.02988 +/- 0.00026
      252/1    1.02803    1.02988 +/- 0.00025
      253/1    1.02885    1.02987 +/- 0.00025
      254/1    1.02433    1.02984 +/- 0.00025
      255/1    1.02799    1.02983 +/- 0.00025
      256/1    1.02621    1.02982 +/- 0.00025
      257/1    1.02862    1.02981 +/- 0.00025
      258/1    1.02828    1.02980 +/- 0.00025
      259/1    1.02165    1.02976 +/- 0.00025
      260/1    1.02862    1.02976 +/- 0.00025
      261/1    1.03163    1.02977 +/- 0.00025
      262/1    1.03625    1.02980 +/- 0.00025
      263/1    1.02971    1.02980 +/- 0.00025
      264/1    1.02515    1.02978 +/- 0.00025
      265/1    1.02991    1.02978 +/- 0.00025
      266/1    1.03462    1.02980 +/- 0.00025
      267/1    1.02973    1.02980 +/- 0.00025
      268/1    1.02634    1.02978 +/- 0.00025
      269/1    1.03087    1.02979 +/- 0.00024
      270/1    1.02609    1.02977 +/- 0.00024
      271/1    1.02877    1.02977 +/- 0.00024
      272/1    1.02925    1.02976 +/- 0.00024
      273/1    1.03197    1.02977 +/- 0.00024
      274/1    1.02434    1.02975 +/- 0.00024
      275/1    1.03259    1.02976 +/- 0.00024
      276/1    1.02782    1.02975 +/- 0.00024
      277/1    1.02940    1.02975 +/- 0.00024
      278/1    1.03151    1.02976 +/- 0.00024
      279/1    1.02280    1.02973 +/- 0.00024
      280/1    1.03110    1.02974 +/- 0.00024
      281/1    1.02599    1.02972 +/- 0.00024
      282/1    1.02559    1.02970 +/- 0.00024
      283/1    1.03227    1.02971 +/- 0.00024
      284/1    1.02770    1.02970 +/- 0.00024
      285/1    1.02524    1.02969 +/- 0.00024
      286/1    1.03442    1.02971 +/- 0.00023
      287/1    1.03240    1.02972 +/- 0.00023
      288/1    1.03195    1.02973 +/- 0.00023
      289/1    1.02925    1.02972 +/- 0.00023
      290/1    1.02478    1.02970 +/- 0.00023
      291/1    1.03031    1.02971 +/- 0.00023
      292/1    1.03126    1.02971 +/- 0.00023
      293/1    1.03343    1.02973 +/- 0.00023
      294/1    1.02717    1.02972 +/- 0.00023
      295/1    1.03646    1.02974 +/- 0.00023
      296/1    1.03081    1.02975 +/- 0.00023
      297/1    1.03149    1.02976 +/- 0.00023
      298/1    1.03608    1.02978 +/- 0.00023
      299/1    1.02946    1.02978 +/- 0.00023
      300/1    1.02776    1.02977 +/- 0.00023
      301/1    1.03582    1.02980 +/- 0.00023
      302/1    1.01975    1.02976 +/- 0.00023
      303/1    1.02480    1.02974 +/- 0.00023
      304/1    1.03203    1.02975 +/- 0.00023
      305/1    1.03015    1.02975 +/- 0.00023
      306/1    1.02668    1.02974 +/- 0.00023
      307/1    1.02879    1.02973 +/- 0.00023
      308/1    1.03137    1.02974 +/- 0.00023
      309/1    1.02789    1.02973 +/- 0.00023
      310/1    1.02957    1.02973 +/- 0.00022
      311/1    1.03566    1.02975 +/- 0.00022
      312/1    1.03629    1.02978 +/- 0.00023
      313/1    1.03303    1.02979 +/- 0.00022
      314/1    1.02734    1.02978 +/- 0.00022
      315/1    1.02756    1.02977 +/- 0.00022
      316/1    1.03065    1.02978 +/- 0.00022
      317/1    1.02577    1.02976 +/- 0.00022
      318/1    1.03039    1.02976 +/- 0.00022
      319/1    1.03204    1.02977 +/- 0.00022
      320/1    1.03031    1.02977 +/- 0.00022
      321/1    1.02535    1.02976 +/- 0.00022
      322/1    1.03177    1.02976 +/- 0.00022
      323/1    1.03634    1.02979 +/- 0.00022
      324/1    1.03024    1.02979 +/- 0.00022
      325/1    1.02729    1.02978 +/- 0.00022
      326/1    1.03742    1.02981 +/- 0.00022
      327/1    1.03146    1.02982 +/- 0.00022
      328/1    1.02599    1.02980 +/- 0.00022
      329/1    1.02227    1.02977 +/- 0.00022
      330/1    1.02755    1.02977 +/- 0.00022
      331/1    1.02956    1.02977 +/- 0.00022
      332/1    1.03038    1.02977 +/- 0.00022
      333/1    1.03360    1.02978 +/- 0.00022
      334/1    1.03311    1.02979 +/- 0.00022
      335/1    1.03233    1.02980 +/- 0.00022
      336/1    1.03013    1.02980 +/- 0.00021
      337/1    1.02767    1.02980 +/- 0.00021
      338/1    1.03174    1.02980 +/- 0.00021
      339/1    1.03360    1.02982 +/- 0.00021
      340/1    1.03389    1.02983 +/- 0.00021
      341/1    1.03123    1.02983 +/- 0.00021
      342/1    1.03092    1.02984 +/- 0.00021
      343/1    1.03747    1.02986 +/- 0.00021
      344/1    1.03280    1.02987 +/- 0.00021
      345/1    1.02953    1.02987 +/- 0.00021
      346/1    1.03164    1.02988 +/- 0.00021
      347/1    1.03029    1.02988 +/- 0.00021
      348/1    1.02916    1.02988 +/- 0.00021
      349/1    1.02850    1.02987 +/- 0.00021
      350/1    1.03080    1.02988 +/- 0.00021
      351/1    1.02797    1.02987 +/- 0.00021
      352/1    1.03144    1.02988 +/- 0.00021
      353/1    1.03110    1.02988 +/- 0.00021
      354/1    1.03638    1.02990 +/- 0.00021
      355/1    1.03240    1.02991 +/- 0.00021
      356/1    1.03274    1.02992 +/- 0.00021
      357/1    1.03220    1.02993 +/- 0.00020
      358/1    1.02745    1.02992 +/- 0.00020
      359/1    1.02813    1.02991 +/- 0.00020
      360/1    1.03744    1.02994 +/- 0.00020
      361/1    1.03357    1.02995 +/- 0.00020
      362/1    1.02459    1.02993 +/- 0.00020
      363/1    1.03004    1.02993 +/- 0.00020
      364/1    1.02888    1.02993 +/- 0.00020
      365/1    1.02897    1.02992 +/- 0.00020
      366/1    1.03252    1.02993 +/- 0.00020
      367/1    1.02763    1.02993 +/- 0.00020
      368/1    1.02931    1.02992 +/- 0.00020
      369/1    1.02991    1.02992 +/- 0.00020
      370/1    1.02635    1.02991 +/- 0.00020
      371/1    1.03299    1.02992 +/- 0.00020
      372/1    1.03449    1.02994 +/- 0.00020
      373/1    1.03078    1.02994 +/- 0.00020
      374/1    1.02805    1.02993 +/- 0.00020
      375/1    1.03591    1.02995 +/- 0.00020
      376/1    1.03312    1.02996 +/- 0.00020
      377/1    1.03267    1.02997 +/- 0.00020
      378/1    1.03004    1.02997 +/- 0.00020
      379/1    1.02984    1.02997 +/- 0.00020
      380/1    1.03471    1.02998 +/- 0.00020
      381/1    1.03167    1.02999 +/- 0.00020
      382/1    1.03058    1.02999 +/- 0.00020
      383/1    1.02758    1.02998 +/- 0.00019
      384/1    1.03423    1.03000 +/- 0.00019
      385/1    1.02869    1.02999 +/- 0.00019
      386/1    1.02995    1.02999 +/- 0.00019
      387/1    1.02770    1.02999 +/- 0.00019
      388/1    1.03425    1.03000 +/- 0.00019
      389/1    1.02758    1.02999 +/- 0.00019
      390/1    1.02446    1.02997 +/- 0.00019
      391/1    1.03237    1.02998 +/- 0.00019
      392/1    1.02358    1.02996 +/- 0.00019
      393/1    1.02899    1.02996 +/- 0.00019
      394/1    1.02341    1.02994 +/- 0.00019
      395/1    1.02708    1.02993 +/- 0.00019
      396/1    1.02710    1.02992 +/- 0.00019
      397/1    1.03754    1.02995 +/- 0.00019
      398/1    1.02569    1.02993 +/- 0.00019
      399/1    1.03378    1.02995 +/- 0.00019
      400/1    1.03328    1.02995 +/- 0.00019
      401/1    1.03133    1.02996 +/- 0.00019
      402/1    1.02602    1.02995 +/- 0.00019
      403/1    1.03899    1.02997 +/- 0.00019
      404/1    1.03148    1.02998 +/- 0.00019
      405/1    1.02931    1.02998 +/- 0.00019
      406/1    1.02867    1.02997 +/- 0.00019
      407/1    1.03186    1.02998 +/- 0.00019
      408/1    1.02518    1.02996 +/- 0.00019
      409/1    1.03006    1.02996 +/- 0.00019
      410/1    1.02836    1.02996 +/- 0.00019
      411/1    1.03226    1.02997 +/- 0.00019
      412/1    1.02725    1.02996 +/- 0.00019
      413/1    1.02582    1.02995 +/- 0.00019
      414/1    1.02729    1.02994 +/- 0.00019
      415/1    1.02896    1.02994 +/- 0.00019
      416/1    1.03544    1.02995 +/- 0.00019
      417/1    1.03064    1.02995 +/- 0.00019
      418/1    1.02613    1.02994 +/- 0.00019
      419/1    1.03367    1.02995 +/- 0.00019
      420/1    1.03253    1.02996 +/- 0.00019
      421/1    1.02737    1.02995 +/- 0.00019
      422/1    1.02758    1.02995 +/- 0.00019
      423/1    1.02468    1.02993 +/- 0.00019
      424/1    1.02755    1.02993 +/- 0.00018
      425/1    1.03253    1.02993 +/- 0.00018
      426/1    1.02613    1.02992 +/- 0.00018
      427/1    1.03456    1.02994 +/- 0.00018
      428/1    1.02605    1.02993 +/- 0.00018
      429/1    1.03102    1.02993 +/- 0.00018
      430/1    1.03300    1.02994 +/- 0.00018
      431/1    1.02836    1.02993 +/- 0.00018
      432/1    1.03008    1.02993 +/- 0.00018
      433/1    1.02701    1.02993 +/- 0.00018
      434/1    1.03330    1.02993 +/- 0.00018
      435/1    1.03107    1.02994 +/- 0.00018
      436/1    1.03230    1.02994 +/- 0.00018
      437/1    1.02917    1.02994 +/- 0.00018
      438/1    1.02845    1.02994 +/- 0.00018
      439/1    1.02385    1.02992 +/- 0.00018
      440/1    1.02969    1.02992 +/- 0.00018
      441/1    1.03211    1.02993 +/- 0.00018
      442/1    1.02962    1.02993 +/- 0.00018
      443/1    1.02823    1.02992 +/- 0.00018
      444/1    1.02155    1.02990 +/- 0.00018
      445/1    1.03019    1.02990 +/- 0.00018
      446/1    1.02285    1.02988 +/- 0.00018
      447/1    1.02879    1.02988 +/- 0.00018
      448/1    1.02665    1.02987 +/- 0.00018
      449/1    1.02741    1.02987 +/- 0.00018
      450/1    1.03250    1.02987 +/- 0.00018
      451/1    1.03042    1.02987 +/- 0.00018
      452/1    1.02765    1.02987 +/- 0.00018
      453/1    1.02863    1.02987 +/- 0.00018
      454/1    1.03194    1.02987 +/- 0.00018
      455/1    1.02930    1.02987 +/- 0.00018
      456/1    1.03201    1.02987 +/- 0.00018
      457/1    1.03051    1.02988 +/- 0.00018
      458/1    1.02582    1.02987 +/- 0.00018
      459/1    1.02402    1.02985 +/- 0.00018
      460/1    1.02634    1.02984 +/- 0.00018
      461/1    1.03476    1.02986 +/- 0.00017
      462/1    1.02387    1.02984 +/- 0.00018
      463/1    1.03224    1.02985 +/- 0.00017
      464/1    1.02953    1.02985 +/- 0.00017
      465/1    1.02484    1.02983 +/- 0.00017
      466/1    1.02711    1.02983 +/- 0.00017
      467/1    1.03013    1.02983 +/- 0.00017
      468/1    1.02838    1.02982 +/- 0.00017
      469/1    1.02909    1.02982 +/- 0.00017
      470/1    1.02650    1.02981 +/- 0.00017
      471/1    1.03003    1.02982 +/- 0.00017
      472/1    1.03293    1.02982 +/- 0.00017
      473/1    1.03478    1.02983 +/- 0.00017
      474/1    1.02776    1.02983 +/- 0.00017
      475/1    1.02745    1.02982 +/- 0.00017
      476/1    1.02532    1.02981 +/- 0.00017
      477/1    1.02935    1.02981 +/- 0.00017
      478/1    1.02932    1.02981 +/- 0.00017
      479/1    1.02490    1.02980 +/- 0.00017
      480/1    1.03202    1.02980 +/- 0.00017
      481/1    1.02982    1.02980 +/- 0.00017
      482/1    1.03542    1.02982 +/- 0.00017
      483/1    1.02948    1.02982 +/- 0.00017
      484/1    1.03227    1.02982 +/- 0.00017
      485/1    1.03451    1.02983 +/- 0.00017
      486/1    1.03760    1.02985 +/- 0.00017
      487/1    1.03209    1.02986 +/- 0.00017
      488/1    1.03457    1.02987 +/- 0.00017
      489/1    1.02884    1.02986 +/- 0.00017
      490/1    1.03572    1.02988 +/- 0.00017
      491/1    1.03555    1.02989 +/- 0.00017
      492/1    1.02954    1.02989 +/- 0.00017
      493/1    1.03571    1.02990 +/- 0.00017
      494/1    1.02925    1.02990 +/- 0.00017
      495/1    1.03149    1.02991 +/- 0.00017
      496/1    1.02692    1.02990 +/- 0.00017
      497/1    1.03128    1.02990 +/- 0.00017
      498/1    1.03323    1.02991 +/- 0.00017
      499/1    1.02892    1.02991 +/- 0.00017
      500/1    1.03431    1.02992 +/- 0.00017
      501/1    1.03301    1.02992 +/- 0.00017
      502/1    1.02572    1.02991 +/- 0.00017
      503/1    1.02817    1.02991 +/- 0.00017
      504/1    1.03227    1.02992 +/- 0.00017
      505/1    1.02521    1.02991 +/- 0.00017
      506/1    1.02754    1.02990 +/- 0.00017
      507/1    1.02869    1.02990 +/- 0.00017
      508/1    1.03287    1.02990 +/- 0.00017
      509/1    1.02898    1.02990 +/- 0.00016
      510/1    1.02644    1.02989 +/- 0.00016
      511/1    1.03158    1.02990 +/- 0.00016
      512/1    1.03441    1.02991 +/- 0.00016
      513/1    1.03181    1.02991 +/- 0.00016
      514/1    1.03161    1.02992 +/- 0.00016
      515/1    1.03048    1.02992 +/- 0.00016
      516/1    1.03109    1.02992 +/- 0.00016
      517/1    1.02737    1.02991 +/- 0.00016
      518/1    1.02372    1.02990 +/- 0.00016
      519/1    1.03759    1.02992 +/- 0.00016
      520/1    1.02875    1.02991 +/- 0.00016
      521/1    1.03474    1.02992 +/- 0.00016
      522/1    1.03739    1.02994 +/- 0.00016
      523/1    1.02931    1.02994 +/- 0.00016
      524/1    1.03326    1.02995 +/- 0.00016
      525/1    1.03289    1.02995 +/- 0.00016
      526/1    1.03152    1.02996 +/- 0.00016
      527/1    1.02464    1.02994 +/- 0.00016
      528/1    1.02915    1.02994 +/- 0.00016
      529/1    1.02956    1.02994 +/- 0.00016
      530/1    1.02322    1.02993 +/- 0.00016
      531/1    1.02665    1.02992 +/- 0.00016
      532/1    1.03057    1.02992 +/- 0.00016
      533/1    1.02392    1.02991 +/- 0.00016
      534/1    1.02308    1.02990 +/- 0.00016
      535/1    1.02805    1.02989 +/- 0.00016
      536/1    1.03461    1.02990 +/- 0.00016
      537/1    1.03596    1.02991 +/- 0.00016
      538/1    1.03123    1.02992 +/- 0.00016
      539/1    1.03768    1.02993 +/- 0.00016
      540/1    1.02485    1.02992 +/- 0.00016
      541/1    1.03378    1.02993 +/- 0.00016
      542/1    1.03544    1.02994 +/- 0.00016
      543/1    1.03232    1.02995 +/- 0.00016
      544/1    1.02704    1.02994 +/- 0.00016
      545/1    1.03124    1.02994 +/- 0.00016
      546/1    1.02680    1.02994 +/- 0.00016
      547/1    1.03400    1.02995 +/- 0.00016
      548/1    1.03324    1.02995 +/- 0.00016
      549/1    1.03210    1.02996 +/- 0.00016
      550/1    1.02743    1.02995 +/- 0.00016
      551/1    1.03138    1.02995 +/- 0.00016
      552/1    1.03310    1.02996 +/- 0.00016
      553/1    1.02870    1.02996 +/- 0.00016
      554/1    1.03100    1.02996 +/- 0.00016
      555/1    1.03019    1.02996 +/- 0.00016
      556/1    1.03179    1.02996 +/- 0.00016
      557/1    1.03443    1.02997 +/- 0.00016
      558/1    1.03122    1.02998 +/- 0.00016
      559/1    1.03267    1.02998 +/- 0.00016
      560/1    1.03469    1.02999 +/- 0.00016
      561/1    1.03167    1.02999 +/- 0.00016
      562/1    1.02837    1.02999 +/- 0.00016
      563/1    1.03201    1.02999 +/- 0.00016
      564/1    1.02970    1.02999 +/- 0.00016
      565/1    1.02510    1.02998 +/- 0.00016
      566/1    1.02535    1.02997 +/- 0.00016
      567/1    1.03006    1.02997 +/- 0.00016
      568/1    1.02969    1.02997 +/- 0.00016
      569/1    1.03490    1.02998 +/- 0.00016
      570/1    1.03140    1.02999 +/- 0.00016
      571/1    1.02862    1.02998 +/- 0.00016
      572/1    1.03753    1.03000 +/- 0.00016
      573/1    1.03228    1.03000 +/- 0.00016
      574/1    1.03315    1.03001 +/- 0.00016
      575/1    1.03662    1.03002 +/- 0.00016
      576/1    1.02941    1.03002 +/- 0.00016
      577/1    1.02487    1.03001 +/- 0.00016
      578/1    1.03275    1.03002 +/- 0.00016
      579/1    1.02624    1.03001 +/- 0.00015
      580/1    1.02970    1.03001 +/- 0.00015
      581/1    1.03182    1.03001 +/- 0.00015
      582/1    1.02806    1.03001 +/- 0.00015
      583/1    1.03382    1.03001 +/- 0.00015
      584/1    1.03335    1.03002 +/- 0.00015
      585/1    1.02982    1.03002 +/- 0.00015
      586/1    1.03181    1.03002 +/- 0.00015
      587/1    1.03658    1.03004 +/- 0.00015
      588/1    1.03141    1.03004 +/- 0.00015
      589/1    1.03333    1.03004 +/- 0.00015
      590/1    1.03235    1.03005 +/- 0.00015
      591/1    1.03308    1.03005 +/- 0.00015
      592/1    1.03248    1.03006 +/- 0.00015
      593/1    1.02654    1.03005 +/- 0.00015
      594/1    1.02726    1.03005 +/- 0.00015
      595/1    1.03130    1.03005 +/- 0.00015
      596/1    1.02788    1.03005 +/- 0.00015
      597/1    1.03175    1.03005 +/- 0.00015
      598/1    1.02999    1.03005 +/- 0.00015
      599/1    1.03384    1.03006 +/- 0.00015
      600/1    1.03349    1.03006 +/- 0.00015
      601/1    1.03138    1.03006 +/- 0.00015
      602/1    1.03046    1.03006 +/- 0.00015
      603/1    1.02913    1.03006 +/- 0.00015
      604/1    1.03320    1.03007 +/- 0.00015
      605/1    1.02481    1.03006 +/- 0.00015
      606/1    1.02885    1.03006 +/- 0.00015
      607/1    1.02871    1.03005 +/- 0.00015
      608/1    1.02186    1.03004 +/- 0.00015
      609/1    1.02877    1.03004 +/- 0.00015
      610/1    1.03266    1.03004 +/- 0.00015
      611/1    1.02755    1.03004 +/- 0.00015
      612/1    1.03015    1.03004 +/- 0.00015
      613/1    1.02703    1.03003 +/- 0.00015
      614/1    1.02876    1.03003 +/- 0.00015
      615/1    1.03016    1.03003 +/- 0.00015
      616/1    1.02620    1.03002 +/- 0.00015
      617/1    1.03246    1.03003 +/- 0.00015
      618/1    1.02880    1.03003 +/- 0.00015
      619/1    1.03017    1.03003 +/- 0.00015
      620/1    1.02871    1.03002 +/- 0.00015
      621/1    1.03392    1.03003 +/- 0.00015
      622/1    1.02600    1.03002 +/- 0.00015
      623/1    1.03008    1.03002 +/- 0.00015
      624/1    1.02379    1.03001 +/- 0.00015
      625/1    1.02759    1.03001 +/- 0.00015
      626/1    1.03505    1.03002 +/- 0.00015
      627/1    1.02493    1.03001 +/- 0.00015
      628/1    1.02413    1.03000 +/- 0.00015
      629/1    1.03045    1.03000 +/- 0.00015
      630/1    1.03467    1.03001 +/- 0.00015
      631/1    1.03197    1.03001 +/- 0.00015
      632/1    1.03243    1.03002 +/- 0.00015
      633/1    1.03709    1.03003 +/- 0.00015
      634/1    1.03437    1.03003 +/- 0.00015
      635/1    1.03484    1.03004 +/- 0.00015
      636/1    1.03448    1.03005 +/- 0.00015
      637/1    1.02906    1.03005 +/- 0.00015
      638/1    1.02380    1.03004 +/- 0.00015
      639/1    1.03206    1.03004 +/- 0.00015
      640/1    1.03121    1.03004 +/- 0.00015
      641/1    1.03010    1.03004 +/- 0.00015
      642/1    1.02807    1.03004 +/- 0.00015
      643/1    1.03256    1.03004 +/- 0.00015
      644/1    1.03037    1.03005 +/- 0.00014
      645/1    1.02787    1.03004 +/- 0.00014
      646/1    1.03384    1.03005 +/- 0.00014
      647/1    1.02810    1.03004 +/- 0.00014
      648/1    1.02810    1.03004 +/- 0.00014
      649/1    1.02917    1.03004 +/- 0.00014
      650/1    1.02563    1.03003 +/- 0.00014
      651/1    1.02786    1.03003 +/- 0.00014
      652/1    1.03563    1.03004 +/- 0.00014
      653/1    1.02635    1.03003 +/- 0.00014
      654/1    1.02703    1.03003 +/- 0.00014
      655/1    1.03450    1.03003 +/- 0.00014
      656/1    1.03216    1.03004 +/- 0.00014
      657/1    1.03118    1.03004 +/- 0.00014
      658/1    1.02685    1.03003 +/- 0.00014
      659/1    1.03186    1.03004 +/- 0.00014
      660/1    1.02832    1.03003 +/- 0.00014
      661/1    1.03165    1.03004 +/- 0.00014
      662/1    1.02598    1.03003 +/- 0.00014
      663/1    1.03305    1.03004 +/- 0.00014
      664/1    1.03067    1.03004 +/- 0.00014
      665/1    1.03262    1.03004 +/- 0.00014
      666/1    1.03235    1.03004 +/- 0.00014
      667/1    1.03595    1.03005 +/- 0.00014
      668/1    1.03506    1.03006 +/- 0.00014
      669/1    1.02846    1.03006 +/- 0.00014
      670/1    1.03453    1.03007 +/- 0.00014
      671/1    1.03330    1.03007 +/- 0.00014
      672/1    1.02682    1.03007 +/- 0.00014
      673/1    1.02594    1.03006 +/- 0.00014
      674/1    1.03746    1.03007 +/- 0.00014
      675/1    1.03369    1.03008 +/- 0.00014
      676/1    1.03183    1.03008 +/- 0.00014
      677/1    1.02612    1.03007 +/- 0.00014
      678/1    1.02798    1.03007 +/- 0.00014
      679/1    1.02686    1.03007 +/- 0.00014
      680/1    1.02868    1.03006 +/- 0.00014
      681/1    1.02888    1.03006 +/- 0.00014
      682/1    1.03093    1.03006 +/- 0.00014
      683/1    1.03214    1.03007 +/- 0.00014
      684/1    1.02850    1.03006 +/- 0.00014
      685/1    1.03238    1.03007 +/- 0.00014
      686/1    1.02120    1.03005 +/- 0.00014
      687/1    1.02851    1.03005 +/- 0.00014
      688/1    1.03546    1.03006 +/- 0.00014
      689/1    1.03028    1.03006 +/- 0.00014
      690/1    1.02805    1.03006 +/- 0.00014
      691/1    1.02915    1.03006 +/- 0.00014
      692/1    1.03132    1.03006 +/- 0.00014
      693/1    1.02722    1.03005 +/- 0.00014
      694/1    1.03206    1.03006 +/- 0.00014
      695/1    1.03052    1.03006 +/- 0.00014
      696/1    1.03246    1.03006 +/- 0.00014
      697/1    1.03020    1.03006 +/- 0.00014
      698/1    1.02510    1.03005 +/- 0.00014
      699/1    1.02451    1.03005 +/- 0.00014
      700/1    1.03071    1.03005 +/- 0.00014
      701/1    1.02611    1.03004 +/- 0.00014
      702/1    1.03107    1.03004 +/- 0.00014
      703/1    1.02838    1.03004 +/- 0.00014
      704/1    1.03388    1.03004 +/- 0.00014
      705/1    1.03066    1.03005 +/- 0.00014
      706/1    1.02510    1.03004 +/- 0.00014
      707/1    1.03298    1.03004 +/- 0.00014
      708/1    1.02991    1.03004 +/- 0.00014
      709/1    1.03209    1.03005 +/- 0.00014
      710/1    1.03973    1.03006 +/- 0.00014
      711/1    1.02942    1.03006 +/- 0.00014
      712/1    1.02883    1.03006 +/- 0.00014
      713/1    1.03251    1.03006 +/- 0.00014
      714/1    1.02633    1.03006 +/- 0.00014
      715/1    1.03252    1.03006 +/- 0.00014
      716/1    1.03198    1.03006 +/- 0.00014
      717/1    1.02940    1.03006 +/- 0.00014
      718/1    1.02971    1.03006 +/- 0.00014
      719/1    1.03187    1.03006 +/- 0.00014
      720/1    1.03113    1.03006 +/- 0.00014
      721/1    1.03071    1.03007 +/- 0.00014
      722/1    1.03227    1.03007 +/- 0.00013
      723/1    1.03206    1.03007 +/- 0.00013
      724/1    1.03477    1.03008 +/- 0.00013
      725/1    1.03445    1.03009 +/- 0.00013
      726/1    1.03304    1.03009 +/- 0.00013
      727/1    1.03283    1.03009 +/- 0.00013
      728/1    1.03005    1.03009 +/- 0.00013
      729/1    1.03554    1.03010 +/- 0.00013
      730/1    1.03399    1.03011 +/- 0.00013
      731/1    1.03732    1.03012 +/- 0.00013
      732/1    1.03193    1.03012 +/- 0.00013
      733/1    1.02999    1.03012 +/- 0.00013
      734/1    1.02986    1.03012 +/- 0.00013
      735/1    1.02689    1.03012 +/- 0.00013
      736/1    1.03436    1.03012 +/- 0.00013
      737/1    1.03151    1.03012 +/- 0.00013
      738/1    1.03135    1.03013 +/- 0.00013
      739/1    1.02945    1.03012 +/- 0.00013
      740/1    1.03323    1.03013 +/- 0.00013
      741/1    1.03114    1.03013 +/- 0.00013
      742/1    1.03075    1.03013 +/- 0.00013
      743/1    1.03081    1.03013 +/- 0.00013
      744/1    1.02494    1.03013 +/- 0.00013
      745/1    1.03097    1.03013 +/- 0.00013
      746/1    1.03275    1.03013 +/- 0.00013
      747/1    1.03196    1.03013 +/- 0.00013
      748/1    1.02852    1.03013 +/- 0.00013
      749/1    1.03526    1.03014 +/- 0.00013
      750/1    1.02995    1.03014 +/- 0.00013
      751/1    1.03980    1.03015 +/- 0.00013
      752/1    1.03412    1.03016 +/- 0.00013
      753/1    1.03373    1.03016 +/- 0.00013
      754/1    1.02519    1.03015 +/- 0.00013
      755/1    1.02694    1.03015 +/- 0.00013
      756/1    1.03326    1.03015 +/- 0.00013
      757/1    1.02837    1.03015 +/- 0.00013
      758/1    1.02668    1.03015 +/- 0.00013
      759/1    1.02830    1.03014 +/- 0.00013
      760/1    1.03845    1.03016 +/- 0.00013
      761/1    1.03241    1.03016 +/- 0.00013
      762/1    1.03188    1.03016 +/- 0.00013
      763/1    1.02702    1.03016 +/- 0.00013
      764/1    1.02893    1.03016 +/- 0.00013
      765/1    1.02358    1.03015 +/- 0.00013
      766/1    1.02938    1.03015 +/- 0.00013
      767/1    1.02711    1.03014 +/- 0.00013
      768/1    1.02695    1.03014 +/- 0.00013
      769/1    1.02782    1.03013 +/- 0.00013
      770/1    1.03397    1.03014 +/- 0.00013
      771/1    1.03619    1.03015 +/- 0.00013
      772/1    1.03078    1.03015 +/- 0.00013
      773/1    1.02969    1.03015 +/- 0.00013
      774/1    1.02836    1.03015 +/- 0.00013
      775/1    1.02999    1.03014 +/- 0.00013
      776/1    1.02919    1.03014 +/- 0.00013
      777/1    1.03607    1.03015 +/- 0.00013
      778/1    1.03068    1.03015 +/- 0.00013
      779/1    1.03109    1.03015 +/- 0.00013
      780/1    1.02956    1.03015 +/- 0.00013
      781/1    1.03152    1.03015 +/- 0.00013
      782/1    1.02374    1.03015 +/- 0.00013
      783/1    1.03044    1.03015 +/- 0.00013
      784/1    1.02927    1.03015 +/- 0.00013
      785/1    1.03119    1.03015 +/- 0.00013
      786/1    1.03985    1.03016 +/- 0.00013
      787/1    1.03575    1.03017 +/- 0.00013
      788/1    1.02687    1.03016 +/- 0.00013
      789/1    1.03090    1.03016 +/- 0.00013
      790/1    1.03953    1.03018 +/- 0.00013
      791/1    1.02772    1.03017 +/- 0.00013
      792/1    1.02808    1.03017 +/- 0.00013
      793/1    1.03380    1.03018 +/- 0.00013
      794/1    1.03828    1.03019 +/- 0.00013
      795/1    1.02959    1.03019 +/- 0.00013
      796/1    1.03045    1.03019 +/- 0.00013
      797/1    1.03046    1.03019 +/- 0.00013
      798/1    1.02604    1.03018 +/- 0.00013
      799/1    1.02964    1.03018 +/- 0.00013
      800/1    1.03157    1.03018 +/- 0.00013
      801/1    1.02879    1.03018 +/- 0.00013
      802/1    1.03043    1.03018 +/- 0.00013
      803/1    1.02828    1.03018 +/- 0.00013
      804/1    1.02980    1.03018 +/- 0.00013
      805/1    1.03345    1.03018 +/- 0.00013
      806/1    1.03171    1.03018 +/- 0.00013
      807/1    1.02688    1.03018 +/- 0.00013
      808/1    1.03280    1.03018 +/- 0.00013
      809/1    1.03018    1.03018 +/- 0.00013
      810/1    1.03821    1.03019 +/- 0.00013
      811/1    1.02536    1.03019 +/- 0.00013
      812/1    1.03146    1.03019 +/- 0.00013
      813/1    1.02903    1.03019 +/- 0.00013
      814/1    1.02981    1.03019 +/- 0.00013
      815/1    1.02776    1.03018 +/- 0.00013
      816/1    1.03510    1.03019 +/- 0.00013
      817/1    1.03074    1.03019 +/- 0.00013
      818/1    1.02758    1.03019 +/- 0.00013
      819/1    1.02596    1.03018 +/- 0.00013
      820/1    1.03344    1.03019 +/- 0.00013
      821/1    1.03369    1.03019 +/- 0.00013
      822/1    1.02859    1.03019 +/- 0.00013
      823/1    1.02865    1.03019 +/- 0.00013
      824/1    1.03193    1.03019 +/- 0.00013
      825/1    1.02249    1.03018 +/- 0.00013
      826/1    1.02713    1.03017 +/- 0.00013
      827/1    1.03094    1.03018 +/- 0.00013
      828/1    1.02288    1.03017 +/- 0.00013
      829/1    1.02481    1.03016 +/- 0.00013
      830/1    1.03372    1.03016 +/- 0.00013
      831/1    1.03391    1.03017 +/- 0.00013
      832/1    1.03196    1.03017 +/- 0.00013
      833/1    1.02748    1.03017 +/- 0.00013
      834/1    1.02723    1.03016 +/- 0.00013
      835/1    1.03209    1.03017 +/- 0.00013
      836/1    1.02045    1.03015 +/- 0.00013
      837/1    1.02910    1.03015 +/- 0.00013
      838/1    1.02046    1.03014 +/- 0.00013
      839/1    1.02511    1.03013 +/- 0.00013
      840/1    1.03062    1.03013 +/- 0.00013
      841/1    1.02581    1.03013 +/- 0.00013
      842/1    1.03237    1.03013 +/- 0.00013
      843/1    1.02976    1.03013 +/- 0.00013
      844/1    1.03273    1.03013 +/- 0.00013
      845/1    1.02786    1.03013 +/- 0.00013
      846/1    1.02814    1.03013 +/- 0.00013
      847/1    1.02884    1.03013 +/- 0.00013
      848/1    1.02871    1.03013 +/- 0.00013
      849/1    1.02437    1.03012 +/- 0.00013
      850/1    1.03673    1.03013 +/- 0.00013
      851/1    1.02733    1.03012 +/- 0.00013
      852/1    1.03027    1.03012 +/- 0.00013
      853/1    1.02491    1.03012 +/- 0.00013
      854/1    1.02955    1.03012 +/- 0.00012
      855/1    1.02823    1.03011 +/- 0.00012
      856/1    1.03293    1.03012 +/- 0.00012
      857/1    1.02520    1.03011 +/- 0.00012
      858/1    1.03402    1.03012 +/- 0.00012
      859/1    1.02887    1.03011 +/- 0.00012
      860/1    1.02623    1.03011 +/- 0.00012
      861/1    1.02957    1.03011 +/- 0.00012
      862/1    1.03048    1.03011 +/- 0.00012
      863/1    1.03303    1.03011 +/- 0.00012
      864/1    1.02667    1.03011 +/- 0.00012
      865/1    1.02921    1.03011 +/- 0.00012
      866/1    1.03242    1.03011 +/- 0.00012
      867/1    1.02776    1.03011 +/- 0.00012
      868/1    1.02861    1.03011 +/- 0.00012
      869/1    1.02858    1.03010 +/- 0.00012
      870/1    1.03110    1.03011 +/- 0.00012
      871/1    1.03042    1.03011 +/- 0.00012
      872/1    1.03203    1.03011 +/- 0.00012
      873/1    1.03223    1.03011 +/- 0.00012
      874/1    1.03400    1.03012 +/- 0.00012
      875/1    1.02870    1.03011 +/- 0.00012
      876/1    1.03246    1.03012 +/- 0.00012
      877/1    1.02997    1.03012 +/- 0.00012
      878/1    1.02585    1.03011 +/- 0.00012
      879/1    1.03291    1.03011 +/- 0.00012
      880/1    1.02265    1.03011 +/- 0.00012
      881/1    1.02926    1.03010 +/- 0.00012
      882/1    1.03400    1.03011 +/- 0.00012
      883/1    1.03160    1.03011 +/- 0.00012
      884/1    1.03050    1.03011 +/- 0.00012
      885/1    1.03172    1.03011 +/- 0.00012
      886/1    1.03597    1.03012 +/- 0.00012
      887/1    1.03084    1.03012 +/- 0.00012
      888/1    1.02385    1.03011 +/- 0.00012
      889/1    1.02429    1.03011 +/- 0.00012
      890/1    1.02896    1.03011 +/- 0.00012
      891/1    1.03236    1.03011 +/- 0.00012
      892/1    1.02507    1.03010 +/- 0.00012
      893/1    1.03015    1.03010 +/- 0.00012
      894/1    1.02944    1.03010 +/- 0.00012
      895/1    1.03207    1.03010 +/- 0.00012
      896/1    1.02915    1.03010 +/- 0.00012
      897/1    1.02849    1.03010 +/- 0.00012
      898/1    1.02685    1.03010 +/- 0.00012
      899/1    1.02528    1.03009 +/- 0.00012
      900/1    1.02965    1.03009 +/- 0.00012
      901/1    1.02813    1.03009 +/- 0.00012
      902/1    1.03440    1.03009 +/- 0.00012
      903/1    1.03587    1.03010 +/- 0.00012
      904/1    1.03229    1.03010 +/- 0.00012
      905/1    1.03284    1.03011 +/- 0.00012
      906/1    1.03149    1.03011 +/- 0.00012
      907/1    1.02725    1.03010 +/- 0.00012
      908/1    1.03245    1.03011 +/- 0.00012
      909/1    1.02552    1.03010 +/- 0.00012
      910/1    1.02696    1.03010 +/- 0.00012
      911/1    1.02766    1.03010 +/- 0.00012
      912/1    1.02369    1.03009 +/- 0.00012
      913/1    1.02723    1.03008 +/- 0.00012
      914/1    1.03047    1.03009 +/- 0.00012
      915/1    1.02974    1.03008 +/- 0.00012
      916/1    1.03434    1.03009 +/- 0.00012
      917/1    1.03173    1.03009 +/- 0.00012
      918/1    1.02744    1.03009 +/- 0.00012
      919/1    1.03544    1.03009 +/- 0.00012
      920/1    1.02730    1.03009 +/- 0.00012
      921/1    1.03057    1.03009 +/- 0.00012
      922/1    1.03022    1.03009 +/- 0.00012
      923/1    1.03234    1.03009 +/- 0.00012
      924/1    1.02541    1.03009 +/- 0.00012
      925/1    1.02998    1.03009 +/- 0.00012
      926/1    1.02577    1.03008 +/- 0.00012
      927/1    1.03426    1.03009 +/- 0.00012
      928/1    1.03108    1.03009 +/- 0.00012
      929/1    1.03215    1.03009 +/- 0.00012
      930/1    1.02926    1.03009 +/- 0.00012
      931/1    1.02434    1.03009 +/- 0.00012
      932/1    1.03111    1.03009 +/- 0.00012
      933/1    1.03512    1.03009 +/- 0.00012
      934/1    1.02653    1.03009 +/- 0.00012
      935/1    1.02976    1.03009 +/- 0.00012
      936/1    1.03190    1.03009 +/- 0.00012
      937/1    1.02642    1.03009 +/- 0.00012
      938/1    1.03094    1.03009 +/- 0.00012
      939/1    1.02559    1.03008 +/- 0.00012
      940/1    1.03115    1.03008 +/- 0.00012
      941/1    1.02823    1.03008 +/- 0.00012
      942/1    1.02987    1.03008 +/- 0.00012
      943/1    1.02653    1.03008 +/- 0.00012
      944/1    1.02617    1.03007 +/- 0.00012
      945/1    1.03031    1.03007 +/- 0.00012
      946/1    1.03340    1.03008 +/- 0.00012
      947/1    1.02859    1.03007 +/- 0.00012
      948/1    1.02746    1.03007 +/- 0.00012
      949/1    1.02339    1.03006 +/- 0.00012
      950/1    1.02848    1.03006 +/- 0.00012
      951/1    1.03070    1.03006 +/- 0.00012
      952/1    1.02632    1.03006 +/- 0.00012
      953/1    1.03087    1.03006 +/- 0.00012
      954/1    1.03191    1.03006 +/- 0.00012
      955/1    1.03027    1.03006 +/- 0.00012
      956/1    1.03774    1.03007 +/- 0.00012
      957/1    1.02459    1.03006 +/- 0.00012
      958/1    1.03185    1.03007 +/- 0.00012
      959/1    1.03567    1.03007 +/- 0.00012
      960/1    1.03145    1.03007 +/- 0.00012
      961/1    1.03121    1.03008 +/- 0.00012
      962/1    1.03405    1.03008 +/- 0.00012
      963/1    1.03350    1.03008 +/- 0.00012
      964/1    1.02767    1.03008 +/- 0.00012
      965/1    1.03424    1.03009 +/- 0.00012
      966/1    1.03055    1.03009 +/- 0.00012
      967/1    1.03387    1.03009 +/- 0.00012
      968/1    1.02675    1.03009 +/- 0.00012
      969/1    1.03468    1.03009 +/- 0.00012
      970/1    1.02918    1.03009 +/- 0.00012
      971/1    1.02844    1.03009 +/- 0.00012
      972/1    1.03409    1.03009 +/- 0.00012
      973/1    1.03491    1.03010 +/- 0.00012
      974/1    1.03609    1.03010 +/- 0.00012
      975/1    1.03458    1.03011 +/- 0.00012
      976/1    1.02525    1.03010 +/- 0.00012
      977/1    1.03252    1.03011 +/- 0.00012
      978/1    1.03254    1.03011 +/- 0.00012
      979/1    1.03282    1.03011 +/- 0.00011
      980/1    1.02609    1.03011 +/- 0.00011
      981/1    1.02957    1.03011 +/- 0.00011
      982/1    1.02679    1.03010 +/- 0.00011
      983/1    1.03302    1.03011 +/- 0.00011
      984/1    1.02821    1.03010 +/- 0.00011
      985/1    1.02802    1.03010 +/- 0.00011
      986/1    1.03221    1.03010 +/- 0.00011
      987/1    1.02428    1.03010 +/- 0.00011
      988/1    1.03266    1.03010 +/- 0.00011
      989/1    1.02824    1.03010 +/- 0.00011
      990/1    1.03383    1.03010 +/- 0.00011
      991/1    1.03138    1.03010 +/- 0.00011
      992/1    1.03238    1.03011 +/- 0.00011
      993/1    1.03054    1.03011 +/- 0.00011
      994/1    1.03022    1.03011 +/- 0.00011
      995/1    1.02469    1.03010 +/- 0.00011
      996/1    1.03289    1.03010 +/- 0.00011
      997/1    1.02714    1.03010 +/- 0.00011
      998/1    1.03184    1.03010 +/- 0.00011
      999/1    1.02540    1.03010 +/- 0.00011
     1000/1    1.03111    1.03010 +/- 0.00011
     1001/1    1.02877    1.03010 +/- 0.00011
     1002/1    1.03126    1.03010 +/- 0.00011
     1003/1    1.03314    1.03010 +/- 0.00011
     1004/1    1.03396    1.03011 +/- 0.00011
     1005/1    1.03316    1.03011 +/- 0.00011
     1006/1    1.02640    1.03011 +/- 0.00011
     1007/1    1.02907    1.03011 +/- 0.00011
     1008/1    1.03018    1.03011 +/- 0.00011
     1009/1    1.03004    1.03011 +/- 0.00011
     1010/1    1.03016    1.03011 +/- 0.00011
     1011/1    1.02493    1.03010 +/- 0.00011
     1012/1    1.03359    1.03010 +/- 0.00011
     1013/1    1.02715    1.03010 +/- 0.00011
     1014/1    1.03059    1.03010 +/- 0.00011
     1015/1    1.03252    1.03010 +/- 0.00011
     1016/1    1.02853    1.03010 +/- 0.00011
     1017/1    1.02921    1.03010 +/- 0.00011
     1018/1    1.02936    1.03010 +/- 0.00011
     1019/1    1.03641    1.03011 +/- 0.00011
     1020/1    1.02582    1.03010 +/- 0.00011
     1021/1    1.03536    1.03011 +/- 0.00011
     1022/1    1.03349    1.03011 +/- 0.00011
     1023/1    1.03822    1.03012 +/- 0.00011
     1024/1    1.02741    1.03012 +/- 0.00011
     1025/1    1.02322    1.03011 +/- 0.00011
     1026/1    1.02711    1.03011 +/- 0.00011
     1027/1    1.03180    1.03011 +/- 0.00011
     1028/1    1.02787    1.03011 +/- 0.00011
     1029/1    1.02847    1.03010 +/- 0.00011
     1030/1    1.02556    1.03010 +/- 0.00011
     1031/1    1.03334    1.03010 +/- 0.00011
     1032/1    1.02275    1.03010 +/- 0.00011
     1033/1    1.02707    1.03009 +/- 0.00011
     1034/1    1.02939    1.03009 +/- 0.00011
     1035/1    1.02414    1.03009 +/- 0.00011
     1036/1    1.02984    1.03009 +/- 0.00011
     1037/1    1.02786    1.03008 +/- 0.00011
     1038/1    1.03117    1.03008 +/- 0.00011
     1039/1    1.02868    1.03008 +/- 0.00011
     1040/1    1.02742    1.03008 +/- 0.00011
     1041/1    1.03039    1.03008 +/- 0.00011
     1042/1    1.02968    1.03008 +/- 0.00011
     1043/1    1.03030    1.03008 +/- 0.00011
     1044/1    1.03032    1.03008 +/- 0.00011
     1045/1    1.03180    1.03008 +/- 0.00011
     1046/1    1.03022    1.03008 +/- 0.00011
     1047/1    1.03443    1.03009 +/- 0.00011
     1048/1    1.02840    1.03008 +/- 0.00011
     1049/1    1.02563    1.03008 +/- 0.00011
     1050/1    1.03169    1.03008 +/- 0.00011
 Creating state point statepoint.1050.h5...

 =======================>     TIMING STATISTICS     <=======================

 Total time for initialization     = 2.1934e+01 seconds
   Reading cross sections          = 2.0540e+01 seconds
 Total time in simulation          = 1.0819e+04 seconds
   Time in transport only          = 1.0805e+04 seconds
   Time in inactive batches        = 3.7060e+02 seconds
   Time in active batches          = 1.0449e+04 seconds
   Time synchronizing fission bank = 8.3891e+00 seconds
     Sampling source sites         = 6.6651e+00 seconds
     SEND/RECV source sites        = 1.7206e+00 seconds
   Time accumulating tallies       = 1.2735e+00 seconds
   Time writing statepoints        = 1.0210e-01 seconds
 Total time for finalization       = 1.7976e-02 seconds
 Total time elapsed                = 1.0841e+04 seconds
 Calculation Rate (inactive)       = 13491.7 particles/second
 Calculation Rate (active)         = 9570.6 particles/second

 ============================>     RESULTS     <============================

 k-effective (Collision)     = 1.03009 +/- 0.00011
 k-effective (Track-length)  = 1.03008 +/- 0.00011
 k-effective (Absorption)    = 1.02997 +/- 0.00011
 Combined k-effective        = 1.03002 +/- 0.00008
 Leakage Fraction            = 0.05661 +/- 0.00002

