                                %%%%%%%%%%%%%%%
                           %%%%%%%%%%%%%%%%%%%%%%%%
                        %%%%%%%%%%%%%%%%%%%%%%%%%%%%%%
                      %%%%%%%%%%%%%%%%%%%%%%%%%%%%%%%%%%
                    %%%%%%%%%%%%%%%%%%%%%%%%%%%%%%%%%%%%%%
                   %%%%%%%%%%%%%%%%%%%%%%%%%%%%%%%%%%%%%%%%
                                    %%%%%%%%%%%%%%%%%%%%%%%%
                                     %%%%%%%%%%%%%%%%%%%%%%%%
                 ###############      %%%%%%%%%%%%%%%%%%%%%%%%
                ##################     %%%%%%%%%%%%%%%%%%%%%%%
                ###################     %%%%%%%%%%%%%%%%%%%%%%%
                ####################     %%%%%%%%%%%%%%%%%%%%%%
                #####################     %%%%%%%%%%%%%%%%%%%%%
                ######################     %%%%%%%%%%%%%%%%%%%%
                #######################     %%%%%%%%%%%%%%%%%%
                 #######################     %%%%%%%%%%%%%%%%%
                 ######################     %%%%%%%%%%%%%%%%%
                  ####################     %%%%%%%%%%%%%%%%%
                    #################     %%%%%%%%%%%%%%%%%
                     ###############     %%%%%%%%%%%%%%%%
                       ############     %%%%%%%%%%%%%%%
                          ########     %%%%%%%%%%%%%%
                                      %%%%%%%%%%%

                 | The OpenMC Monte Carlo Code
       Copyright | 2011-2022 MIT, UChicago Argonne LLC, and contributors
         License | https://docs.openmc.org/en/latest/license.html
         Version | 0.13.0
        Git SHA1 | a64df444b72c755afe82d85fbcb2cb6f0a61009c
       Date/Time | 2022-04-05 19:10:33
  OpenMP Threads | 16

 Reading settings XML file...
 Reading cross sections XML file...
 Reading materials XML file...
 Reading geometry XML file...
 Reading U235 from /mnt/d/OpenMC_TCS/OpenMCLib/U235.h5
 Reading U238 from /mnt/d/OpenMC_TCS/OpenMCLib/U238.h5
 Reading O16 from /mnt/d/OpenMC_TCS/OpenMCLib/O16.h5
 Reading Fe54 from /mnt/d/OpenMC_TCS/OpenMCLib/Fe54.h5
 Reading Fe56 from /mnt/d/OpenMC_TCS/OpenMCLib/Fe56.h5
 Reading Fe57 from /mnt/d/OpenMC_TCS/OpenMCLib/Fe57.h5
 Reading Fe58 from /mnt/d/OpenMC_TCS/OpenMCLib/Fe58.h5
 Reading Cr50 from /mnt/d/OpenMC_TCS/OpenMCLib/Cr50.h5
 Reading Cr52 from /mnt/d/OpenMC_TCS/OpenMCLib/Cr52.h5
 Reading Cr53 from /mnt/d/OpenMC_TCS/OpenMCLib/Cr53.h5
 Reading Cr54 from /mnt/d/OpenMC_TCS/OpenMCLib/Cr54.h5
 Reading Ni58 from /mnt/d/OpenMC_TCS/OpenMCLib/Ni58.h5
 Reading Ni60 from /mnt/d/OpenMC_TCS/OpenMCLib/Ni60.h5
 Reading Ni61 from /mnt/d/OpenMC_TCS/OpenMCLib/Ni61.h5
 Reading Ni62 from /mnt/d/OpenMC_TCS/OpenMCLib/Ni62.h5
 Reading Ni64 from /mnt/d/OpenMC_TCS/OpenMCLib/Ni64.h5
 Reading Mo92 from /mnt/d/OpenMC_TCS/OpenMCLib/Mo92.h5
 Reading Mo94 from /mnt/d/OpenMC_TCS/OpenMCLib/Mo94.h5
 Reading Mo95 from /mnt/d/OpenMC_TCS/OpenMCLib/Mo95.h5
 Reading Mo96 from /mnt/d/OpenMC_TCS/OpenMCLib/Mo96.h5
 Reading Mo97 from /mnt/d/OpenMC_TCS/OpenMCLib/Mo97.h5
 Reading Mo98 from /mnt/d/OpenMC_TCS/OpenMCLib/Mo98.h5
 Reading Mo100 from /mnt/d/OpenMC_TCS/OpenMCLib/Mo100.h5
 Reading Mn55 from /mnt/d/OpenMC_TCS/OpenMCLib/Mn55.h5
 Reading C0 from /mnt/d/OpenMC_TCS/OpenMCLib/C0.h5
 Reading Ti46 from /mnt/d/OpenMC_TCS/OpenMCLib/Ti46.h5
 Reading Ti47 from /mnt/d/OpenMC_TCS/OpenMCLib/Ti47.h5
 Reading Ti48 from /mnt/d/OpenMC_TCS/OpenMCLib/Ti48.h5
 Reading Ti49 from /mnt/d/OpenMC_TCS/OpenMCLib/Ti49.h5
 Reading Ti50 from /mnt/d/OpenMC_TCS/OpenMCLib/Ti50.h5
 Reading Si28 from /mnt/d/OpenMC_TCS/OpenMCLib/Si28.h5
 Reading Si29 from /mnt/d/OpenMC_TCS/OpenMCLib/Si29.h5
 Reading Si30 from /mnt/d/OpenMC_TCS/OpenMCLib/Si30.h5
 Reading B10 from /mnt/d/OpenMC_TCS/OpenMCLib/B10.h5
 Reading B11 from /mnt/d/OpenMC_TCS/OpenMCLib/B11.h5
 Reading Na23 from /mnt/d/OpenMC_TCS/OpenMCLib/Na23.h5
 Minimum neutron data temperature: 523 K
 Maximum neutron data temperature: 523 K
 Reading tallies XML file...
 Preparing distributed cell instances...
 Reading plot XML file...
 Writing summary.h5 file...
 Maximum neutron transport energy: 20000000 eV for U235
 Initializing source particles...

 ====================>     K EIGENVALUE SIMULATION     <====================

  Bat./Gen.      k            Average k
  =========   ========   ====================
        1/1    0.97551
        2/1    1.00261
        3/1    1.01794
        4/1    1.02623
        5/1    1.02744
        6/1    1.02775
        7/1    1.03006
        8/1    1.03323
        9/1    1.02517
       10/1    1.02664
       11/1    1.02150
       12/1    1.03166
       13/1    1.03382
       14/1    1.02785
       15/1    1.03342
       16/1    1.02898
       17/1    1.02750
       18/1    1.02618
       19/1    1.02793
       20/1    1.03089
       21/1    1.03155
       22/1    1.03192
       23/1    1.03015
       24/1    1.03035
       25/1    1.03452
       26/1    1.02818
       27/1    1.03065
       28/1    1.02517
       29/1    1.02605
       30/1    1.02756
       31/1    1.03046
       32/1    1.02657
       33/1    1.02783
       34/1    1.02976
       35/1    1.02861
       36/1    1.02420
       37/1    1.03546
       38/1    1.02889
       39/1    1.03284
       40/1    1.03182
       41/1    1.02685
       42/1    1.03187
       43/1    1.03124
       44/1    1.02831
       45/1    1.02728
       46/1    1.03141
       47/1    1.03132
       48/1    1.03238
       49/1    1.02994
       50/1    1.03237
       51/1    1.03044
       52/1    1.02796    1.02920 +/- 0.00124
       53/1    1.02711    1.02851 +/- 0.00100
       54/1    1.02835    1.02847 +/- 0.00071
       55/1    1.03044    1.02886 +/- 0.00068
       56/1    1.02633    1.02844 +/- 0.00069
       57/1    1.02805    1.02838 +/- 0.00059
       58/1    1.03156    1.02878 +/- 0.00065
       59/1    1.02111    1.02793 +/- 0.00103
       60/1    1.03167    1.02830 +/- 0.00099
       61/1    1.02330    1.02785 +/- 0.00101
       62/1    1.02789    1.02785 +/- 0.00092
       63/1    1.03140    1.02812 +/- 0.00089
       64/1    1.02760    1.02809 +/- 0.00082
       65/1    1.02096    1.02761 +/- 0.00090
       66/1    1.02935    1.02772 +/- 0.00085
       67/1    1.02591    1.02761 +/- 0.00081
       68/1    1.02993    1.02774 +/- 0.00077
       69/1    1.03154    1.02794 +/- 0.00076
       70/1    1.03017    1.02805 +/- 0.00073
       71/1    1.03316    1.02830 +/- 0.00073
       72/1    1.02972    1.02836 +/- 0.00070
       73/1    1.03502    1.02865 +/- 0.00073
       74/1    1.03080    1.02874 +/- 0.00070
       75/1    1.02788    1.02871 +/- 0.00068
       76/1    1.03103    1.02880 +/- 0.00066
       77/1    1.03090    1.02887 +/- 0.00064
       78/1    1.02319    1.02867 +/- 0.00065
       79/1    1.03340    1.02883 +/- 0.00064
       80/1    1.02972    1.02886 +/- 0.00062
       81/1    1.02681    1.02880 +/- 0.00061
       82/1    1.03245    1.02891 +/- 0.00060
       83/1    1.03113    1.02898 +/- 0.00058
       84/1    1.02737    1.02893 +/- 0.00057
       85/1    1.02611    1.02885 +/- 0.00056
       86/1    1.02612    1.02877 +/- 0.00055
       87/1    1.02461    1.02866 +/- 0.00054
       88/1    1.02993    1.02870 +/- 0.00053
       89/1    1.02719    1.02866 +/- 0.00052
       90/1    1.03274    1.02876 +/- 0.00051
       91/1    1.03411    1.02889 +/- 0.00052
       92/1    1.02974    1.02891 +/- 0.00051
       93/1    1.03027    1.02894 +/- 0.00050
       94/1    1.02918    1.02895 +/- 0.00048
       95/1    1.03176    1.02901 +/- 0.00048
       96/1    1.03505    1.02914 +/- 0.00049
       97/1    1.02558    1.02906 +/- 0.00048
       98/1    1.03386    1.02916 +/- 0.00048
       99/1    1.03355    1.02925 +/- 0.00048
      100/1    1.02649    1.02920 +/- 0.00047
      101/1    1.02942    1.02920 +/- 0.00046
      102/1    1.02771    1.02917 +/- 0.00046
      103/1    1.03621    1.02931 +/- 0.00047
      104/1    1.03726    1.02945 +/- 0.00048
      105/1    1.02611    1.02939 +/- 0.00048
      106/1    1.03055    1.02941 +/- 0.00047
      107/1    1.03105    1.02944 +/- 0.00046
      108/1    1.02683    1.02940 +/- 0.00045
      109/1    1.02837    1.02938 +/- 0.00045
      110/1    1.02289    1.02927 +/- 0.00045
      111/1    1.03276    1.02933 +/- 0.00045
      112/1    1.03384    1.02940 +/- 0.00045
      113/1    1.03097    1.02943 +/- 0.00044
      114/1    1.02626    1.02938 +/- 0.00044
      115/1    1.03063    1.02940 +/- 0.00043
      116/1    1.02894    1.02939 +/- 0.00042
      117/1    1.02958    1.02939 +/- 0.00042
      118/1    1.03332    1.02945 +/- 0.00042
      119/1    1.03061    1.02947 +/- 0.00041
      120/1    1.03671    1.02957 +/- 0.00042
      121/1    1.02591    1.02952 +/- 0.00041
      122/1    1.02415    1.02945 +/- 0.00042
      123/1    1.02390    1.02937 +/- 0.00042
      124/1    1.02721    1.02934 +/- 0.00041
      125/1    1.03066    1.02936 +/- 0.00041
      126/1    1.02804    1.02934 +/- 0.00040
      127/1    1.03280    1.02939 +/- 0.00040
      128/1    1.03619    1.02947 +/- 0.00040
      129/1    1.02595    1.02943 +/- 0.00040
      130/1    1.03170    1.02946 +/- 0.00040
      131/1    1.02936    1.02946 +/- 0.00039
      132/1    1.03198    1.02949 +/- 0.00039
      133/1    1.02418    1.02942 +/- 0.00039
      134/1    1.02407    1.02936 +/- 0.00039
      135/1    1.02462    1.02930 +/- 0.00039
      136/1    1.02874    1.02930 +/- 0.00038
      137/1    1.03004    1.02930 +/- 0.00038
      138/1    1.02958    1.02931 +/- 0.00038
      139/1    1.03418    1.02936 +/- 0.00038
      140/1    1.02488    1.02931 +/- 0.00037
      141/1    1.02882    1.02931 +/- 0.00037
      142/1    1.03048    1.02932 +/- 0.00037
      143/1    1.02771    1.02930 +/- 0.00036
      144/1    1.02744    1.02928 +/- 0.00036
      145/1    1.03456    1.02934 +/- 0.00036
      146/1    1.03236    1.02937 +/- 0.00036
      147/1    1.03426    1.02942 +/- 0.00036
      148/1    1.03265    1.02945 +/- 0.00036
      149/1    1.03476    1.02951 +/- 0.00036
      150/1    1.03442    1.02956 +/- 0.00036
      151/1    1.03128    1.02957 +/- 0.00035
      152/1    1.02881    1.02957 +/- 0.00035
      153/1    1.03195    1.02959 +/- 0.00035
      154/1    1.02954    1.02959 +/- 0.00034
      155/1    1.03304    1.02962 +/- 0.00034
      156/1    1.03239    1.02965 +/- 0.00034
      157/1    1.02859    1.02964 +/- 0.00034
      158/1    1.03251    1.02966 +/- 0.00033
      159/1    1.02990    1.02967 +/- 0.00033
      160/1    1.03189    1.02969 +/- 0.00033
      161/1    1.02633    1.02966 +/- 0.00033
      162/1    1.02919    1.02965 +/- 0.00032
      163/1    1.03292    1.02968 +/- 0.00032
      164/1    1.02942    1.02968 +/- 0.00032
      165/1    1.02613    1.02965 +/- 0.00032
      166/1    1.03203    1.02967 +/- 0.00032
      167/1    1.03271    1.02969 +/- 0.00031
      168/1    1.02921    1.02969 +/- 0.00031
      169/1    1.02580    1.02966 +/- 0.00031
      170/1    1.03087    1.02967 +/- 0.00031
      171/1    1.02800    1.02965 +/- 0.00031
      172/1    1.02890    1.02965 +/- 0.00030
      173/1    1.03540    1.02969 +/- 0.00031
      174/1    1.03501    1.02974 +/- 0.00031
      175/1    1.02973    1.02974 +/- 0.00030
      176/1    1.03343    1.02977 +/- 0.00030
      177/1    1.03033    1.02977 +/- 0.00030
      178/1    1.03848    1.02984 +/- 0.00031
      179/1    1.03105    1.02985 +/- 0.00030
      180/1    1.02700    1.02983 +/- 0.00030
      181/1    1.02858    1.02982 +/- 0.00030
      182/1    1.02423    1.02977 +/- 0.00030
      183/1    1.03322    1.02980 +/- 0.00030
      184/1    1.03445    1.02983 +/- 0.00030
      185/1    1.02615    1.02981 +/- 0.00030
      186/1    1.02777    1.02979 +/- 0.00030
      187/1    1.02503    1.02976 +/- 0.00030
      188/1    1.03163    1.02977 +/- 0.00029
      189/1    1.02996    1.02977 +/- 0.00029
      190/1    1.03311    1.02980 +/- 0.00029
      191/1    1.02678    1.02978 +/- 0.00029
      192/1    1.02681    1.02975 +/- 0.00029
      193/1    1.02147    1.02970 +/- 0.00029
      194/1    1.02589    1.02967 +/- 0.00029
      195/1    1.03392    1.02970 +/- 0.00029
      196/1    1.02507    1.02967 +/- 0.00029
      197/1    1.03916    1.02973 +/- 0.00030
      198/1    1.02743    1.02972 +/- 0.00029
      199/1    1.02845    1.02971 +/- 0.00029
      200/1    1.03143    1.02972 +/- 0.00029
      201/1    1.03203    1.02974 +/- 0.00029
      202/1    1.02628    1.02971 +/- 0.00029
      203/1    1.02437    1.02968 +/- 0.00029
      204/1    1.02197    1.02963 +/- 0.00029
      205/1    1.02818    1.02962 +/- 0.00029
      206/1    1.02977    1.02962 +/- 0.00029
      207/1    1.03760    1.02967 +/- 0.00029
      208/1    1.03210    1.02969 +/- 0.00029
      209/1    1.03019    1.02969 +/- 0.00029
      210/1    1.03190    1.02970 +/- 0.00028
      211/1    1.02812    1.02969 +/- 0.00028
      212/1    1.02223    1.02965 +/- 0.00029
      213/1    1.02579    1.02962 +/- 0.00028
      214/1    1.03086    1.02963 +/- 0.00028
      215/1    1.02529    1.02960 +/- 0.00028
      216/1    1.02805    1.02959 +/- 0.00028
      217/1    1.02637    1.02958 +/- 0.00028
      218/1    1.02824    1.02957 +/- 0.00028
      219/1    1.02660    1.02955 +/- 0.00028
      220/1    1.03509    1.02958 +/- 0.00028
      221/1    1.03609    1.02962 +/- 0.00028
      222/1    1.02785    1.02961 +/- 0.00028
      223/1    1.03137    1.02962 +/- 0.00028
      224/1    1.02884    1.02962 +/- 0.00027
      225/1    1.02230    1.02957 +/- 0.00028
      226/1    1.02972    1.02957 +/- 0.00027
      227/1    1.03492    1.02960 +/- 0.00027
      228/1    1.02887    1.02960 +/- 0.00027
      229/1    1.02663    1.02958 +/- 0.00027
      230/1    1.03266    1.02960 +/- 0.00027
      231/1    1.03363    1.02962 +/- 0.00027
      232/1    1.03839    1.02967 +/- 0.00027
      233/1    1.02884    1.02967 +/- 0.00027
      234/1    1.02832    1.02966 +/- 0.00027
      235/1    1.02496    1.02963 +/- 0.00027
      236/1    1.03174    1.02965 +/- 0.00027
      237/1    1.02636    1.02963 +/- 0.00027
      238/1    1.02546    1.02961 +/- 0.00027
      239/1    1.03459    1.02963 +/- 0.00027
      240/1    1.03790    1.02968 +/- 0.00027
      241/1    1.02658    1.02966 +/- 0.00027
      242/1    1.02876    1.02965 +/- 0.00027
      243/1    1.02751    1.02964 +/- 0.00027
      244/1    1.02542    1.02962 +/- 0.00027
      245/1    1.02928    1.02962 +/- 0.00026
      246/1    1.02537    1.02960 +/- 0.00026
      247/1    1.03260    1.02961 +/- 0.00026
      248/1    1.02881    1.02961 +/- 0.00026
      249/1    1.02643    1.02959 +/- 0.00026
      250/1    1.02699    1.02958 +/- 0.00026
      251/1    1.02457    1.02956 +/- 0.00026
      252/1    1.03117    1.02956 +/- 0.00026
      253/1    1.03176    1.02957 +/- 0.00026
      254/1    1.02705    1.02956 +/- 0.00026
      255/1    1.03252    1.02958 +/- 0.00026
      256/1    1.03250    1.02959 +/- 0.00025
      257/1    1.02931    1.02959 +/- 0.00025
      258/1    1.03121    1.02960 +/- 0.00025
      259/1    1.02944    1.02960 +/- 0.00025
      260/1    1.03050    1.02960 +/- 0.00025
      261/1    1.03250    1.02961 +/- 0.00025
      262/1    1.02853    1.02961 +/- 0.00025
      263/1    1.03496    1.02963 +/- 0.00025
      264/1    1.03083    1.02964 +/- 0.00025
      265/1    1.02810    1.02963 +/- 0.00025
      266/1    1.02942    1.02963 +/- 0.00024
      267/1    1.03001    1.02963 +/- 0.00024
      268/1    1.02506    1.02961 +/- 0.00024
      269/1    1.03359    1.02963 +/- 0.00024
      270/1    1.03681    1.02966 +/- 0.00024
      271/1    1.03112    1.02967 +/- 0.00024
      272/1    1.03735    1.02970 +/- 0.00024
      273/1    1.02172    1.02967 +/- 0.00025
      274/1    1.02944    1.02967 +/- 0.00024
      275/1    1.02799    1.02966 +/- 0.00024
      276/1    1.02631    1.02965 +/- 0.00024
      277/1    1.02986    1.02965 +/- 0.00024
      278/1    1.03439    1.02967 +/- 0.00024
      279/1    1.02021    1.02963 +/- 0.00024
      280/1    1.03289    1.02964 +/- 0.00024
      281/1    1.03206    1.02965 +/- 0.00024
      282/1    1.03245    1.02966 +/- 0.00024
      283/1    1.02508    1.02964 +/- 0.00024
      284/1    1.03486    1.02967 +/- 0.00024
      285/1    1.02566    1.02965 +/- 0.00024
      286/1    1.02858    1.02964 +/- 0.00024
      287/1    1.03072    1.02965 +/- 0.00024
      288/1    1.03397    1.02967 +/- 0.00024
      289/1    1.03425    1.02969 +/- 0.00024
      290/1    1.02972    1.02969 +/- 0.00024
      291/1    1.02385    1.02966 +/- 0.00024
      292/1    1.03160    1.02967 +/- 0.00024
      293/1    1.02922    1.02967 +/- 0.00024
      294/1    1.03317    1.02968 +/- 0.00024
      295/1    1.02590    1.02967 +/- 0.00024
      296/1    1.03034    1.02967 +/- 0.00023
      297/1    1.03082    1.02967 +/- 0.00023
      298/1    1.03327    1.02969 +/- 0.00023
      299/1    1.02632    1.02968 +/- 0.00023
      300/1    1.02667    1.02966 +/- 0.00023
      301/1    1.03489    1.02968 +/- 0.00023
      302/1    1.02770    1.02968 +/- 0.00023
      303/1    1.03224    1.02969 +/- 0.00023
      304/1    1.02880    1.02968 +/- 0.00023
      305/1    1.02935    1.02968 +/- 0.00023
      306/1    1.02155    1.02965 +/- 0.00023
      307/1    1.02873    1.02965 +/- 0.00023
      308/1    1.03749    1.02968 +/- 0.00023
      309/1    1.02589    1.02966 +/- 0.00023
      310/1    1.03057    1.02967 +/- 0.00023
      311/1    1.02906    1.02966 +/- 0.00023
      312/1    1.02776    1.02966 +/- 0.00023
      313/1    1.02950    1.02966 +/- 0.00023
      314/1    1.03229    1.02967 +/- 0.00023
      315/1    1.03473    1.02968 +/- 0.00023
      316/1    1.02837    1.02968 +/- 0.00023
      317/1    1.03074    1.02968 +/- 0.00022
      318/1    1.02422    1.02966 +/- 0.00022
      319/1    1.02596    1.02965 +/- 0.00022
      320/1    1.03182    1.02966 +/- 0.00022
      321/1    1.02469    1.02964 +/- 0.00022
      322/1    1.02714    1.02963 +/- 0.00022
      323/1    1.03234    1.02964 +/- 0.00022
      324/1    1.03240    1.02965 +/- 0.00022
      325/1    1.02381    1.02963 +/- 0.00022
      326/1    1.02961    1.02963 +/- 0.00022
      327/1    1.03707    1.02966 +/- 0.00022
      328/1    1.02815    1.02965 +/- 0.00022
      329/1    1.02772    1.02964 +/- 0.00022
      330/1    1.02506    1.02963 +/- 0.00022
      331/1    1.03178    1.02963 +/- 0.00022
      332/1    1.02848    1.02963 +/- 0.00022
      333/1    1.02903    1.02963 +/- 0.00022
      334/1    1.02943    1.02963 +/- 0.00022
      335/1    1.03966    1.02966 +/- 0.00022
      336/1    1.02758    1.02966 +/- 0.00022
      337/1    1.02640    1.02964 +/- 0.00022
      338/1    1.02595    1.02963 +/- 0.00022
      339/1    1.02918    1.02963 +/- 0.00022
      340/1    1.02718    1.02962 +/- 0.00022
      341/1    1.03443    1.02964 +/- 0.00022
      342/1    1.02424    1.02962 +/- 0.00022
      343/1    1.03072    1.02962 +/- 0.00022
      344/1    1.03364    1.02964 +/- 0.00022
      345/1    1.02900    1.02963 +/- 0.00021
      346/1    1.03265    1.02964 +/- 0.00021
      347/1    1.02322    1.02962 +/- 0.00021
      348/1    1.03151    1.02963 +/- 0.00021
      349/1    1.03257    1.02964 +/- 0.00021
      350/1    1.02998    1.02964 +/- 0.00021
      351/1    1.03781    1.02967 +/- 0.00021
      352/1    1.02486    1.02965 +/- 0.00021
      353/1    1.03002    1.02965 +/- 0.00021
      354/1    1.02830    1.02965 +/- 0.00021
      355/1    1.03489    1.02967 +/- 0.00021
      356/1    1.03307    1.02968 +/- 0.00021
      357/1    1.03362    1.02969 +/- 0.00021
      358/1    1.02902    1.02969 +/- 0.00021
      359/1    1.03797    1.02971 +/- 0.00021
      360/1    1.02275    1.02969 +/- 0.00021
      361/1    1.02645    1.02968 +/- 0.00021
      362/1    1.03162    1.02969 +/- 0.00021
      363/1    1.03728    1.02971 +/- 0.00021
      364/1    1.02751    1.02970 +/- 0.00021
      365/1    1.03392    1.02972 +/- 0.00021
      366/1    1.03790    1.02974 +/- 0.00021
      367/1    1.03014    1.02975 +/- 0.00021
      368/1    1.02905    1.02974 +/- 0.00021
      369/1    1.03267    1.02975 +/- 0.00021
      370/1    1.02349    1.02973 +/- 0.00021
      371/1    1.03141    1.02974 +/- 0.00021
      372/1    1.03228    1.02975 +/- 0.00021
      373/1    1.03328    1.02976 +/- 0.00021
      374/1    1.03128    1.02976 +/- 0.00021
      375/1    1.03479    1.02978 +/- 0.00021
      376/1    1.02889    1.02977 +/- 0.00021
      377/1    1.02667    1.02976 +/- 0.00021
      378/1    1.03241    1.02977 +/- 0.00021
      379/1    1.03103    1.02978 +/- 0.00021
      380/1    1.02679    1.02977 +/- 0.00021
      381/1    1.02608    1.02976 +/- 0.00021
      382/1    1.02875    1.02975 +/- 0.00020
      383/1    1.02507    1.02974 +/- 0.00020
      384/1    1.02971    1.02974 +/- 0.00020
      385/1    1.03912    1.02977 +/- 0.00021
      386/1    1.02942    1.02977 +/- 0.00020
      387/1    1.03363    1.02978 +/- 0.00020
      388/1    1.03368    1.02979 +/- 0.00020
      389/1    1.03115    1.02979 +/- 0.00020
      390/1    1.03380    1.02980 +/- 0.00020
      391/1    1.02716    1.02980 +/- 0.00020
      392/1    1.02802    1.02979 +/- 0.00020
      393/1    1.02893    1.02979 +/- 0.00020
      394/1    1.03264    1.02980 +/- 0.00020
      395/1    1.03082    1.02980 +/- 0.00020
      396/1    1.03564    1.02982 +/- 0.00020
      397/1    1.03576    1.02983 +/- 0.00020
      398/1    1.03203    1.02984 +/- 0.00020
      399/1    1.03037    1.02984 +/- 0.00020
      400/1    1.03014    1.02984 +/- 0.00020
      401/1    1.03440    1.02986 +/- 0.00020
      402/1    1.02612    1.02985 +/- 0.00020
      403/1    1.02653    1.02984 +/- 0.00020
      404/1    1.02478    1.02982 +/- 0.00020
      405/1    1.03236    1.02983 +/- 0.00020
      406/1    1.03634    1.02985 +/- 0.00020
      407/1    1.03098    1.02985 +/- 0.00020
      408/1    1.02703    1.02984 +/- 0.00020
      409/1    1.02692    1.02983 +/- 0.00020
      410/1    1.03139    1.02984 +/- 0.00020
      411/1    1.02801    1.02983 +/- 0.00020
      412/1    1.03164    1.02984 +/- 0.00020
      413/1    1.03239    1.02985 +/- 0.00020
      414/1    1.03507    1.02986 +/- 0.00020
      415/1    1.03269    1.02987 +/- 0.00020
      416/1    1.03441    1.02988 +/- 0.00019
      417/1    1.03039    1.02988 +/- 0.00019
      418/1    1.02571    1.02987 +/- 0.00019
      419/1    1.02595    1.02986 +/- 0.00019
      420/1    1.02831    1.02986 +/- 0.00019
      421/1    1.03353    1.02987 +/- 0.00019
      422/1    1.03475    1.02988 +/- 0.00019
      423/1    1.03068    1.02988 +/- 0.00019
      424/1    1.03142    1.02988 +/- 0.00019
      425/1    1.03561    1.02990 +/- 0.00019
      426/1    1.03008    1.02990 +/- 0.00019
      427/1    1.03461    1.02991 +/- 0.00019
      428/1    1.03020    1.02991 +/- 0.00019
      429/1    1.03240    1.02992 +/- 0.00019
      430/1    1.02955    1.02992 +/- 0.00019
      431/1    1.02102    1.02990 +/- 0.00019
      432/1    1.02890    1.02989 +/- 0.00019
      433/1    1.02706    1.02989 +/- 0.00019
      434/1    1.03525    1.02990 +/- 0.00019
      435/1    1.03103    1.02990 +/- 0.00019
      436/1    1.02696    1.02990 +/- 0.00019
      437/1    1.03340    1.02990 +/- 0.00019
      438/1    1.02902    1.02990 +/- 0.00019
      439/1    1.03256    1.02991 +/- 0.00019
      440/1    1.03011    1.02991 +/- 0.00019
      441/1    1.02943    1.02991 +/- 0.00019
      442/1    1.03537    1.02992 +/- 0.00019
      443/1    1.03013    1.02992 +/- 0.00019
      444/1    1.02930    1.02992 +/- 0.00019
      445/1    1.03524    1.02993 +/- 0.00019
      446/1    1.02783    1.02993 +/- 0.00019
      447/1    1.03708    1.02995 +/- 0.00019
      448/1    1.02893    1.02994 +/- 0.00019
      449/1    1.02294    1.02993 +/- 0.00019
      450/1    1.02701    1.02992 +/- 0.00019
      451/1    1.03226    1.02993 +/- 0.00019
      452/1    1.03306    1.02993 +/- 0.00019
      453/1    1.03308    1.02994 +/- 0.00019
      454/1    1.03127    1.02994 +/- 0.00018
      455/1    1.03087    1.02995 +/- 0.00018
      456/1    1.02809    1.02994 +/- 0.00018
      457/1    1.02771    1.02994 +/- 0.00018
      458/1    1.02693    1.02993 +/- 0.00018
      459/1    1.02250    1.02991 +/- 0.00018
      460/1    1.03226    1.02992 +/- 0.00018
      461/1    1.03053    1.02992 +/- 0.00018
      462/1    1.02915    1.02992 +/- 0.00018
      463/1    1.02729    1.02991 +/- 0.00018
      464/1    1.03112    1.02991 +/- 0.00018
      465/1    1.03590    1.02993 +/- 0.00018
      466/1    1.03375    1.02994 +/- 0.00018
      467/1    1.02986    1.02994 +/- 0.00018
      468/1    1.02958    1.02994 +/- 0.00018
      469/1    1.02546    1.02993 +/- 0.00018
      470/1    1.03024    1.02993 +/- 0.00018
      471/1    1.03389    1.02994 +/- 0.00018
      472/1    1.03353    1.02994 +/- 0.00018
      473/1    1.02787    1.02994 +/- 0.00018
      474/1    1.02909    1.02994 +/- 0.00018
      475/1    1.02718    1.02993 +/- 0.00018
      476/1    1.02782    1.02993 +/- 0.00018
      477/1    1.03180    1.02993 +/- 0.00018
      478/1    1.02786    1.02993 +/- 0.00018
      479/1    1.02479    1.02991 +/- 0.00018
      480/1    1.03346    1.02992 +/- 0.00018
      481/1    1.03063    1.02992 +/- 0.00018
      482/1    1.02468    1.02991 +/- 0.00018
      483/1    1.02828    1.02991 +/- 0.00018
      484/1    1.02970    1.02991 +/- 0.00018
      485/1    1.03058    1.02991 +/- 0.00018
      486/1    1.03906    1.02993 +/- 0.00018
      487/1    1.03007    1.02993 +/- 0.00018
      488/1    1.02989    1.02993 +/- 0.00018
      489/1    1.03299    1.02994 +/- 0.00018
      490/1    1.03087    1.02994 +/- 0.00018
      491/1    1.02595    1.02993 +/- 0.00018
      492/1    1.02670    1.02992 +/- 0.00017
      493/1    1.03110    1.02992 +/- 0.00017
      494/1    1.02632    1.02992 +/- 0.00017
      495/1    1.02945    1.02992 +/- 0.00017
      496/1    1.03593    1.02993 +/- 0.00017
      497/1    1.02830    1.02993 +/- 0.00017
      498/1    1.03218    1.02993 +/- 0.00017
      499/1    1.03627    1.02994 +/- 0.00017
      500/1    1.03429    1.02995 +/- 0.00017
      501/1    1.03068    1.02996 +/- 0.00017
      502/1    1.03035    1.02996 +/- 0.00017
      503/1    1.02740    1.02995 +/- 0.00017
      504/1    1.02899    1.02995 +/- 0.00017
      505/1    1.03683    1.02996 +/- 0.00017
      506/1    1.03587    1.02998 +/- 0.00017
      507/1    1.02451    1.02997 +/- 0.00017
      508/1    1.03030    1.02997 +/- 0.00017
      509/1    1.03452    1.02998 +/- 0.00017
      510/1    1.04051    1.03000 +/- 0.00017
      511/1    1.03036    1.03000 +/- 0.00017
      512/1    1.03068    1.03000 +/- 0.00017
      513/1    1.03468    1.03001 +/- 0.00017
      514/1    1.03090    1.03001 +/- 0.00017
      515/1    1.03148    1.03002 +/- 0.00017
      516/1    1.03392    1.03002 +/- 0.00017
      517/1    1.02671    1.03002 +/- 0.00017
      518/1    1.03221    1.03002 +/- 0.00017
      519/1    1.03621    1.03004 +/- 0.00017
      520/1    1.02923    1.03003 +/- 0.00017
      521/1    1.02690    1.03003 +/- 0.00017
      522/1    1.02475    1.03002 +/- 0.00017
      523/1    1.03128    1.03002 +/- 0.00017
      524/1    1.03150    1.03002 +/- 0.00017
      525/1    1.02736    1.03002 +/- 0.00017
      526/1    1.03275    1.03002 +/- 0.00017
      527/1    1.02575    1.03001 +/- 0.00017
      528/1    1.03537    1.03002 +/- 0.00017
      529/1    1.03193    1.03003 +/- 0.00017
      530/1    1.03193    1.03003 +/- 0.00017
      531/1    1.03354    1.03004 +/- 0.00017
      532/1    1.02607    1.03003 +/- 0.00017
      533/1    1.02199    1.03001 +/- 0.00017
      534/1    1.03462    1.03002 +/- 0.00017
      535/1    1.02946    1.03002 +/- 0.00017
      536/1    1.02499    1.03001 +/- 0.00017
      537/1    1.03034    1.03001 +/- 0.00017
      538/1    1.03304    1.03002 +/- 0.00017
      539/1    1.03597    1.03003 +/- 0.00017
      540/1    1.03221    1.03004 +/- 0.00017
      541/1    1.03268    1.03004 +/- 0.00017
      542/1    1.02688    1.03003 +/- 0.00017
      543/1    1.02690    1.03003 +/- 0.00017
      544/1    1.03090    1.03003 +/- 0.00017
      545/1    1.02745    1.03002 +/- 0.00017
      546/1    1.02810    1.03002 +/- 0.00017
      547/1    1.03383    1.03003 +/- 0.00017
      548/1    1.03161    1.03003 +/- 0.00017
      549/1    1.02847    1.03003 +/- 0.00017
      550/1    1.02930    1.03003 +/- 0.00016
      551/1    1.02904    1.03003 +/- 0.00016
      552/1    1.02810    1.03002 +/- 0.00016
      553/1    1.02643    1.03001 +/- 0.00016
      554/1    1.03075    1.03002 +/- 0.00016
      555/1    1.02551    1.03001 +/- 0.00016
      556/1    1.03269    1.03001 +/- 0.00016
      557/1    1.02441    1.03000 +/- 0.00016
      558/1    1.02934    1.03000 +/- 0.00016
      559/1    1.02319    1.02999 +/- 0.00016
      560/1    1.02616    1.02998 +/- 0.00016
      561/1    1.02915    1.02998 +/- 0.00016
      562/1    1.02915    1.02998 +/- 0.00016
      563/1    1.02453    1.02997 +/- 0.00016
      564/1    1.02892    1.02996 +/- 0.00016
      565/1    1.02561    1.02995 +/- 0.00016
      566/1    1.02992    1.02995 +/- 0.00016
      567/1    1.03309    1.02996 +/- 0.00016
      568/1    1.03451    1.02997 +/- 0.00016
      569/1    1.03292    1.02998 +/- 0.00016
      570/1    1.02117    1.02996 +/- 0.00016
      571/1    1.03919    1.02998 +/- 0.00016
      572/1    1.03495    1.02999 +/- 0.00016
      573/1    1.02876    1.02998 +/- 0.00016
      574/1    1.03302    1.02999 +/- 0.00016
      575/1    1.02593    1.02998 +/- 0.00016
      576/1    1.03069    1.02998 +/- 0.00016
      577/1    1.03802    1.03000 +/- 0.00016
      578/1    1.02486    1.02999 +/- 0.00016
      579/1    1.03125    1.02999 +/- 0.00016
      580/1    1.02641    1.02998 +/- 0.00016
      581/1    1.02961    1.02998 +/- 0.00016
      582/1    1.03841    1.03000 +/- 0.00016
      583/1    1.03117    1.03000 +/- 0.00016
      584/1    1.02992    1.03000 +/- 0.00016
      585/1    1.02849    1.03000 +/- 0.00016
      586/1    1.03964    1.03002 +/- 0.00016
      587/1    1.03175    1.03002 +/- 0.00016
      588/1    1.02929    1.03002 +/- 0.00016
      589/1    1.03224    1.03002 +/- 0.00016
      590/1    1.03838    1.03004 +/- 0.00016
      591/1    1.03450    1.03005 +/- 0.00016
      592/1    1.03223    1.03005 +/- 0.00016
      593/1    1.03155    1.03005 +/- 0.00016
      594/1    1.03454    1.03006 +/- 0.00016
      595/1    1.03008    1.03006 +/- 0.00016
      596/1    1.03130    1.03006 +/- 0.00016
      597/1    1.02435    1.03005 +/- 0.00016
      598/1    1.03009    1.03005 +/- 0.00016
      599/1    1.02692    1.03005 +/- 0.00016
      600/1    1.02728    1.03004 +/- 0.00016
      601/1    1.02858    1.03004 +/- 0.00016
      602/1    1.02257    1.03003 +/- 0.00016
      603/1    1.03057    1.03003 +/- 0.00016
      604/1    1.03294    1.03003 +/- 0.00016
      605/1    1.03759    1.03005 +/- 0.00016
      606/1    1.03119    1.03005 +/- 0.00016
      607/1    1.02056    1.03003 +/- 0.00016
      608/1    1.03220    1.03003 +/- 0.00016
      609/1    1.02956    1.03003 +/- 0.00016
      610/1    1.03190    1.03004 +/- 0.00016
      611/1    1.02926    1.03004 +/- 0.00016
      612/1    1.02863    1.03003 +/- 0.00016
      613/1    1.02557    1.03003 +/- 0.00016
      614/1    1.03294    1.03003 +/- 0.00016
      615/1    1.02686    1.03002 +/- 0.00016
      616/1    1.03396    1.03003 +/- 0.00016
      617/1    1.02442    1.03002 +/- 0.00016
      618/1    1.03384    1.03003 +/- 0.00016
      619/1    1.03251    1.03003 +/- 0.00016
      620/1    1.03298    1.03004 +/- 0.00016
      621/1    1.03556    1.03005 +/- 0.00016
      622/1    1.03302    1.03005 +/- 0.00016
      623/1    1.03187    1.03006 +/- 0.00016
      624/1    1.03169    1.03006 +/- 0.00016
      625/1    1.02506    1.03005 +/- 0.00016
      626/1    1.03946    1.03007 +/- 0.00016
      627/1    1.03404    1.03007 +/- 0.00016
      628/1    1.02709    1.03007 +/- 0.00016
      629/1    1.03551    1.03008 +/- 0.00016
      630/1    1.02998    1.03008 +/- 0.00016
      631/1    1.02976    1.03008 +/- 0.00016
      632/1    1.03026    1.03008 +/- 0.00016
      633/1    1.02988    1.03008 +/- 0.00016
      634/1    1.03147    1.03008 +/- 0.00016
      635/1    1.03931    1.03010 +/- 0.00016
      636/1    1.03824    1.03011 +/- 0.00016
      637/1    1.02653    1.03010 +/- 0.00016
      638/1    1.02385    1.03009 +/- 0.00016
      639/1    1.02767    1.03009 +/- 0.00016
      640/1    1.03108    1.03009 +/- 0.00016
      641/1    1.02344    1.03008 +/- 0.00016
      642/1    1.02674    1.03007 +/- 0.00016
      643/1    1.02107    1.03006 +/- 0.00016
      644/1    1.02618    1.03005 +/- 0.00016
      645/1    1.02554    1.03004 +/- 0.00016
      646/1    1.02997    1.03004 +/- 0.00016
      647/1    1.02951    1.03004 +/- 0.00016
      648/1    1.03035    1.03004 +/- 0.00016
      649/1    1.03918    1.03006 +/- 0.00016
      650/1    1.03444    1.03007 +/- 0.00016
      651/1    1.02566    1.03006 +/- 0.00016
      652/1    1.02692    1.03005 +/- 0.00016
      653/1    1.03072    1.03005 +/- 0.00016
      654/1    1.03399    1.03006 +/- 0.00016
      655/1    1.02516    1.03005 +/- 0.00016
      656/1    1.03964    1.03007 +/- 0.00016
      657/1    1.02772    1.03006 +/- 0.00016
      658/1    1.03234    1.03007 +/- 0.00016
      659/1    1.03224    1.03007 +/- 0.00015
      660/1    1.03238    1.03008 +/- 0.00015
      661/1    1.02985    1.03008 +/- 0.00015
      662/1    1.03154    1.03008 +/- 0.00015
      663/1    1.03402    1.03008 +/- 0.00015
      664/1    1.03043    1.03008 +/- 0.00015
      665/1    1.03180    1.03009 +/- 0.00015
      666/1    1.02985    1.03009 +/- 0.00015
      667/1    1.02235    1.03007 +/- 0.00015
      668/1    1.03194    1.03008 +/- 0.00015
      669/1    1.02906    1.03008 +/- 0.00015
      670/1    1.02949    1.03008 +/- 0.00015
      671/1    1.02624    1.03007 +/- 0.00015
      672/1    1.02862    1.03007 +/- 0.00015
      673/1    1.02517    1.03006 +/- 0.00015
      674/1    1.02640    1.03005 +/- 0.00015
      675/1    1.03377    1.03006 +/- 0.00015
      676/1    1.03107    1.03006 +/- 0.00015
      677/1    1.03459    1.03007 +/- 0.00015
      678/1    1.02534    1.03006 +/- 0.00015
      679/1    1.03202    1.03006 +/- 0.00015
      680/1    1.03210    1.03007 +/- 0.00015
      681/1    1.02657    1.03006 +/- 0.00015
      682/1    1.02854    1.03006 +/- 0.00015
      683/1    1.02603    1.03005 +/- 0.00015
      684/1    1.03461    1.03006 +/- 0.00015
      685/1    1.03219    1.03006 +/- 0.00015
      686/1    1.02553    1.03006 +/- 0.00015
      687/1    1.03714    1.03007 +/- 0.00015
      688/1    1.02931    1.03007 +/- 0.00015
      689/1    1.03012    1.03007 +/- 0.00015
      690/1    1.03344    1.03007 +/- 0.00015
      691/1    1.02460    1.03006 +/- 0.00015
      692/1    1.02762    1.03006 +/- 0.00015
      693/1    1.02891    1.03006 +/- 0.00015
      694/1    1.02709    1.03005 +/- 0.00015
      695/1    1.02561    1.03005 +/- 0.00015
      696/1    1.02857    1.03004 +/- 0.00015
      697/1    1.03158    1.03005 +/- 0.00015
      698/1    1.03029    1.03005 +/- 0.00015
      699/1    1.03062    1.03005 +/- 0.00015
      700/1    1.03134    1.03005 +/- 0.00015
      701/1    1.03199    1.03005 +/- 0.00015
      702/1    1.02967    1.03005 +/- 0.00015
      703/1    1.03308    1.03006 +/- 0.00015
      704/1    1.02823    1.03005 +/- 0.00015
      705/1    1.02905    1.03005 +/- 0.00015
      706/1    1.03298    1.03006 +/- 0.00015
      707/1    1.02876    1.03005 +/- 0.00015
      708/1    1.03190    1.03006 +/- 0.00015
      709/1    1.02467    1.03005 +/- 0.00015
      710/1    1.03269    1.03005 +/- 0.00015
      711/1    1.02634    1.03005 +/- 0.00015
      712/1    1.03367    1.03005 +/- 0.00015
      713/1    1.03654    1.03006 +/- 0.00015
      714/1    1.02479    1.03005 +/- 0.00015
      715/1    1.02362    1.03004 +/- 0.00015
      716/1    1.03239    1.03005 +/- 0.00015
      717/1    1.02832    1.03005 +/- 0.00015
      718/1    1.02803    1.03004 +/- 0.00015
      719/1    1.03236    1.03005 +/- 0.00015
      720/1    1.02762    1.03004 +/- 0.00015
      721/1    1.02935    1.03004 +/- 0.00015
      722/1    1.02817    1.03004 +/- 0.00015
      723/1    1.02817    1.03004 +/- 0.00015
      724/1    1.03435    1.03004 +/- 0.00015
      725/1    1.03314    1.03005 +/- 0.00015
      726/1    1.03471    1.03005 +/- 0.00015
      727/1    1.02976    1.03005 +/- 0.00014
      728/1    1.02606    1.03005 +/- 0.00014
      729/1    1.02373    1.03004 +/- 0.00014
      730/1    1.02767    1.03003 +/- 0.00014
      731/1    1.02388    1.03003 +/- 0.00014
      732/1    1.03718    1.03004 +/- 0.00014
      733/1    1.03211    1.03004 +/- 0.00014
      734/1    1.02718    1.03003 +/- 0.00014
      735/1    1.02835    1.03003 +/- 0.00014
      736/1    1.02783    1.03003 +/- 0.00014
      737/1    1.03591    1.03004 +/- 0.00014
      738/1    1.02777    1.03003 +/- 0.00014
      739/1    1.03096    1.03004 +/- 0.00014
      740/1    1.02963    1.03004 +/- 0.00014
      741/1    1.03223    1.03004 +/- 0.00014
      742/1    1.02389    1.03003 +/- 0.00014
      743/1    1.02759    1.03003 +/- 0.00014
      744/1    1.03554    1.03003 +/- 0.00014
      745/1    1.02698    1.03003 +/- 0.00014
      746/1    1.02693    1.03002 +/- 0.00014
      747/1    1.03459    1.03003 +/- 0.00014
      748/1    1.03221    1.03003 +/- 0.00014
      749/1    1.02635    1.03003 +/- 0.00014
      750/1    1.03192    1.03003 +/- 0.00014
      751/1    1.03903    1.03004 +/- 0.00014
      752/1    1.02681    1.03004 +/- 0.00014
      753/1    1.02368    1.03003 +/- 0.00014
      754/1    1.03219    1.03003 +/- 0.00014
      755/1    1.03518    1.03004 +/- 0.00014
      756/1    1.03084    1.03004 +/- 0.00014
      757/1    1.02607    1.03004 +/- 0.00014
      758/1    1.03316    1.03004 +/- 0.00014
      759/1    1.02636    1.03004 +/- 0.00014
      760/1    1.03088    1.03004 +/- 0.00014
      761/1    1.03160    1.03004 +/- 0.00014
      762/1    1.02877    1.03004 +/- 0.00014
      763/1    1.02968    1.03004 +/- 0.00014
      764/1    1.03678    1.03005 +/- 0.00014
      765/1    1.02916    1.03005 +/- 0.00014
      766/1    1.03251    1.03005 +/- 0.00014
      767/1    1.03127    1.03005 +/- 0.00014
      768/1    1.02702    1.03005 +/- 0.00014
      769/1    1.03094    1.03005 +/- 0.00014
      770/1    1.03131    1.03005 +/- 0.00014
      771/1    1.02898    1.03005 +/- 0.00014
      772/1    1.02958    1.03005 +/- 0.00014
      773/1    1.03197    1.03005 +/- 0.00014
      774/1    1.02470    1.03004 +/- 0.00014
      775/1    1.03099    1.03004 +/- 0.00014
      776/1    1.03505    1.03005 +/- 0.00014
      777/1    1.02414    1.03004 +/- 0.00014
      778/1    1.03062    1.03004 +/- 0.00014
      779/1    1.03431    1.03005 +/- 0.00014
      780/1    1.02508    1.03004 +/- 0.00014
      781/1    1.03029    1.03004 +/- 0.00014
      782/1    1.03010    1.03004 +/- 0.00014
      783/1    1.03233    1.03005 +/- 0.00014
      784/1    1.02773    1.03004 +/- 0.00014
      785/1    1.03949    1.03006 +/- 0.00014
      786/1    1.03256    1.03006 +/- 0.00014
      787/1    1.03075    1.03006 +/- 0.00014
      788/1    1.02638    1.03006 +/- 0.00014
      789/1    1.02698    1.03005 +/- 0.00014
      790/1    1.03421    1.03006 +/- 0.00014
      791/1    1.03233    1.03006 +/- 0.00014
      792/1    1.01683    1.03004 +/- 0.00014
      793/1    1.03194    1.03004 +/- 0.00014
      794/1    1.02807    1.03004 +/- 0.00014
      795/1    1.03174    1.03004 +/- 0.00014
      796/1    1.02366    1.03004 +/- 0.00014
      797/1    1.02984    1.03004 +/- 0.00014
      798/1    1.02727    1.03003 +/- 0.00014
      799/1    1.03331    1.03004 +/- 0.00014
      800/1    1.02630    1.03003 +/- 0.00014
      801/1    1.02748    1.03003 +/- 0.00014
      802/1    1.03105    1.03003 +/- 0.00014
      803/1    1.02770    1.03003 +/- 0.00014
      804/1    1.03129    1.03003 +/- 0.00014
      805/1    1.03654    1.03004 +/- 0.00014
      806/1    1.02685    1.03003 +/- 0.00014
      807/1    1.03079    1.03003 +/- 0.00014
      808/1    1.03204    1.03004 +/- 0.00014
      809/1    1.02858    1.03003 +/- 0.00014
      810/1    1.02737    1.03003 +/- 0.00014
      811/1    1.02399    1.03002 +/- 0.00014
      812/1    1.03096    1.03002 +/- 0.00014
      813/1    1.03039    1.03002 +/- 0.00014
      814/1    1.02297    1.03001 +/- 0.00014
      815/1    1.02683    1.03001 +/- 0.00014
      816/1    1.03535    1.03002 +/- 0.00014
      817/1    1.03265    1.03002 +/- 0.00014
      818/1    1.03209    1.03002 +/- 0.00014
      819/1    1.03322    1.03003 +/- 0.00014
      820/1    1.03635    1.03004 +/- 0.00014
      821/1    1.03074    1.03004 +/- 0.00014
      822/1    1.02764    1.03003 +/- 0.00014
      823/1    1.03080    1.03003 +/- 0.00014
      824/1    1.03645    1.03004 +/- 0.00014
      825/1    1.03288    1.03005 +/- 0.00014
      826/1    1.02828    1.03004 +/- 0.00014
      827/1    1.02620    1.03004 +/- 0.00014
      828/1    1.02507    1.03003 +/- 0.00014
      829/1    1.03043    1.03003 +/- 0.00014
      830/1    1.02348    1.03003 +/- 0.00014
      831/1    1.02976    1.03002 +/- 0.00014
      832/1    1.03057    1.03003 +/- 0.00014
      833/1    1.02667    1.03002 +/- 0.00014
      834/1    1.03035    1.03002 +/- 0.00014
      835/1    1.02636    1.03002 +/- 0.00013
      836/1    1.03402    1.03002 +/- 0.00013
      837/1    1.02914    1.03002 +/- 0.00013
      838/1    1.02939    1.03002 +/- 0.00013
      839/1    1.02511    1.03001 +/- 0.00013
      840/1    1.03583    1.03002 +/- 0.00013
      841/1    1.03121    1.03002 +/- 0.00013
      842/1    1.02965    1.03002 +/- 0.00013
      843/1    1.03213    1.03003 +/- 0.00013
      844/1    1.03211    1.03003 +/- 0.00013
      845/1    1.03261    1.03003 +/- 0.00013
      846/1    1.02728    1.03003 +/- 0.00013
      847/1    1.02601    1.03002 +/- 0.00013
      848/1    1.02720    1.03002 +/- 0.00013
      849/1    1.03074    1.03002 +/- 0.00013
      850/1    1.03296    1.03002 +/- 0.00013
      851/1    1.02719    1.03002 +/- 0.00013
      852/1    1.02995    1.03002 +/- 0.00013
      853/1    1.03014    1.03002 +/- 0.00013
      854/1    1.02574    1.03001 +/- 0.00013
      855/1    1.02731    1.03001 +/- 0.00013
      856/1    1.02649    1.03001 +/- 0.00013
      857/1    1.03319    1.03001 +/- 0.00013
      858/1    1.02848    1.03001 +/- 0.00013
      859/1    1.02783    1.03001 +/- 0.00013
      860/1    1.02955    1.03001 +/- 0.00013
      861/1    1.02827    1.03000 +/- 0.00013
      862/1    1.03423    1.03001 +/- 0.00013
      863/1    1.02152    1.03000 +/- 0.00013
      864/1    1.03069    1.03000 +/- 0.00013
      865/1    1.03022    1.03000 +/- 0.00013
      866/1    1.01920    1.02999 +/- 0.00013
      867/1    1.02517    1.02998 +/- 0.00013
      868/1    1.02645    1.02998 +/- 0.00013
      869/1    1.02774    1.02997 +/- 0.00013
      870/1    1.02594    1.02997 +/- 0.00013
      871/1    1.02952    1.02997 +/- 0.00013
      872/1    1.03094    1.02997 +/- 0.00013
      873/1    1.03439    1.02997 +/- 0.00013
      874/1    1.02753    1.02997 +/- 0.00013
      875/1    1.03042    1.02997 +/- 0.00013
      876/1    1.03073    1.02997 +/- 0.00013
      877/1    1.03153    1.02997 +/- 0.00013
      878/1    1.03383    1.02998 +/- 0.00013
      879/1    1.02385    1.02997 +/- 0.00013
      880/1    1.03357    1.02998 +/- 0.00013
      881/1    1.03220    1.02998 +/- 0.00013
      882/1    1.03790    1.02999 +/- 0.00013
      883/1    1.02955    1.02999 +/- 0.00013
      884/1    1.02820    1.02999 +/- 0.00013
      885/1    1.02777    1.02998 +/- 0.00013
      886/1    1.02954    1.02998 +/- 0.00013
      887/1    1.03364    1.02999 +/- 0.00013
      888/1    1.02788    1.02998 +/- 0.00013
      889/1    1.03157    1.02999 +/- 0.00013
      890/1    1.02425    1.02998 +/- 0.00013
      891/1    1.03317    1.02998 +/- 0.00013
      892/1    1.02875    1.02998 +/- 0.00013
      893/1    1.02615    1.02998 +/- 0.00013
      894/1    1.02651    1.02997 +/- 0.00013
      895/1    1.03044    1.02997 +/- 0.00013
      896/1    1.02681    1.02997 +/- 0.00013
      897/1    1.02970    1.02997 +/- 0.00013
      898/1    1.03535    1.02998 +/- 0.00013
      899/1    1.02963    1.02998 +/- 0.00013
      900/1    1.03140    1.02998 +/- 0.00013
      901/1    1.03204    1.02998 +/- 0.00013
      902/1    1.03367    1.02998 +/- 0.00013
      903/1    1.03057    1.02998 +/- 0.00013
      904/1    1.03153    1.02999 +/- 0.00013
      905/1    1.02850    1.02998 +/- 0.00013
      906/1    1.03429    1.02999 +/- 0.00013
      907/1    1.02745    1.02999 +/- 0.00013
      908/1    1.03287    1.02999 +/- 0.00013
      909/1    1.03633    1.03000 +/- 0.00013
      910/1    1.02728    1.02999 +/- 0.00013
      911/1    1.02922    1.02999 +/- 0.00013
      912/1    1.02442    1.02999 +/- 0.00013
      913/1    1.02767    1.02998 +/- 0.00013
      914/1    1.03062    1.02999 +/- 0.00013
      915/1    1.02684    1.02998 +/- 0.00013
      916/1    1.02982    1.02998 +/- 0.00013
      917/1    1.03460    1.02999 +/- 0.00013
      918/1    1.03258    1.02999 +/- 0.00013
      919/1    1.03687    1.03000 +/- 0.00013
      920/1    1.02968    1.03000 +/- 0.00013
      921/1    1.02682    1.02999 +/- 0.00013
      922/1    1.03407    1.03000 +/- 0.00013
      923/1    1.03057    1.03000 +/- 0.00013
      924/1    1.02801    1.03000 +/- 0.00013
      925/1    1.02553    1.02999 +/- 0.00013
      926/1    1.02715    1.02999 +/- 0.00013
      927/1    1.03260    1.02999 +/- 0.00013
      928/1    1.03084    1.02999 +/- 0.00013
      929/1    1.03496    1.03000 +/- 0.00013
      930/1    1.02839    1.03000 +/- 0.00013
      931/1    1.03064    1.03000 +/- 0.00013
      932/1    1.03490    1.03000 +/- 0.00013
      933/1    1.03508    1.03001 +/- 0.00013
      934/1    1.02643    1.03000 +/- 0.00013
      935/1    1.02632    1.03000 +/- 0.00013
      936/1    1.02992    1.03000 +/- 0.00013
      937/1    1.02657    1.03000 +/- 0.00013
      938/1    1.03676    1.03000 +/- 0.00013
      939/1    1.02710    1.03000 +/- 0.00013
      940/1    1.03136    1.03000 +/- 0.00013
      941/1    1.03080    1.03000 +/- 0.00013
      942/1    1.02344    1.03000 +/- 0.00013
      943/1    1.02952    1.02999 +/- 0.00013
      944/1    1.03171    1.03000 +/- 0.00013
      945/1    1.03320    1.03000 +/- 0.00012
      946/1    1.03886    1.03001 +/- 0.00013
      947/1    1.03018    1.03001 +/- 0.00013
      948/1    1.02962    1.03001 +/- 0.00012
      949/1    1.03223    1.03001 +/- 0.00012
      950/1    1.02930    1.03001 +/- 0.00012
      951/1    1.03754    1.03002 +/- 0.00012
      952/1    1.03867    1.03003 +/- 0.00013
      953/1    1.02698    1.03003 +/- 0.00012
      954/1    1.03303    1.03003 +/- 0.00012
      955/1    1.02781    1.03003 +/- 0.00012
      956/1    1.03537    1.03003 +/- 0.00012
      957/1    1.03171    1.03003 +/- 0.00012
      958/1    1.03011    1.03003 +/- 0.00012
      959/1    1.02889    1.03003 +/- 0.00012
      960/1    1.03492    1.03004 +/- 0.00012
      961/1    1.02580    1.03003 +/- 0.00012
      962/1    1.02128    1.03002 +/- 0.00012
      963/1    1.03313    1.03003 +/- 0.00012
      964/1    1.03188    1.03003 +/- 0.00012
      965/1    1.03430    1.03003 +/- 0.00012
      966/1    1.02903    1.03003 +/- 0.00012
      967/1    1.02889    1.03003 +/- 0.00012
      968/1    1.02588    1.03003 +/- 0.00012
      969/1    1.02780    1.03003 +/- 0.00012
      970/1    1.02952    1.03003 +/- 0.00012
      971/1    1.02846    1.03002 +/- 0.00012
      972/1    1.03026    1.03002 +/- 0.00012
      973/1    1.03011    1.03002 +/- 0.00012
      974/1    1.02821    1.03002 +/- 0.00012
      975/1    1.02928    1.03002 +/- 0.00012
      976/1    1.02668    1.03002 +/- 0.00012
      977/1    1.02742    1.03001 +/- 0.00012
      978/1    1.02988    1.03001 +/- 0.00012
      979/1    1.02871    1.03001 +/- 0.00012
      980/1    1.02689    1.03001 +/- 0.00012
      981/1    1.02914    1.03001 +/- 0.00012
      982/1    1.03132    1.03001 +/- 0.00012
      983/1    1.03209    1.03001 +/- 0.00012
      984/1    1.02755    1.03001 +/- 0.00012
      985/1    1.03188    1.03001 +/- 0.00012
      986/1    1.02748    1.03001 +/- 0.00012
      987/1    1.03331    1.03001 +/- 0.00012
      988/1    1.02684    1.03001 +/- 0.00012
      989/1    1.03214    1.03001 +/- 0.00012
      990/1    1.02481    1.03001 +/- 0.00012
      991/1    1.03079    1.03001 +/- 0.00012
      992/1    1.02916    1.03001 +/- 0.00012
      993/1    1.03294    1.03001 +/- 0.00012
      994/1    1.02957    1.03001 +/- 0.00012
      995/1    1.02768    1.03001 +/- 0.00012
      996/1    1.02780    1.03000 +/- 0.00012
      997/1    1.02840    1.03000 +/- 0.00012
      998/1    1.02751    1.03000 +/- 0.00012
      999/1    1.02517    1.02999 +/- 0.00012
     1000/1    1.03146    1.03000 +/- 0.00012
     1001/1    1.03180    1.03000 +/- 0.00012
     1002/1    1.03149    1.03000 +/- 0.00012
     1003/1    1.03179    1.03000 +/- 0.00012
     1004/1    1.03101    1.03000 +/- 0.00012
     1005/1    1.03164    1.03000 +/- 0.00012
     1006/1    1.02278    1.03000 +/- 0.00012
     1007/1    1.03140    1.03000 +/- 0.00012
     1008/1    1.03399    1.03000 +/- 0.00012
     1009/1    1.02423    1.03000 +/- 0.00012
     1010/1    1.03419    1.03000 +/- 0.00012
     1011/1    1.02861    1.03000 +/- 0.00012
     1012/1    1.02699    1.03000 +/- 0.00012
     1013/1    1.03462    1.03000 +/- 0.00012
     1014/1    1.03012    1.03000 +/- 0.00012
     1015/1    1.03351    1.03000 +/- 0.00012
     1016/1    1.02354    1.03000 +/- 0.00012
     1017/1    1.02740    1.03000 +/- 0.00012
     1018/1    1.02981    1.02999 +/- 0.00012
     1019/1    1.02634    1.02999 +/- 0.00012
     1020/1    1.02851    1.02999 +/- 0.00012
     1021/1    1.02953    1.02999 +/- 0.00012
     1022/1    1.02366    1.02998 +/- 0.00012
     1023/1    1.03092    1.02998 +/- 0.00012
     1024/1    1.02529    1.02998 +/- 0.00012
     1025/1    1.03810    1.02999 +/- 0.00012
     1026/1    1.02974    1.02999 +/- 0.00012
     1027/1    1.03033    1.02999 +/- 0.00012
     1028/1    1.03281    1.02999 +/- 0.00012
     1029/1    1.02798    1.02999 +/- 0.00012
     1030/1    1.03117    1.02999 +/- 0.00012
     1031/1    1.02575    1.02998 +/- 0.00012
     1032/1    1.02475    1.02998 +/- 0.00012
     1033/1    1.03241    1.02998 +/- 0.00012
     1034/1    1.03715    1.02999 +/- 0.00012
     1035/1    1.03378    1.02999 +/- 0.00012
     1036/1    1.02721    1.02999 +/- 0.00012
     1037/1    1.02939    1.02999 +/- 0.00012
     1038/1    1.03159    1.02999 +/- 0.00012
     1039/1    1.02831    1.02999 +/- 0.00012
     1040/1    1.03497    1.02999 +/- 0.00012
     1041/1    1.02751    1.02999 +/- 0.00012
     1042/1    1.03224    1.02999 +/- 0.00012
     1043/1    1.03429    1.03000 +/- 0.00012
     1044/1    1.02727    1.03000 +/- 0.00012
     1045/1    1.02593    1.02999 +/- 0.00012
     1046/1    1.02652    1.02999 +/- 0.00012
     1047/1    1.02870    1.02999 +/- 0.00012
     1048/1    1.03149    1.02999 +/- 0.00012
     1049/1    1.02968    1.02999 +/- 0.00012
     1050/1    1.03059    1.02999 +/- 0.00012
 Creating state point statepoint.1050.h5...

 =======================>     TIMING STATISTICS     <=======================

 Total time for initialization     = 2.2002e+01 seconds
   Reading cross sections          = 2.0657e+01 seconds
 Total time in simulation          = 1.1084e+04 seconds
   Time in transport only          = 1.1070e+04 seconds
   Time in inactive batches        = 4.6513e+02 seconds
   Time in active batches          = 1.0619e+04 seconds
   Time synchronizing fission bank = 8.5025e+00 seconds
     Sampling source sites         = 6.7089e+00 seconds
     SEND/RECV source sites        = 1.7905e+00 seconds
   Time accumulating tallies       = 1.4237e+00 seconds
   Time writing statepoints        = 1.0052e-01 seconds
 Total time for finalization       = 4.8435e-03 seconds
 Total time elapsed                = 1.1107e+04 seconds
 Calculation Rate (inactive)       = 10749.7 particles/second
 Calculation Rate (active)         = 9416.86 particles/second

 ============================>     RESULTS     <============================

 k-effective (Collision)     = 1.02994 +/- 0.00012
 k-effective (Track-length)  = 1.02999 +/- 0.00012
 k-effective (Absorption)    = 1.03008 +/- 0.00011
 Combined k-effective        = 1.03004 +/- 0.00008
 Leakage Fraction            = 0.05660 +/- 0.00002

